--------------- Clean Started: 12/11/2023 15:30:49 Project: RG, Configuration: ARM GCC 5.4-2016-q2-update Debug ---------------
Deleting file ".\CortexM3\ARM_GCC_541\Debug\main.o"
Deleting file ".\CortexM3\ARM_GCC_541\Debug\arcadian.o"
Deleting file ".\CortexM3\ARM_GCC_541\Debug\reactionGame.o"
Deleting file ".\CortexM3\ARM_GCC_541\Debug\button.o"
Deleting file ".\CortexM3\ARM_GCC_541\Debug\PWM.o"
Deleting file ".\CortexM3\ARM_GCC_541\Debug\seven.o"
Deleting file ".\CortexM3\ARM_GCC_541\Debug\cyfitter_cfg.o"
Deleting file ".\CortexM3\ARM_GCC_541\Debug\cymetadata.o"
Deleting file ".\CortexM3\ARM_GCC_541\Debug\isr_timer.o"
Deleting file ".\CortexM3\ARM_GCC_541\Debug\Button_Right_1.o"
Deleting file ".\CortexM3\ARM_GCC_541\Debug\Button_Left_1.o"
Deleting file ".\CortexM3\ARM_GCC_541\Debug\Button_Left_2.o"
Deleting file ".\CortexM3\ARM_GCC_541\Debug\PWM_RGB_blue.o"
Deleting file ".\CortexM3\ARM_GCC_541\Debug\PWM_RGB_blue_PM.o"
Deleting file ".\CortexM3\ARM_GCC_541\Debug\UART_Logs.o"
Deleting file ".\CortexM3\ARM_GCC_541\Debug\UART_Logs_PM.o"
Deleting file ".\CortexM3\ARM_GCC_541\Debug\UART_Logs_INT.o"
Deleting file ".\CortexM3\ARM_GCC_541\Debug\UART_Logs_BOOT.o"
Deleting file ".\CortexM3\ARM_GCC_541\Debug\isr_buttons.o"
Deleting file ".\CortexM3\ARM_GCC_541\Debug\Button_Right_2.o"
Deleting file ".\CortexM3\ARM_GCC_541\Debug\ErikaOS_ee_activate.o"
Deleting file ".\CortexM3\ARM_GCC_541\Debug\ErikaOS_ee_alcancel.o"
Deleting file ".\CortexM3\ARM_GCC_541\Debug\ErikaOS_ee_alget.o"
Deleting file ".\CortexM3\ARM_GCC_541\Debug\ErikaOS_ee_algetbase.o"
Deleting file ".\CortexM3\ARM_GCC_541\Debug\ErikaOS_ee_alsetabs.o"
Deleting file ".\CortexM3\ARM_GCC_541\Debug\ErikaOS_ee_alsetrel.o"
Deleting file ".\CortexM3\ARM_GCC_541\Debug\ErikaOS_ee_altick.o"
Deleting file ".\CortexM3\ARM_GCC_541\Debug\ErikaOS_ee_chaintas.o"
Deleting file ".\CortexM3\ARM_GCC_541\Debug\ErikaOS_ee_evclear.o"
Deleting file ".\CortexM3\ARM_GCC_541\Debug\ErikaOS_ee_evget.o"
Deleting file ".\CortexM3\ARM_GCC_541\Debug\ErikaOS_ee_evset.o"
Deleting file ".\CortexM3\ARM_GCC_541\Debug\ErikaOS_ee_evwait.o"
Deleting file ".\CortexM3\ARM_GCC_541\Debug\ErikaOS_ee_force_schedule.o"
Deleting file ".\CortexM3\ARM_GCC_541\Debug\ErikaOS_ee_getcountervalue.o"
Deleting file ".\CortexM3\ARM_GCC_541\Debug\ErikaOS_ee_getelapsedvalue.o"
Deleting file ".\CortexM3\ARM_GCC_541\Debug\ErikaOS_ee_gettaskid.o"
Deleting file ".\CortexM3\ARM_GCC_541\Debug\ErikaOS_ee_gettaskstate.o"
Deleting file ".\CortexM3\ARM_GCC_541\Debug\ErikaOS_ee_iparam.o"
Deleting file ".\CortexM3\ARM_GCC_541\Debug\ErikaOS_ee_irqendin.o"
Deleting file ".\CortexM3\ARM_GCC_541\Debug\ErikaOS_ee_lockres.o"
Deleting file ".\CortexM3\ARM_GCC_541\Debug\ErikaOS_ee_lookup.o"
Deleting file ".\CortexM3\ARM_GCC_541\Debug\ErikaOS_ee_rq_exchg.o"
Deleting file ".\CortexM3\ARM_GCC_541\Debug\ErikaOS_ee_rq_first.o"
Deleting file ".\CortexM3\ARM_GCC_541\Debug\ErikaOS_ee_rq_inser.o"
Deleting file ".\CortexM3\ARM_GCC_541\Debug\ErikaOS_ee_schedule.o"
Deleting file ".\CortexM3\ARM_GCC_541\Debug\ErikaOS_ee_semgetvalue.o"
Deleting file ".\CortexM3\ARM_GCC_541\Debug\ErikaOS_ee_sempost.o"
Deleting file ".\CortexM3\ARM_GCC_541\Debug\ErikaOS_ee_semtrywait.o"
Deleting file ".\CortexM3\ARM_GCC_541\Debug\ErikaOS_ee_semwait.o"
Deleting file ".\CortexM3\ARM_GCC_541\Debug\ErikaOS_ee_shtdown.o"
Deleting file ".\CortexM3\ARM_GCC_541\Debug\ErikaOS_ee_startos.o"
Deleting file ".\CortexM3\ARM_GCC_541\Debug\ErikaOS_ee_terminat.o"
Deleting file ".\CortexM3\ARM_GCC_541\Debug\ErikaOS_ee_thendin.o"
Deleting file ".\CortexM3\ARM_GCC_541\Debug\ErikaOS_ee_tnterm.o"
Deleting file ".\CortexM3\ARM_GCC_541\Debug\ErikaOS_ee_tstub.o"
Deleting file ".\CortexM3\ARM_GCC_541\Debug\ErikaOS_ee_ulockallres.o"
Deleting file ".\CortexM3\ARM_GCC_541\Debug\ErikaOS_ee_ulockres.o"
Deleting file ".\CortexM3\ARM_GCC_541\Debug\ErikaOS_cortex_mx_ee_context.o"
Deleting file ".\CortexM3\ARM_GCC_541\Debug\ErikaOS_cortex_mx_ee_system_timer.o"
Deleting file ".\CortexM3\ARM_GCC_541\Debug\ErikaOS_cortex_mx_ee_utils.o"
Deleting file ".\CortexM3\ARM_GCC_541\Debug\ErikaOS_ee_gnu_change_context_isr.o"
Deleting file ".\CortexM3\ARM_GCC_541\Debug\ErikaOS_ee_gnu_irq_stack.o"
Deleting file ".\CortexM3\ARM_GCC_541\Debug\ErikaOS_ee_gnu_multi_context.o"
Deleting file ".\CortexM3\ARM_GCC_541\Debug\ErikaOS_ee_gnu_oo.o"
Deleting file ".\CortexM3\ARM_GCC_541\Debug\ErikaOS_common_ee_hal_structs.o"
Deleting file ".\CortexM3\ARM_GCC_541\Debug\ErikaOS_eecfg.o"
Deleting file ".\CortexM3\ARM_GCC_541\Debug\Clock_Counter_RG.o"
Deleting file ".\CortexM3\ARM_GCC_541\Debug\Counter.o"
Deleting file ".\CortexM3\ARM_GCC_541\Debug\Counter_PM.o"
Deleting file ".\CortexM3\ARM_GCC_541\Debug\SEVEN_reg.o"
Deleting file ".\CortexM3\ARM_GCC_541\Debug\SEVEN_reg_PM.o"
Deleting file ".\CortexM3\ARM_GCC_541\Debug\SEVEN_SELECT.o"
Deleting file ".\CortexM3\ARM_GCC_541\Debug\SEVEN_DP.o"
Deleting file ".\CortexM3\ARM_GCC_541\Debug\SEVEN_G.o"
Deleting file ".\CortexM3\ARM_GCC_541\Debug\SEVEN_F.o"
Deleting file ".\CortexM3\ARM_GCC_541\Debug\SEVEN_E.o"
Deleting file ".\CortexM3\ARM_GCC_541\Debug\SEVEN_D.o"
Deleting file ".\CortexM3\ARM_GCC_541\Debug\SEVEN_C.o"
Deleting file ".\CortexM3\ARM_GCC_541\Debug\SEVEN_B.o"
Deleting file ".\CortexM3\ARM_GCC_541\Debug\SEVEN_A.o"
Deleting file ".\CortexM3\ARM_GCC_541\Debug\led_red.o"
Deleting file ".\CortexM3\ARM_GCC_541\Debug\led_yellow.o"
Deleting file ".\CortexM3\ARM_GCC_541\Debug\led_green.o"
Deleting file ".\CortexM3\ARM_GCC_541\Debug\PWM_led_red.o"
Deleting file ".\CortexM3\ARM_GCC_541\Debug\PWM_led_red_PM.o"
Deleting file ".\CortexM3\ARM_GCC_541\Debug\PWM_led_yellow.o"
Deleting file ".\CortexM3\ARM_GCC_541\Debug\PWM_led_yellow_PM.o"
Deleting file ".\CortexM3\ARM_GCC_541\Debug\PWM_led_green.o"
Deleting file ".\CortexM3\ARM_GCC_541\Debug\PWM_led_green_PM.o"
Deleting file ".\CortexM3\ARM_GCC_541\Debug\Clock_PWM.o"
Deleting file ".\CortexM3\ARM_GCC_541\Debug\PWM_RGB_green.o"
Deleting file ".\CortexM3\ARM_GCC_541\Debug\PWM_RGB_green_PM.o"
Deleting file ".\CortexM3\ARM_GCC_541\Debug\PWM_RGB_red.o"
Deleting file ".\CortexM3\ARM_GCC_541\Debug\PWM_RGB_red_PM.o"
Deleting file ".\CortexM3\ARM_GCC_541\Debug\RGB_blue.o"
Deleting file ".\CortexM3\ARM_GCC_541\Debug\RGB_green.o"
Deleting file ".\CortexM3\ARM_GCC_541\Debug\RGB_red.o"
Deleting file ".\CortexM3\ARM_GCC_541\Debug\UART_Logs_IntClock.o"
Deleting file ".\CortexM3\ARM_GCC_541\Debug\Cm3Start.o"
Deleting file ".\CortexM3\ARM_GCC_541\Debug\CyBootAsmGnu.o"
Deleting file ".\CortexM3\ARM_GCC_541\Debug\CyDmac.o"
Deleting file ".\CortexM3\ARM_GCC_541\Debug\CyFlash.o"
Deleting file ".\CortexM3\ARM_GCC_541\Debug\CyLib.o"
Deleting file ".\CortexM3\ARM_GCC_541\Debug\cyPm.o"
Deleting file ".\CortexM3\ARM_GCC_541\Debug\CySpc.o"
Deleting file ".\CortexM3\ARM_GCC_541\Debug\cyutils.o"
Deleting file ".\CortexM3\ARM_GCC_541\Debug\cy_em_eeprom.o"
Deleting file ".\CortexM3\ARM_GCC_541\Debug\RG.hex"
Deleting file ".\CortexM3\ARM_GCC_541\Debug\RG.elf"
Deleting file ".\CortexM3\ARM_GCC_541\Debug\RG.map"
Deleting file ".\RG.cycdx"
Deleting file ".\RG.svd"
Deleting file ".\RG.rpt"
Deleting file ".\RG_timing.html"
Deleting file ".\CortexM3\ARM_GCC_541\Debug\.deps\SOURCE_C__ARM_GCC_GENERIC.P"
Deleting file ".\CortexM3\ARM_GCC_541\Debug\.deps\SOURCE_ASM__ARM_GCC_GENERIC.P"
--------------- Clean Succeeded: 12/11/2023 15:30:49 ---------------
