ARM GAS  C:\Users\zakis\AppData\Local\Temp\cc2DAklg.s 			page 1


   1              		.syntax unified
   2              		.cpu cortex-m3
   3              		.fpu softvfp
   4              		.eabi_attribute 20, 1
   5              		.eabi_attribute 21, 1
   6              		.eabi_attribute 23, 3
   7              		.eabi_attribute 24, 1
   8              		.eabi_attribute 25, 1
   9              		.eabi_attribute 26, 1
  10              		.eabi_attribute 30, 1
  11              		.eabi_attribute 34, 1
  12              		.eabi_attribute 18, 4
  13              		.thumb
  14              		.syntax unified
  15              		.file	"arcadian.c"
  16              		.text
  17              	.Ltext0:
  18              		.cfi_sections	.debug_frame
  19              		.section	.text.ARCADIAN_init,"ax",%progbits
  20              		.align	2
  21              		.global	ARCADIAN_init
  22              		.thumb
  23              		.thumb_func
  24              		.type	ARCADIAN_init, %function
  25              	ARCADIAN_init:
  26              	.LFB110:
  27              		.file 1 "source\\asw\\arcadian.c"
   1:source\asw/arcadian.c **** /**
   2:source\asw/arcadian.c **** * \file arcadian.c
   3:source\asw/arcadian.c **** * \author Z. Sadique
   4:source\asw/arcadian.c **** * \date 08.12.2023
   5:source\asw/arcadian.c **** *
   6:source\asw/arcadian.c **** * \brief <arcadian.c>
   7:source\asw/arcadian.c **** *
   8:source\asw/arcadian.c **** * Implements the arcadian
   9:source\asw/arcadian.c **** */
  10:source\asw/arcadian.c **** 
  11:source\asw/arcadian.c **** /*****************************************************************************/
  12:source\asw/arcadian.c **** /* Include files                                                             */
  13:source\asw/arcadian.c **** /*****************************************************************************/
  14:source\asw/arcadian.c **** #include "project.h"
  15:source\asw/arcadian.c **** #include "arcadian.h"
  16:source\asw/arcadian.c **** #include "PWM.h"
  17:source\asw/arcadian.c **** 
  18:source\asw/arcadian.c **** 
  19:source\asw/arcadian.c **** /*****************************************************************************/
  20:source\asw/arcadian.c **** /* Local pre-processor symbols/macros ('#define')                            */
  21:source\asw/arcadian.c **** /*****************************************************************************/
  22:source\asw/arcadian.c **** 
  23:source\asw/arcadian.c **** /*****************************************************************************/
  24:source\asw/arcadian.c **** /* Global variable definitions (declared in header file with 'extern')       */
  25:source\asw/arcadian.c **** /*****************************************************************************/
  26:source\asw/arcadian.c **** 
  27:source\asw/arcadian.c **** /*****************************************************************************/
  28:source\asw/arcadian.c **** /* Local type definitions ('typedef')                                        */
  29:source\asw/arcadian.c **** /*****************************************************************************/
  30:source\asw/arcadian.c **** 
ARM GAS  C:\Users\zakis\AppData\Local\Temp\cc2DAklg.s 			page 2


  31:source\asw/arcadian.c **** 
  32:source\asw/arcadian.c **** 
  33:source\asw/arcadian.c **** 
  34:source\asw/arcadian.c **** 
  35:source\asw/arcadian.c **** /*****************************************************************************/
  36:source\asw/arcadian.c **** /* Local variable definitions ('static')                                     */
  37:source\asw/arcadian.c **** /*****************************************************************************/
  38:source\asw/arcadian.c **** 
  39:source\asw/arcadian.c **** static const uint16_t PWMMax = 255;
  40:source\asw/arcadian.c **** 
  41:source\asw/arcadian.c **** /*****************************************************************************/
  42:source\asw/arcadian.c **** /* Local function prototypes ('static')                                      */
  43:source\asw/arcadian.c **** /*****************************************************************************/
  44:source\asw/arcadian.c **** 
  45:source\asw/arcadian.c **** 
  46:source\asw/arcadian.c **** /*****************************************************************************/
  47:source\asw/arcadian.c **** /* Function implementation - global ('extern') and local ('static')          */
  48:source\asw/arcadian.c **** /*****************************************************************************/
  49:source\asw/arcadian.c **** 
  50:source\asw/arcadian.c **** /**
  51:source\asw/arcadian.c ****  * @brief Initializes the ARCADIAN module.
  52:source\asw/arcadian.c ****  *
  53:source\asw/arcadian.c ****  * This function initializes the ARCADIAN module with the provided fader and
  54:source\asw/arcadian.c ****  * glower structures. It sets the initial values for the fader counter, maximum
  55:source\asw/arcadian.c ****  * fader value, LED colors, and returns RC_SUCCESS upon successful initialization.
  56:source\asw/arcadian.c ****  *
  57:source\asw/arcadian.c ****  * @param fader Pointer to the Fader_t structure.
  58:source\asw/arcadian.c ****  * @param glower Pointer to the RGBGlower_t structure.
  59:source\asw/arcadian.c ****  * @return Returns an RC_t (Return Code) indicating the success or failure of the operation.
  60:source\asw/arcadian.c ****  */
  61:source\asw/arcadian.c **** RC_t ARCADIAN_init(Fader_t *fader, RGBGlower_t *glower) {
  28              		.loc 1 61 0
  29              		.cfi_startproc
  30              		@ args = 0, pretend = 0, frame = 0
  31              		@ frame_needed = 0, uses_anonymous_args = 0
  32              	.LVL0:
  33 0000 70B5     		push	{r4, r5, r6, lr}
  34              		.cfi_def_cfa_offset 16
  35              		.cfi_offset 4, -16
  36              		.cfi_offset 5, -12
  37              		.cfi_offset 6, -8
  38              		.cfi_offset 14, -4
  39 0002 0E46     		mov	r6, r1
  62:source\asw/arcadian.c ****     /* Initialize fader parameters */
  63:source\asw/arcadian.c ****     fader->faderCounter = 0;
  40              		.loc 1 63 0
  41 0004 0024     		movs	r4, #0
  42 0006 0480     		strh	r4, [r0]	@ movhi
  64:source\asw/arcadian.c ****     fader->maxFader = PWMMax;
  43              		.loc 1 64 0
  44 0008 FF25     		movs	r5, #255
  45 000a 8570     		strb	r5, [r0, #2]
  65:source\asw/arcadian.c ****     fader -> loopNumber = 0;
  46              		.loc 1 65 0
  47 000c C470     		strb	r4, [r0, #3]
  66:source\asw/arcadian.c **** 
  67:source\asw/arcadian.c ****     /* Initialize LED colors for fader */
ARM GAS  C:\Users\zakis\AppData\Local\Temp\cc2DAklg.s 			page 3


  68:source\asw/arcadian.c ****     PWM_Init(Led_Green);
  48              		.loc 1 68 0
  49 000e 0220     		movs	r0, #2
  50              	.LVL1:
  51 0010 FFF7FEFF 		bl	PWM_Init
  52              	.LVL2:
  69:source\asw/arcadian.c ****     PWM_Init(Led_Yellow);
  53              		.loc 1 69 0
  54 0014 0120     		movs	r0, #1
  55 0016 FFF7FEFF 		bl	PWM_Init
  56              	.LVL3:
  70:source\asw/arcadian.c ****     PWM_Init(Led_Red);
  57              		.loc 1 70 0
  58 001a 2046     		mov	r0, r4
  59 001c FFF7FEFF 		bl	PWM_Init
  60              	.LVL4:
  71:source\asw/arcadian.c **** 
  72:source\asw/arcadian.c ****     /* Set Red LED to maximum intensity */
  73:source\asw/arcadian.c ****     PWM_Write(Led_Red, PWMMax);
  61              		.loc 1 73 0
  62 0020 2946     		mov	r1, r5
  63 0022 2046     		mov	r0, r4
  64 0024 FFF7FEFF 		bl	PWM_Write
  65              	.LVL5:
  74:source\asw/arcadian.c **** 
  75:source\asw/arcadian.c ****     /* Initialize RGB glower parameters */
  76:source\asw/arcadian.c ****     glower->currentPositionRGB = 0;
  66              		.loc 1 76 0
  67 0028 3470     		strb	r4, [r6]
  77:source\asw/arcadian.c **** 
  78:source\asw/arcadian.c ****     /* Initialize LED colors for RGB glower */
  79:source\asw/arcadian.c ****     PWM_Init(Led_RGB_Red);
  68              		.loc 1 79 0
  69 002a 0320     		movs	r0, #3
  70 002c FFF7FEFF 		bl	PWM_Init
  71              	.LVL6:
  80:source\asw/arcadian.c ****     PWM_Init(Led_RGB_Blue);
  72              		.loc 1 80 0
  73 0030 0520     		movs	r0, #5
  74 0032 FFF7FEFF 		bl	PWM_Init
  75              	.LVL7:
  81:source\asw/arcadian.c ****     PWM_Init(Led_RGB_Green);
  76              		.loc 1 81 0
  77 0036 0420     		movs	r0, #4
  78 0038 FFF7FEFF 		bl	PWM_Init
  79              	.LVL8:
  82:source\asw/arcadian.c **** 
  83:source\asw/arcadian.c ****     return RC_SUCCESS;
  84:source\asw/arcadian.c **** }
  80              		.loc 1 84 0
  81 003c 2046     		mov	r0, r4
  82 003e 70BD     		pop	{r4, r5, r6, pc}
  83              		.cfi_endproc
  84              	.LFE110:
  85              		.size	ARCADIAN_init, .-ARCADIAN_init
  86              		.section	.text.ARCADIAN_changeIntensityBy,"ax",%progbits
  87              		.align	2
ARM GAS  C:\Users\zakis\AppData\Local\Temp\cc2DAklg.s 			page 4


  88              		.global	ARCADIAN_changeIntensityBy
  89              		.thumb
  90              		.thumb_func
  91              		.type	ARCADIAN_changeIntensityBy, %function
  92              	ARCADIAN_changeIntensityBy:
  93              	.LFB111:
  85:source\asw/arcadian.c **** 
  86:source\asw/arcadian.c **** /**
  87:source\asw/arcadian.c ****  * @brief Changes the intensity of an LED by a specified amount.
  88:source\asw/arcadian.c ****  * This function adjusts the intensity of the specified LED by the given change.
  89:source\asw/arcadian.c ****  *
  90:source\asw/arcadian.c ****  * @param ledId Identifier of the LED (e.g., Red, Green, Blue).
  91:source\asw/arcadian.c ****  * @param change Amount by which to change the LED intensity.
  92:source\asw/arcadian.c ****  * @return Returns an RC_t (Return Code) indicating the success or failure of the operation.
  93:source\asw/arcadian.c ****  */
  94:source\asw/arcadian.c **** RC_t ARCADIAN_changeIntensityBy(ePWM_t ledId, sint16_t change) {
  94              		.loc 1 94 0
  95              		.cfi_startproc
  96              		@ args = 0, pretend = 0, frame = 0
  97              		@ frame_needed = 0, uses_anonymous_args = 0
  98              	.LVL9:
  99 0000 38B5     		push	{r3, r4, r5, lr}
 100              		.cfi_def_cfa_offset 16
 101              		.cfi_offset 3, -16
 102              		.cfi_offset 4, -12
 103              		.cfi_offset 5, -8
 104              		.cfi_offset 14, -4
 105 0002 0546     		mov	r5, r0
 106 0004 0C46     		mov	r4, r1
  95:source\asw/arcadian.c ****     /**
  96:source\asw/arcadian.c ****      * Adjust the intensity of the specified LED by the given change.
  97:source\asw/arcadian.c ****      * The new intensity is calculated by adding the change to the current intensity.
  98:source\asw/arcadian.c ****      */
  99:source\asw/arcadian.c ****     PWM_Write(ledId, PWM_Read(ledId) + change);
 107              		.loc 1 99 0
 108 0006 FFF7FEFF 		bl	PWM_Read
 109              	.LVL10:
 110 000a 0119     		adds	r1, r0, r4
 111 000c 89B2     		uxth	r1, r1
 112 000e 2846     		mov	r0, r5
 113 0010 FFF7FEFF 		bl	PWM_Write
 114              	.LVL11:
 100:source\asw/arcadian.c **** 
 101:source\asw/arcadian.c ****     return RC_SUCCESS;
 102:source\asw/arcadian.c **** }
 115              		.loc 1 102 0
 116 0014 0020     		movs	r0, #0
 117 0016 38BD     		pop	{r3, r4, r5, pc}
 118              		.cfi_endproc
 119              	.LFE111:
 120              		.size	ARCADIAN_changeIntensityBy, .-ARCADIAN_changeIntensityBy
 121              		.section	.text.ARCADIAN_changeIntensityTo,"ax",%progbits
 122              		.align	2
 123              		.global	ARCADIAN_changeIntensityTo
 124              		.thumb
 125              		.thumb_func
 126              		.type	ARCADIAN_changeIntensityTo, %function
ARM GAS  C:\Users\zakis\AppData\Local\Temp\cc2DAklg.s 			page 5


 127              	ARCADIAN_changeIntensityTo:
 128              	.LFB112:
 103:source\asw/arcadian.c **** 
 104:source\asw/arcadian.c **** /**
 105:source\asw/arcadian.c ****  * @file
 106:source\asw/arcadian.c ****  * @brief ARCADIAN module functions.
 107:source\asw/arcadian.c ****  */
 108:source\asw/arcadian.c **** 
 109:source\asw/arcadian.c **** /**
 110:source\asw/arcadian.c ****  * @brief Changes the intensity of an LED to a specific value.
 111:source\asw/arcadian.c ****  *
 112:source\asw/arcadian.c ****  * This function sets the intensity of the specified LED to the provided value.
 113:source\asw/arcadian.c ****  *
 114:source\asw/arcadian.c ****  * @param ledId Identifier of the LED (e.g., Red, Green, Blue).
 115:source\asw/arcadian.c ****  * @param value New intensity value for the LED.
 116:source\asw/arcadian.c ****  * @return Returns an RC_t (Return Code) indicating the success or failure of the operation.
 117:source\asw/arcadian.c ****  */
 118:source\asw/arcadian.c **** RC_t ARCADIAN_changeIntensityTo(ePWM_t ledId, sint16_t value) {
 129              		.loc 1 118 0
 130              		.cfi_startproc
 131              		@ args = 0, pretend = 0, frame = 0
 132              		@ frame_needed = 0, uses_anonymous_args = 0
 133              	.LVL12:
 134 0000 08B5     		push	{r3, lr}
 135              		.cfi_def_cfa_offset 8
 136              		.cfi_offset 3, -8
 137              		.cfi_offset 14, -4
 119:source\asw/arcadian.c ****     /**
 120:source\asw/arcadian.c ****      * @note Set the intensity of the specified LED to the provided value.
 121:source\asw/arcadian.c ****     */
 122:source\asw/arcadian.c ****     PWM_Write(ledId, value);
 138              		.loc 1 122 0
 139 0002 89B2     		uxth	r1, r1
 140 0004 FFF7FEFF 		bl	PWM_Write
 141              	.LVL13:
 123:source\asw/arcadian.c **** 
 124:source\asw/arcadian.c ****     return RC_SUCCESS;
 125:source\asw/arcadian.c **** }
 142              		.loc 1 125 0
 143 0008 0020     		movs	r0, #0
 144 000a 08BD     		pop	{r3, pc}
 145              		.cfi_endproc
 146              	.LFE112:
 147              		.size	ARCADIAN_changeIntensityTo, .-ARCADIAN_changeIntensityTo
 148              		.text
 149              	.Letext0:
 150              		.file 2 "c:\\program files (x86)\\cypress\\psoc creator\\4.4\\psoc creator\\import\\gnu\\arm\\5.4.
 151              		.file 3 "c:\\program files (x86)\\cypress\\psoc creator\\4.4\\psoc creator\\import\\gnu\\arm\\5.4.
 152              		.file 4 "Generated_Source\\PSoC5/ErikaOS_common_ee_types.inc"
 153              		.file 5 "Generated_Source\\PSoC5/ErikaOS_cortex_mx_ee_cpu.inc"
 154              		.file 6 ".\\source\\bsw/global.h"
 155              		.file 7 ".\\source\\bsw/PWM.h"
 156              		.file 8 "source\\asw\\arcadian.h"
 157              		.file 9 "Generated_Source\\PSoC5/ErikaOS_ee_oo_intfunc.inc"
 158              		.file 10 "Generated_Source\\PSoC5/ErikaOS_cortex_mx_ee_context.inc"
 159              		.file 11 "Generated_Source\\PSoC5/ErikaOS_common_ee_primitives.inc"
 160              		.file 12 "Generated_Source\\PSoC5/core_cm3.h"
ARM GAS  C:\Users\zakis\AppData\Local\Temp\cc2DAklg.s 			page 6


 161              		.section	.debug_info,"",%progbits
 162              	.Ldebug_info0:
 163 0000 47040000 		.4byte	0x447
 164 0004 0400     		.2byte	0x4
 165 0006 00000000 		.4byte	.Ldebug_abbrev0
 166 000a 04       		.byte	0x4
 167 000b 01       		.uleb128 0x1
 168 000c 49030000 		.4byte	.LASF83
 169 0010 0C       		.byte	0xc
 170 0011 5F020000 		.4byte	.LASF84
 171 0015 13040000 		.4byte	.LASF85
 172 0019 00000000 		.4byte	.Ldebug_ranges0+0
 173 001d 00000000 		.4byte	0
 174 0021 00000000 		.4byte	.Ldebug_line0
 175 0025 02       		.uleb128 0x2
 176 0026 01       		.byte	0x1
 177 0027 06       		.byte	0x6
 178 0028 A3020000 		.4byte	.LASF0
 179 002c 03       		.uleb128 0x3
 180 002d 2D050000 		.4byte	.LASF3
 181 0031 02       		.byte	0x2
 182 0032 1D       		.byte	0x1d
 183 0033 37000000 		.4byte	0x37
 184 0037 02       		.uleb128 0x2
 185 0038 01       		.byte	0x1
 186 0039 08       		.byte	0x8
 187 003a 51020000 		.4byte	.LASF1
 188 003e 02       		.uleb128 0x2
 189 003f 02       		.byte	0x2
 190 0040 05       		.byte	0x5
 191 0041 65000000 		.4byte	.LASF2
 192 0045 03       		.uleb128 0x3
 193 0046 DA000000 		.4byte	.LASF4
 194 004a 02       		.byte	0x2
 195 004b 2B       		.byte	0x2b
 196 004c 50000000 		.4byte	0x50
 197 0050 02       		.uleb128 0x2
 198 0051 02       		.byte	0x2
 199 0052 07       		.byte	0x7
 200 0053 F9030000 		.4byte	.LASF5
 201 0057 03       		.uleb128 0x3
 202 0058 99040000 		.4byte	.LASF6
 203 005c 02       		.byte	0x2
 204 005d 3F       		.byte	0x3f
 205 005e 62000000 		.4byte	0x62
 206 0062 02       		.uleb128 0x2
 207 0063 04       		.byte	0x4
 208 0064 05       		.byte	0x5
 209 0065 EA010000 		.4byte	.LASF7
 210 0069 02       		.uleb128 0x2
 211 006a 04       		.byte	0x4
 212 006b 07       		.byte	0x7
 213 006c EA020000 		.4byte	.LASF8
 214 0070 02       		.uleb128 0x2
 215 0071 08       		.byte	0x8
 216 0072 05       		.byte	0x5
 217 0073 8C010000 		.4byte	.LASF9
ARM GAS  C:\Users\zakis\AppData\Local\Temp\cc2DAklg.s 			page 7


 218 0077 02       		.uleb128 0x2
 219 0078 08       		.byte	0x8
 220 0079 07       		.byte	0x7
 221 007a AF020000 		.4byte	.LASF10
 222 007e 04       		.uleb128 0x4
 223 007f 04       		.byte	0x4
 224 0080 05       		.byte	0x5
 225 0081 696E7400 		.ascii	"int\000"
 226 0085 02       		.uleb128 0x2
 227 0086 04       		.byte	0x4
 228 0087 07       		.byte	0x7
 229 0088 C6020000 		.4byte	.LASF11
 230 008c 03       		.uleb128 0x3
 231 008d FF000000 		.4byte	.LASF12
 232 0091 03       		.byte	0x3
 233 0092 18       		.byte	0x18
 234 0093 2C000000 		.4byte	0x2c
 235 0097 03       		.uleb128 0x3
 236 0098 E1020000 		.4byte	.LASF13
 237 009c 03       		.byte	0x3
 238 009d 24       		.byte	0x24
 239 009e 45000000 		.4byte	0x45
 240 00a2 03       		.uleb128 0x3
 241 00a3 F1030000 		.4byte	.LASF14
 242 00a7 03       		.byte	0x3
 243 00a8 2C       		.byte	0x2c
 244 00a9 57000000 		.4byte	0x57
 245 00ad 02       		.uleb128 0x2
 246 00ae 04       		.byte	0x4
 247 00af 04       		.byte	0x4
 248 00b0 6D010000 		.4byte	.LASF15
 249 00b4 02       		.uleb128 0x2
 250 00b5 08       		.byte	0x8
 251 00b6 04       		.byte	0x4
 252 00b7 55040000 		.4byte	.LASF16
 253 00bb 02       		.uleb128 0x2
 254 00bc 01       		.byte	0x1
 255 00bd 08       		.byte	0x8
 256 00be D7030000 		.4byte	.LASF17
 257 00c2 02       		.uleb128 0x2
 258 00c3 08       		.byte	0x8
 259 00c4 04       		.byte	0x4
 260 00c5 3C020000 		.4byte	.LASF18
 261 00c9 02       		.uleb128 0x2
 262 00ca 04       		.byte	0x4
 263 00cb 07       		.byte	0x7
 264 00cc C0040000 		.4byte	.LASF19
 265 00d0 03       		.uleb128 0x3
 266 00d1 2D030000 		.4byte	.LASF20
 267 00d5 04       		.byte	0x4
 268 00d6 53       		.byte	0x53
 269 00d7 7E000000 		.4byte	0x7e
 270 00db 03       		.uleb128 0x3
 271 00dc D0000000 		.4byte	.LASF21
 272 00e0 04       		.byte	0x4
 273 00e1 54       		.byte	0x54
 274 00e2 85000000 		.4byte	0x85
ARM GAS  C:\Users\zakis\AppData\Local\Temp\cc2DAklg.s 			page 8


 275 00e6 03       		.uleb128 0x3
 276 00e7 65010000 		.4byte	.LASF22
 277 00eb 05       		.byte	0x5
 278 00ec 4D       		.byte	0x4d
 279 00ed DB000000 		.4byte	0xdb
 280 00f1 03       		.uleb128 0x3
 281 00f2 B4000000 		.4byte	.LASF23
 282 00f6 05       		.byte	0x5
 283 00f7 4F       		.byte	0x4f
 284 00f8 DB000000 		.4byte	0xdb
 285 00fc 03       		.uleb128 0x3
 286 00fd E5000000 		.4byte	.LASF24
 287 0101 05       		.byte	0x5
 288 0102 78       		.byte	0x78
 289 0103 D0000000 		.4byte	0xd0
 290 0107 03       		.uleb128 0x3
 291 0108 AE040000 		.4byte	.LASF25
 292 010c 06       		.byte	0x6
 293 010d 92       		.byte	0x92
 294 010e 3E000000 		.4byte	0x3e
 295 0112 05       		.uleb128 0x5
 296 0113 01       		.byte	0x1
 297 0114 25000000 		.4byte	0x25
 298 0118 06       		.byte	0x6
 299 0119 CF       		.byte	0xcf
 300 011a BB010000 		.4byte	0x1bb
 301 011e 06       		.uleb128 0x6
 302 011f 36030000 		.4byte	.LASF26
 303 0123 00       		.byte	0
 304 0124 07       		.uleb128 0x7
 305 0125 F6040000 		.4byte	.LASF27
 306 0129 7F       		.sleb128 -1
 307 012a 07       		.uleb128 0x7
 308 012b 00000000 		.4byte	.LASF28
 309 012f 7E       		.sleb128 -2
 310 0130 07       		.uleb128 0x7
 311 0131 A6000000 		.4byte	.LASF29
 312 0135 7D       		.sleb128 -3
 313 0136 07       		.uleb128 0x7
 314 0137 05050000 		.4byte	.LASF30
 315 013b 7C       		.sleb128 -4
 316 013c 07       		.uleb128 0x7
 317 013d 56010000 		.4byte	.LASF31
 318 0141 7B       		.sleb128 -5
 319 0142 07       		.uleb128 0x7
 320 0143 6F000000 		.4byte	.LASF32
 321 0147 7A       		.sleb128 -6
 322 0148 07       		.uleb128 0x7
 323 0149 F3010000 		.4byte	.LASF33
 324 014d 79       		.sleb128 -7
 325 014e 07       		.uleb128 0x7
 326 014f DC030000 		.4byte	.LASF34
 327 0153 78       		.sleb128 -8
 328 0154 07       		.uleb128 0x7
 329 0155 17030000 		.4byte	.LASF35
 330 0159 77       		.sleb128 -9
 331 015a 07       		.uleb128 0x7
ARM GAS  C:\Users\zakis\AppData\Local\Temp\cc2DAklg.s 			page 9


 332 015b 05020000 		.4byte	.LASF36
 333 015f 76       		.sleb128 -10
 334 0160 07       		.uleb128 0x7
 335 0161 37050000 		.4byte	.LASF37
 336 0165 75       		.sleb128 -11
 337 0166 07       		.uleb128 0x7
 338 0167 D3020000 		.4byte	.LASF38
 339 016b 74       		.sleb128 -12
 340 016c 07       		.uleb128 0x7
 341 016d 77040000 		.4byte	.LASF39
 342 0171 73       		.sleb128 -13
 343 0172 07       		.uleb128 0x7
 344 0173 24000000 		.4byte	.LASF40
 345 0177 72       		.sleb128 -14
 346 0178 07       		.uleb128 0x7
 347 0179 51000000 		.4byte	.LASF41
 348 017d 71       		.sleb128 -15
 349 017e 07       		.uleb128 0x7
 350 017f 19020000 		.4byte	.LASF42
 351 0183 70       		.sleb128 -16
 352 0184 07       		.uleb128 0x7
 353 0185 BC000000 		.4byte	.LASF43
 354 0189 6F       		.sleb128 -17
 355 018a 07       		.uleb128 0x7
 356 018b 80000000 		.4byte	.LASF44
 357 018f 6E       		.sleb128 -18
 358 0190 07       		.uleb128 0x7
 359 0191 B3010000 		.4byte	.LASF45
 360 0195 6D       		.sleb128 -19
 361 0196 07       		.uleb128 0x7
 362 0197 83020000 		.4byte	.LASF46
 363 019b 6C       		.sleb128 -20
 364 019c 07       		.uleb128 0x7
 365 019d 2A020000 		.4byte	.LASF47
 366 01a1 6B       		.sleb128 -21
 367 01a2 07       		.uleb128 0x7
 368 01a3 C9040000 		.4byte	.LASF48
 369 01a7 6A       		.sleb128 -22
 370 01a8 07       		.uleb128 0x7
 371 01a9 07010000 		.4byte	.LASF49
 372 01ad 69       		.sleb128 -23
 373 01ae 07       		.uleb128 0x7
 374 01af C6010000 		.4byte	.LASF50
 375 01b3 68       		.sleb128 -24
 376 01b4 07       		.uleb128 0x7
 377 01b5 73010000 		.4byte	.LASF51
 378 01b9 67       		.sleb128 -25
 379 01ba 00       		.byte	0
 380 01bb 03       		.uleb128 0x3
 381 01bc 9A000000 		.4byte	.LASF52
 382 01c0 06       		.byte	0x6
 383 01c1 EA       		.byte	0xea
 384 01c2 12010000 		.4byte	0x112
 385 01c6 08       		.uleb128 0x8
 386 01c7 95000000 		.4byte	.LASF86
 387 01cb 01       		.byte	0x1
 388 01cc 37000000 		.4byte	0x37
ARM GAS  C:\Users\zakis\AppData\Local\Temp\cc2DAklg.s 			page 10


 389 01d0 07       		.byte	0x7
 390 01d1 44       		.byte	0x44
 391 01d2 FB010000 		.4byte	0x1fb
 392 01d6 06       		.uleb128 0x6
 393 01d7 41030000 		.4byte	.LASF53
 394 01db 00       		.byte	0
 395 01dc 06       		.uleb128 0x6
 396 01dd EC000000 		.4byte	.LASF54
 397 01e1 01       		.byte	0x1
 398 01e2 06       		.uleb128 0x6
 399 01e3 8F040000 		.4byte	.LASF55
 400 01e7 02       		.byte	0x2
 401 01e8 06       		.uleb128 0x6
 402 01e9 49040000 		.4byte	.LASF56
 403 01ed 03       		.byte	0x3
 404 01ee 06       		.uleb128 0x6
 405 01ef 37000000 		.4byte	.LASF57
 406 01f3 04       		.byte	0x4
 407 01f4 06       		.uleb128 0x6
 408 01f5 17000000 		.4byte	.LASF58
 409 01f9 05       		.byte	0x5
 410 01fa 00       		.byte	0
 411 01fb 03       		.uleb128 0x3
 412 01fc 9F000000 		.4byte	.LASF59
 413 0200 07       		.byte	0x7
 414 0201 4B       		.byte	0x4b
 415 0202 C6010000 		.4byte	0x1c6
 416 0206 09       		.uleb128 0x9
 417 0207 04       		.byte	0x4
 418 0208 08       		.byte	0x8
 419 0209 4A       		.byte	0x4a
 420 020a 33020000 		.4byte	0x233
 421 020e 0A       		.uleb128 0xa
 422 020f 96020000 		.4byte	.LASF60
 423 0213 08       		.byte	0x8
 424 0214 4B       		.byte	0x4b
 425 0215 97000000 		.4byte	0x97
 426 0219 00       		.byte	0
 427 021a 0A       		.uleb128 0xa
 428 021b 48020000 		.4byte	.LASF61
 429 021f 08       		.byte	0x8
 430 0220 4C       		.byte	0x4c
 431 0221 8C000000 		.4byte	0x8c
 432 0225 02       		.byte	0x2
 433 0226 0A       		.uleb128 0xa
 434 0227 A3040000 		.4byte	.LASF62
 435 022b 08       		.byte	0x8
 436 022c 4D       		.byte	0x4d
 437 022d 8C000000 		.4byte	0x8c
 438 0231 03       		.byte	0x3
 439 0232 00       		.byte	0
 440 0233 03       		.uleb128 0x3
 441 0234 F7000000 		.4byte	.LASF63
 442 0238 08       		.byte	0x8
 443 0239 4E       		.byte	0x4e
 444 023a 06020000 		.4byte	0x206
 445 023e 09       		.uleb128 0x9
ARM GAS  C:\Users\zakis\AppData\Local\Temp\cc2DAklg.s 			page 11


 446 023f 01       		.byte	0x1
 447 0240 08       		.byte	0x8
 448 0241 63       		.byte	0x63
 449 0242 53020000 		.4byte	0x253
 450 0246 0A       		.uleb128 0xa
 451 0247 D7010000 		.4byte	.LASF64
 452 024b 08       		.byte	0x8
 453 024c 64       		.byte	0x64
 454 024d 8C000000 		.4byte	0x8c
 455 0251 00       		.byte	0
 456 0252 00       		.byte	0
 457 0253 03       		.uleb128 0x3
 458 0254 45000000 		.4byte	.LASF65
 459 0258 08       		.byte	0x8
 460 0259 65       		.byte	0x65
 461 025a 3E020000 		.4byte	0x23e
 462 025e 0B       		.uleb128 0xb
 463 025f 75020000 		.4byte	.LASF68
 464 0263 01       		.byte	0x1
 465 0264 3D       		.byte	0x3d
 466 0265 BB010000 		.4byte	0x1bb
 467 0269 00000000 		.4byte	.LFB110
 468 026d 40000000 		.4byte	.LFE110-.LFB110
 469 0271 01       		.uleb128 0x1
 470 0272 9C       		.byte	0x9c
 471 0273 1F030000 		.4byte	0x31f
 472 0277 0C       		.uleb128 0xc
 473 0278 89040000 		.4byte	.LASF66
 474 027c 01       		.byte	0x1
 475 027d 3D       		.byte	0x3d
 476 027e 1F030000 		.4byte	0x31f
 477 0282 00000000 		.4byte	.LLST0
 478 0286 0C       		.uleb128 0xc
 479 0287 DB040000 		.4byte	.LASF67
 480 028b 01       		.byte	0x1
 481 028c 3D       		.byte	0x3d
 482 028d 25030000 		.4byte	0x325
 483 0291 21000000 		.4byte	.LLST1
 484 0295 0D       		.uleb128 0xd
 485 0296 14000000 		.4byte	.LVL2
 486 029a 29040000 		.4byte	0x429
 487 029e A8020000 		.4byte	0x2a8
 488 02a2 0E       		.uleb128 0xe
 489 02a3 01       		.uleb128 0x1
 490 02a4 50       		.byte	0x50
 491 02a5 01       		.uleb128 0x1
 492 02a6 32       		.byte	0x32
 493 02a7 00       		.byte	0
 494 02a8 0D       		.uleb128 0xd
 495 02a9 1A000000 		.4byte	.LVL3
 496 02ad 29040000 		.4byte	0x429
 497 02b1 BB020000 		.4byte	0x2bb
 498 02b5 0E       		.uleb128 0xe
 499 02b6 01       		.uleb128 0x1
 500 02b7 50       		.byte	0x50
 501 02b8 01       		.uleb128 0x1
 502 02b9 31       		.byte	0x31
ARM GAS  C:\Users\zakis\AppData\Local\Temp\cc2DAklg.s 			page 12


 503 02ba 00       		.byte	0
 504 02bb 0D       		.uleb128 0xd
 505 02bc 20000000 		.4byte	.LVL4
 506 02c0 29040000 		.4byte	0x429
 507 02c4 CF020000 		.4byte	0x2cf
 508 02c8 0E       		.uleb128 0xe
 509 02c9 01       		.uleb128 0x1
 510 02ca 50       		.byte	0x50
 511 02cb 02       		.uleb128 0x2
 512 02cc 74       		.byte	0x74
 513 02cd 00       		.sleb128 0
 514 02ce 00       		.byte	0
 515 02cf 0D       		.uleb128 0xd
 516 02d0 28000000 		.4byte	.LVL5
 517 02d4 34040000 		.4byte	0x434
 518 02d8 E9020000 		.4byte	0x2e9
 519 02dc 0E       		.uleb128 0xe
 520 02dd 01       		.uleb128 0x1
 521 02de 50       		.byte	0x50
 522 02df 02       		.uleb128 0x2
 523 02e0 74       		.byte	0x74
 524 02e1 00       		.sleb128 0
 525 02e2 0E       		.uleb128 0xe
 526 02e3 01       		.uleb128 0x1
 527 02e4 51       		.byte	0x51
 528 02e5 02       		.uleb128 0x2
 529 02e6 75       		.byte	0x75
 530 02e7 00       		.sleb128 0
 531 02e8 00       		.byte	0
 532 02e9 0D       		.uleb128 0xd
 533 02ea 30000000 		.4byte	.LVL6
 534 02ee 29040000 		.4byte	0x429
 535 02f2 FC020000 		.4byte	0x2fc
 536 02f6 0E       		.uleb128 0xe
 537 02f7 01       		.uleb128 0x1
 538 02f8 50       		.byte	0x50
 539 02f9 01       		.uleb128 0x1
 540 02fa 33       		.byte	0x33
 541 02fb 00       		.byte	0
 542 02fc 0D       		.uleb128 0xd
 543 02fd 36000000 		.4byte	.LVL7
 544 0301 29040000 		.4byte	0x429
 545 0305 0F030000 		.4byte	0x30f
 546 0309 0E       		.uleb128 0xe
 547 030a 01       		.uleb128 0x1
 548 030b 50       		.byte	0x50
 549 030c 01       		.uleb128 0x1
 550 030d 35       		.byte	0x35
 551 030e 00       		.byte	0
 552 030f 0F       		.uleb128 0xf
 553 0310 3C000000 		.4byte	.LVL8
 554 0314 29040000 		.4byte	0x429
 555 0318 0E       		.uleb128 0xe
 556 0319 01       		.uleb128 0x1
 557 031a 50       		.byte	0x50
 558 031b 01       		.uleb128 0x1
 559 031c 34       		.byte	0x34
ARM GAS  C:\Users\zakis\AppData\Local\Temp\cc2DAklg.s 			page 13


 560 031d 00       		.byte	0
 561 031e 00       		.byte	0
 562 031f 10       		.uleb128 0x10
 563 0320 04       		.byte	0x4
 564 0321 33020000 		.4byte	0x233
 565 0325 10       		.uleb128 0x10
 566 0326 04       		.byte	0x4
 567 0327 53020000 		.4byte	0x253
 568 032b 0B       		.uleb128 0xb
 569 032c 5C040000 		.4byte	.LASF69
 570 0330 01       		.byte	0x1
 571 0331 5E       		.byte	0x5e
 572 0332 BB010000 		.4byte	0x1bb
 573 0336 00000000 		.4byte	.LFB111
 574 033a 18000000 		.4byte	.LFE111-.LFB111
 575 033e 01       		.uleb128 0x1
 576 033f 9C       		.byte	0x9c
 577 0340 87030000 		.4byte	0x387
 578 0344 0C       		.uleb128 0xc
 579 0345 13020000 		.4byte	.LASF70
 580 0349 01       		.byte	0x1
 581 034a 5E       		.byte	0x5e
 582 034b FB010000 		.4byte	0x1fb
 583 034f 3F000000 		.4byte	.LLST2
 584 0353 0C       		.uleb128 0xc
 585 0354 E2040000 		.4byte	.LASF71
 586 0358 01       		.byte	0x1
 587 0359 5E       		.byte	0x5e
 588 035a 07010000 		.4byte	0x107
 589 035e 60000000 		.4byte	.LLST3
 590 0362 0D       		.uleb128 0xd
 591 0363 0A000000 		.4byte	.LVL10
 592 0367 3F040000 		.4byte	0x43f
 593 036b 76030000 		.4byte	0x376
 594 036f 0E       		.uleb128 0xe
 595 0370 01       		.uleb128 0x1
 596 0371 50       		.byte	0x50
 597 0372 02       		.uleb128 0x2
 598 0373 75       		.byte	0x75
 599 0374 00       		.sleb128 0
 600 0375 00       		.byte	0
 601 0376 0F       		.uleb128 0xf
 602 0377 14000000 		.4byte	.LVL11
 603 037b 34040000 		.4byte	0x434
 604 037f 0E       		.uleb128 0xe
 605 0380 01       		.uleb128 0x1
 606 0381 50       		.byte	0x50
 607 0382 02       		.uleb128 0x2
 608 0383 75       		.byte	0x75
 609 0384 00       		.sleb128 0
 610 0385 00       		.byte	0
 611 0386 00       		.byte	0
 612 0387 0B       		.uleb128 0xb
 613 0388 FC020000 		.4byte	.LASF72
 614 038c 01       		.byte	0x1
 615 038d 76       		.byte	0x76
 616 038e BB010000 		.4byte	0x1bb
ARM GAS  C:\Users\zakis\AppData\Local\Temp\cc2DAklg.s 			page 14


 617 0392 00000000 		.4byte	.LFB112
 618 0396 0C000000 		.4byte	.LFE112-.LFB112
 619 039a 01       		.uleb128 0x1
 620 039b 9C       		.byte	0x9c
 621 039c D0030000 		.4byte	0x3d0
 622 03a0 0C       		.uleb128 0xc
 623 03a1 13020000 		.4byte	.LASF70
 624 03a5 01       		.byte	0x1
 625 03a6 76       		.byte	0x76
 626 03a7 FB010000 		.4byte	0x1fb
 627 03ab 81000000 		.4byte	.LLST4
 628 03af 0C       		.uleb128 0xc
 629 03b0 FF040000 		.4byte	.LASF73
 630 03b4 01       		.byte	0x1
 631 03b5 76       		.byte	0x76
 632 03b6 07010000 		.4byte	0x107
 633 03ba A2000000 		.4byte	.LLST5
 634 03be 0F       		.uleb128 0xf
 635 03bf 08000000 		.4byte	.LVL13
 636 03c3 34040000 		.4byte	0x434
 637 03c7 0E       		.uleb128 0xe
 638 03c8 01       		.uleb128 0x1
 639 03c9 51       		.byte	0x51
 640 03ca 03       		.uleb128 0x3
 641 03cb F3       		.byte	0xf3
 642 03cc 01       		.uleb128 0x1
 643 03cd 51       		.byte	0x51
 644 03ce 00       		.byte	0
 645 03cf 00       		.byte	0
 646 03d0 11       		.uleb128 0x11
 647 03d1 0C040000 		.4byte	.LASF87
 648 03d5 01       		.byte	0x1
 649 03d6 27       		.byte	0x27
 650 03d7 DC030000 		.4byte	0x3dc
 651 03db FF       		.byte	0xff
 652 03dc 12       		.uleb128 0x12
 653 03dd 97000000 		.4byte	0x97
 654 03e1 13       		.uleb128 0x13
 655 03e2 15050000 		.4byte	.LASF74
 656 03e6 09       		.byte	0x9
 657 03e7 40       		.byte	0x40
 658 03e8 E6000000 		.4byte	0xe6
 659 03ec 13       		.uleb128 0x13
 660 03ed 9A010000 		.4byte	.LASF75
 661 03f1 09       		.byte	0x9
 662 03f2 47       		.byte	0x47
 663 03f3 F1000000 		.4byte	0xf1
 664 03f7 13       		.uleb128 0x13
 665 03f8 36040000 		.4byte	.LASF76
 666 03fc 09       		.byte	0x9
 667 03fd 4A       		.byte	0x4a
 668 03fe E6000000 		.4byte	0xe6
 669 0402 13       		.uleb128 0x13
 670 0403 3D010000 		.4byte	.LASF77
 671 0407 0A       		.byte	0xa
 672 0408 48       		.byte	0x48
 673 0409 FC000000 		.4byte	0xfc
ARM GAS  C:\Users\zakis\AppData\Local\Temp\cc2DAklg.s 			page 15


 674 040d 13       		.uleb128 0x13
 675 040e 1E010000 		.4byte	.LASF78
 676 0412 0B       		.byte	0xb
 677 0413 44       		.byte	0x44
 678 0414 E6000000 		.4byte	0xe6
 679 0418 14       		.uleb128 0x14
 680 0419 E9040000 		.4byte	.LASF79
 681 041d 0C       		.byte	0xc
 682 041e 1207     		.2byte	0x712
 683 0420 24040000 		.4byte	0x424
 684 0424 15       		.uleb128 0x15
 685 0425 A2000000 		.4byte	0xa2
 686 0429 16       		.uleb128 0x16
 687 042a B7040000 		.4byte	.LASF80
 688 042e B7040000 		.4byte	.LASF80
 689 0432 07       		.byte	0x7
 690 0433 68       		.byte	0x68
 691 0434 16       		.uleb128 0x16
 692 0435 33010000 		.4byte	.LASF81
 693 0439 33010000 		.4byte	.LASF81
 694 043d 07       		.byte	0x7
 695 043e 7B       		.byte	0x7b
 696 043f 16       		.uleb128 0x16
 697 0440 0E000000 		.4byte	.LASF82
 698 0444 0E000000 		.4byte	.LASF82
 699 0448 07       		.byte	0x7
 700 0449 71       		.byte	0x71
 701 044a 00       		.byte	0
 702              		.section	.debug_abbrev,"",%progbits
 703              	.Ldebug_abbrev0:
 704 0000 01       		.uleb128 0x1
 705 0001 11       		.uleb128 0x11
 706 0002 01       		.byte	0x1
 707 0003 25       		.uleb128 0x25
 708 0004 0E       		.uleb128 0xe
 709 0005 13       		.uleb128 0x13
 710 0006 0B       		.uleb128 0xb
 711 0007 03       		.uleb128 0x3
 712 0008 0E       		.uleb128 0xe
 713 0009 1B       		.uleb128 0x1b
 714 000a 0E       		.uleb128 0xe
 715 000b 55       		.uleb128 0x55
 716 000c 17       		.uleb128 0x17
 717 000d 11       		.uleb128 0x11
 718 000e 01       		.uleb128 0x1
 719 000f 10       		.uleb128 0x10
 720 0010 17       		.uleb128 0x17
 721 0011 00       		.byte	0
 722 0012 00       		.byte	0
 723 0013 02       		.uleb128 0x2
 724 0014 24       		.uleb128 0x24
 725 0015 00       		.byte	0
 726 0016 0B       		.uleb128 0xb
 727 0017 0B       		.uleb128 0xb
 728 0018 3E       		.uleb128 0x3e
 729 0019 0B       		.uleb128 0xb
 730 001a 03       		.uleb128 0x3
ARM GAS  C:\Users\zakis\AppData\Local\Temp\cc2DAklg.s 			page 16


 731 001b 0E       		.uleb128 0xe
 732 001c 00       		.byte	0
 733 001d 00       		.byte	0
 734 001e 03       		.uleb128 0x3
 735 001f 16       		.uleb128 0x16
 736 0020 00       		.byte	0
 737 0021 03       		.uleb128 0x3
 738 0022 0E       		.uleb128 0xe
 739 0023 3A       		.uleb128 0x3a
 740 0024 0B       		.uleb128 0xb
 741 0025 3B       		.uleb128 0x3b
 742 0026 0B       		.uleb128 0xb
 743 0027 49       		.uleb128 0x49
 744 0028 13       		.uleb128 0x13
 745 0029 00       		.byte	0
 746 002a 00       		.byte	0
 747 002b 04       		.uleb128 0x4
 748 002c 24       		.uleb128 0x24
 749 002d 00       		.byte	0
 750 002e 0B       		.uleb128 0xb
 751 002f 0B       		.uleb128 0xb
 752 0030 3E       		.uleb128 0x3e
 753 0031 0B       		.uleb128 0xb
 754 0032 03       		.uleb128 0x3
 755 0033 08       		.uleb128 0x8
 756 0034 00       		.byte	0
 757 0035 00       		.byte	0
 758 0036 05       		.uleb128 0x5
 759 0037 04       		.uleb128 0x4
 760 0038 01       		.byte	0x1
 761 0039 0B       		.uleb128 0xb
 762 003a 0B       		.uleb128 0xb
 763 003b 49       		.uleb128 0x49
 764 003c 13       		.uleb128 0x13
 765 003d 3A       		.uleb128 0x3a
 766 003e 0B       		.uleb128 0xb
 767 003f 3B       		.uleb128 0x3b
 768 0040 0B       		.uleb128 0xb
 769 0041 01       		.uleb128 0x1
 770 0042 13       		.uleb128 0x13
 771 0043 00       		.byte	0
 772 0044 00       		.byte	0
 773 0045 06       		.uleb128 0x6
 774 0046 28       		.uleb128 0x28
 775 0047 00       		.byte	0
 776 0048 03       		.uleb128 0x3
 777 0049 0E       		.uleb128 0xe
 778 004a 1C       		.uleb128 0x1c
 779 004b 0B       		.uleb128 0xb
 780 004c 00       		.byte	0
 781 004d 00       		.byte	0
 782 004e 07       		.uleb128 0x7
 783 004f 28       		.uleb128 0x28
 784 0050 00       		.byte	0
 785 0051 03       		.uleb128 0x3
 786 0052 0E       		.uleb128 0xe
 787 0053 1C       		.uleb128 0x1c
ARM GAS  C:\Users\zakis\AppData\Local\Temp\cc2DAklg.s 			page 17


 788 0054 0D       		.uleb128 0xd
 789 0055 00       		.byte	0
 790 0056 00       		.byte	0
 791 0057 08       		.uleb128 0x8
 792 0058 04       		.uleb128 0x4
 793 0059 01       		.byte	0x1
 794 005a 03       		.uleb128 0x3
 795 005b 0E       		.uleb128 0xe
 796 005c 0B       		.uleb128 0xb
 797 005d 0B       		.uleb128 0xb
 798 005e 49       		.uleb128 0x49
 799 005f 13       		.uleb128 0x13
 800 0060 3A       		.uleb128 0x3a
 801 0061 0B       		.uleb128 0xb
 802 0062 3B       		.uleb128 0x3b
 803 0063 0B       		.uleb128 0xb
 804 0064 01       		.uleb128 0x1
 805 0065 13       		.uleb128 0x13
 806 0066 00       		.byte	0
 807 0067 00       		.byte	0
 808 0068 09       		.uleb128 0x9
 809 0069 13       		.uleb128 0x13
 810 006a 01       		.byte	0x1
 811 006b 0B       		.uleb128 0xb
 812 006c 0B       		.uleb128 0xb
 813 006d 3A       		.uleb128 0x3a
 814 006e 0B       		.uleb128 0xb
 815 006f 3B       		.uleb128 0x3b
 816 0070 0B       		.uleb128 0xb
 817 0071 01       		.uleb128 0x1
 818 0072 13       		.uleb128 0x13
 819 0073 00       		.byte	0
 820 0074 00       		.byte	0
 821 0075 0A       		.uleb128 0xa
 822 0076 0D       		.uleb128 0xd
 823 0077 00       		.byte	0
 824 0078 03       		.uleb128 0x3
 825 0079 0E       		.uleb128 0xe
 826 007a 3A       		.uleb128 0x3a
 827 007b 0B       		.uleb128 0xb
 828 007c 3B       		.uleb128 0x3b
 829 007d 0B       		.uleb128 0xb
 830 007e 49       		.uleb128 0x49
 831 007f 13       		.uleb128 0x13
 832 0080 38       		.uleb128 0x38
 833 0081 0B       		.uleb128 0xb
 834 0082 00       		.byte	0
 835 0083 00       		.byte	0
 836 0084 0B       		.uleb128 0xb
 837 0085 2E       		.uleb128 0x2e
 838 0086 01       		.byte	0x1
 839 0087 3F       		.uleb128 0x3f
 840 0088 19       		.uleb128 0x19
 841 0089 03       		.uleb128 0x3
 842 008a 0E       		.uleb128 0xe
 843 008b 3A       		.uleb128 0x3a
 844 008c 0B       		.uleb128 0xb
ARM GAS  C:\Users\zakis\AppData\Local\Temp\cc2DAklg.s 			page 18


 845 008d 3B       		.uleb128 0x3b
 846 008e 0B       		.uleb128 0xb
 847 008f 27       		.uleb128 0x27
 848 0090 19       		.uleb128 0x19
 849 0091 49       		.uleb128 0x49
 850 0092 13       		.uleb128 0x13
 851 0093 11       		.uleb128 0x11
 852 0094 01       		.uleb128 0x1
 853 0095 12       		.uleb128 0x12
 854 0096 06       		.uleb128 0x6
 855 0097 40       		.uleb128 0x40
 856 0098 18       		.uleb128 0x18
 857 0099 9742     		.uleb128 0x2117
 858 009b 19       		.uleb128 0x19
 859 009c 01       		.uleb128 0x1
 860 009d 13       		.uleb128 0x13
 861 009e 00       		.byte	0
 862 009f 00       		.byte	0
 863 00a0 0C       		.uleb128 0xc
 864 00a1 05       		.uleb128 0x5
 865 00a2 00       		.byte	0
 866 00a3 03       		.uleb128 0x3
 867 00a4 0E       		.uleb128 0xe
 868 00a5 3A       		.uleb128 0x3a
 869 00a6 0B       		.uleb128 0xb
 870 00a7 3B       		.uleb128 0x3b
 871 00a8 0B       		.uleb128 0xb
 872 00a9 49       		.uleb128 0x49
 873 00aa 13       		.uleb128 0x13
 874 00ab 02       		.uleb128 0x2
 875 00ac 17       		.uleb128 0x17
 876 00ad 00       		.byte	0
 877 00ae 00       		.byte	0
 878 00af 0D       		.uleb128 0xd
 879 00b0 898201   		.uleb128 0x4109
 880 00b3 01       		.byte	0x1
 881 00b4 11       		.uleb128 0x11
 882 00b5 01       		.uleb128 0x1
 883 00b6 31       		.uleb128 0x31
 884 00b7 13       		.uleb128 0x13
 885 00b8 01       		.uleb128 0x1
 886 00b9 13       		.uleb128 0x13
 887 00ba 00       		.byte	0
 888 00bb 00       		.byte	0
 889 00bc 0E       		.uleb128 0xe
 890 00bd 8A8201   		.uleb128 0x410a
 891 00c0 00       		.byte	0
 892 00c1 02       		.uleb128 0x2
 893 00c2 18       		.uleb128 0x18
 894 00c3 9142     		.uleb128 0x2111
 895 00c5 18       		.uleb128 0x18
 896 00c6 00       		.byte	0
 897 00c7 00       		.byte	0
 898 00c8 0F       		.uleb128 0xf
 899 00c9 898201   		.uleb128 0x4109
 900 00cc 01       		.byte	0x1
 901 00cd 11       		.uleb128 0x11
ARM GAS  C:\Users\zakis\AppData\Local\Temp\cc2DAklg.s 			page 19


 902 00ce 01       		.uleb128 0x1
 903 00cf 31       		.uleb128 0x31
 904 00d0 13       		.uleb128 0x13
 905 00d1 00       		.byte	0
 906 00d2 00       		.byte	0
 907 00d3 10       		.uleb128 0x10
 908 00d4 0F       		.uleb128 0xf
 909 00d5 00       		.byte	0
 910 00d6 0B       		.uleb128 0xb
 911 00d7 0B       		.uleb128 0xb
 912 00d8 49       		.uleb128 0x49
 913 00d9 13       		.uleb128 0x13
 914 00da 00       		.byte	0
 915 00db 00       		.byte	0
 916 00dc 11       		.uleb128 0x11
 917 00dd 34       		.uleb128 0x34
 918 00de 00       		.byte	0
 919 00df 03       		.uleb128 0x3
 920 00e0 0E       		.uleb128 0xe
 921 00e1 3A       		.uleb128 0x3a
 922 00e2 0B       		.uleb128 0xb
 923 00e3 3B       		.uleb128 0x3b
 924 00e4 0B       		.uleb128 0xb
 925 00e5 49       		.uleb128 0x49
 926 00e6 13       		.uleb128 0x13
 927 00e7 1C       		.uleb128 0x1c
 928 00e8 0B       		.uleb128 0xb
 929 00e9 00       		.byte	0
 930 00ea 00       		.byte	0
 931 00eb 12       		.uleb128 0x12
 932 00ec 26       		.uleb128 0x26
 933 00ed 00       		.byte	0
 934 00ee 49       		.uleb128 0x49
 935 00ef 13       		.uleb128 0x13
 936 00f0 00       		.byte	0
 937 00f1 00       		.byte	0
 938 00f2 13       		.uleb128 0x13
 939 00f3 34       		.uleb128 0x34
 940 00f4 00       		.byte	0
 941 00f5 03       		.uleb128 0x3
 942 00f6 0E       		.uleb128 0xe
 943 00f7 3A       		.uleb128 0x3a
 944 00f8 0B       		.uleb128 0xb
 945 00f9 3B       		.uleb128 0x3b
 946 00fa 0B       		.uleb128 0xb
 947 00fb 49       		.uleb128 0x49
 948 00fc 13       		.uleb128 0x13
 949 00fd 3F       		.uleb128 0x3f
 950 00fe 19       		.uleb128 0x19
 951 00ff 3C       		.uleb128 0x3c
 952 0100 19       		.uleb128 0x19
 953 0101 00       		.byte	0
 954 0102 00       		.byte	0
 955 0103 14       		.uleb128 0x14
 956 0104 34       		.uleb128 0x34
 957 0105 00       		.byte	0
 958 0106 03       		.uleb128 0x3
ARM GAS  C:\Users\zakis\AppData\Local\Temp\cc2DAklg.s 			page 20


 959 0107 0E       		.uleb128 0xe
 960 0108 3A       		.uleb128 0x3a
 961 0109 0B       		.uleb128 0xb
 962 010a 3B       		.uleb128 0x3b
 963 010b 05       		.uleb128 0x5
 964 010c 49       		.uleb128 0x49
 965 010d 13       		.uleb128 0x13
 966 010e 3F       		.uleb128 0x3f
 967 010f 19       		.uleb128 0x19
 968 0110 3C       		.uleb128 0x3c
 969 0111 19       		.uleb128 0x19
 970 0112 00       		.byte	0
 971 0113 00       		.byte	0
 972 0114 15       		.uleb128 0x15
 973 0115 35       		.uleb128 0x35
 974 0116 00       		.byte	0
 975 0117 49       		.uleb128 0x49
 976 0118 13       		.uleb128 0x13
 977 0119 00       		.byte	0
 978 011a 00       		.byte	0
 979 011b 16       		.uleb128 0x16
 980 011c 2E       		.uleb128 0x2e
 981 011d 00       		.byte	0
 982 011e 3F       		.uleb128 0x3f
 983 011f 19       		.uleb128 0x19
 984 0120 3C       		.uleb128 0x3c
 985 0121 19       		.uleb128 0x19
 986 0122 6E       		.uleb128 0x6e
 987 0123 0E       		.uleb128 0xe
 988 0124 03       		.uleb128 0x3
 989 0125 0E       		.uleb128 0xe
 990 0126 3A       		.uleb128 0x3a
 991 0127 0B       		.uleb128 0xb
 992 0128 3B       		.uleb128 0x3b
 993 0129 0B       		.uleb128 0xb
 994 012a 00       		.byte	0
 995 012b 00       		.byte	0
 996 012c 00       		.byte	0
 997              		.section	.debug_loc,"",%progbits
 998              	.Ldebug_loc0:
 999              	.LLST0:
 1000 0000 00000000 		.4byte	.LVL0
 1001 0004 10000000 		.4byte	.LVL1
 1002 0008 0100     		.2byte	0x1
 1003 000a 50       		.byte	0x50
 1004 000b 10000000 		.4byte	.LVL1
 1005 000f 40000000 		.4byte	.LFE110
 1006 0013 0400     		.2byte	0x4
 1007 0015 F3       		.byte	0xf3
 1008 0016 01       		.uleb128 0x1
 1009 0017 50       		.byte	0x50
 1010 0018 9F       		.byte	0x9f
 1011 0019 00000000 		.4byte	0
 1012 001d 00000000 		.4byte	0
 1013              	.LLST1:
 1014 0021 00000000 		.4byte	.LVL0
 1015 0025 13000000 		.4byte	.LVL2-1
ARM GAS  C:\Users\zakis\AppData\Local\Temp\cc2DAklg.s 			page 21


 1016 0029 0100     		.2byte	0x1
 1017 002b 51       		.byte	0x51
 1018 002c 13000000 		.4byte	.LVL2-1
 1019 0030 40000000 		.4byte	.LFE110
 1020 0034 0100     		.2byte	0x1
 1021 0036 56       		.byte	0x56
 1022 0037 00000000 		.4byte	0
 1023 003b 00000000 		.4byte	0
 1024              	.LLST2:
 1025 003f 00000000 		.4byte	.LVL9
 1026 0043 09000000 		.4byte	.LVL10-1
 1027 0047 0100     		.2byte	0x1
 1028 0049 50       		.byte	0x50
 1029 004a 09000000 		.4byte	.LVL10-1
 1030 004e 18000000 		.4byte	.LFE111
 1031 0052 0400     		.2byte	0x4
 1032 0054 F3       		.byte	0xf3
 1033 0055 01       		.uleb128 0x1
 1034 0056 50       		.byte	0x50
 1035 0057 9F       		.byte	0x9f
 1036 0058 00000000 		.4byte	0
 1037 005c 00000000 		.4byte	0
 1038              	.LLST3:
 1039 0060 00000000 		.4byte	.LVL9
 1040 0064 09000000 		.4byte	.LVL10-1
 1041 0068 0100     		.2byte	0x1
 1042 006a 51       		.byte	0x51
 1043 006b 09000000 		.4byte	.LVL10-1
 1044 006f 18000000 		.4byte	.LFE111
 1045 0073 0400     		.2byte	0x4
 1046 0075 F3       		.byte	0xf3
 1047 0076 01       		.uleb128 0x1
 1048 0077 51       		.byte	0x51
 1049 0078 9F       		.byte	0x9f
 1050 0079 00000000 		.4byte	0
 1051 007d 00000000 		.4byte	0
 1052              	.LLST4:
 1053 0081 00000000 		.4byte	.LVL12
 1054 0085 07000000 		.4byte	.LVL13-1
 1055 0089 0100     		.2byte	0x1
 1056 008b 50       		.byte	0x50
 1057 008c 07000000 		.4byte	.LVL13-1
 1058 0090 0C000000 		.4byte	.LFE112
 1059 0094 0400     		.2byte	0x4
 1060 0096 F3       		.byte	0xf3
 1061 0097 01       		.uleb128 0x1
 1062 0098 50       		.byte	0x50
 1063 0099 9F       		.byte	0x9f
 1064 009a 00000000 		.4byte	0
 1065 009e 00000000 		.4byte	0
 1066              	.LLST5:
 1067 00a2 00000000 		.4byte	.LVL12
 1068 00a6 07000000 		.4byte	.LVL13-1
 1069 00aa 0100     		.2byte	0x1
 1070 00ac 51       		.byte	0x51
 1071 00ad 07000000 		.4byte	.LVL13-1
 1072 00b1 0C000000 		.4byte	.LFE112
ARM GAS  C:\Users\zakis\AppData\Local\Temp\cc2DAklg.s 			page 22


 1073 00b5 0400     		.2byte	0x4
 1074 00b7 F3       		.byte	0xf3
 1075 00b8 01       		.uleb128 0x1
 1076 00b9 51       		.byte	0x51
 1077 00ba 9F       		.byte	0x9f
 1078 00bb 00000000 		.4byte	0
 1079 00bf 00000000 		.4byte	0
 1080              		.section	.debug_aranges,"",%progbits
 1081 0000 2C000000 		.4byte	0x2c
 1082 0004 0200     		.2byte	0x2
 1083 0006 00000000 		.4byte	.Ldebug_info0
 1084 000a 04       		.byte	0x4
 1085 000b 00       		.byte	0
 1086 000c 0000     		.2byte	0
 1087 000e 0000     		.2byte	0
 1088 0010 00000000 		.4byte	.LFB110
 1089 0014 40000000 		.4byte	.LFE110-.LFB110
 1090 0018 00000000 		.4byte	.LFB111
 1091 001c 18000000 		.4byte	.LFE111-.LFB111
 1092 0020 00000000 		.4byte	.LFB112
 1093 0024 0C000000 		.4byte	.LFE112-.LFB112
 1094 0028 00000000 		.4byte	0
 1095 002c 00000000 		.4byte	0
 1096              		.section	.debug_ranges,"",%progbits
 1097              	.Ldebug_ranges0:
 1098 0000 00000000 		.4byte	.LFB110
 1099 0004 40000000 		.4byte	.LFE110
 1100 0008 00000000 		.4byte	.LFB111
 1101 000c 18000000 		.4byte	.LFE111
 1102 0010 00000000 		.4byte	.LFB112
 1103 0014 0C000000 		.4byte	.LFE112
 1104 0018 00000000 		.4byte	0
 1105 001c 00000000 		.4byte	0
 1106              		.section	.debug_line,"",%progbits
 1107              	.Ldebug_line0:
 1108 0000 67020000 		.section	.debug_str,"MS",%progbits,1
 1108      02002202 
 1108      00000201 
 1108      FB0E0D00 
 1108      01010101 
 1109              	.LASF28:
 1110 0000 52435F45 		.ascii	"RC_ERROR_NULL\000"
 1110      52524F52 
 1110      5F4E554C 
 1110      4C00
 1111              	.LASF82:
 1112 000e 50574D5F 		.ascii	"PWM_Read\000"
 1112      52656164 
 1112      00
 1113              	.LASF58:
 1114 0017 4C65645F 		.ascii	"Led_RGB_Blue\000"
 1114      5247425F 
 1114      426C7565 
 1114      00
 1115              	.LASF40:
 1116 0024 52435F45 		.ascii	"RC_ERROR_READ_ONLY\000"
 1116      52524F52 
ARM GAS  C:\Users\zakis\AppData\Local\Temp\cc2DAklg.s 			page 23


 1116      5F524541 
 1116      445F4F4E 
 1116      4C5900
 1117              	.LASF57:
 1118 0037 4C65645F 		.ascii	"Led_RGB_Green\000"
 1118      5247425F 
 1118      47726565 
 1118      6E00
 1119              	.LASF65:
 1120 0045 52474247 		.ascii	"RGBGlower_t\000"
 1120      6C6F7765 
 1120      725F7400 
 1121              	.LASF41:
 1122 0051 52435F45 		.ascii	"RC_ERROR_WRITE_ONLY\000"
 1122      52524F52 
 1122      5F575249 
 1122      54455F4F 
 1122      4E4C5900 
 1123              	.LASF2:
 1124 0065 73686F72 		.ascii	"short int\000"
 1124      7420696E 
 1124      7400
 1125              	.LASF32:
 1126 006f 52435F45 		.ascii	"RC_ERROR_OVERRUN\000"
 1126      52524F52 
 1126      5F4F5645 
 1126      5252554E 
 1126      00
 1127              	.LASF44:
 1128 0080 52435F45 		.ascii	"RC_ERROR_WRITE_FAILS\000"
 1128      52524F52 
 1128      5F575249 
 1128      54455F46 
 1128      41494C53 
 1129              	.LASF86:
 1130 0095 6550574D 		.ascii	"ePWM\000"
 1130      00
 1131              	.LASF52:
 1132 009a 52435F74 		.ascii	"RC_t\000"
 1132      00
 1133              	.LASF59:
 1134 009f 6550574D 		.ascii	"ePWM_t\000"
 1134      5F7400
 1135              	.LASF29:
 1136 00a6 52435F45 		.ascii	"RC_ERROR_ZERO\000"
 1136      52524F52 
 1136      5F5A4552 
 1136      4F00
 1137              	.LASF23:
 1138 00b4 45455F46 		.ascii	"EE_FREG\000"
 1138      52454700 
 1139              	.LASF43:
 1140 00bc 52435F45 		.ascii	"RC_ERROR_READ_FAILS\000"
 1140      52524F52 
 1140      5F524541 
 1140      445F4641 
 1140      494C5300 
ARM GAS  C:\Users\zakis\AppData\Local\Temp\cc2DAklg.s 			page 24


 1141              	.LASF21:
 1142 00d0 45455F55 		.ascii	"EE_UINT32\000"
 1142      494E5433 
 1142      3200
 1143              	.LASF4:
 1144 00da 5F5F7569 		.ascii	"__uint16_t\000"
 1144      6E743136 
 1144      5F7400
 1145              	.LASF24:
 1146 00e5 45455F54 		.ascii	"EE_TID\000"
 1146      494400
 1147              	.LASF54:
 1148 00ec 4C65645F 		.ascii	"Led_Yellow\000"
 1148      59656C6C 
 1148      6F7700
 1149              	.LASF63:
 1150 00f7 46616465 		.ascii	"Fader_t\000"
 1150      725F7400 
 1151              	.LASF12:
 1152 00ff 75696E74 		.ascii	"uint8_t\000"
 1152      385F7400 
 1153              	.LASF49:
 1154 0107 52435F45 		.ascii	"RC_ERROR_INVALID_STATE\000"
 1154      52524F52 
 1154      5F494E56 
 1154      414C4944 
 1154      5F535441 
 1155              	.LASF78:
 1156 011e 45455F49 		.ascii	"EE_IRQ_nesting_level\000"
 1156      52515F6E 
 1156      65737469 
 1156      6E675F6C 
 1156      6576656C 
 1157              	.LASF81:
 1158 0133 50574D5F 		.ascii	"PWM_Write\000"
 1158      57726974 
 1158      6500
 1159              	.LASF77:
 1160 013d 45455F73 		.ascii	"EE_std_endcycle_next_tid\000"
 1160      74645F65 
 1160      6E646379 
 1160      636C655F 
 1160      6E657874 
 1161              	.LASF31:
 1162 0156 52435F45 		.ascii	"RC_ERROR_RANGE\000"
 1162      52524F52 
 1162      5F52414E 
 1162      474500
 1163              	.LASF22:
 1164 0165 45455F55 		.ascii	"EE_UREG\000"
 1164      52454700 
 1165              	.LASF15:
 1166 016d 666C6F61 		.ascii	"float\000"
 1166      7400
 1167              	.LASF51:
 1168 0173 52435F45 		.ascii	"RC_ERROR_NOT_IMPLEMENTED\000"
 1168      52524F52 
ARM GAS  C:\Users\zakis\AppData\Local\Temp\cc2DAklg.s 			page 25


 1168      5F4E4F54 
 1168      5F494D50 
 1168      4C454D45 
 1169              	.LASF9:
 1170 018c 6C6F6E67 		.ascii	"long long int\000"
 1170      206C6F6E 
 1170      6720696E 
 1170      7400
 1171              	.LASF75:
 1172 019a 45455F6F 		.ascii	"EE_oo_IRQ_suspend_status\000"
 1172      6F5F4952 
 1172      515F7375 
 1172      7370656E 
 1172      645F7374 
 1173              	.LASF45:
 1174 01b3 52435F45 		.ascii	"RC_ERROR_NOT_MATCH\000"
 1174      52524F52 
 1174      5F4E4F54 
 1174      5F4D4154 
 1174      434800
 1175              	.LASF50:
 1176 01c6 52435F45 		.ascii	"RC_ERROR_UNKNOWN\000"
 1176      52524F52 
 1176      5F554E4B 
 1176      4E4F574E 
 1176      00
 1177              	.LASF64:
 1178 01d7 63757272 		.ascii	"currentPositionRGB\000"
 1178      656E7450 
 1178      6F736974 
 1178      696F6E52 
 1178      474200
 1179              	.LASF7:
 1180 01ea 6C6F6E67 		.ascii	"long int\000"
 1180      20696E74 
 1180      00
 1181              	.LASF33:
 1182 01f3 52435F45 		.ascii	"RC_ERROR_UNDERRUN\000"
 1182      52524F52 
 1182      5F554E44 
 1182      45525255 
 1182      4E00
 1183              	.LASF36:
 1184 0205 52435F45 		.ascii	"RC_ERROR_BUSY\000"
 1184      52524F52 
 1184      5F425553 
 1184      5900
 1185              	.LASF70:
 1186 0213 6C656449 		.ascii	"ledId\000"
 1186      6400
 1187              	.LASF42:
 1188 0219 52435F45 		.ascii	"RC_ERROR_INVALID\000"
 1188      52524F52 
 1188      5F494E56 
 1188      414C4944 
 1188      00
 1189              	.LASF47:
ARM GAS  C:\Users\zakis\AppData\Local\Temp\cc2DAklg.s 			page 26


 1190 022a 52435F45 		.ascii	"RC_ERROR_BAD_DATA\000"
 1190      52524F52 
 1190      5F424144 
 1190      5F444154 
 1190      4100
 1191              	.LASF18:
 1192 023c 6C6F6E67 		.ascii	"long double\000"
 1192      20646F75 
 1192      626C6500 
 1193              	.LASF61:
 1194 0248 6D617846 		.ascii	"maxFader\000"
 1194      61646572 
 1194      00
 1195              	.LASF1:
 1196 0251 756E7369 		.ascii	"unsigned char\000"
 1196      676E6564 
 1196      20636861 
 1196      7200
 1197              	.LASF84:
 1198 025f 736F7572 		.ascii	"source\\asw\\arcadian.c\000"
 1198      63655C61 
 1198      73775C61 
 1198      72636164 
 1198      69616E2E 
 1199              	.LASF68:
 1200 0275 41524341 		.ascii	"ARCADIAN_init\000"
 1200      4449414E 
 1200      5F696E69 
 1200      7400
 1201              	.LASF46:
 1202 0283 52435F45 		.ascii	"RC_ERROR_BAD_PARAM\000"
 1202      52524F52 
 1202      5F424144 
 1202      5F504152 
 1202      414D00
 1203              	.LASF60:
 1204 0296 66616465 		.ascii	"faderCounter\000"
 1204      72436F75 
 1204      6E746572 
 1204      00
 1205              	.LASF0:
 1206 02a3 7369676E 		.ascii	"signed char\000"
 1206      65642063 
 1206      68617200 
 1207              	.LASF10:
 1208 02af 6C6F6E67 		.ascii	"long long unsigned int\000"
 1208      206C6F6E 
 1208      6720756E 
 1208      7369676E 
 1208      65642069 
 1209              	.LASF11:
 1210 02c6 756E7369 		.ascii	"unsigned int\000"
 1210      676E6564 
 1210      20696E74 
 1210      00
 1211              	.LASF38:
 1212 02d3 52435F45 		.ascii	"RC_ERROR_OPEN\000"
ARM GAS  C:\Users\zakis\AppData\Local\Temp\cc2DAklg.s 			page 27


 1212      52524F52 
 1212      5F4F5045 
 1212      4E00
 1213              	.LASF13:
 1214 02e1 75696E74 		.ascii	"uint16_t\000"
 1214      31365F74 
 1214      00
 1215              	.LASF8:
 1216 02ea 6C6F6E67 		.ascii	"long unsigned int\000"
 1216      20756E73 
 1216      69676E65 
 1216      6420696E 
 1216      7400
 1217              	.LASF72:
 1218 02fc 41524341 		.ascii	"ARCADIAN_changeIntensityTo\000"
 1218      4449414E 
 1218      5F636861 
 1218      6E676549 
 1218      6E74656E 
 1219              	.LASF35:
 1220 0317 52435F45 		.ascii	"RC_ERROR_BUFFER_EMTPY\000"
 1220      52524F52 
 1220      5F425546 
 1220      4645525F 
 1220      454D5450 
 1221              	.LASF20:
 1222 032d 45455F49 		.ascii	"EE_INT32\000"
 1222      4E543332 
 1222      00
 1223              	.LASF26:
 1224 0336 52435F53 		.ascii	"RC_SUCCESS\000"
 1224      55434345 
 1224      535300
 1225              	.LASF53:
 1226 0341 4C65645F 		.ascii	"Led_Red\000"
 1226      52656400 
 1227              	.LASF83:
 1228 0349 474E5520 		.ascii	"GNU C11 5.4.1 20160609 (release) [ARM/embedded-5-br"
 1228      43313120 
 1228      352E342E 
 1228      31203230 
 1228      31363036 
 1229 037c 616E6368 		.ascii	"anch revision 237715] -mcpu=cortex-m3 -mthumb -g -O"
 1229      20726576 
 1229      6973696F 
 1229      6E203233 
 1229      37373135 
 1230 03af 67202D66 		.ascii	"g -ffunction-sections -ffat-lto-objects\000"
 1230      66756E63 
 1230      74696F6E 
 1230      2D736563 
 1230      74696F6E 
 1231              	.LASF17:
 1232 03d7 63686172 		.ascii	"char\000"
 1232      00
 1233              	.LASF34:
 1234 03dc 52435F45 		.ascii	"RC_ERROR_BUFFER_FULL\000"
ARM GAS  C:\Users\zakis\AppData\Local\Temp\cc2DAklg.s 			page 28


 1234      52524F52 
 1234      5F425546 
 1234      4645525F 
 1234      46554C4C 
 1235              	.LASF14:
 1236 03f1 696E7433 		.ascii	"int32_t\000"
 1236      325F7400 
 1237              	.LASF5:
 1238 03f9 73686F72 		.ascii	"short unsigned int\000"
 1238      7420756E 
 1238      7369676E 
 1238      65642069 
 1238      6E7400
 1239              	.LASF87:
 1240 040c 50574D4D 		.ascii	"PWMMax\000"
 1240      617800
 1241              	.LASF85:
 1242 0413 433A5C55 		.ascii	"C:\\Users\\zakis\\Desktop\\RG\\RG.cydsn\000"
 1242      73657273 
 1242      5C7A616B 
 1242      69735C44 
 1242      65736B74 
 1243              	.LASF76:
 1244 0436 45455F41 		.ascii	"EE_ApplicationMode\000"
 1244      70706C69 
 1244      63617469 
 1244      6F6E4D6F 
 1244      646500
 1245              	.LASF56:
 1246 0449 4C65645F 		.ascii	"Led_RGB_Red\000"
 1246      5247425F 
 1246      52656400 
 1247              	.LASF16:
 1248 0455 646F7562 		.ascii	"double\000"
 1248      6C6500
 1249              	.LASF69:
 1250 045c 41524341 		.ascii	"ARCADIAN_changeIntensityBy\000"
 1250      4449414E 
 1250      5F636861 
 1250      6E676549 
 1250      6E74656E 
 1251              	.LASF39:
 1252 0477 52435F45 		.ascii	"RC_ERROR_CHECKSUM\000"
 1252      52524F52 
 1252      5F434845 
 1252      434B5355 
 1252      4D00
 1253              	.LASF66:
 1254 0489 66616465 		.ascii	"fader\000"
 1254      7200
 1255              	.LASF55:
 1256 048f 4C65645F 		.ascii	"Led_Green\000"
 1256      47726565 
 1256      6E00
 1257              	.LASF6:
 1258 0499 5F5F696E 		.ascii	"__int32_t\000"
 1258      7433325F 
ARM GAS  C:\Users\zakis\AppData\Local\Temp\cc2DAklg.s 			page 29


 1258      7400
 1259              	.LASF62:
 1260 04a3 6C6F6F70 		.ascii	"loopNumber\000"
 1260      4E756D62 
 1260      657200
 1261              	.LASF25:
 1262 04ae 73696E74 		.ascii	"sint16_t\000"
 1262      31365F74 
 1262      00
 1263              	.LASF80:
 1264 04b7 50574D5F 		.ascii	"PWM_Init\000"
 1264      496E6974 
 1264      00
 1265              	.LASF19:
 1266 04c0 73697A65 		.ascii	"sizetype\000"
 1266      74797065 
 1266      00
 1267              	.LASF48:
 1268 04c9 52435F45 		.ascii	"RC_ERROR_CANCELED\000"
 1268      52524F52 
 1268      5F43414E 
 1268      43454C45 
 1268      4400
 1269              	.LASF67:
 1270 04db 676C6F77 		.ascii	"glower\000"
 1270      657200
 1271              	.LASF71:
 1272 04e2 6368616E 		.ascii	"change\000"
 1272      676500
 1273              	.LASF79:
 1274 04e9 49544D5F 		.ascii	"ITM_RxBuffer\000"
 1274      52784275 
 1274      66666572 
 1274      00
 1275              	.LASF27:
 1276 04f6 52435F45 		.ascii	"RC_ERROR\000"
 1276      52524F52 
 1276      00
 1277              	.LASF73:
 1278 04ff 76616C75 		.ascii	"value\000"
 1278      6500
 1279              	.LASF30:
 1280 0505 52435F45 		.ascii	"RC_ERROR_MEMORY\000"
 1280      52524F52 
 1280      5F4D454D 
 1280      4F525900 
 1281              	.LASF74:
 1282 0515 45455F6F 		.ascii	"EE_oo_IRQ_disable_count\000"
 1282      6F5F4952 
 1282      515F6469 
 1282      7361626C 
 1282      655F636F 
 1283              	.LASF3:
 1284 052d 5F5F7569 		.ascii	"__uint8_t\000"
 1284      6E74385F 
 1284      7400
 1285              	.LASF37:
ARM GAS  C:\Users\zakis\AppData\Local\Temp\cc2DAklg.s 			page 30


 1286 0537 52435F45 		.ascii	"RC_ERROR_TIME_OUT\000"
 1286      52524F52 
 1286      5F54494D 
 1286      455F4F55 
 1286      5400
 1287              		.ident	"GCC: (GNU Tools for ARM Embedded Processors) 5.4.1 20160609 (release) [ARM/embedded-5-bran
