ARM GAS  C:\Users\zakis\AppData\Local\Temp\ccW47y8C.s 			page 1


   1              		.syntax unified
   2              		.cpu cortex-m3
   3              		.fpu softvfp
   4              		.eabi_attribute 20, 1
   5              		.eabi_attribute 21, 1
   6              		.eabi_attribute 23, 3
   7              		.eabi_attribute 24, 1
   8              		.eabi_attribute 25, 1
   9              		.eabi_attribute 26, 1
  10              		.eabi_attribute 30, 1
  11              		.eabi_attribute 34, 1
  12              		.eabi_attribute 18, 4
  13              		.thumb
  14              		.syntax unified
  15              		.file	"cymetadata.c"
  16              		.text
  17              	.Ltext0:
  18              		.cfi_sections	.debug_frame
  19              		.global	cy_metadata
  20              		.global	cy_meta_flashprotect
  21              		.global	cy_meta_wonvl
  22              		.global	cy_meta_custnvl
  23              		.global	cy_meta_configecc
  24              		.section	.cyconfigecc,"a",%progbits
  25              		.align	2
  26              		.type	cy_meta_configecc, %object
  27              		.size	cy_meta_configecc, 2448
  28              	cy_meta_configecc:
  29 0000 02       		.byte	2
  30 0001 4F       		.byte	79
  31 0002 00       		.byte	0
  32 0003 40       		.byte	64
  33 0004 08       		.byte	8
  34 0005 52       		.byte	82
  35 0006 00       		.byte	0
  36 0007 40       		.byte	64
  37 0008 06       		.byte	6
  38 0009 64       		.byte	100
  39 000a 00       		.byte	0
  40 000b 40       		.byte	64
  41 000c 03       		.byte	3
  42 000d 65       		.byte	101
  43 000e 00       		.byte	0
  44 000f 40       		.byte	64
  45 0010 03       		.byte	3
  46 0011 02       		.byte	2
  47 0012 01       		.byte	1
  48 0013 40       		.byte	64
  49 0014 03       		.byte	3
  50 0015 03       		.byte	3
  51 0016 01       		.byte	1
  52 0017 40       		.byte	64
  53 0018 08       		.byte	8
  54 0019 05       		.byte	5
  55 001a 01       		.byte	1
  56 001b 40       		.byte	64
  57 001c 52       		.byte	82
ARM GAS  C:\Users\zakis\AppData\Local\Temp\ccW47y8C.s 			page 2


  58 001d 06       		.byte	6
  59 001e 01       		.byte	1
  60 001f 40       		.byte	64
  61 0020 35       		.byte	53
  62 0021 07       		.byte	7
  63 0022 01       		.byte	1
  64 0023 40       		.byte	64
  65 0024 59       		.byte	89
  66 0025 08       		.byte	8
  67 0026 01       		.byte	1
  68 0027 40       		.byte	64
  69 0028 35       		.byte	53
  70 0029 09       		.byte	9
  71 002a 01       		.byte	1
  72 002b 40       		.byte	64
  73 002c 4A       		.byte	74
  74 002d 0A       		.byte	10
  75 002e 01       		.byte	1
  76 002f 40       		.byte	64
  77 0030 35       		.byte	53
  78 0031 0B       		.byte	11
  79 0032 01       		.byte	1
  80 0033 40       		.byte	64
  81 0034 47       		.byte	71
  82 0035 0C       		.byte	12
  83 0036 01       		.byte	1
  84 0037 40       		.byte	64
  85 0038 2A       		.byte	42
  86 0039 0D       		.byte	13
  87 003a 01       		.byte	1
  88 003b 40       		.byte	64
  89 003c 09       		.byte	9
  90 003d 14       		.byte	20
  91 003e 01       		.byte	1
  92 003f 40       		.byte	64
  93 0040 4B       		.byte	75
  94 0041 15       		.byte	21
  95 0042 01       		.byte	1
  96 0043 40       		.byte	64
  97 0044 60       		.byte	96
  98 0045 16       		.byte	22
  99 0046 01       		.byte	1
 100 0047 40       		.byte	64
 101 0048 45       		.byte	69
 102 0049 17       		.byte	23
 103 004a 01       		.byte	1
 104 004b 40       		.byte	64
 105 004c 48       		.byte	72
 106 004d 18       		.byte	24
 107 004e 01       		.byte	1
 108 004f 40       		.byte	64
 109 0050 49       		.byte	73
 110 0051 19       		.byte	25
 111 0052 01       		.byte	1
 112 0053 40       		.byte	64
 113 0054 18       		.byte	24
 114 0055 1B       		.byte	27
ARM GAS  C:\Users\zakis\AppData\Local\Temp\ccW47y8C.s 			page 3


 115 0056 01       		.byte	1
 116 0057 40       		.byte	64
 117 0058 04       		.byte	4
 118 0059 40       		.byte	64
 119 005a 01       		.byte	1
 120 005b 40       		.byte	64
 121 005c 0F       		.byte	15
 122 005d 41       		.byte	65
 123 005e 01       		.byte	1
 124 005f 40       		.byte	64
 125 0060 0D       		.byte	13
 126 0061 42       		.byte	66
 127 0062 01       		.byte	1
 128 0063 40       		.byte	64
 129 0064 0B       		.byte	11
 130 0065 43       		.byte	67
 131 0066 01       		.byte	1
 132 0067 40       		.byte	64
 133 0068 08       		.byte	8
 134 0069 45       		.byte	69
 135 006a 01       		.byte	1
 136 006b 40       		.byte	64
 137 006c 05       		.byte	5
 138 006d 46       		.byte	70
 139 006e 01       		.byte	1
 140 006f 40       		.byte	64
 141 0070 06       		.byte	6
 142 0071 48       		.byte	72
 143 0072 01       		.byte	1
 144 0073 40       		.byte	64
 145 0074 03       		.byte	3
 146 0075 49       		.byte	73
 147 0076 01       		.byte	1
 148 0077 40       		.byte	64
 149 0078 0E       		.byte	14
 150 0079 4C       		.byte	76
 151 007a 01       		.byte	1
 152 007b 40       		.byte	64
 153 007c 0F       		.byte	15
 154 007d 4D       		.byte	77
 155 007e 01       		.byte	1
 156 007f 40       		.byte	64
 157 0080 07       		.byte	7
 158 0081 50       		.byte	80
 159 0082 01       		.byte	1
 160 0083 40       		.byte	64
 161 0084 01       		.byte	1
 162 0085 51       		.byte	81
 163 0086 01       		.byte	1
 164 0087 40       		.byte	64
 165 0088 01       		.byte	1
 166 0089 20       		.byte	32
 167 008a 0A       		.byte	10
 168 008b 87       		.byte	-121
 169 008c 00       		.byte	0
 170 008d 80       		.byte	-128
 171 008e 01       		.byte	1
ARM GAS  C:\Users\zakis\AppData\Local\Temp\ccW47y8C.s 			page 4


 172 008f 80       		.byte	-128
 173 0090 08       		.byte	8
 174 0091 C3       		.byte	-61
 175 0092 09       		.byte	9
 176 0093 66       		.byte	102
 177 0094 10       		.byte	16
 178 0095 21       		.byte	33
 179 0096 11       		.byte	17
 180 0097 21       		.byte	33
 181 0098 61       		.byte	97
 182 0099 80       		.byte	-128
 183 009a 64       		.byte	100
 184 009b 40       		.byte	64
 185 009c 86       		.byte	-122
 186 009d 0D       		.byte	13
 187 009e 87       		.byte	-121
 188 009f 0D       		.byte	13
 189 00a0 89       		.byte	-119
 190 00a1 0D       		.byte	13
 191 00a2 8A       		.byte	-118
 192 00a3 0D       		.byte	13
 193 00a4 8B       		.byte	-117
 194 00a5 0D       		.byte	13
 195 00a6 8D       		.byte	-115
 196 00a7 0D       		.byte	13
 197 00a8 84       		.byte	-124
 198 00a9 38       		.byte	56
 199 00aa 87       		.byte	-121
 200 00ab 0F       		.byte	15
 201 00ac 88       		.byte	-120
 202 00ad 72       		.byte	114
 203 00ae 3E       		.byte	62
 204 00af 40       		.byte	64
 205 00b0 58       		.byte	88
 206 00b1 04       		.byte	4
 207 00b2 5F       		.byte	95
 208 00b3 01       		.byte	1
 209 00b4 1F       		.byte	31
 210 00b5 40       		.byte	64
 211 00b6 8F       		.byte	-113
 212 00b7 02       		.byte	2
 213 00b8 E6       		.byte	-26
 214 00b9 44       		.byte	68
 215 00ba 84       		.byte	-124
 216 00bb 40       		.byte	64
 217 00bc 85       		.byte	-123
 218 00bd 20       		.byte	32
 219 00be 89       		.byte	-119
 220 00bf 20       		.byte	32
 221 00c0 8B       		.byte	-117
 222 00c1 40       		.byte	64
 223 00c2 93       		.byte	-109
 224 00c3 80       		.byte	-128
 225 00c4 A7       		.byte	-89
 226 00c5 02       		.byte	2
 227 00c6 E0       		.byte	-32
 228 00c7 28       		.byte	40
ARM GAS  C:\Users\zakis\AppData\Local\Temp\ccW47y8C.s 			page 5


 229 00c8 E6       		.byte	-26
 230 00c9 80       		.byte	-128
 231 00ca 04       		.byte	4
 232 00cb 01       		.byte	1
 233 00cc 07       		.byte	7
 234 00cd 06       		.byte	6
 235 00ce 08       		.byte	8
 236 00cf 01       		.byte	1
 237 00d0 0B       		.byte	11
 238 00d1 08       		.byte	8
 239 00d2 13       		.byte	19
 240 00d3 01       		.byte	1
 241 00d4 1A       		.byte	26
 242 00d5 02       		.byte	2
 243 00d6 1B       		.byte	27
 244 00d7 0C       		.byte	12
 245 00d8 1C       		.byte	28
 246 00d9 01       		.byte	1
 247 00da 20       		.byte	32
 248 00db 01       		.byte	1
 249 00dc 25       		.byte	37
 250 00dd 02       		.byte	2
 251 00de 30       		.byte	48
 252 00df 01       		.byte	1
 253 00e0 31       		.byte	49
 254 00e1 04       		.byte	4
 255 00e2 33       		.byte	51
 256 00e3 01       		.byte	1
 257 00e4 34       		.byte	52
 258 00e5 02       		.byte	2
 259 00e6 35       		.byte	53
 260 00e7 08       		.byte	8
 261 00e8 37       		.byte	55
 262 00e9 02       		.byte	2
 263 00ea 38       		.byte	56
 264 00eb 02       		.byte	2
 265 00ec 3E       		.byte	62
 266 00ed 01       		.byte	1
 267 00ee 3F       		.byte	63
 268 00ef 10       		.byte	16
 269 00f0 40       		.byte	64
 270 00f1 20       		.byte	32
 271 00f2 41       		.byte	65
 272 00f3 06       		.byte	6
 273 00f4 45       		.byte	69
 274 00f5 D1       		.byte	-47
 275 00f6 46       		.byte	70
 276 00f7 20       		.byte	32
 277 00f8 48       		.byte	72
 278 00f9 0B       		.byte	11
 279 00fa 49       		.byte	73
 280 00fb FF       		.byte	-1
 281 00fc 4A       		.byte	74
 282 00fd FF       		.byte	-1
 283 00fe 4B       		.byte	75
 284 00ff FF       		.byte	-1
 285 0100 4D       		.byte	77
ARM GAS  C:\Users\zakis\AppData\Local\Temp\ccW47y8C.s 			page 6


 286 0101 A0       		.byte	-96
 287 0102 4F       		.byte	79
 288 0103 04       		.byte	4
 289 0104 50       		.byte	80
 290 0105 18       		.byte	24
 291 0106 52       		.byte	82
 292 0107 80       		.byte	-128
 293 0108 54       		.byte	84
 294 0109 05       		.byte	5
 295 010a 58       		.byte	88
 296 010b 04       		.byte	4
 297 010c 59       		.byte	89
 298 010d 04       		.byte	4
 299 010e 5A       		.byte	90
 300 010f 04       		.byte	4
 301 0110 5B       		.byte	91
 302 0111 04       		.byte	4
 303 0112 5F       		.byte	95
 304 0113 01       		.byte	1
 305 0114 60       		.byte	96
 306 0115 40       		.byte	64
 307 0116 62       		.byte	98
 308 0117 C0       		.byte	-64
 309 0118 64       		.byte	100
 310 0119 40       		.byte	64
 311 011a 65       		.byte	101
 312 011b 40       		.byte	64
 313 011c 66       		.byte	102
 314 011d C0       		.byte	-64
 315 011e 68       		.byte	104
 316 011f C0       		.byte	-64
 317 0120 6A       		.byte	106
 318 0121 C0       		.byte	-64
 319 0122 6C       		.byte	108
 320 0123 C0       		.byte	-64
 321 0124 6E       		.byte	110
 322 0125 C0       		.byte	-64
 323 0126 87       		.byte	-121
 324 0127 01       		.byte	1
 325 0128 9B       		.byte	-101
 326 0129 06       		.byte	6
 327 012a 9F       		.byte	-97
 328 012b 05       		.byte	5
 329 012c A5       		.byte	-91
 330 012d 02       		.byte	2
 331 012e A6       		.byte	-90
 332 012f 01       		.byte	1
 333 0130 B1       		.byte	-79
 334 0131 02       		.byte	2
 335 0132 B2       		.byte	-78
 336 0133 01       		.byte	1
 337 0134 B3       		.byte	-77
 338 0135 01       		.byte	1
 339 0136 B5       		.byte	-75
 340 0137 04       		.byte	4
 341 0138 BF       		.byte	-65
 342 0139 04       		.byte	4
ARM GAS  C:\Users\zakis\AppData\Local\Temp\ccW47y8C.s 			page 7


 343 013a C0       		.byte	-64
 344 013b 10       		.byte	16
 345 013c C1       		.byte	-63
 346 013d 06       		.byte	6
 347 013e C5       		.byte	-59
 348 013f D1       		.byte	-47
 349 0140 C7       		.byte	-57
 350 0141 02       		.byte	2
 351 0142 C8       		.byte	-56
 352 0143 13       		.byte	19
 353 0144 C9       		.byte	-55
 354 0145 FF       		.byte	-1
 355 0146 CA       		.byte	-54
 356 0147 FF       		.byte	-1
 357 0148 CB       		.byte	-53
 358 0149 FF       		.byte	-1
 359 014a CD       		.byte	-51
 360 014b A0       		.byte	-96
 361 014c CF       		.byte	-49
 362 014d 04       		.byte	4
 363 014e D0       		.byte	-48
 364 014f 18       		.byte	24
 365 0150 D4       		.byte	-44
 366 0151 05       		.byte	5
 367 0152 D8       		.byte	-40
 368 0153 04       		.byte	4
 369 0154 D9       		.byte	-39
 370 0155 04       		.byte	4
 371 0156 DA       		.byte	-38
 372 0157 04       		.byte	4
 373 0158 DB       		.byte	-37
 374 0159 04       		.byte	4
 375 015a DF       		.byte	-33
 376 015b 01       		.byte	1
 377 015c E0       		.byte	-32
 378 015d 40       		.byte	64
 379 015e E2       		.byte	-30
 380 015f C0       		.byte	-64
 381 0160 E4       		.byte	-28
 382 0161 40       		.byte	64
 383 0162 E5       		.byte	-27
 384 0163 40       		.byte	64
 385 0164 E6       		.byte	-26
 386 0165 C0       		.byte	-64
 387 0166 E8       		.byte	-24
 388 0167 C0       		.byte	-64
 389 0168 EA       		.byte	-22
 390 0169 C0       		.byte	-64
 391 016a EC       		.byte	-20
 392 016b C0       		.byte	-64
 393 016c EE       		.byte	-18
 394 016d C0       		.byte	-64
 395 016e 04       		.byte	4
 396 016f 04       		.byte	4
 397 0170 05       		.byte	5
 398 0171 20       		.byte	32
 399 0172 0E       		.byte	14
ARM GAS  C:\Users\zakis\AppData\Local\Temp\ccW47y8C.s 			page 8


 400 0173 01       		.byte	1
 401 0174 0F       		.byte	15
 402 0175 08       		.byte	8
 403 0176 10       		.byte	16
 404 0177 20       		.byte	32
 405 0178 14       		.byte	20
 406 0179 40       		.byte	64
 407 017a 19       		.byte	25
 408 017b 08       		.byte	8
 409 017c 1F       		.byte	31
 410 017d 12       		.byte	18
 411 017e 21       		.byte	33
 412 017f 21       		.byte	33
 413 0180 22       		.byte	34
 414 0181 04       		.byte	4
 415 0182 26       		.byte	38
 416 0183 41       		.byte	65
 417 0184 27       		.byte	39
 418 0185 28       		.byte	40
 419 0186 29       		.byte	41
 420 0187 08       		.byte	8
 421 0188 2F       		.byte	47
 422 0189 10       		.byte	16
 423 018a 30       		.byte	48
 424 018b 20       		.byte	32
 425 018c 31       		.byte	49
 426 018d 80       		.byte	-128
 427 018e 32       		.byte	50
 428 018f 80       		.byte	-128
 429 0190 35       		.byte	53
 430 0191 02       		.byte	2
 431 0192 37       		.byte	55
 432 0193 20       		.byte	32
 433 0194 38       		.byte	56
 434 0195 08       		.byte	8
 435 0196 3F       		.byte	63
 436 0197 28       		.byte	40
 437 0198 40       		.byte	64
 438 0199 80       		.byte	-128
 439 019a 41       		.byte	65
 440 019b 81       		.byte	-127
 441 019c 47       		.byte	71
 442 019d 20       		.byte	32
 443 019e 48       		.byte	72
 444 019f 28       		.byte	40
 445 01a0 49       		.byte	73
 446 01a1 01       		.byte	1
 447 01a2 4F       		.byte	79
 448 01a3 29       		.byte	41
 449 01a4 50       		.byte	80
 450 01a5 0C       		.byte	12
 451 01a6 57       		.byte	87
 452 01a7 10       		.byte	16
 453 01a8 58       		.byte	88
 454 01a9 80       		.byte	-128
 455 01aa 59       		.byte	89
 456 01ab 01       		.byte	1
ARM GAS  C:\Users\zakis\AppData\Local\Temp\ccW47y8C.s 			page 9


 457 01ac 5A       		.byte	90
 458 01ad 08       		.byte	8
 459 01ae 5E       		.byte	94
 460 01af 80       		.byte	-128
 461 01b0 5F       		.byte	95
 462 01b1 09       		.byte	9
 463 01b2 75       		.byte	117
 464 01b3 02       		.byte	2
 465 01b4 82       		.byte	-126
 466 01b5 01       		.byte	1
 467 01b6 8E       		.byte	-114
 468 01b7 01       		.byte	1
 469 01b8 92       		.byte	-110
 470 01b9 01       		.byte	1
 471 01ba 98       		.byte	-104
 472 01bb 40       		.byte	64
 473 01bc 99       		.byte	-103
 474 01bd 20       		.byte	32
 475 01be A5       		.byte	-91
 476 01bf 20       		.byte	32
 477 01c0 A7       		.byte	-89
 478 01c1 02       		.byte	2
 479 01c2 AE       		.byte	-82
 480 01c3 01       		.byte	1
 481 01c4 C0       		.byte	-64
 482 01c5 60       		.byte	96
 483 01c6 C2       		.byte	-62
 484 01c7 C0       		.byte	-64
 485 01c8 C4       		.byte	-60
 486 01c9 14       		.byte	20
 487 01ca CA       		.byte	-54
 488 01cb 42       		.byte	66
 489 01cc CC       		.byte	-52
 490 01cd AC       		.byte	-84
 491 01ce CE       		.byte	-50
 492 01cf 62       		.byte	98
 493 01d0 D0       		.byte	-48
 494 01d1 28       		.byte	40
 495 01d2 D2       		.byte	-46
 496 01d3 24       		.byte	36
 497 01d4 D6       		.byte	-42
 498 01d5 DB       		.byte	-37
 499 01d6 E2       		.byte	-30
 500 01d7 10       		.byte	16
 501 01d8 00       		.byte	0
 502 01d9 03       		.byte	3
 503 01da 01       		.byte	1
 504 01db 01       		.byte	1
 505 01dc 02       		.byte	2
 506 01dd 0C       		.byte	12
 507 01de 03       		.byte	3
 508 01df 06       		.byte	6
 509 01e0 04       		.byte	4
 510 01e1 0C       		.byte	12
 511 01e2 05       		.byte	5
 512 01e3 06       		.byte	6
 513 01e4 08       		.byte	8
ARM GAS  C:\Users\zakis\AppData\Local\Temp\ccW47y8C.s 			page 10


 514 01e5 04       		.byte	4
 515 01e6 09       		.byte	9
 516 01e7 06       		.byte	6
 517 01e8 0B       		.byte	11
 518 01e9 01       		.byte	1
 519 01ea 0C       		.byte	12
 520 01eb 08       		.byte	8
 521 01ec 0D       		.byte	13
 522 01ed 07       		.byte	7
 523 01ee 12       		.byte	18
 524 01ef 03       		.byte	3
 525 01f0 13       		.byte	19
 526 01f1 01       		.byte	1
 527 01f2 14       		.byte	20
 528 01f3 0C       		.byte	12
 529 01f4 15       		.byte	21
 530 01f5 06       		.byte	6
 531 01f6 16       		.byte	22
 532 01f7 03       		.byte	3
 533 01f8 17       		.byte	23
 534 01f9 01       		.byte	1
 535 01fa 1C       		.byte	28
 536 01fb 01       		.byte	1
 537 01fc 1D       		.byte	29
 538 01fd 04       		.byte	4
 539 01fe 20       		.byte	32
 540 01ff 0F       		.byte	15
 541 0200 24       		.byte	36
 542 0201 02       		.byte	2
 543 0202 28       		.byte	40
 544 0203 0F       		.byte	15
 545 0204 29       		.byte	41
 546 0205 02       		.byte	2
 547 0206 2C       		.byte	44
 548 0207 03       		.byte	3
 549 0208 33       		.byte	51
 550 0209 07       		.byte	7
 551 020a 36       		.byte	54
 552 020b 0F       		.byte	15
 553 020c 3A       		.byte	58
 554 020d 80       		.byte	-128
 555 020e 3B       		.byte	59
 556 020f 08       		.byte	8
 557 0210 40       		.byte	64
 558 0211 30       		.byte	48
 559 0212 41       		.byte	65
 560 0213 06       		.byte	6
 561 0214 49       		.byte	73
 562 0215 FF       		.byte	-1
 563 0216 4A       		.byte	74
 564 0217 FF       		.byte	-1
 565 0218 4B       		.byte	75
 566 0219 FF       		.byte	-1
 567 021a 4D       		.byte	77
 568 021b A0       		.byte	-96
 569 021c 4F       		.byte	79
 570 021d 04       		.byte	4
ARM GAS  C:\Users\zakis\AppData\Local\Temp\ccW47y8C.s 			page 11


 571 021e 50       		.byte	80
 572 021f 18       		.byte	24
 573 0220 58       		.byte	88
 574 0221 04       		.byte	4
 575 0222 59       		.byte	89
 576 0223 04       		.byte	4
 577 0224 5A       		.byte	90
 578 0225 04       		.byte	4
 579 0226 5C       		.byte	92
 580 0227 11       		.byte	17
 581 0228 5F       		.byte	95
 582 0229 01       		.byte	1
 583 022a 60       		.byte	96
 584 022b 40       		.byte	64
 585 022c 62       		.byte	98
 586 022d C0       		.byte	-64
 587 022e 64       		.byte	100
 588 022f 40       		.byte	64
 589 0230 65       		.byte	101
 590 0231 40       		.byte	64
 591 0232 66       		.byte	102
 592 0233 C0       		.byte	-64
 593 0234 68       		.byte	104
 594 0235 C0       		.byte	-64
 595 0236 6A       		.byte	106
 596 0237 C0       		.byte	-64
 597 0238 6C       		.byte	108
 598 0239 C0       		.byte	-64
 599 023a 6E       		.byte	110
 600 023b C0       		.byte	-64
 601 023c 87       		.byte	-121
 602 023d 01       		.byte	1
 603 023e 8A       		.byte	-118
 604 023f 04       		.byte	4
 605 0240 92       		.byte	-110
 606 0241 02       		.byte	2
 607 0242 96       		.byte	-106
 608 0243 01       		.byte	1
 609 0244 98       		.byte	-104
 610 0245 04       		.byte	4
 611 0246 AA       		.byte	-86
 612 0247 01       		.byte	1
 613 0248 B0       		.byte	-80
 614 0249 02       		.byte	2
 615 024a B4       		.byte	-76
 616 024b 01       		.byte	1
 617 024c B5       		.byte	-75
 618 024d 01       		.byte	1
 619 024e B6       		.byte	-74
 620 024f 04       		.byte	4
 621 0250 BE       		.byte	-66
 622 0251 10       		.byte	16
 623 0252 C0       		.byte	-64
 624 0253 30       		.byte	48
 625 0254 C1       		.byte	-63
 626 0255 06       		.byte	6
 627 0256 C5       		.byte	-59
ARM GAS  C:\Users\zakis\AppData\Local\Temp\ccW47y8C.s 			page 12


 628 0257 D1       		.byte	-47
 629 0258 C7       		.byte	-57
 630 0259 02       		.byte	2
 631 025a C8       		.byte	-56
 632 025b 13       		.byte	19
 633 025c C9       		.byte	-55
 634 025d FF       		.byte	-1
 635 025e CA       		.byte	-54
 636 025f FF       		.byte	-1
 637 0260 CB       		.byte	-53
 638 0261 FF       		.byte	-1
 639 0262 CD       		.byte	-51
 640 0263 AF       		.byte	-81
 641 0264 CE       		.byte	-50
 642 0265 0F       		.byte	15
 643 0266 CF       		.byte	-49
 644 0267 04       		.byte	4
 645 0268 D0       		.byte	-48
 646 0269 18       		.byte	24
 647 026a D2       		.byte	-46
 648 026b 80       		.byte	-128
 649 026c D4       		.byte	-44
 650 026d 05       		.byte	5
 651 026e D8       		.byte	-40
 652 026f 04       		.byte	4
 653 0270 D9       		.byte	-39
 654 0271 04       		.byte	4
 655 0272 DA       		.byte	-38
 656 0273 04       		.byte	4
 657 0274 DB       		.byte	-37
 658 0275 04       		.byte	4
 659 0276 DF       		.byte	-33
 660 0277 01       		.byte	1
 661 0278 E0       		.byte	-32
 662 0279 40       		.byte	64
 663 027a E2       		.byte	-30
 664 027b C0       		.byte	-64
 665 027c E4       		.byte	-28
 666 027d 40       		.byte	64
 667 027e E5       		.byte	-27
 668 027f 40       		.byte	64
 669 0280 E6       		.byte	-26
 670 0281 C0       		.byte	-64
 671 0282 E8       		.byte	-24
 672 0283 C0       		.byte	-64
 673 0284 EA       		.byte	-22
 674 0285 C0       		.byte	-64
 675 0286 EC       		.byte	-20
 676 0287 C0       		.byte	-64
 677 0288 EE       		.byte	-18
 678 0289 C0       		.byte	-64
 679 028a 00       		.byte	0
 680 028b 20       		.byte	32
 681 028c 04       		.byte	4
 682 028d 05       		.byte	5
 683 028e 05       		.byte	5
 684 028f A0       		.byte	-96
ARM GAS  C:\Users\zakis\AppData\Local\Temp\ccW47y8C.s 			page 13


 685 0290 06       		.byte	6
 686 0291 10       		.byte	16
 687 0292 09       		.byte	9
 688 0293 2A       		.byte	42
 689 0294 0C       		.byte	12
 690 0295 01       		.byte	1
 691 0296 0F       		.byte	15
 692 0297 11       		.byte	17
 693 0298 12       		.byte	18
 694 0299 08       		.byte	8
 695 029a 15       		.byte	21
 696 029b 40       		.byte	64
 697 029c 16       		.byte	22
 698 029d C0       		.byte	-64
 699 029e 17       		.byte	23
 700 029f 18       		.byte	24
 701 02a0 19       		.byte	25
 702 02a1 40       		.byte	64
 703 02a2 1A       		.byte	26
 704 02a3 44       		.byte	68
 705 02a4 1B       		.byte	27
 706 02a5 01       		.byte	1
 707 02a6 1C       		.byte	28
 708 02a7 01       		.byte	1
 709 02a8 1E       		.byte	30
 710 02a9 02       		.byte	2
 711 02aa 21       		.byte	33
 712 02ab 20       		.byte	32
 713 02ac 26       		.byte	38
 714 02ad 04       		.byte	4
 715 02ae 27       		.byte	39
 716 02af 10       		.byte	16
 717 02b0 2D       		.byte	45
 718 02b1 20       		.byte	32
 719 02b2 34       		.byte	52
 720 02b3 01       		.byte	1
 721 02b4 35       		.byte	53
 722 02b5 80       		.byte	-128
 723 02b6 36       		.byte	54
 724 02b7 06       		.byte	6
 725 02b8 3B       		.byte	59
 726 02b9 04       		.byte	4
 727 02ba 3C       		.byte	60
 728 02bb 05       		.byte	5
 729 02bc 3E       		.byte	62
 730 02bd 80       		.byte	-128
 731 02be 3F       		.byte	63
 732 02bf 10       		.byte	16
 733 02c0 41       		.byte	65
 734 02c1 08       		.byte	8
 735 02c2 45       		.byte	69
 736 02c3 08       		.byte	8
 737 02c4 48       		.byte	72
 738 02c5 10       		.byte	16
 739 02c6 49       		.byte	73
 740 02c7 02       		.byte	2
 741 02c8 4A       		.byte	74
ARM GAS  C:\Users\zakis\AppData\Local\Temp\ccW47y8C.s 			page 14


 742 02c9 08       		.byte	8
 743 02ca 4B       		.byte	75
 744 02cb 04       		.byte	4
 745 02cc 4E       		.byte	78
 746 02cd 08       		.byte	8
 747 02ce 52       		.byte	82
 748 02cf 08       		.byte	8
 749 02d0 59       		.byte	89
 750 02d1 42       		.byte	66
 751 02d2 5A       		.byte	90
 752 02d3 04       		.byte	4
 753 02d4 71       		.byte	113
 754 02d5 02       		.byte	2
 755 02d6 96       		.byte	-106
 756 02d7 40       		.byte	64
 757 02d8 97       		.byte	-105
 758 02d9 08       		.byte	8
 759 02da 9D       		.byte	-99
 760 02db 01       		.byte	1
 761 02dc A1       		.byte	-95
 762 02dd 08       		.byte	8
 763 02de A4       		.byte	-92
 764 02df 18       		.byte	24
 765 02e0 A7       		.byte	-89
 766 02e1 01       		.byte	1
 767 02e2 C0       		.byte	-64
 768 02e3 F2       		.byte	-14
 769 02e4 C2       		.byte	-62
 770 02e5 BE       		.byte	-66
 771 02e6 C4       		.byte	-60
 772 02e7 F2       		.byte	-14
 773 02e8 CA       		.byte	-54
 774 02e9 20       		.byte	32
 775 02ea CC       		.byte	-52
 776 02eb D0       		.byte	-48
 777 02ec CE       		.byte	-50
 778 02ed F2       		.byte	-14
 779 02ee D0       		.byte	-48
 780 02ef 42       		.byte	66
 781 02f0 D2       		.byte	-46
 782 02f1 24       		.byte	36
 783 02f2 D6       		.byte	-42
 784 02f3 0B       		.byte	11
 785 02f4 07       		.byte	7
 786 02f5 01       		.byte	1
 787 02f6 12       		.byte	18
 788 02f7 02       		.byte	2
 789 02f8 17       		.byte	23
 790 02f9 02       		.byte	2
 791 02fa 18       		.byte	24
 792 02fb 01       		.byte	1
 793 02fc 2A       		.byte	42
 794 02fd 01       		.byte	1
 795 02fe 2F       		.byte	47
 796 02ff 02       		.byte	2
 797 0300 30       		.byte	48
 798 0301 01       		.byte	1
ARM GAS  C:\Users\zakis\AppData\Local\Temp\ccW47y8C.s 			page 15


 799 0302 33       		.byte	51
 800 0303 02       		.byte	2
 801 0304 34       		.byte	52
 802 0305 02       		.byte	2
 803 0306 35       		.byte	53
 804 0307 01       		.byte	1
 805 0308 3F       		.byte	63
 806 0309 04       		.byte	4
 807 030a 40       		.byte	64
 808 030b 20       		.byte	32
 809 030c 41       		.byte	65
 810 030d 06       		.byte	6
 811 030e 49       		.byte	73
 812 030f FF       		.byte	-1
 813 0310 4A       		.byte	74
 814 0311 FF       		.byte	-1
 815 0312 4B       		.byte	75
 816 0313 FF       		.byte	-1
 817 0314 4D       		.byte	77
 818 0315 A0       		.byte	-96
 819 0316 4F       		.byte	79
 820 0317 04       		.byte	4
 821 0318 50       		.byte	80
 822 0319 18       		.byte	24
 823 031a 52       		.byte	82
 824 031b 80       		.byte	-128
 825 031c 54       		.byte	84
 826 031d 05       		.byte	5
 827 031e 58       		.byte	88
 828 031f 04       		.byte	4
 829 0320 59       		.byte	89
 830 0321 04       		.byte	4
 831 0322 5A       		.byte	90
 832 0323 04       		.byte	4
 833 0324 5B       		.byte	91
 834 0325 04       		.byte	4
 835 0326 5F       		.byte	95
 836 0327 01       		.byte	1
 837 0328 60       		.byte	96
 838 0329 40       		.byte	64
 839 032a 62       		.byte	98
 840 032b C0       		.byte	-64
 841 032c 64       		.byte	100
 842 032d 40       		.byte	64
 843 032e 65       		.byte	101
 844 032f 40       		.byte	64
 845 0330 66       		.byte	102
 846 0331 C0       		.byte	-64
 847 0332 68       		.byte	104
 848 0333 C0       		.byte	-64
 849 0334 6A       		.byte	106
 850 0335 C0       		.byte	-64
 851 0336 6C       		.byte	108
 852 0337 C0       		.byte	-64
 853 0338 6E       		.byte	110
 854 0339 C0       		.byte	-64
 855 033a 87       		.byte	-121
ARM GAS  C:\Users\zakis\AppData\Local\Temp\ccW47y8C.s 			page 16


 856 033b 02       		.byte	2
 857 033c 9A       		.byte	-102
 858 033d 02       		.byte	2
 859 033e 9B       		.byte	-101
 860 033f 01       		.byte	1
 861 0340 A7       		.byte	-89
 862 0341 02       		.byte	2
 863 0342 AD       		.byte	-83
 864 0343 01       		.byte	1
 865 0344 AE       		.byte	-82
 866 0345 01       		.byte	1
 867 0346 B0       		.byte	-80
 868 0347 02       		.byte	2
 869 0348 B2       		.byte	-78
 870 0349 01       		.byte	1
 871 034a B5       		.byte	-75
 872 034b 02       		.byte	2
 873 034c B7       		.byte	-73
 874 034d 01       		.byte	1
 875 034e BF       		.byte	-65
 876 034f 10       		.byte	16
 877 0350 C0       		.byte	-64
 878 0351 60       		.byte	96
 879 0352 C1       		.byte	-63
 880 0353 02       		.byte	2
 881 0354 C5       		.byte	-59
 882 0355 D1       		.byte	-47
 883 0356 C7       		.byte	-57
 884 0357 02       		.byte	2
 885 0358 C8       		.byte	-56
 886 0359 13       		.byte	19
 887 035a C9       		.byte	-55
 888 035b FF       		.byte	-1
 889 035c CA       		.byte	-54
 890 035d FF       		.byte	-1
 891 035e CB       		.byte	-53
 892 035f FF       		.byte	-1
 893 0360 CD       		.byte	-51
 894 0361 AF       		.byte	-81
 895 0362 CE       		.byte	-50
 896 0363 0F       		.byte	15
 897 0364 CF       		.byte	-49
 898 0365 04       		.byte	4
 899 0366 D0       		.byte	-48
 900 0367 18       		.byte	24
 901 0368 D2       		.byte	-46
 902 0369 80       		.byte	-128
 903 036a D4       		.byte	-44
 904 036b 05       		.byte	5
 905 036c D8       		.byte	-40
 906 036d 04       		.byte	4
 907 036e D9       		.byte	-39
 908 036f 04       		.byte	4
 909 0370 DA       		.byte	-38
 910 0371 04       		.byte	4
 911 0372 DB       		.byte	-37
 912 0373 04       		.byte	4
ARM GAS  C:\Users\zakis\AppData\Local\Temp\ccW47y8C.s 			page 17


 913 0374 DF       		.byte	-33
 914 0375 01       		.byte	1
 915 0376 E0       		.byte	-32
 916 0377 40       		.byte	64
 917 0378 E2       		.byte	-30
 918 0379 C0       		.byte	-64
 919 037a E4       		.byte	-28
 920 037b 40       		.byte	64
 921 037c E5       		.byte	-27
 922 037d 40       		.byte	64
 923 037e E6       		.byte	-26
 924 037f C0       		.byte	-64
 925 0380 E8       		.byte	-24
 926 0381 C0       		.byte	-64
 927 0382 EA       		.byte	-22
 928 0383 C0       		.byte	-64
 929 0384 EC       		.byte	-20
 930 0385 C0       		.byte	-64
 931 0386 EE       		.byte	-18
 932 0387 C0       		.byte	-64
 933 0388 09       		.byte	9
 934 0389 22       		.byte	34
 935 038a 0F       		.byte	15
 936 038b 08       		.byte	8
 937 038c 12       		.byte	18
 938 038d 04       		.byte	4
 939 038e 17       		.byte	23
 940 038f 40       		.byte	64
 941 0390 18       		.byte	24
 942 0391 04       		.byte	4
 943 0392 19       		.byte	25
 944 0393 20       		.byte	32
 945 0394 1A       		.byte	26
 946 0395 80       		.byte	-128
 947 0396 1B       		.byte	27
 948 0397 20       		.byte	32
 949 0398 1D       		.byte	29
 950 0399 08       		.byte	8
 951 039a 1F       		.byte	31
 952 039b 02       		.byte	2
 953 039c 21       		.byte	33
 954 039d 20       		.byte	32
 955 039e 22       		.byte	34
 956 039f 04       		.byte	4
 957 03a0 26       		.byte	38
 958 03a1 40       		.byte	64
 959 03a2 27       		.byte	39
 960 03a3 08       		.byte	8
 961 03a4 2B       		.byte	43
 962 03a5 01       		.byte	1
 963 03a6 2F       		.byte	47
 964 03a7 22       		.byte	34
 965 03a8 30       		.byte	48
 966 03a9 08       		.byte	8
 967 03aa 36       		.byte	54
 968 03ab 20       		.byte	32
 969 03ac 3A       		.byte	58
ARM GAS  C:\Users\zakis\AppData\Local\Temp\ccW47y8C.s 			page 18


 970 03ad 04       		.byte	4
 971 03ae 3B       		.byte	59
 972 03af 08       		.byte	8
 973 03b0 3C       		.byte	60
 974 03b1 08       		.byte	8
 975 03b2 40       		.byte	64
 976 03b3 04       		.byte	4
 977 03b4 46       		.byte	70
 978 03b5 08       		.byte	8
 979 03b6 48       		.byte	72
 980 03b7 04       		.byte	4
 981 03b8 4D       		.byte	77
 982 03b9 20       		.byte	32
 983 03ba 4E       		.byte	78
 984 03bb 20       		.byte	32
 985 03bc 4F       		.byte	79
 986 03bd 09       		.byte	9
 987 03be 54       		.byte	84
 988 03bf 04       		.byte	4
 989 03c0 56       		.byte	86
 990 03c1 08       		.byte	8
 991 03c2 59       		.byte	89
 992 03c3 01       		.byte	1
 993 03c4 5A       		.byte	90
 994 03c5 88       		.byte	-120
 995 03c6 5E       		.byte	94
 996 03c7 80       		.byte	-128
 997 03c8 5F       		.byte	95
 998 03c9 09       		.byte	9
 999 03ca 71       		.byte	113
 1000 03cb 02       		.byte	2
 1001 03cc 77       		.byte	119
 1002 03cd 40       		.byte	64
 1003 03ce 96       		.byte	-106
 1004 03cf 40       		.byte	64
 1005 03d0 97       		.byte	-105
 1006 03d1 08       		.byte	8
 1007 03d2 9D       		.byte	-99
 1008 03d3 20       		.byte	32
 1009 03d4 A4       		.byte	-92
 1010 03d5 10       		.byte	16
 1011 03d6 A5       		.byte	-91
 1012 03d7 08       		.byte	8
 1013 03d8 A7       		.byte	-89
 1014 03d9 04       		.byte	4
 1015 03da AF       		.byte	-81
 1016 03db 10       		.byte	16
 1017 03dc B2       		.byte	-78
 1018 03dd 01       		.byte	1
 1019 03de C2       		.byte	-62
 1020 03df 4A       		.byte	74
 1021 03e0 C4       		.byte	-60
 1022 03e1 82       		.byte	-126
 1023 03e2 CA       		.byte	-54
 1024 03e3 58       		.byte	88
 1025 03e4 CC       		.byte	-52
 1026 03e5 22       		.byte	34
ARM GAS  C:\Users\zakis\AppData\Local\Temp\ccW47y8C.s 			page 19


 1027 03e6 CE       		.byte	-50
 1028 03e7 42       		.byte	66
 1029 03e8 D0       		.byte	-48
 1030 03e9 24       		.byte	36
 1031 03ea D2       		.byte	-46
 1032 03eb 24       		.byte	36
 1033 03ec D6       		.byte	-42
 1034 03ed DB       		.byte	-37
 1035 03ee E0       		.byte	-32
 1036 03ef 08       		.byte	8
 1037 03f0 EC       		.byte	-20
 1038 03f1 02       		.byte	2
 1039 03f2 0A       		.byte	10
 1040 03f3 01       		.byte	1
 1041 03f4 1A       		.byte	26
 1042 03f5 01       		.byte	1
 1043 03f6 34       		.byte	52
 1044 03f7 01       		.byte	1
 1045 03f8 40       		.byte	64
 1046 03f9 30       		.byte	48
 1047 03fa 41       		.byte	65
 1048 03fb 06       		.byte	6
 1049 03fc 49       		.byte	73
 1050 03fd FF       		.byte	-1
 1051 03fe 4A       		.byte	74
 1052 03ff FF       		.byte	-1
 1053 0400 4B       		.byte	75
 1054 0401 FF       		.byte	-1
 1055 0402 4D       		.byte	77
 1056 0403 A0       		.byte	-96
 1057 0404 4F       		.byte	79
 1058 0405 04       		.byte	4
 1059 0406 50       		.byte	80
 1060 0407 18       		.byte	24
 1061 0408 58       		.byte	88
 1062 0409 04       		.byte	4
 1063 040a 5A       		.byte	90
 1064 040b 04       		.byte	4
 1065 040c 5F       		.byte	95
 1066 040d 01       		.byte	1
 1067 040e 60       		.byte	96
 1068 040f 40       		.byte	64
 1069 0410 62       		.byte	98
 1070 0411 C0       		.byte	-64
 1071 0412 64       		.byte	100
 1072 0413 40       		.byte	64
 1073 0414 65       		.byte	101
 1074 0415 40       		.byte	64
 1075 0416 66       		.byte	102
 1076 0417 C0       		.byte	-64
 1077 0418 68       		.byte	104
 1078 0419 C0       		.byte	-64
 1079 041a 6A       		.byte	106
 1080 041b C0       		.byte	-64
 1081 041c 6C       		.byte	108
 1082 041d C0       		.byte	-64
 1083 041e 6E       		.byte	110
ARM GAS  C:\Users\zakis\AppData\Local\Temp\ccW47y8C.s 			page 20


 1084 041f C0       		.byte	-64
 1085 0420 87       		.byte	-121
 1086 0421 02       		.byte	2
 1087 0422 8A       		.byte	-118
 1088 0423 04       		.byte	4
 1089 0424 92       		.byte	-110
 1090 0425 01       		.byte	1
 1091 0426 93       		.byte	-109
 1092 0427 04       		.byte	4
 1093 0428 96       		.byte	-106
 1094 0429 04       		.byte	4
 1095 042a 9A       		.byte	-102
 1096 042b 01       		.byte	1
 1097 042c 9F       		.byte	-97
 1098 042d 03       		.byte	3
 1099 042e A2       		.byte	-94
 1100 042f 08       		.byte	8
 1101 0430 A5       		.byte	-91
 1102 0431 01       		.byte	1
 1103 0432 A6       		.byte	-90
 1104 0433 02       		.byte	2
 1105 0434 AA       		.byte	-86
 1106 0435 02       		.byte	2
 1107 0436 B0       		.byte	-80
 1108 0437 01       		.byte	1
 1109 0438 B1       		.byte	-79
 1110 0439 01       		.byte	1
 1111 043a B2       		.byte	-78
 1112 043b 08       		.byte	8
 1113 043c B3       		.byte	-77
 1114 043d 02       		.byte	2
 1115 043e B4       		.byte	-76
 1116 043f 02       		.byte	2
 1117 0440 B5       		.byte	-75
 1118 0441 04       		.byte	4
 1119 0442 B6       		.byte	-74
 1120 0443 04       		.byte	4
 1121 0444 BE       		.byte	-66
 1122 0445 10       		.byte	16
 1123 0446 C0       		.byte	-64
 1124 0447 20       		.byte	32
 1125 0448 C1       		.byte	-63
 1126 0449 06       		.byte	6
 1127 044a C5       		.byte	-59
 1128 044b D0       		.byte	-48
 1129 044c C6       		.byte	-58
 1130 044d 01       		.byte	1
 1131 044e C7       		.byte	-57
 1132 044f 02       		.byte	2
 1133 0450 C8       		.byte	-56
 1134 0451 16       		.byte	22
 1135 0452 C9       		.byte	-55
 1136 0453 FF       		.byte	-1
 1137 0454 CA       		.byte	-54
 1138 0455 FF       		.byte	-1
 1139 0456 CB       		.byte	-53
 1140 0457 FF       		.byte	-1
ARM GAS  C:\Users\zakis\AppData\Local\Temp\ccW47y8C.s 			page 21


 1141 0458 CD       		.byte	-51
 1142 0459 AF       		.byte	-81
 1143 045a CE       		.byte	-50
 1144 045b 0F       		.byte	15
 1145 045c CF       		.byte	-49
 1146 045d 04       		.byte	4
 1147 045e D0       		.byte	-48
 1148 045f 18       		.byte	24
 1149 0460 D2       		.byte	-46
 1150 0461 80       		.byte	-128
 1151 0462 D4       		.byte	-44
 1152 0463 05       		.byte	5
 1153 0464 D8       		.byte	-40
 1154 0465 04       		.byte	4
 1155 0466 D9       		.byte	-39
 1156 0467 04       		.byte	4
 1157 0468 DA       		.byte	-38
 1158 0469 04       		.byte	4
 1159 046a DB       		.byte	-37
 1160 046b 04       		.byte	4
 1161 046c DF       		.byte	-33
 1162 046d 01       		.byte	1
 1163 046e E0       		.byte	-32
 1164 046f 40       		.byte	64
 1165 0470 E2       		.byte	-30
 1166 0471 C0       		.byte	-64
 1167 0472 E4       		.byte	-28
 1168 0473 40       		.byte	64
 1169 0474 E5       		.byte	-27
 1170 0475 40       		.byte	64
 1171 0476 E6       		.byte	-26
 1172 0477 C0       		.byte	-64
 1173 0478 E8       		.byte	-24
 1174 0479 C0       		.byte	-64
 1175 047a EA       		.byte	-22
 1176 047b C0       		.byte	-64
 1177 047c EC       		.byte	-20
 1178 047d C0       		.byte	-64
 1179 047e EE       		.byte	-18
 1180 047f C0       		.byte	-64
 1181 0480 00       		.byte	0
 1182 0481 20       		.byte	32
 1183 0482 05       		.byte	5
 1184 0483 20       		.byte	32
 1185 0484 09       		.byte	9
 1186 0485 08       		.byte	8
 1187 0486 0A       		.byte	10
 1188 0487 40       		.byte	64
 1189 0488 0B       		.byte	11
 1190 0489 08       		.byte	8
 1191 048a 0F       		.byte	15
 1192 048b 08       		.byte	8
 1193 048c 10       		.byte	16
 1194 048d 80       		.byte	-128
 1195 048e 12       		.byte	18
 1196 048f 08       		.byte	8
 1197 0490 13       		.byte	19
ARM GAS  C:\Users\zakis\AppData\Local\Temp\ccW47y8C.s 			page 22


 1198 0491 08       		.byte	8
 1199 0492 18       		.byte	24
 1200 0493 40       		.byte	64
 1201 0494 19       		.byte	25
 1202 0495 08       		.byte	8
 1203 0496 1A       		.byte	26
 1204 0497 06       		.byte	6
 1205 0498 1F       		.byte	31
 1206 0499 10       		.byte	16
 1207 049a 20       		.byte	32
 1208 049b 04       		.byte	4
 1209 049c 23       		.byte	35
 1210 049d 98       		.byte	-104
 1211 049e 29       		.byte	41
 1212 049f 08       		.byte	8
 1213 04a0 30       		.byte	48
 1214 04a1 80       		.byte	-128
 1215 04a2 31       		.byte	49
 1216 04a3 02       		.byte	2
 1217 04a4 38       		.byte	56
 1218 04a5 04       		.byte	4
 1219 04a6 40       		.byte	64
 1220 04a7 04       		.byte	4
 1221 04a8 47       		.byte	71
 1222 04a9 08       		.byte	8
 1223 04aa 49       		.byte	73
 1224 04ab 01       		.byte	1
 1225 04ac 4A       		.byte	74
 1226 04ad 08       		.byte	8
 1227 04ae 4E       		.byte	78
 1228 04af 08       		.byte	8
 1229 04b0 50       		.byte	80
 1230 04b1 80       		.byte	-128
 1231 04b2 52       		.byte	82
 1232 04b3 08       		.byte	8
 1233 04b4 59       		.byte	89
 1234 04b5 01       		.byte	1
 1235 04b6 5A       		.byte	90
 1236 04b7 04       		.byte	4
 1237 04b8 5B       		.byte	91
 1238 04b9 80       		.byte	-128
 1239 04ba 71       		.byte	113
 1240 04bb 02       		.byte	2
 1241 04bc 80       		.byte	-128
 1242 04bd 40       		.byte	64
 1243 04be 87       		.byte	-121
 1244 04bf 10       		.byte	16
 1245 04c0 C0       		.byte	-64
 1246 04c1 42       		.byte	66
 1247 04c2 C2       		.byte	-62
 1248 04c3 4E       		.byte	78
 1249 04c4 C4       		.byte	-60
 1250 04c5 0E       		.byte	14
 1251 04c6 CA       		.byte	-54
 1252 04c7 02       		.byte	2
 1253 04c8 CC       		.byte	-52
 1254 04c9 09       		.byte	9
ARM GAS  C:\Users\zakis\AppData\Local\Temp\ccW47y8C.s 			page 23


 1255 04ca CE       		.byte	-50
 1256 04cb 02       		.byte	2
 1257 04cc D0       		.byte	-48
 1258 04cd 44       		.byte	68
 1259 04ce D2       		.byte	-46
 1260 04cf 24       		.byte	36
 1261 04d0 D6       		.byte	-42
 1262 04d1 0B       		.byte	11
 1263 04d2 E0       		.byte	-32
 1264 04d3 08       		.byte	8
 1265 04d4 85       		.byte	-123
 1266 04d5 03       		.byte	3
 1267 04d6 8D       		.byte	-115
 1268 04d7 03       		.byte	3
 1269 04d8 A3       		.byte	-93
 1270 04d9 01       		.byte	1
 1271 04da AD       		.byte	-83
 1272 04db 02       		.byte	2
 1273 04dc B1       		.byte	-79
 1274 04dd 03       		.byte	3
 1275 04de B9       		.byte	-71
 1276 04df 02       		.byte	2
 1277 04e0 BF       		.byte	-65
 1278 04e1 01       		.byte	1
 1279 04e2 D9       		.byte	-39
 1280 04e3 04       		.byte	4
 1281 04e4 DF       		.byte	-33
 1282 04e5 01       		.byte	1
 1283 04e6 01       		.byte	1
 1284 04e7 06       		.byte	6
 1285 04e8 02       		.byte	2
 1286 04e9 0A       		.byte	10
 1287 04ea 08       		.byte	8
 1288 04eb 02       		.byte	2
 1289 04ec 09       		.byte	9
 1290 04ed 08       		.byte	8
 1291 04ee 0B       		.byte	11
 1292 04ef 0A       		.byte	10
 1293 04f0 10       		.byte	16
 1294 04f1 40       		.byte	64
 1295 04f2 11       		.byte	17
 1296 04f3 40       		.byte	64
 1297 04f4 12       		.byte	18
 1298 04f5 24       		.byte	36
 1299 04f6 19       		.byte	25
 1300 04f7 90       		.byte	-112
 1301 04f8 1A       		.byte	26
 1302 04f9 20       		.byte	32
 1303 04fa 1B       		.byte	27
 1304 04fb 01       		.byte	1
 1305 04fc 20       		.byte	32
 1306 04fd 14       		.byte	20
 1307 04fe 21       		.byte	33
 1308 04ff 02       		.byte	2
 1309 0500 22       		.byte	34
 1310 0501 80       		.byte	-128
 1311 0502 23       		.byte	35
ARM GAS  C:\Users\zakis\AppData\Local\Temp\ccW47y8C.s 			page 24


 1312 0503 20       		.byte	32
 1313 0504 27       		.byte	39
 1314 0505 80       		.byte	-128
 1315 0506 28       		.byte	40
 1316 0507 06       		.byte	6
 1317 0508 2A       		.byte	42
 1318 0509 02       		.byte	2
 1319 050a 2B       		.byte	43
 1320 050b 20       		.byte	32
 1321 050c 2C       		.byte	44
 1322 050d 40       		.byte	64
 1323 050e 2F       		.byte	47
 1324 050f 81       		.byte	-127
 1325 0510 30       		.byte	48
 1326 0511 80       		.byte	-128
 1327 0512 31       		.byte	49
 1328 0513 12       		.byte	18
 1329 0514 32       		.byte	50
 1330 0515 08       		.byte	8
 1331 0516 38       		.byte	56
 1332 0517 01       		.byte	1
 1333 0518 3A       		.byte	58
 1334 0519 2C       		.byte	44
 1335 051a 3B       		.byte	59
 1336 051b 80       		.byte	-128
 1337 051c 3C       		.byte	60
 1338 051d 80       		.byte	-128
 1339 051e 3D       		.byte	61
 1340 051f 44       		.byte	68
 1341 0520 3E       		.byte	62
 1342 0521 04       		.byte	4
 1343 0522 40       		.byte	64
 1344 0523 94       		.byte	-108
 1345 0524 49       		.byte	73
 1346 0525 20       		.byte	32
 1347 0526 4A       		.byte	74
 1348 0527 22       		.byte	34
 1349 0528 53       		.byte	83
 1350 0529 20       		.byte	32
 1351 052a 59       		.byte	89
 1352 052b 20       		.byte	32
 1353 052c 5A       		.byte	90
 1354 052d 22       		.byte	34
 1355 052e 60       		.byte	96
 1356 052f 08       		.byte	8
 1357 0530 62       		.byte	98
 1358 0531 01       		.byte	1
 1359 0532 63       		.byte	99
 1360 0533 02       		.byte	2
 1361 0534 82       		.byte	-126
 1362 0535 12       		.byte	18
 1363 0536 87       		.byte	-121
 1364 0537 20       		.byte	32
 1365 0538 88       		.byte	-120
 1366 0539 88       		.byte	-120
 1367 053a 8A       		.byte	-118
 1368 053b 80       		.byte	-128
ARM GAS  C:\Users\zakis\AppData\Local\Temp\ccW47y8C.s 			page 25


 1369 053c 8C       		.byte	-116
 1370 053d 01       		.byte	1
 1371 053e 8D       		.byte	-115
 1372 053f 1A       		.byte	26
 1373 0540 92       		.byte	-110
 1374 0541 06       		.byte	6
 1375 0542 93       		.byte	-109
 1376 0543 8A       		.byte	-118
 1377 0544 98       		.byte	-104
 1378 0545 86       		.byte	-122
 1379 0546 9A       		.byte	-102
 1380 0547 28       		.byte	40
 1381 0548 9D       		.byte	-99
 1382 0549 80       		.byte	-128
 1383 054a 9E       		.byte	-98
 1384 054b 01       		.byte	1
 1385 054c 9F       		.byte	-97
 1386 054d 80       		.byte	-128
 1387 054e A0       		.byte	-96
 1388 054f 40       		.byte	64
 1389 0550 A2       		.byte	-94
 1390 0551 0A       		.byte	10
 1391 0552 A3       		.byte	-93
 1392 0553 80       		.byte	-128
 1393 0554 A5       		.byte	-91
 1394 0555 08       		.byte	8
 1395 0556 AA       		.byte	-86
 1396 0557 20       		.byte	32
 1397 0558 AD       		.byte	-83
 1398 0559 20       		.byte	32
 1399 055a AE       		.byte	-82
 1400 055b 08       		.byte	8
 1401 055c B2       		.byte	-78
 1402 055d 01       		.byte	1
 1403 055e B6       		.byte	-74
 1404 055f 02       		.byte	2
 1405 0560 C0       		.byte	-64
 1406 0561 0F       		.byte	15
 1407 0562 C2       		.byte	-62
 1408 0563 0F       		.byte	15
 1409 0564 C4       		.byte	-60
 1410 0565 0F       		.byte	15
 1411 0566 CA       		.byte	-54
 1412 0567 9F       		.byte	-97
 1413 0568 CC       		.byte	-52
 1414 0569 0F       		.byte	15
 1415 056a CE       		.byte	-50
 1416 056b 5F       		.byte	95
 1417 056c D0       		.byte	-48
 1418 056d 07       		.byte	7
 1419 056e D2       		.byte	-46
 1420 056f 0C       		.byte	12
 1421 0570 D6       		.byte	-42
 1422 0571 01       		.byte	1
 1423 0572 D8       		.byte	-40
 1424 0573 0D       		.byte	13
 1425 0574 E0       		.byte	-32
ARM GAS  C:\Users\zakis\AppData\Local\Temp\ccW47y8C.s 			page 26


 1426 0575 02       		.byte	2
 1427 0576 E4       		.byte	-28
 1428 0577 04       		.byte	4
 1429 0578 EA       		.byte	-22
 1430 0579 04       		.byte	4
 1431 057a EE       		.byte	-18
 1432 057b 02       		.byte	2
 1433 057c 02       		.byte	2
 1434 057d 03       		.byte	3
 1435 057e 03       		.byte	3
 1436 057f 01       		.byte	1
 1437 0580 04       		.byte	4
 1438 0581 01       		.byte	1
 1439 0582 06       		.byte	6
 1440 0583 0E       		.byte	14
 1441 0584 0A       		.byte	10
 1442 0585 08       		.byte	8
 1443 0586 0C       		.byte	12
 1444 0587 1C       		.byte	28
 1445 0588 0E       		.byte	14
 1446 0589 03       		.byte	3
 1447 058a 20       		.byte	32
 1448 058b 01       		.byte	1
 1449 058c 22       		.byte	34
 1450 058d 16       		.byte	22
 1451 058e 26       		.byte	38
 1452 058f 1C       		.byte	28
 1453 0590 30       		.byte	48
 1454 0591 0F       		.byte	15
 1455 0592 34       		.byte	52
 1456 0593 1A       		.byte	26
 1457 0594 37       		.byte	55
 1458 0595 01       		.byte	1
 1459 0596 3A       		.byte	58
 1460 0597 22       		.byte	34
 1461 0598 40       		.byte	64
 1462 0599 01       		.byte	1
 1463 059a 47       		.byte	71
 1464 059b 04       		.byte	4
 1465 059c 49       		.byte	73
 1466 059d FF       		.byte	-1
 1467 059e 4A       		.byte	74
 1468 059f 07       		.byte	7
 1469 05a0 4B       		.byte	75
 1470 05a1 FF       		.byte	-1
 1471 05a2 4C       		.byte	76
 1472 05a3 40       		.byte	64
 1473 05a4 4D       		.byte	77
 1474 05a5 20       		.byte	32
 1475 05a6 4E       		.byte	78
 1476 05a7 F0       		.byte	-16
 1477 05a8 4F       		.byte	79
 1478 05a9 05       		.byte	5
 1479 05aa 50       		.byte	80
 1480 05ab 08       		.byte	8
 1481 05ac 52       		.byte	82
 1482 05ad 80       		.byte	-128
ARM GAS  C:\Users\zakis\AppData\Local\Temp\ccW47y8C.s 			page 27


 1483 05ae 58       		.byte	88
 1484 05af 04       		.byte	4
 1485 05b0 59       		.byte	89
 1486 05b1 04       		.byte	4
 1487 05b2 5A       		.byte	90
 1488 05b3 04       		.byte	4
 1489 05b4 5B       		.byte	91
 1490 05b5 04       		.byte	4
 1491 05b6 5C       		.byte	92
 1492 05b7 01       		.byte	1
 1493 05b8 5D       		.byte	93
 1494 05b9 01       		.byte	1
 1495 05ba 5F       		.byte	95
 1496 05bb 01       		.byte	1
 1497 05bc 60       		.byte	96
 1498 05bd 40       		.byte	64
 1499 05be 61       		.byte	97
 1500 05bf A8       		.byte	-88
 1501 05c0 62       		.byte	98
 1502 05c1 40       		.byte	64
 1503 05c2 63       		.byte	99
 1504 05c3 20       		.byte	32
 1505 05c4 81       		.byte	-127
 1506 05c5 43       		.byte	67
 1507 05c6 82       		.byte	-126
 1508 05c7 03       		.byte	3
 1509 05c8 83       		.byte	-125
 1510 05c9 0C       		.byte	12
 1511 05ca 84       		.byte	-124
 1512 05cb 0C       		.byte	12
 1513 05cc 86       		.byte	-122
 1514 05cd 11       		.byte	17
 1515 05ce 87       		.byte	-121
 1516 05cf 08       		.byte	8
 1517 05d0 88       		.byte	-120
 1518 05d1 10       		.byte	16
 1519 05d2 89       		.byte	-119
 1520 05d3 20       		.byte	32
 1521 05d4 8B       		.byte	-117
 1522 05d5 10       		.byte	16
 1523 05d6 8C       		.byte	-116
 1524 05d7 1C       		.byte	28
 1525 05d8 8D       		.byte	-115
 1526 05d9 0A       		.byte	10
 1527 05da 8E       		.byte	-114
 1528 05db 02       		.byte	2
 1529 05dc 8F       		.byte	-113
 1530 05dd 44       		.byte	68
 1531 05de 90       		.byte	-112
 1532 05df 10       		.byte	16
 1533 05e0 92       		.byte	-110
 1534 05e1 0C       		.byte	12
 1535 05e2 94       		.byte	-108
 1536 05e3 09       		.byte	9
 1537 05e4 95       		.byte	-107
 1538 05e5 10       		.byte	16
 1539 05e6 96       		.byte	-106
ARM GAS  C:\Users\zakis\AppData\Local\Temp\ccW47y8C.s 			page 28


 1540 05e7 10       		.byte	16
 1541 05e8 97       		.byte	-105
 1542 05e9 20       		.byte	32
 1543 05ea 99       		.byte	-103
 1544 05eb 03       		.byte	3
 1545 05ec 9B       		.byte	-101
 1546 05ed 04       		.byte	4
 1547 05ee 9D       		.byte	-99
 1548 05ef 30       		.byte	48
 1549 05f0 A0       		.byte	-96
 1550 05f1 20       		.byte	32
 1551 05f2 A1       		.byte	-95
 1552 05f3 80       		.byte	-128
 1553 05f4 A3       		.byte	-93
 1554 05f5 05       		.byte	5
 1555 05f6 A4       		.byte	-92
 1556 05f7 14       		.byte	20
 1557 05f8 A5       		.byte	-91
 1558 05f9 43       		.byte	67
 1559 05fa A7       		.byte	-89
 1560 05fb 04       		.byte	4
 1561 05fc A9       		.byte	-87
 1562 05fd 30       		.byte	48
 1563 05fe B0       		.byte	-80
 1564 05ff 1F       		.byte	31
 1565 0600 B1       		.byte	-79
 1566 0601 0F       		.byte	15
 1567 0602 B2       		.byte	-78
 1568 0603 20       		.byte	32
 1569 0604 B3       		.byte	-77
 1570 0605 30       		.byte	48
 1571 0606 B5       		.byte	-75
 1572 0607 C0       		.byte	-64
 1573 0608 B9       		.byte	-71
 1574 0609 20       		.byte	32
 1575 060a BB       		.byte	-69
 1576 060b 02       		.byte	2
 1577 060c BE       		.byte	-66
 1578 060d 04       		.byte	4
 1579 060e C0       		.byte	-64
 1580 060f 41       		.byte	65
 1581 0610 C1       		.byte	-63
 1582 0611 02       		.byte	2
 1583 0612 C5       		.byte	-59
 1584 0613 EC       		.byte	-20
 1585 0614 C6       		.byte	-58
 1586 0615 B0       		.byte	-80
 1587 0616 C8       		.byte	-56
 1588 0617 0B       		.byte	11
 1589 0618 C9       		.byte	-55
 1590 0619 FF       		.byte	-1
 1591 061a CA       		.byte	-54
 1592 061b FF       		.byte	-1
 1593 061c CB       		.byte	-53
 1594 061d FF       		.byte	-1
 1595 061e CE       		.byte	-50
 1596 061f F0       		.byte	-16
ARM GAS  C:\Users\zakis\AppData\Local\Temp\ccW47y8C.s 			page 29


 1597 0620 CF       		.byte	-49
 1598 0621 44       		.byte	68
 1599 0622 D0       		.byte	-48
 1600 0623 0C       		.byte	12
 1601 0624 D4       		.byte	-44
 1602 0625 01       		.byte	1
 1603 0626 D6       		.byte	-42
 1604 0627 04       		.byte	4
 1605 0628 D8       		.byte	-40
 1606 0629 04       		.byte	4
 1607 062a D9       		.byte	-39
 1608 062b 04       		.byte	4
 1609 062c DA       		.byte	-38
 1610 062d 04       		.byte	4
 1611 062e DB       		.byte	-37
 1612 062f 04       		.byte	4
 1613 0630 DC       		.byte	-36
 1614 0631 11       		.byte	17
 1615 0632 DD       		.byte	-35
 1616 0633 11       		.byte	17
 1617 0634 DF       		.byte	-33
 1618 0635 01       		.byte	1
 1619 0636 E6       		.byte	-26
 1620 0637 C0       		.byte	-64
 1621 0638 EA       		.byte	-22
 1622 0639 40       		.byte	64
 1623 063a EB       		.byte	-21
 1624 063b 02       		.byte	2
 1625 063c 00       		.byte	0
 1626 063d 40       		.byte	64
 1627 063e 01       		.byte	1
 1628 063f 02       		.byte	2
 1629 0640 02       		.byte	2
 1630 0641 04       		.byte	4
 1631 0642 03       		.byte	3
 1632 0643 30       		.byte	48
 1633 0644 04       		.byte	4
 1634 0645 40       		.byte	64
 1635 0646 06       		.byte	6
 1636 0647 44       		.byte	68
 1637 0648 07       		.byte	7
 1638 0649 10       		.byte	16
 1639 064a 0A       		.byte	10
 1640 064b 60       		.byte	96
 1641 064c 0C       		.byte	12
 1642 064d 04       		.byte	4
 1643 064e 0F       		.byte	15
 1644 064f 20       		.byte	32
 1645 0650 12       		.byte	18
 1646 0651 10       		.byte	16
 1647 0652 13       		.byte	19
 1648 0653 01       		.byte	1
 1649 0654 15       		.byte	21
 1650 0655 02       		.byte	2
 1651 0656 17       		.byte	23
 1652 0657 08       		.byte	8
 1653 0658 19       		.byte	25
ARM GAS  C:\Users\zakis\AppData\Local\Temp\ccW47y8C.s 			page 30


 1654 0659 06       		.byte	6
 1655 065a 1C       		.byte	28
 1656 065b 40       		.byte	64
 1657 065c 1E       		.byte	30
 1658 065d 04       		.byte	4
 1659 065e 1F       		.byte	31
 1660 065f 21       		.byte	33
 1661 0660 20       		.byte	32
 1662 0661 94       		.byte	-108
 1663 0662 21       		.byte	33
 1664 0663 01       		.byte	1
 1665 0664 22       		.byte	34
 1666 0665 18       		.byte	24
 1667 0666 23       		.byte	35
 1668 0667 08       		.byte	8
 1669 0668 26       		.byte	38
 1670 0669 80       		.byte	-128
 1671 066a 29       		.byte	41
 1672 066b 20       		.byte	32
 1673 066c 2B       		.byte	43
 1674 066d A0       		.byte	-96
 1675 066e 30       		.byte	48
 1676 066f 10       		.byte	16
 1677 0670 31       		.byte	49
 1678 0671 08       		.byte	8
 1679 0672 32       		.byte	50
 1680 0673 20       		.byte	32
 1681 0674 33       		.byte	51
 1682 0675 40       		.byte	64
 1683 0676 38       		.byte	56
 1684 0677 54       		.byte	84
 1685 0678 39       		.byte	57
 1686 0679 02       		.byte	2
 1687 067a 3C       		.byte	60
 1688 067b 02       		.byte	2
 1689 067c 41       		.byte	65
 1690 067d 01       		.byte	1
 1691 067e 42       		.byte	66
 1692 067f 44       		.byte	68
 1693 0680 43       		.byte	67
 1694 0681 80       		.byte	-128
 1695 0682 47       		.byte	71
 1696 0683 80       		.byte	-128
 1697 0684 49       		.byte	73
 1698 0685 01       		.byte	1
 1699 0686 4A       		.byte	74
 1700 0687 20       		.byte	32
 1701 0688 4B       		.byte	75
 1702 0689 09       		.byte	9
 1703 068a 52       		.byte	82
 1704 068b 10       		.byte	16
 1705 068c 56       		.byte	86
 1706 068d 44       		.byte	68
 1707 068e 57       		.byte	87
 1708 068f 80       		.byte	-128
 1709 0690 58       		.byte	88
 1710 0691 10       		.byte	16
ARM GAS  C:\Users\zakis\AppData\Local\Temp\ccW47y8C.s 			page 31


 1711 0692 59       		.byte	89
 1712 0693 85       		.byte	-123
 1713 0694 63       		.byte	99
 1714 0695 40       		.byte	64
 1715 0696 74       		.byte	116
 1716 0697 01       		.byte	1
 1717 0698 80       		.byte	-128
 1718 0699 02       		.byte	2
 1719 069a 82       		.byte	-126
 1720 069b 08       		.byte	8
 1721 069c 83       		.byte	-125
 1722 069d 40       		.byte	64
 1723 069e 85       		.byte	-123
 1724 069f 02       		.byte	2
 1725 06a0 87       		.byte	-121
 1726 06a1 40       		.byte	64
 1727 06a2 8B       		.byte	-117
 1728 06a3 40       		.byte	64
 1729 06a4 8C       		.byte	-116
 1730 06a5 80       		.byte	-128
 1731 06a6 8F       		.byte	-113
 1732 06a7 10       		.byte	16
 1733 06a8 9E       		.byte	-98
 1734 06a9 01       		.byte	1
 1735 06aa A6       		.byte	-90
 1736 06ab 80       		.byte	-128
 1737 06ac A8       		.byte	-88
 1738 06ad 04       		.byte	4
 1739 06ae C0       		.byte	-64
 1740 06af FF       		.byte	-1
 1741 06b0 C2       		.byte	-62
 1742 06b1 0C       		.byte	12
 1743 06b2 C4       		.byte	-60
 1744 06b3 3C       		.byte	60
 1745 06b4 CA       		.byte	-54
 1746 06b5 07       		.byte	7
 1747 06b6 CC       		.byte	-52
 1748 06b7 0E       		.byte	14
 1749 06b8 CE       		.byte	-50
 1750 06b9 8F       		.byte	-113
 1751 06ba D0       		.byte	-48
 1752 06bb 1D       		.byte	29
 1753 06bc D6       		.byte	-42
 1754 06bd 0F       		.byte	15
 1755 06be D8       		.byte	-40
 1756 06bf 01       		.byte	1
 1757 06c0 E0       		.byte	-32
 1758 06c1 04       		.byte	4
 1759 06c2 E4       		.byte	-28
 1760 06c3 08       		.byte	8
 1761 06c4 E6       		.byte	-26
 1762 06c5 01       		.byte	1
 1763 06c6 00       		.byte	0
 1764 06c7 02       		.byte	2
 1765 06c8 0C       		.byte	12
 1766 06c9 01       		.byte	1
 1767 06ca 11       		.byte	17
ARM GAS  C:\Users\zakis\AppData\Local\Temp\ccW47y8C.s 			page 32


 1768 06cb 01       		.byte	1
 1769 06cc 13       		.byte	19
 1770 06cd 06       		.byte	6
 1771 06ce 14       		.byte	20
 1772 06cf 02       		.byte	2
 1773 06d0 15       		.byte	21
 1774 06d1 07       		.byte	7
 1775 06d2 19       		.byte	25
 1776 06d3 06       		.byte	6
 1777 06d4 1C       		.byte	28
 1778 06d5 02       		.byte	2
 1779 06d6 1D       		.byte	29
 1780 06d7 04       		.byte	4
 1781 06d8 21       		.byte	33
 1782 06d9 07       		.byte	7
 1783 06da 25       		.byte	37
 1784 06db 06       		.byte	6
 1785 06dc 27       		.byte	39
 1786 06dd 01       		.byte	1
 1787 06de 28       		.byte	40
 1788 06df 02       		.byte	2
 1789 06e0 29       		.byte	41
 1790 06e1 02       		.byte	2
 1791 06e2 2F       		.byte	47
 1792 06e3 01       		.byte	1
 1793 06e4 31       		.byte	49
 1794 06e5 07       		.byte	7
 1795 06e6 32       		.byte	50
 1796 06e7 02       		.byte	2
 1797 06e8 36       		.byte	54
 1798 06e9 01       		.byte	1
 1799 06ea 3E       		.byte	62
 1800 06eb 44       		.byte	68
 1801 06ec 56       		.byte	86
 1802 06ed 02       		.byte	2
 1803 06ee 57       		.byte	87
 1804 06ef 11       		.byte	17
 1805 06f0 58       		.byte	88
 1806 06f1 04       		.byte	4
 1807 06f2 59       		.byte	89
 1808 06f3 04       		.byte	4
 1809 06f4 5B       		.byte	91
 1810 06f5 04       		.byte	4
 1811 06f6 5C       		.byte	92
 1812 06f7 10       		.byte	16
 1813 06f8 5D       		.byte	93
 1814 06f9 10       		.byte	16
 1815 06fa 5F       		.byte	95
 1816 06fb 01       		.byte	1
 1817 06fc 81       		.byte	-127
 1818 06fd 11       		.byte	17
 1819 06fe 83       		.byte	-125
 1820 06ff 80       		.byte	-128
 1821 0700 87       		.byte	-121
 1822 0701 10       		.byte	16
 1823 0702 89       		.byte	-119
 1824 0703 60       		.byte	96
ARM GAS  C:\Users\zakis\AppData\Local\Temp\ccW47y8C.s 			page 33


 1825 0704 8D       		.byte	-115
 1826 0705 03       		.byte	3
 1827 0706 93       		.byte	-109
 1828 0707 0F       		.byte	15
 1829 0708 95       		.byte	-107
 1830 0709 70       		.byte	112
 1831 070a 97       		.byte	-105
 1832 070b 0B       		.byte	11
 1833 070c 99       		.byte	-103
 1834 070d 70       		.byte	112
 1835 070e 9B       		.byte	-101
 1836 070f 07       		.byte	7
 1837 0710 9D       		.byte	-99
 1838 0711 1F       		.byte	31
 1839 0712 9F       		.byte	-97
 1840 0713 60       		.byte	96
 1841 0714 A1       		.byte	-95
 1842 0715 7F       		.byte	127
 1843 0716 A5       		.byte	-91
 1844 0717 02       		.byte	2
 1845 0718 A9       		.byte	-87
 1846 0719 20       		.byte	32
 1847 071a AD       		.byte	-83
 1848 071b 40       		.byte	64
 1849 071c B3       		.byte	-77
 1850 071d 7C       		.byte	124
 1851 071e B5       		.byte	-75
 1852 071f 80       		.byte	-128
 1853 0720 B7       		.byte	-73
 1854 0721 03       		.byte	3
 1855 0722 BB       		.byte	-69
 1856 0723 08       		.byte	8
 1857 0724 C0       		.byte	-64
 1858 0725 40       		.byte	64
 1859 0726 C1       		.byte	-63
 1860 0727 06       		.byte	6
 1861 0728 C5       		.byte	-59
 1862 0729 D1       		.byte	-47
 1863 072a C7       		.byte	-57
 1864 072b 02       		.byte	2
 1865 072c C8       		.byte	-56
 1866 072d 13       		.byte	19
 1867 072e C9       		.byte	-55
 1868 072f FF       		.byte	-1
 1869 0730 CA       		.byte	-54
 1870 0731 FF       		.byte	-1
 1871 0732 CB       		.byte	-53
 1872 0733 FF       		.byte	-1
 1873 0734 CD       		.byte	-51
 1874 0735 A0       		.byte	-96
 1875 0736 CF       		.byte	-49
 1876 0737 04       		.byte	4
 1877 0738 D0       		.byte	-48
 1878 0739 18       		.byte	24
 1879 073a D9       		.byte	-39
 1880 073b 04       		.byte	4
 1881 073c DA       		.byte	-38
ARM GAS  C:\Users\zakis\AppData\Local\Temp\ccW47y8C.s 			page 34


 1882 073d 04       		.byte	4
 1883 073e DB       		.byte	-37
 1884 073f 04       		.byte	4
 1885 0740 DC       		.byte	-36
 1886 0741 10       		.byte	16
 1887 0742 DF       		.byte	-33
 1888 0743 01       		.byte	1
 1889 0744 E0       		.byte	-32
 1890 0745 40       		.byte	64
 1891 0746 E2       		.byte	-30
 1892 0747 C0       		.byte	-64
 1893 0748 E4       		.byte	-28
 1894 0749 40       		.byte	64
 1895 074a E5       		.byte	-27
 1896 074b 40       		.byte	64
 1897 074c E6       		.byte	-26
 1898 074d C0       		.byte	-64
 1899 074e E8       		.byte	-24
 1900 074f C0       		.byte	-64
 1901 0750 EA       		.byte	-22
 1902 0751 C0       		.byte	-64
 1903 0752 EC       		.byte	-20
 1904 0753 C0       		.byte	-64
 1905 0754 EE       		.byte	-18
 1906 0755 C0       		.byte	-64
 1907 0756 05       		.byte	5
 1908 0757 02       		.byte	2
 1909 0758 06       		.byte	6
 1910 0759 46       		.byte	70
 1911 075a 07       		.byte	7
 1912 075b 08       		.byte	8
 1913 075c 0C       		.byte	12
 1914 075d 40       		.byte	64
 1915 075e 0E       		.byte	14
 1916 075f 02       		.byte	2
 1917 0760 0F       		.byte	15
 1918 0761 10       		.byte	16
 1919 0762 17       		.byte	23
 1920 0763 10       		.byte	16
 1921 0764 1E       		.byte	30
 1922 0765 20       		.byte	32
 1923 0766 1F       		.byte	31
 1924 0767 40       		.byte	64
 1925 0768 20       		.byte	32
 1926 0769 04       		.byte	4
 1927 076a 22       		.byte	34
 1928 076b 08       		.byte	8
 1929 076c 23       		.byte	35
 1930 076d 12       		.byte	18
 1931 076e 24       		.byte	36
 1932 076f 80       		.byte	-128
 1933 0770 29       		.byte	41
 1934 0771 A2       		.byte	-94
 1935 0772 2A       		.byte	42
 1936 0773 04       		.byte	4
 1937 0774 2C       		.byte	44
 1938 0775 10       		.byte	16
ARM GAS  C:\Users\zakis\AppData\Local\Temp\ccW47y8C.s 			page 35


 1939 0776 2D       		.byte	45
 1940 0777 22       		.byte	34
 1941 0778 2F       		.byte	47
 1942 0779 02       		.byte	2
 1943 077a 30       		.byte	48
 1944 077b 50       		.byte	80
 1945 077c 32       		.byte	50
 1946 077d 0A       		.byte	10
 1947 077e 33       		.byte	51
 1948 077f 12       		.byte	18
 1949 0780 35       		.byte	53
 1950 0781 80       		.byte	-128
 1951 0782 36       		.byte	54
 1952 0783 09       		.byte	9
 1953 0784 37       		.byte	55
 1954 0785 20       		.byte	32
 1955 0786 38       		.byte	56
 1956 0787 04       		.byte	4
 1957 0788 39       		.byte	57
 1958 0789 40       		.byte	64
 1959 078a 3A       		.byte	58
 1960 078b 10       		.byte	16
 1961 078c 3B       		.byte	59
 1962 078d 01       		.byte	1
 1963 078e 42       		.byte	66
 1964 078f 40       		.byte	64
 1965 0790 48       		.byte	72
 1966 0791 08       		.byte	8
 1967 0792 49       		.byte	73
 1968 0793 01       		.byte	1
 1969 0794 4B       		.byte	75
 1970 0795 08       		.byte	8
 1971 0796 50       		.byte	80
 1972 0797 08       		.byte	8
 1973 0798 5E       		.byte	94
 1974 0799 20       		.byte	32
 1975 079a 68       		.byte	104
 1976 079b 20       		.byte	32
 1977 079c 6A       		.byte	106
 1978 079d 80       		.byte	-128
 1979 079e 6B       		.byte	107
 1980 079f 44       		.byte	68
 1981 07a0 6C       		.byte	108
 1982 07a1 06       		.byte	6
 1983 07a2 6D       		.byte	109
 1984 07a3 04       		.byte	4
 1985 07a4 71       		.byte	113
 1986 07a5 10       		.byte	16
 1987 07a6 72       		.byte	114
 1988 07a7 A1       		.byte	-95
 1989 07a8 75       		.byte	117
 1990 07a9 A0       		.byte	-96
 1991 07aa 76       		.byte	118
 1992 07ab 10       		.byte	16
 1993 07ac 77       		.byte	119
 1994 07ad 20       		.byte	32
 1995 07ae 80       		.byte	-128
ARM GAS  C:\Users\zakis\AppData\Local\Temp\ccW47y8C.s 			page 36


 1996 07af 04       		.byte	4
 1997 07b0 83       		.byte	-125
 1998 07b1 08       		.byte	8
 1999 07b2 86       		.byte	-122
 2000 07b3 02       		.byte	2
 2001 07b4 87       		.byte	-121
 2002 07b5 40       		.byte	64
 2003 07b6 8B       		.byte	-117
 2004 07b7 10       		.byte	16
 2005 07b8 8E       		.byte	-114
 2006 07b9 01       		.byte	1
 2007 07ba 8F       		.byte	-113
 2008 07bb 04       		.byte	4
 2009 07bc 92       		.byte	-110
 2010 07bd 40       		.byte	64
 2011 07be 95       		.byte	-107
 2012 07bf 40       		.byte	64
 2013 07c0 97       		.byte	-105
 2014 07c1 19       		.byte	25
 2015 07c2 9B       		.byte	-101
 2016 07c3 10       		.byte	16
 2017 07c4 9D       		.byte	-99
 2018 07c5 A1       		.byte	-95
 2019 07c6 9E       		.byte	-98
 2020 07c7 50       		.byte	80
 2021 07c8 9F       		.byte	-97
 2022 07c9 08       		.byte	8
 2023 07ca A2       		.byte	-94
 2024 07cb 01       		.byte	1
 2025 07cc A4       		.byte	-92
 2026 07cd 08       		.byte	8
 2027 07ce A6       		.byte	-90
 2028 07cf 02       		.byte	2
 2029 07d0 C0       		.byte	-64
 2030 07d1 90       		.byte	-112
 2031 07d2 C2       		.byte	-62
 2032 07d3 A0       		.byte	-96
 2033 07d4 C4       		.byte	-60
 2034 07d5 40       		.byte	64
 2035 07d6 CA       		.byte	-54
 2036 07d7 FF       		.byte	-1
 2037 07d8 CC       		.byte	-52
 2038 07d9 FF       		.byte	-1
 2039 07da CE       		.byte	-50
 2040 07db 0F       		.byte	15
 2041 07dc D0       		.byte	-48
 2042 07dd 01       		.byte	1
 2043 07de D2       		.byte	-46
 2044 07df 04       		.byte	4
 2045 07e0 D6       		.byte	-42
 2046 07e1 20       		.byte	32
 2047 07e2 E0       		.byte	-32
 2048 07e3 08       		.byte	8
 2049 07e4 E2       		.byte	-30
 2050 07e5 10       		.byte	16
 2051 07e6 E6       		.byte	-26
 2052 07e7 80       		.byte	-128
ARM GAS  C:\Users\zakis\AppData\Local\Temp\ccW47y8C.s 			page 37


 2053 07e8 81       		.byte	-127
 2054 07e9 02       		.byte	2
 2055 07ea 86       		.byte	-122
 2056 07eb 02       		.byte	2
 2057 07ec 88       		.byte	-120
 2058 07ed 02       		.byte	2
 2059 07ee 8D       		.byte	-115
 2060 07ef 40       		.byte	64
 2061 07f0 8F       		.byte	-113
 2062 07f1 01       		.byte	1
 2063 07f2 95       		.byte	-107
 2064 07f3 40       		.byte	64
 2065 07f4 97       		.byte	-105
 2066 07f5 01       		.byte	1
 2067 07f6 9D       		.byte	-99
 2068 07f7 02       		.byte	2
 2069 07f8 A0       		.byte	-96
 2070 07f9 02       		.byte	2
 2071 07fa A6       		.byte	-90
 2072 07fb 02       		.byte	2
 2073 07fc A8       		.byte	-88
 2074 07fd 20       		.byte	32
 2075 07fe A9       		.byte	-87
 2076 07ff 10       		.byte	16
 2077 0800 AB       		.byte	-85
 2078 0801 50       		.byte	80
 2079 0802 AD       		.byte	-83
 2080 0803 04       		.byte	4
 2081 0804 B2       		.byte	-78
 2082 0805 81       		.byte	-127
 2083 0806 B3       		.byte	-77
 2084 0807 02       		.byte	2
 2085 0808 B4       		.byte	-76
 2086 0809 40       		.byte	64
 2087 080a B6       		.byte	-74
 2088 080b 60       		.byte	96
 2089 080c E0       		.byte	-32
 2090 080d 40       		.byte	64
 2091 080e E6       		.byte	-26
 2092 080f 90       		.byte	-112
 2093 0810 E8       		.byte	-24
 2094 0811 01       		.byte	1
 2095 0812 EA       		.byte	-22
 2096 0813 20       		.byte	32
 2097 0814 EC       		.byte	-20
 2098 0815 05       		.byte	5
 2099 0816 EE       		.byte	-18
 2100 0817 10       		.byte	16
 2101 0818 30       		.byte	48
 2102 0819 02       		.byte	2
 2103 081a 31       		.byte	49
 2104 081b 20       		.byte	32
 2105 081c 36       		.byte	54
 2106 081d 40       		.byte	64
 2107 081e CC       		.byte	-52
 2108 081f 70       		.byte	112
 2109 0820 05       		.byte	5
ARM GAS  C:\Users\zakis\AppData\Local\Temp\ccW47y8C.s 			page 38


 2110 0821 40       		.byte	64
 2111 0822 0B       		.byte	11
 2112 0823 40       		.byte	64
 2113 0824 0F       		.byte	15
 2114 0825 10       		.byte	16
 2115 0826 59       		.byte	89
 2116 0827 02       		.byte	2
 2117 0828 65       		.byte	101
 2118 0829 20       		.byte	32
 2119 082a 81       		.byte	-127
 2120 082b 02       		.byte	2
 2121 082c 8C       		.byte	-116
 2122 082d 02       		.byte	2
 2123 082e A4       		.byte	-92
 2124 082f 02       		.byte	2
 2125 0830 A5       		.byte	-91
 2126 0831 20       		.byte	32
 2127 0832 A6       		.byte	-90
 2128 0833 40       		.byte	64
 2129 0834 C0       		.byte	-64
 2130 0835 80       		.byte	-128
 2131 0836 C2       		.byte	-62
 2132 0837 30       		.byte	48
 2133 0838 D6       		.byte	-42
 2134 0839 40       		.byte	64
 2135 083a D8       		.byte	-40
 2136 083b 80       		.byte	-128
 2137 083c E6       		.byte	-26
 2138 083d 20       		.byte	32
 2139 083e 13       		.byte	19
 2140 083f 01       		.byte	1
 2141 0840 62       		.byte	98
 2142 0841 40       		.byte	64
 2143 0842 85       		.byte	-123
 2144 0843 40       		.byte	64
 2145 0844 8A       		.byte	-118
 2146 0845 40       		.byte	64
 2147 0846 8B       		.byte	-117
 2148 0847 40       		.byte	64
 2149 0848 93       		.byte	-109
 2150 0849 50       		.byte	80
 2151 084a 99       		.byte	-103
 2152 084b 40       		.byte	64
 2153 084c 9D       		.byte	-99
 2154 084d 20       		.byte	32
 2155 084e A5       		.byte	-91
 2156 084f 20       		.byte	32
 2157 0850 A6       		.byte	-90
 2158 0851 40       		.byte	64
 2159 0852 C4       		.byte	-60
 2160 0853 10       		.byte	16
 2161 0854 D6       		.byte	-42
 2162 0855 40       		.byte	64
 2163 0856 E4       		.byte	-28
 2164 0857 10       		.byte	16
 2165 0858 73       		.byte	115
 2166 0859 01       		.byte	1
ARM GAS  C:\Users\zakis\AppData\Local\Temp\ccW47y8C.s 			page 39


 2167 085a 81       		.byte	-127
 2168 085b 20       		.byte	32
 2169 085c 8D       		.byte	-115
 2170 085d 20       		.byte	32
 2171 085e 93       		.byte	-109
 2172 085f 01       		.byte	1
 2173 0860 9D       		.byte	-99
 2174 0861 20       		.byte	32
 2175 0862 A5       		.byte	-91
 2176 0863 20       		.byte	32
 2177 0864 A6       		.byte	-90
 2178 0865 40       		.byte	64
 2179 0866 AF       		.byte	-81
 2180 0867 10       		.byte	16
 2181 0868 DC       		.byte	-36
 2182 0869 20       		.byte	32
 2183 086a E2       		.byte	-30
 2184 086b 20       		.byte	32
 2185 086c E8       		.byte	-24
 2186 086d 10       		.byte	16
 2187 086e 53       		.byte	83
 2188 086f 10       		.byte	16
 2189 0870 57       		.byte	87
 2190 0871 02       		.byte	2
 2191 0872 5A       		.byte	90
 2192 0873 01       		.byte	1
 2193 0874 64       		.byte	100
 2194 0875 10       		.byte	16
 2195 0876 86       		.byte	-122
 2196 0877 01       		.byte	1
 2197 0878 D4       		.byte	-44
 2198 0879 04       		.byte	4
 2199 087a D6       		.byte	-42
 2200 087b 06       		.byte	6
 2201 087c D8       		.byte	-40
 2202 087d 01       		.byte	1
 2203 087e 87       		.byte	-121
 2204 087f 02       		.byte	2
 2205 0880 A7       		.byte	-89
 2206 0881 02       		.byte	2
 2207 0882 AC       		.byte	-84
 2208 0883 10       		.byte	16
 2209 0884 B3       		.byte	-77
 2210 0885 10       		.byte	16
 2211 0886 E8       		.byte	-24
 2212 0887 04       		.byte	4
 2213 0888 86       		.byte	-122
 2214 0889 40       		.byte	64
 2215 088a 9E       		.byte	-98
 2216 088b 01       		.byte	1
 2217 088c A6       		.byte	-90
 2218 088d 40       		.byte	64
 2219 088e AA       		.byte	-86
 2220 088f 01       		.byte	1
 2221 0890 E6       		.byte	-26
 2222 0891 40       		.byte	64
 2223 0892 E8       		.byte	-24
ARM GAS  C:\Users\zakis\AppData\Local\Temp\ccW47y8C.s 			page 40


 2224 0893 20       		.byte	32
 2225 0894 02       		.byte	2
 2226 0895 01       		.byte	1
 2227 0896 9E       		.byte	-98
 2228 0897 01       		.byte	1
 2229 0898 C0       		.byte	-64
 2230 0899 40       		.byte	64
 2231 089a 50       		.byte	80
 2232 089b 04       		.byte	4
 2233 089c 55       		.byte	85
 2234 089d 02       		.byte	2
 2235 089e 57       		.byte	87
 2236 089f 08       		.byte	8
 2237 08a0 5B       		.byte	91
 2238 08a1 20       		.byte	32
 2239 08a2 5F       		.byte	95
 2240 08a3 04       		.byte	4
 2241 08a4 62       		.byte	98
 2242 08a5 40       		.byte	64
 2243 08a6 63       		.byte	99
 2244 08a7 08       		.byte	8
 2245 08a8 65       		.byte	101
 2246 08a9 01       		.byte	1
 2247 08aa 87       		.byte	-121
 2248 08ab 10       		.byte	16
 2249 08ac 8D       		.byte	-115
 2250 08ad 02       		.byte	2
 2251 08ae D4       		.byte	-44
 2252 08af 07       		.byte	7
 2253 08b0 D6       		.byte	-42
 2254 08b1 07       		.byte	7
 2255 08b2 D8       		.byte	-40
 2256 08b3 03       		.byte	3
 2257 08b4 E4       		.byte	-28
 2258 08b5 08       		.byte	8
 2259 08b6 10       		.byte	16
 2260 08b7 20       		.byte	32
 2261 08b8 73       		.byte	115
 2262 08b9 10       		.byte	16
 2263 08ba 8C       		.byte	-116
 2264 08bb 20       		.byte	32
 2265 08bc 93       		.byte	-109
 2266 08bd 10       		.byte	16
 2267 08be A8       		.byte	-88
 2268 08bf 04       		.byte	4
 2269 08c0 AB       		.byte	-85
 2270 08c1 24       		.byte	36
 2271 08c2 B2       		.byte	-78
 2272 08c3 40       		.byte	64
 2273 08c4 B3       		.byte	-77
 2274 08c5 04       		.byte	4
 2275 08c6 B5       		.byte	-75
 2276 08c7 01       		.byte	1
 2277 08c8 B7       		.byte	-73
 2278 08c9 08       		.byte	8
 2279 08ca C4       		.byte	-60
 2280 08cb 08       		.byte	8
ARM GAS  C:\Users\zakis\AppData\Local\Temp\ccW47y8C.s 			page 41


 2281 08cc DC       		.byte	-36
 2282 08cd 01       		.byte	1
 2283 08ce E6       		.byte	-26
 2284 08cf 08       		.byte	8
 2285 08d0 E8       		.byte	-24
 2286 08d1 08       		.byte	8
 2287 08d2 EC       		.byte	-20
 2288 08d3 07       		.byte	7
 2289 08d4 00       		.byte	0
 2290 08d5 03       		.byte	3
 2291 08d6 0A       		.byte	10
 2292 08d7 01       		.byte	1
 2293 08d8 0C       		.byte	12
 2294 08d9 03       		.byte	3
 2295 08da 0E       		.byte	14
 2296 08db 01       		.byte	1
 2297 08dc 10       		.byte	16
 2298 08dd 03       		.byte	3
 2299 08de 1A       		.byte	26
 2300 08df 03       		.byte	3
 2301 08e0 1C       		.byte	28
 2302 08e1 03       		.byte	3
 2303 08e2 00       		.byte	0
 2304 08e3 3F       		.byte	63
 2305 08e4 04       		.byte	4
 2306 08e5 00       		.byte	0
 2307 08e6 18       		.byte	24
 2308 08e7 04       		.byte	4
 2309 08e8 02       		.byte	2
 2310 08e9 08       		.byte	8
 2311 08ea 00       		.byte	0
 2312 08eb 00       		.byte	0
 2313 08ec 10       		.byte	16
 2314 08ed 00       		.byte	0
 2315 08ee 04       		.byte	4
 2316 08ef 01       		.byte	1
 2317 08f0 00       		.byte	0
 2318 08f1 00       		.byte	0
 2319 08f2 01       		.byte	1
 2320 08f3 01       		.byte	1
 2321 08f4 1C       		.byte	28
 2322 08f5 00       		.byte	0
 2323 08f6 00       		.byte	0
 2324 08f7 10       		.byte	16
 2325 08f8 08       		.byte	8
 2326 08f9 00       		.byte	0
 2327 08fa 04       		.byte	4
 2328 08fb 04       		.byte	4
 2329 08fc 00       		.byte	0
 2330 08fd 00       		.byte	0
 2331 08fe 02       		.byte	2
 2332 08ff 02       		.byte	2
 2333 0900 00       		.byte	0
 2334 0901 08       		.byte	8
 2335 0902 02       		.byte	2
 2336 0903 00       		.byte	0
 2337 0904 00       		.byte	0
ARM GAS  C:\Users\zakis\AppData\Local\Temp\ccW47y8C.s 			page 42


 2338 0905 01       		.byte	1
 2339 0906 02       		.byte	2
 2340 0907 00       		.byte	0
 2341 0908 00       		.byte	0
 2342 0909 00       		.byte	0
 2343 090a 01       		.byte	1
 2344 090b 10       		.byte	16
 2345 090c 1C       		.byte	28
 2346 090d 01       		.byte	1
 2347 090e 00       		.byte	0
 2348 090f 00       		.byte	0
 2349 0910 02       		.byte	2
 2350 0911 08       		.byte	8
 2351 0912 00       		.byte	0
 2352 0913 00       		.byte	0
 2353 0914 01       		.byte	1
 2354 0915 01       		.byte	1
 2355 0916 00       		.byte	0
 2356 0917 08       		.byte	8
 2357 0918 1C       		.byte	28
 2358 0919 06       		.byte	6
 2359 091a 02       		.byte	2
 2360 091b 10       		.byte	16
 2361 091c 00       		.byte	0
 2362 091d 02       		.byte	2
 2363 091e 08       		.byte	8
 2364 091f 00       		.byte	0
 2365 0920 00       		.byte	0
 2366 0921 00       		.byte	0
 2367 0922 41       		.byte	65
 2368 0923 50       		.byte	80
 2369 0924 43       		.byte	67
 2370 0925 06       		.byte	6
 2371 0926 05       		.byte	5
 2372 0927 00       		.byte	0
 2373 0928 02       		.byte	2
 2374 0929 0C       		.byte	12
 2375 092a E0       		.byte	-32
 2376 092b 00       		.byte	0
 2377 092c 09       		.byte	9
 2378 092d FF       		.byte	-1
 2379 092e FF       		.byte	-1
 2380 092f FF       		.byte	-1
 2381 0930 62       		.byte	98
 2382 0931 A0       		.byte	-96
 2383 0932 F0       		.byte	-16
 2384 0933 41       		.byte	65
 2385 0934 0C       		.byte	12
 2386 0935 00       		.byte	0
 2387 0936 00       		.byte	0
 2388 0937 00       		.byte	0
 2389 0938 18       		.byte	24
 2390 0939 00       		.byte	0
 2391 093a 04       		.byte	4
 2392 093b 00       		.byte	0
 2393 093c 04       		.byte	4
 2394 093d 04       		.byte	4
ARM GAS  C:\Users\zakis\AppData\Local\Temp\ccW47y8C.s 			page 43


 2395 093e 04       		.byte	4
 2396 093f 04       		.byte	4
 2397 0940 11       		.byte	17
 2398 0941 11       		.byte	17
 2399 0942 00       		.byte	0
 2400 0943 01       		.byte	1
 2401 0944 00       		.byte	0
 2402 0945 00       		.byte	0
 2403 0946 00       		.byte	0
 2404 0947 00       		.byte	0
 2405 0948 00       		.byte	0
 2406 0949 00       		.byte	0
 2407 094a 40       		.byte	64
 2408 094b 02       		.byte	2
 2409 094c 00       		.byte	0
 2410 094d 10       		.byte	16
 2411 094e 30       		.byte	48
 2412 094f 10       		.byte	16
 2413 0950 00       		.byte	0
 2414 0951 10       		.byte	16
 2415 0952 10       		.byte	16
 2416 0953 12       		.byte	18
 2417 0954 00       		.byte	0
 2418 0955 00       		.byte	0
 2419 0956 00       		.byte	0
 2420 0957 00       		.byte	0
 2421 0958 00       		.byte	0
 2422 0959 00       		.byte	0
 2423 095a 00       		.byte	0
 2424 095b 00       		.byte	0
 2425 095c 00       		.byte	0
 2426 095d 00       		.byte	0
 2427 095e 00       		.byte	0
 2428 095f 00       		.byte	0
 2429 0960 00       		.byte	0
 2430 0961 00       		.byte	0
 2431 0962 00       		.byte	0
 2432 0963 00       		.byte	0
 2433 0964 38       		.byte	56
 2434 0965 C0       		.byte	-64
 2435 0966 C0       		.byte	-64
 2436 0967 00       		.byte	0
 2437 0968 C0       		.byte	-64
 2438 0969 00       		.byte	0
 2439 096a 00       		.byte	0
 2440 096b 00       		.byte	0
 2441 096c 80       		.byte	-128
 2442 096d 00       		.byte	0
 2443 096e 40       		.byte	64
 2444 096f 80       		.byte	-128
 2445 0970 80       		.byte	-128
 2446 0971 00       		.byte	0
 2447 0972 80       		.byte	-128
 2448 0973 00       		.byte	0
 2449 0974 00       		.byte	0
 2450 0975 00       		.byte	0
 2451 0976 00       		.byte	0
ARM GAS  C:\Users\zakis\AppData\Local\Temp\ccW47y8C.s 			page 44


 2452 0977 00       		.byte	0
 2453 0978 00       		.byte	0
 2454 0979 FF       		.byte	-1
 2455 097a FF       		.byte	-1
 2456 097b 00       		.byte	0
 2457 097c FF       		.byte	-1
 2458 097d 00       		.byte	0
 2459 097e 00       		.byte	0
 2460 097f 00       		.byte	0
 2461 0980 00       		.byte	0
 2462 0981 39       		.byte	57
 2463 0982 39       		.byte	57
 2464 0983 00       		.byte	0
 2465 0984 39       		.byte	57
 2466 0985 00       		.byte	0
 2467 0986 00       		.byte	0
 2468 0987 00       		.byte	0
 2469 0988 04       		.byte	4
 2470 0989 20       		.byte	32
 2471 098a 20       		.byte	32
 2472 098b 00       		.byte	0
 2473 098c 00       		.byte	0
 2474 098d 00       		.byte	0
 2475 098e 00       		.byte	0
 2476 098f 00       		.byte	0
 2477              		.section	.cywolatch,"a",%progbits
 2478              		.align	2
 2479              		.type	cy_meta_wonvl, %object
 2480              		.size	cy_meta_wonvl, 4
 2481              	cy_meta_wonvl:
 2482 0000 BC       		.byte	-68
 2483 0001 90       		.byte	-112
 2484 0002 AC       		.byte	-84
 2485 0003 AF       		.byte	-81
 2486              		.section	.cycustnvl,"a",%progbits
 2487              		.align	2
 2488              		.type	cy_meta_custnvl, %object
 2489              		.size	cy_meta_custnvl, 4
 2490              	cy_meta_custnvl:
 2491 0000 00       		.byte	0
 2492 0001 00       		.byte	0
 2493 0002 40       		.byte	64
 2494 0003 07       		.byte	7
 2495              		.section	.cymeta,"a",%progbits
 2496              		.align	2
 2497              		.type	cy_metadata, %object
 2498              		.size	cy_metadata, 12
 2499              	cy_metadata:
 2500 0000 00       		.byte	0
 2501 0001 01       		.byte	1
 2502 0002 2E       		.byte	46
 2503 0003 16       		.byte	22
 2504 0004 10       		.byte	16
 2505 0005 69       		.byte	105
 2506 0006 00       		.byte	0
 2507 0007 01       		.byte	1
 2508 0008 00       		.byte	0
ARM GAS  C:\Users\zakis\AppData\Local\Temp\ccW47y8C.s 			page 45


 2509 0009 00       		.byte	0
 2510 000a 00       		.byte	0
 2511 000b 00       		.byte	0
 2512              		.section	.cyflashprotect,"a",%progbits
 2513              		.align	2
 2514              		.type	cy_meta_flashprotect, %object
 2515              		.size	cy_meta_flashprotect, 256
 2516              	cy_meta_flashprotect:
 2517 0000 00000000 		.space	256
 2517      00000000 
 2517      00000000 
 2517      00000000 
 2517      00000000 
 2518              		.text
 2519              	.Letext0:
 2520              		.file 1 "c:\\program files (x86)\\cypress\\psoc creator\\4.4\\psoc creator\\import\\gnu\\arm\\5.4.
 2521              		.file 2 "c:\\program files (x86)\\cypress\\psoc creator\\4.4\\psoc creator\\import\\gnu\\arm\\5.4.
 2522              		.file 3 "Generated_Source\\PSoC5\\cymetadata.c"
 2523              		.section	.debug_info,"",%progbits
 2524              	.Ldebug_info0:
 2525 0000 35010000 		.4byte	0x135
 2526 0004 0400     		.2byte	0x4
 2527 0006 00000000 		.4byte	.Ldebug_abbrev0
 2528 000a 04       		.byte	0x4
 2529 000b 01       		.uleb128 0x1
 2530 000c 24000000 		.4byte	.LASF17
 2531 0010 0C       		.byte	0xc
 2532 0011 A1010000 		.4byte	.LASF18
 2533 0015 D7000000 		.4byte	.LASF19
 2534 0019 00000000 		.4byte	.Ldebug_line0
 2535 001d 02       		.uleb128 0x2
 2536 001e 01       		.byte	0x1
 2537 001f 06       		.byte	0x6
 2538 0020 95010000 		.4byte	.LASF0
 2539 0024 03       		.uleb128 0x3
 2540 0025 00000000 		.4byte	.LASF9
 2541 0029 01       		.byte	0x1
 2542 002a 1D       		.byte	0x1d
 2543 002b 2F000000 		.4byte	0x2f
 2544 002f 02       		.uleb128 0x2
 2545 0030 01       		.byte	0x1
 2546 0031 08       		.byte	0x8
 2547 0032 16000000 		.4byte	.LASF1
 2548 0036 02       		.uleb128 0x2
 2549 0037 02       		.byte	0x2
 2550 0038 05       		.byte	0x5
 2551 0039 82010000 		.4byte	.LASF2
 2552 003d 02       		.uleb128 0x2
 2553 003e 02       		.byte	0x2
 2554 003f 07       		.byte	0x7
 2555 0040 C4000000 		.4byte	.LASF3
 2556 0044 02       		.uleb128 0x2
 2557 0045 04       		.byte	0x4
 2558 0046 05       		.byte	0x5
 2559 0047 8C010000 		.4byte	.LASF4
 2560 004b 02       		.uleb128 0x2
 2561 004c 04       		.byte	0x4
ARM GAS  C:\Users\zakis\AppData\Local\Temp\ccW47y8C.s 			page 46


 2562 004d 07       		.byte	0x7
 2563 004e B2000000 		.4byte	.LASF5
 2564 0052 02       		.uleb128 0x2
 2565 0053 08       		.byte	0x8
 2566 0054 05       		.byte	0x5
 2567 0055 74010000 		.4byte	.LASF6
 2568 0059 02       		.uleb128 0x2
 2569 005a 08       		.byte	0x8
 2570 005b 07       		.byte	0x7
 2571 005c 29010000 		.4byte	.LASF7
 2572 0060 04       		.uleb128 0x4
 2573 0061 04       		.byte	0x4
 2574 0062 05       		.byte	0x5
 2575 0063 696E7400 		.ascii	"int\000"
 2576 0067 02       		.uleb128 0x2
 2577 0068 04       		.byte	0x4
 2578 0069 07       		.byte	0x7
 2579 006a 1C010000 		.4byte	.LASF8
 2580 006e 03       		.uleb128 0x3
 2581 006f 40010000 		.4byte	.LASF10
 2582 0073 02       		.byte	0x2
 2583 0074 18       		.byte	0x18
 2584 0075 24000000 		.4byte	0x24
 2585 0079 05       		.uleb128 0x5
 2586 007a 91000000 		.4byte	0x91
 2587 007e 8A000000 		.4byte	0x8a
 2588 0082 06       		.uleb128 0x6
 2589 0083 8A000000 		.4byte	0x8a
 2590 0087 8F09     		.2byte	0x98f
 2591 0089 00       		.byte	0
 2592 008a 02       		.uleb128 0x2
 2593 008b 04       		.byte	0x4
 2594 008c 07       		.byte	0x7
 2595 008d 6B010000 		.4byte	.LASF11
 2596 0091 07       		.uleb128 0x7
 2597 0092 6E000000 		.4byte	0x6e
 2598 0096 08       		.uleb128 0x8
 2599 0097 0A010000 		.4byte	.LASF12
 2600 009b 03       		.byte	0x3
 2601 009c 1F       		.byte	0x1f
 2602 009d A7000000 		.4byte	0xa7
 2603 00a1 05       		.uleb128 0x5
 2604 00a2 03       		.byte	0x3
 2605 00a3 00000000 		.4byte	cy_meta_configecc
 2606 00a7 07       		.uleb128 0x7
 2607 00a8 79000000 		.4byte	0x79
 2608 00ac 05       		.uleb128 0x5
 2609 00ad 91000000 		.4byte	0x91
 2610 00b1 BC000000 		.4byte	0xbc
 2611 00b5 09       		.uleb128 0x9
 2612 00b6 8A000000 		.4byte	0x8a
 2613 00ba 03       		.byte	0x3
 2614 00bb 00       		.byte	0
 2615 00bc 0A       		.uleb128 0xa
 2616 00bd FA000000 		.4byte	.LASF13
 2617 00c1 03       		.byte	0x3
 2618 00c2 5E01     		.2byte	0x15e
ARM GAS  C:\Users\zakis\AppData\Local\Temp\ccW47y8C.s 			page 47


 2619 00c4 CE000000 		.4byte	0xce
 2620 00c8 05       		.uleb128 0x5
 2621 00c9 03       		.byte	0x3
 2622 00ca 00000000 		.4byte	cy_meta_custnvl
 2623 00ce 07       		.uleb128 0x7
 2624 00cf AC000000 		.4byte	0xac
 2625 00d3 0A       		.uleb128 0xa
 2626 00d4 5D010000 		.4byte	.LASF14
 2627 00d8 03       		.byte	0x3
 2628 00d9 6C01     		.2byte	0x16c
 2629 00db E5000000 		.4byte	0xe5
 2630 00df 05       		.uleb128 0x5
 2631 00e0 03       		.byte	0x3
 2632 00e1 00000000 		.4byte	cy_meta_wonvl
 2633 00e5 07       		.uleb128 0x7
 2634 00e6 AC000000 		.4byte	0xac
 2635 00ea 05       		.uleb128 0x5
 2636 00eb 91000000 		.4byte	0x91
 2637 00ef FA000000 		.4byte	0xfa
 2638 00f3 09       		.uleb128 0x9
 2639 00f4 8A000000 		.4byte	0x8a
 2640 00f8 FF       		.byte	0xff
 2641 00f9 00       		.byte	0
 2642 00fa 0A       		.uleb128 0xa
 2643 00fb 48010000 		.4byte	.LASF15
 2644 00ff 03       		.byte	0x3
 2645 0100 7A01     		.2byte	0x17a
 2646 0102 0C010000 		.4byte	0x10c
 2647 0106 05       		.uleb128 0x5
 2648 0107 03       		.byte	0x3
 2649 0108 00000000 		.4byte	cy_meta_flashprotect
 2650 010c 07       		.uleb128 0x7
 2651 010d EA000000 		.4byte	0xea
 2652 0111 05       		.uleb128 0x5
 2653 0112 91000000 		.4byte	0x91
 2654 0116 21010000 		.4byte	0x121
 2655 011a 09       		.uleb128 0x9
 2656 011b 8A000000 		.4byte	0x8a
 2657 011f 0B       		.byte	0xb
 2658 0120 00       		.byte	0
 2659 0121 0A       		.uleb128 0xa
 2660 0122 0A000000 		.4byte	.LASF16
 2661 0126 03       		.byte	0x3
 2662 0127 A701     		.2byte	0x1a7
 2663 0129 33010000 		.4byte	0x133
 2664 012d 05       		.uleb128 0x5
 2665 012e 03       		.byte	0x3
 2666 012f 00000000 		.4byte	cy_metadata
 2667 0133 07       		.uleb128 0x7
 2668 0134 11010000 		.4byte	0x111
 2669 0138 00       		.byte	0
 2670              		.section	.debug_abbrev,"",%progbits
 2671              	.Ldebug_abbrev0:
 2672 0000 01       		.uleb128 0x1
 2673 0001 11       		.uleb128 0x11
 2674 0002 01       		.byte	0x1
 2675 0003 25       		.uleb128 0x25
ARM GAS  C:\Users\zakis\AppData\Local\Temp\ccW47y8C.s 			page 48


 2676 0004 0E       		.uleb128 0xe
 2677 0005 13       		.uleb128 0x13
 2678 0006 0B       		.uleb128 0xb
 2679 0007 03       		.uleb128 0x3
 2680 0008 0E       		.uleb128 0xe
 2681 0009 1B       		.uleb128 0x1b
 2682 000a 0E       		.uleb128 0xe
 2683 000b 10       		.uleb128 0x10
 2684 000c 17       		.uleb128 0x17
 2685 000d 00       		.byte	0
 2686 000e 00       		.byte	0
 2687 000f 02       		.uleb128 0x2
 2688 0010 24       		.uleb128 0x24
 2689 0011 00       		.byte	0
 2690 0012 0B       		.uleb128 0xb
 2691 0013 0B       		.uleb128 0xb
 2692 0014 3E       		.uleb128 0x3e
 2693 0015 0B       		.uleb128 0xb
 2694 0016 03       		.uleb128 0x3
 2695 0017 0E       		.uleb128 0xe
 2696 0018 00       		.byte	0
 2697 0019 00       		.byte	0
 2698 001a 03       		.uleb128 0x3
 2699 001b 16       		.uleb128 0x16
 2700 001c 00       		.byte	0
 2701 001d 03       		.uleb128 0x3
 2702 001e 0E       		.uleb128 0xe
 2703 001f 3A       		.uleb128 0x3a
 2704 0020 0B       		.uleb128 0xb
 2705 0021 3B       		.uleb128 0x3b
 2706 0022 0B       		.uleb128 0xb
 2707 0023 49       		.uleb128 0x49
 2708 0024 13       		.uleb128 0x13
 2709 0025 00       		.byte	0
 2710 0026 00       		.byte	0
 2711 0027 04       		.uleb128 0x4
 2712 0028 24       		.uleb128 0x24
 2713 0029 00       		.byte	0
 2714 002a 0B       		.uleb128 0xb
 2715 002b 0B       		.uleb128 0xb
 2716 002c 3E       		.uleb128 0x3e
 2717 002d 0B       		.uleb128 0xb
 2718 002e 03       		.uleb128 0x3
 2719 002f 08       		.uleb128 0x8
 2720 0030 00       		.byte	0
 2721 0031 00       		.byte	0
 2722 0032 05       		.uleb128 0x5
 2723 0033 01       		.uleb128 0x1
 2724 0034 01       		.byte	0x1
 2725 0035 49       		.uleb128 0x49
 2726 0036 13       		.uleb128 0x13
 2727 0037 01       		.uleb128 0x1
 2728 0038 13       		.uleb128 0x13
 2729 0039 00       		.byte	0
 2730 003a 00       		.byte	0
 2731 003b 06       		.uleb128 0x6
 2732 003c 21       		.uleb128 0x21
ARM GAS  C:\Users\zakis\AppData\Local\Temp\ccW47y8C.s 			page 49


 2733 003d 00       		.byte	0
 2734 003e 49       		.uleb128 0x49
 2735 003f 13       		.uleb128 0x13
 2736 0040 2F       		.uleb128 0x2f
 2737 0041 05       		.uleb128 0x5
 2738 0042 00       		.byte	0
 2739 0043 00       		.byte	0
 2740 0044 07       		.uleb128 0x7
 2741 0045 26       		.uleb128 0x26
 2742 0046 00       		.byte	0
 2743 0047 49       		.uleb128 0x49
 2744 0048 13       		.uleb128 0x13
 2745 0049 00       		.byte	0
 2746 004a 00       		.byte	0
 2747 004b 08       		.uleb128 0x8
 2748 004c 34       		.uleb128 0x34
 2749 004d 00       		.byte	0
 2750 004e 03       		.uleb128 0x3
 2751 004f 0E       		.uleb128 0xe
 2752 0050 3A       		.uleb128 0x3a
 2753 0051 0B       		.uleb128 0xb
 2754 0052 3B       		.uleb128 0x3b
 2755 0053 0B       		.uleb128 0xb
 2756 0054 49       		.uleb128 0x49
 2757 0055 13       		.uleb128 0x13
 2758 0056 3F       		.uleb128 0x3f
 2759 0057 19       		.uleb128 0x19
 2760 0058 02       		.uleb128 0x2
 2761 0059 18       		.uleb128 0x18
 2762 005a 00       		.byte	0
 2763 005b 00       		.byte	0
 2764 005c 09       		.uleb128 0x9
 2765 005d 21       		.uleb128 0x21
 2766 005e 00       		.byte	0
 2767 005f 49       		.uleb128 0x49
 2768 0060 13       		.uleb128 0x13
 2769 0061 2F       		.uleb128 0x2f
 2770 0062 0B       		.uleb128 0xb
 2771 0063 00       		.byte	0
 2772 0064 00       		.byte	0
 2773 0065 0A       		.uleb128 0xa
 2774 0066 34       		.uleb128 0x34
 2775 0067 00       		.byte	0
 2776 0068 03       		.uleb128 0x3
 2777 0069 0E       		.uleb128 0xe
 2778 006a 3A       		.uleb128 0x3a
 2779 006b 0B       		.uleb128 0xb
 2780 006c 3B       		.uleb128 0x3b
 2781 006d 05       		.uleb128 0x5
 2782 006e 49       		.uleb128 0x49
 2783 006f 13       		.uleb128 0x13
 2784 0070 3F       		.uleb128 0x3f
 2785 0071 19       		.uleb128 0x19
 2786 0072 02       		.uleb128 0x2
 2787 0073 18       		.uleb128 0x18
 2788 0074 00       		.byte	0
 2789 0075 00       		.byte	0
ARM GAS  C:\Users\zakis\AppData\Local\Temp\ccW47y8C.s 			page 50


 2790 0076 00       		.byte	0
 2791              		.section	.debug_aranges,"",%progbits
 2792 0000 14000000 		.4byte	0x14
 2793 0004 0200     		.2byte	0x2
 2794 0006 00000000 		.4byte	.Ldebug_info0
 2795 000a 04       		.byte	0x4
 2796 000b 00       		.byte	0
 2797 000c 0000     		.2byte	0
 2798 000e 0000     		.2byte	0
 2799 0010 00000000 		.4byte	0
 2800 0014 00000000 		.4byte	0
 2801              		.section	.debug_line,"",%progbits
 2802              	.Ldebug_line0:
 2803 0000 3D010000 		.section	.debug_str,"MS",%progbits,1
 2803      02003701 
 2803      00000201 
 2803      FB0E0D00 
 2803      01010101 
 2804              	.LASF9:
 2805 0000 5F5F7569 		.ascii	"__uint8_t\000"
 2805      6E74385F 
 2805      7400
 2806              	.LASF16:
 2807 000a 63795F6D 		.ascii	"cy_metadata\000"
 2807      65746164 
 2807      61746100 
 2808              	.LASF1:
 2809 0016 756E7369 		.ascii	"unsigned char\000"
 2809      676E6564 
 2809      20636861 
 2809      7200
 2810              	.LASF17:
 2811 0024 474E5520 		.ascii	"GNU C11 5.4.1 20160609 (release) [ARM/embedded-5-br"
 2811      43313120 
 2811      352E342E 
 2811      31203230 
 2811      31363036 
 2812 0057 616E6368 		.ascii	"anch revision 237715] -mcpu=cortex-m3 -mthumb -g -O"
 2812      20726576 
 2812      6973696F 
 2812      6E203233 
 2812      37373135 
 2813 008a 67202D66 		.ascii	"g -ffunction-sections -ffat-lto-objects\000"
 2813      66756E63 
 2813      74696F6E 
 2813      2D736563 
 2813      74696F6E 
 2814              	.LASF5:
 2815 00b2 6C6F6E67 		.ascii	"long unsigned int\000"
 2815      20756E73 
 2815      69676E65 
 2815      6420696E 
 2815      7400
 2816              	.LASF3:
 2817 00c4 73686F72 		.ascii	"short unsigned int\000"
 2817      7420756E 
 2817      7369676E 
ARM GAS  C:\Users\zakis\AppData\Local\Temp\ccW47y8C.s 			page 51


 2817      65642069 
 2817      6E7400
 2818              	.LASF19:
 2819 00d7 433A5C55 		.ascii	"C:\\Users\\zakis\\Desktop\\RG\\RG.cydsn\000"
 2819      73657273 
 2819      5C7A616B 
 2819      69735C44 
 2819      65736B74 
 2820              	.LASF13:
 2821 00fa 63795F6D 		.ascii	"cy_meta_custnvl\000"
 2821      6574615F 
 2821      63757374 
 2821      6E766C00 
 2822              	.LASF12:
 2823 010a 63795F6D 		.ascii	"cy_meta_configecc\000"
 2823      6574615F 
 2823      636F6E66 
 2823      69676563 
 2823      6300
 2824              	.LASF8:
 2825 011c 756E7369 		.ascii	"unsigned int\000"
 2825      676E6564 
 2825      20696E74 
 2825      00
 2826              	.LASF7:
 2827 0129 6C6F6E67 		.ascii	"long long unsigned int\000"
 2827      206C6F6E 
 2827      6720756E 
 2827      7369676E 
 2827      65642069 
 2828              	.LASF10:
 2829 0140 75696E74 		.ascii	"uint8_t\000"
 2829      385F7400 
 2830              	.LASF15:
 2831 0148 63795F6D 		.ascii	"cy_meta_flashprotect\000"
 2831      6574615F 
 2831      666C6173 
 2831      6870726F 
 2831      74656374 
 2832              	.LASF14:
 2833 015d 63795F6D 		.ascii	"cy_meta_wonvl\000"
 2833      6574615F 
 2833      776F6E76 
 2833      6C00
 2834              	.LASF11:
 2835 016b 73697A65 		.ascii	"sizetype\000"
 2835      74797065 
 2835      00
 2836              	.LASF6:
 2837 0174 6C6F6E67 		.ascii	"long long int\000"
 2837      206C6F6E 
 2837      6720696E 
 2837      7400
 2838              	.LASF2:
 2839 0182 73686F72 		.ascii	"short int\000"
 2839      7420696E 
 2839      7400
ARM GAS  C:\Users\zakis\AppData\Local\Temp\ccW47y8C.s 			page 52


 2840              	.LASF4:
 2841 018c 6C6F6E67 		.ascii	"long int\000"
 2841      20696E74 
 2841      00
 2842              	.LASF0:
 2843 0195 7369676E 		.ascii	"signed char\000"
 2843      65642063 
 2843      68617200 
 2844              	.LASF18:
 2845 01a1 47656E65 		.ascii	"Generated_Source\\PSoC5\\cymetadata.c\000"
 2845      72617465 
 2845      645F536F 
 2845      75726365 
 2845      5C50536F 
 2846              		.ident	"GCC: (GNU Tools for ARM Embedded Processors) 5.4.1 20160609 (release) [ARM/embedded-5-bran
