ARM GAS  C:\Users\zakis\AppData\Local\Temp\ccrYraVp.s 			page 1


   1              		.syntax unified
   2              		.cpu cortex-m3
   3              		.fpu softvfp
   4              		.eabi_attribute 20, 1
   5              		.eabi_attribute 21, 1
   6              		.eabi_attribute 23, 3
   7              		.eabi_attribute 24, 1
   8              		.eabi_attribute 25, 1
   9              		.eabi_attribute 26, 1
  10              		.eabi_attribute 30, 1
  11              		.eabi_attribute 34, 1
  12              		.eabi_attribute 18, 4
  13              		.thumb
  14              		.syntax unified
  15              		.file	"ErikaOS_eecfg.c"
  16              		.text
  17              	.Ltext0:
  18              		.cfi_sections	.debug_frame
  19              		.global	EE_oo_autostart_task_data
  20              		.comm	EE_ApplicationMode,4,4
  21              		.global	EE_oo_action_ROM
  22              		.comm	EE_oo_counter_object_RAM,48,4
  23              		.global	EE_oo_counter_object_ROM
  24              		.global	EE_ALARM_ID
  25              		.global	EE_ALARM_NAME
  26              		.global	EE_alarm_ROM
  27              		.global	EE_counter_RAM
  28              		.global	EE_counter_ROM
  29              		.global	EE_th_is_extended
  30              		.global	EE_th_waswaiting
  31              		.global	EE_th_event_waitmask
  32              		.global	EE_th_event_active
  33              		.global	EE_th_terminate_nextask
  34              		.global	EE_rq_free
  35              		.comm	EE_rq_pairs_tid,24,4
  36              		.global	EE_rq_pairs_next
  37              		.global	EE_rq_link
  38              		.global	EE_th_rnact_max
  39              		.global	EE_th_rnact
  40              		.global	EE_rq_bitmask
  41              		.global	EE_rq_queues_tail
  42              		.global	EE_rq_queues_head
  43              		.global	EE_sys_ceiling
  44              		.global	EE_stkfirst
  45              		.global	EE_th_next
  46              		.global	EE_th_status
  47              		.global	EE_th_dispatch_prio
  48              		.global	EE_EVENT_ID
  49              		.global	EE_EVENT_NAME
  50              		.global	EE_TASK_NAME
  51              		.global	EE_th_ready_prio
  52              		.global	EE_terminate_real_th_body
  53              		.comm	EE_terminate_data,24,4
  54              		.global	EE_hal_thread_body
  55              		.global	EE_cortex_mx_IRQ_tos
  56              		.global	EE_cortex_mx_active_tos
  57              		.global	EE_cortex_mx_system_tos
ARM GAS  C:\Users\zakis\AppData\Local\Temp\ccrYraVp.s 			page 2


  58              		.global	EE_std_thread_tos
  59              		.comm	EE_cortex_mx_stack_9,512,4
  60              		.comm	EE_cortex_mx_stack_3,2000,4
  61              		.section	.rodata
  62              		.align	2
  63              		.type	EE_oo_autostart_task_data, %object
  64              		.size	EE_oo_autostart_task_data, 8
  65              	EE_oo_autostart_task_data:
  66 0000 01000000 		.word	1
  67 0004 08000000 		.word	EE_oo_autostart_task_mode_OSDEFAULTAPPMODE
  68              		.type	EE_oo_autostart_task_mode_OSDEFAULTAPPMODE, %object
  69              		.size	EE_oo_autostart_task_mode_OSDEFAULTAPPMODE, 4
  70              	EE_oo_autostart_task_mode_OSDEFAULTAPPMODE:
  71 0008 00000000 		.space	4
  72              		.type	EE_oo_action_ROM, %object
  73              		.size	EE_oo_action_ROM, 60
  74              	EE_oo_action_ROM:
  75 000c 00       		.byte	0
  76 000d 000000   		.space	3
  77 0010 03000000 		.word	3
  78 0014 00000000 		.word	0
  79 0018 00000000 		.word	0
  80 001c FFFFFFFF 		.word	-1
  81 0020 00       		.byte	0
  82 0021 000000   		.space	3
  83 0024 04000000 		.word	4
  84 0028 00000000 		.word	0
  85 002c 00000000 		.word	0
  86 0030 FFFFFFFF 		.word	-1
  87 0034 00       		.byte	0
  88 0035 000000   		.space	3
  89 0038 05000000 		.word	5
  90 003c 00000000 		.word	0
  91 0040 00000000 		.word	0
  92 0044 FFFFFFFF 		.word	-1
  93              		.type	EE_oo_counter_object_ROM, %object
  94              		.size	EE_oo_counter_object_ROM, 36
  95              	EE_oo_counter_object_ROM:
  96 0048 00000000 		.word	0
  97 004c 00000000 		.word	0
  98 0050 00       		.byte	0
  99 0051 000000   		.space	3
 100 0054 00000000 		.word	0
 101 0058 01000000 		.word	1
 102 005c 00       		.byte	0
 103 005d 000000   		.space	3
 104 0060 00000000 		.word	0
 105 0064 02000000 		.word	2
 106 0068 00       		.byte	0
 107 0069 000000   		.space	3
 108              		.type	EE_ALARM_ID, %object
 109              		.size	EE_ALARM_ID, 12
 110              	EE_ALARM_ID:
 111 006c 00000000 		.word	0
 112 0070 01000000 		.word	1
 113 0074 02000000 		.word	2
 114              		.type	EE_alarm_ROM, %object
ARM GAS  C:\Users\zakis\AppData\Local\Temp\ccrYraVp.s 			page 3


 115              		.size	EE_alarm_ROM, 12
 116              	EE_alarm_ROM:
 117 0078 00000000 		.word	0
 118 007c 01000000 		.word	1
 119 0080 02000000 		.word	2
 120              		.type	EE_counter_ROM, %object
 121              		.size	EE_counter_ROM, 12
 122              	EE_counter_ROM:
 123 0084 10270000 		.word	10000
 124 0088 01000000 		.word	1
 125 008c 01000000 		.word	1
 126              		.type	EE_th_is_extended, %object
 127              		.size	EE_th_is_extended, 24
 128              	EE_th_is_extended:
 129 0090 00000000 		.word	0
 130 0094 00000000 		.word	0
 131 0098 01000000 		.word	1
 132 009c 00000000 		.word	0
 133 00a0 00000000 		.word	0
 134 00a4 00000000 		.word	0
 135              		.type	EE_th_rnact_max, %object
 136              		.size	EE_th_rnact_max, 24
 137              	EE_th_rnact_max:
 138 00a8 01000000 		.word	1
 139 00ac 01000000 		.word	1
 140 00b0 01000000 		.word	1
 141 00b4 01000000 		.word	1
 142 00b8 01000000 		.word	1
 143 00bc 01000000 		.word	1
 144              		.type	EE_th_dispatch_prio, %object
 145              		.size	EE_th_dispatch_prio, 24
 146              	EE_th_dispatch_prio:
 147 00c0 80000000 		.word	128
 148 00c4 02000000 		.word	2
 149 00c8 20000000 		.word	32
 150 00cc 04000000 		.word	4
 151 00d0 08000000 		.word	8
 152 00d4 10000000 		.word	16
 153              		.type	EE_EVENT_ID, %object
 154              		.size	EE_EVENT_ID, 24
 155              	EE_EVENT_ID:
 156 00d8 01000000 		.word	1
 157 00dc 02000000 		.word	2
 158 00e0 04000000 		.word	4
 159 00e4 08000000 		.word	8
 160 00e8 10000000 		.word	16
 161 00ec 20000000 		.word	32
 162              		.type	EE_th_ready_prio, %object
 163              		.size	EE_th_ready_prio, 24
 164              	EE_th_ready_prio:
 165 00f0 01000000 		.word	1
 166 00f4 02000000 		.word	2
 167 00f8 20000000 		.word	32
 168 00fc 04000000 		.word	4
 169 0100 08000000 		.word	8
 170 0104 10000000 		.word	16
 171              		.type	EE_terminate_real_th_body, %object
ARM GAS  C:\Users\zakis\AppData\Local\Temp\ccrYraVp.s 			page 4


 172              		.size	EE_terminate_real_th_body, 24
 173              	EE_terminate_real_th_body:
 174 0108 00000000 		.word	Functsk_auto
 175 010c 00000000 		.word	Functsk_background
 176 0110 00000000 		.word	Functsk_reactionGame
 177 0114 00000000 		.word	Functsk_fader
 178 0118 00000000 		.word	Functsk_glower
 179 011c 00000000 		.word	Functsk_sevenSegment
 180              		.type	EE_hal_thread_body, %object
 181              		.size	EE_hal_thread_body, 24
 182              	EE_hal_thread_body:
 183 0120 00000000 		.word	EE_oo_thread_stub
 184 0124 00000000 		.word	EE_oo_thread_stub
 185 0128 00000000 		.word	EE_oo_thread_stub
 186 012c 00000000 		.word	EE_oo_thread_stub
 187 0130 00000000 		.word	EE_oo_thread_stub
 188 0134 00000000 		.word	EE_oo_thread_stub
 189              		.type	EE_std_thread_tos, %object
 190              		.size	EE_std_thread_tos, 28
 191              	EE_std_thread_tos:
 192 0138 00000000 		.word	0
 193 013c 00000000 		.word	0
 194 0140 00000000 		.word	0
 195 0144 01000000 		.word	1
 196 0148 00000000 		.word	0
 197 014c 00000000 		.word	0
 198 0150 00000000 		.word	0
 199              		.data
 200              		.align	2
 201              		.type	EE_ALARM_NAME, %object
 202              		.size	EE_ALARM_NAME, 12
 203              	EE_ALARM_NAME:
 204 0000 00000000 		.word	.LC0
 205 0004 0C000000 		.word	.LC1
 206 0008 18000000 		.word	.LC2
 207              		.type	EE_counter_RAM, %object
 208              		.size	EE_counter_RAM, 8
 209              	EE_counter_RAM:
 210 000c 00000000 		.word	0
 211 0010 FFFFFFFF 		.word	-1
 212              		.type	EE_th_terminate_nextask, %object
 213              		.size	EE_th_terminate_nextask, 24
 214              	EE_th_terminate_nextask:
 215 0014 FFFFFFFF 		.word	-1
 216 0018 FFFFFFFF 		.word	-1
 217 001c FFFFFFFF 		.word	-1
 218 0020 FFFFFFFF 		.word	-1
 219 0024 FFFFFFFF 		.word	-1
 220 0028 FFFFFFFF 		.word	-1
 221              		.type	EE_rq_pairs_next, %object
 222              		.size	EE_rq_pairs_next, 24
 223              	EE_rq_pairs_next:
 224 002c 01000000 		.word	1
 225 0030 02000000 		.word	2
 226 0034 03000000 		.word	3
 227 0038 04000000 		.word	4
 228 003c 05000000 		.word	5
ARM GAS  C:\Users\zakis\AppData\Local\Temp\ccrYraVp.s 			page 5


 229 0040 FFFFFFFF 		.word	-1
 230              		.type	EE_rq_link, %object
 231              		.size	EE_rq_link, 24
 232              	EE_rq_link:
 233 0044 00000000 		.word	0
 234 0048 01000000 		.word	1
 235 004c 05000000 		.word	5
 236 0050 02000000 		.word	2
 237 0054 03000000 		.word	3
 238 0058 04000000 		.word	4
 239              		.type	EE_th_rnact, %object
 240              		.size	EE_th_rnact, 24
 241              	EE_th_rnact:
 242 005c 01000000 		.word	1
 243 0060 01000000 		.word	1
 244 0064 01000000 		.word	1
 245 0068 01000000 		.word	1
 246 006c 01000000 		.word	1
 247 0070 01000000 		.word	1
 248              		.type	EE_rq_queues_tail, %object
 249              		.size	EE_rq_queues_tail, 64
 250              	EE_rq_queues_tail:
 251 0074 FFFFFFFF 		.word	-1
 252 0078 FFFFFFFF 		.word	-1
 253 007c FFFFFFFF 		.word	-1
 254 0080 FFFFFFFF 		.word	-1
 255 0084 FFFFFFFF 		.word	-1
 256 0088 FFFFFFFF 		.word	-1
 257 008c FFFFFFFF 		.word	-1
 258 0090 FFFFFFFF 		.word	-1
 259 0094 FFFFFFFF 		.word	-1
 260 0098 FFFFFFFF 		.word	-1
 261 009c FFFFFFFF 		.word	-1
 262 00a0 FFFFFFFF 		.word	-1
 263 00a4 FFFFFFFF 		.word	-1
 264 00a8 FFFFFFFF 		.word	-1
 265 00ac FFFFFFFF 		.word	-1
 266 00b0 FFFFFFFF 		.word	-1
 267              		.type	EE_rq_queues_head, %object
 268              		.size	EE_rq_queues_head, 64
 269              	EE_rq_queues_head:
 270 00b4 FFFFFFFF 		.word	-1
 271 00b8 FFFFFFFF 		.word	-1
 272 00bc FFFFFFFF 		.word	-1
 273 00c0 FFFFFFFF 		.word	-1
 274 00c4 FFFFFFFF 		.word	-1
 275 00c8 FFFFFFFF 		.word	-1
 276 00cc FFFFFFFF 		.word	-1
 277 00d0 FFFFFFFF 		.word	-1
 278 00d4 FFFFFFFF 		.word	-1
 279 00d8 FFFFFFFF 		.word	-1
 280 00dc FFFFFFFF 		.word	-1
 281 00e0 FFFFFFFF 		.word	-1
 282 00e4 FFFFFFFF 		.word	-1
 283 00e8 FFFFFFFF 		.word	-1
 284 00ec FFFFFFFF 		.word	-1
 285 00f0 FFFFFFFF 		.word	-1
ARM GAS  C:\Users\zakis\AppData\Local\Temp\ccrYraVp.s 			page 6


 286              		.type	EE_stkfirst, %object
 287              		.size	EE_stkfirst, 4
 288              	EE_stkfirst:
 289 00f4 FFFFFFFF 		.word	-1
 290              		.type	EE_th_next, %object
 291              		.size	EE_th_next, 24
 292              	EE_th_next:
 293 00f8 FFFFFFFF 		.word	-1
 294 00fc FFFFFFFF 		.word	-1
 295 0100 FFFFFFFF 		.word	-1
 296 0104 FFFFFFFF 		.word	-1
 297 0108 FFFFFFFF 		.word	-1
 298 010c FFFFFFFF 		.word	-1
 299              		.type	EE_th_status, %object
 300              		.size	EE_th_status, 24
 301              	EE_th_status:
 302 0110 03000000 		.word	3
 303 0114 03000000 		.word	3
 304 0118 03000000 		.word	3
 305 011c 03000000 		.word	3
 306 0120 03000000 		.word	3
 307 0124 03000000 		.word	3
 308              		.type	EE_EVENT_NAME, %object
 309              		.size	EE_EVENT_NAME, 24
 310              	EE_EVENT_NAME:
 311 0128 24000000 		.word	.LC3
 312 012c 34000000 		.word	.LC4
 313 0130 4C000000 		.word	.LC5
 314 0134 64000000 		.word	.LC6
 315 0138 7C000000 		.word	.LC7
 316 013c 94000000 		.word	.LC8
 317              		.type	EE_TASK_NAME, %object
 318              		.size	EE_TASK_NAME, 24
 319              	EE_TASK_NAME:
 320 0140 A4000000 		.word	.LC9
 321 0144 B0000000 		.word	.LC10
 322 0148 C0000000 		.word	.LC11
 323 014c D4000000 		.word	.LC12
 324 0150 E0000000 		.word	.LC13
 325 0154 EC000000 		.word	.LC14
 326              		.type	EE_cortex_mx_IRQ_tos, %object
 327              		.size	EE_cortex_mx_IRQ_tos, 4
 328              	EE_cortex_mx_IRQ_tos:
 329 0158 00020000 		.word	EE_cortex_mx_stack_9+512
 330              		.type	EE_cortex_mx_system_tos, %object
 331              		.size	EE_cortex_mx_system_tos, 8
 332              	EE_cortex_mx_system_tos:
 333 015c 00000000 		.word	0
 334 0160 A8070000 		.word	EE_cortex_mx_stack_3+1960
 335              		.section	.rodata.str1.4,"aMS",%progbits,1
 336              		.align	2
 337              	.LC0:
 338 0000 616C726D 		.ascii	"alrm_fader\000"
 338      5F666164 
 338      657200
 339 000b 00       		.space	1
 340              	.LC1:
ARM GAS  C:\Users\zakis\AppData\Local\Temp\ccrYraVp.s 			page 7


 341 000c 616C726D 		.ascii	"alrm_glower\000"
 341      5F676C6F 
 341      77657200 
 342              	.LC2:
 343 0018 616C726D 		.ascii	"alrm_seven\000"
 343      5F736576 
 343      656E00
 344 0023 00       		.space	1
 345              	.LC3:
 346 0024 65765F73 		.ascii	"ev_start_round\000"
 346      74617274 
 346      5F726F75 
 346      6E6400
 347 0033 00       		.space	1
 348              	.LC4:
 349 0034 65765F73 		.ascii	"ev_start_calculation\000"
 349      74617274 
 349      5F63616C 
 349      63756C61 
 349      74696F6E 
 350 0049 000000   		.space	3
 351              	.LC5:
 352 004c 65765F73 		.ascii	"ev_stop_calc_correct\000"
 352      746F705F 
 352      63616C63 
 352      5F636F72 
 352      72656374 
 353 0061 000000   		.space	3
 354              	.LC6:
 355 0064 65765F73 		.ascii	"ev_stop_calc_incorrect\000"
 355      746F705F 
 355      63616C63 
 355      5F696E63 
 355      6F727265 
 356 007b 00       		.space	1
 357              	.LC7:
 358 007c 65765F73 		.ascii	"ev_stop_calc_timeout\000"
 358      746F705F 
 358      63616C63 
 358      5F74696D 
 358      656F7574 
 359 0091 000000   		.space	3
 360              	.LC8:
 361 0094 65765F72 		.ascii	"ev_restart_game\000"
 361      65737461 
 361      72745F67 
 361      616D6500 
 362              	.LC9:
 363 00a4 74736B5F 		.ascii	"tsk_auto\000"
 363      6175746F 
 363      00
 364 00ad 000000   		.space	3
 365              	.LC10:
 366 00b0 74736B5F 		.ascii	"tsk_background\000"
 366      6261636B 
 366      67726F75 
 366      6E6400
ARM GAS  C:\Users\zakis\AppData\Local\Temp\ccrYraVp.s 			page 8


 367 00bf 00       		.space	1
 368              	.LC11:
 369 00c0 74736B5F 		.ascii	"tsk_reactionGame\000"
 369      72656163 
 369      74696F6E 
 369      47616D65 
 369      00
 370 00d1 000000   		.space	3
 371              	.LC12:
 372 00d4 74736B5F 		.ascii	"tsk_fader\000"
 372      66616465 
 372      7200
 373 00de 0000     		.space	2
 374              	.LC13:
 375 00e0 74736B5F 		.ascii	"tsk_glower\000"
 375      676C6F77 
 375      657200
 376 00eb 00       		.space	1
 377              	.LC14:
 378 00ec 74736B5F 		.ascii	"tsk_sevenSegment\000"
 378      73657665 
 378      6E536567 
 378      6D656E74 
 378      00
 379              		.bss
 380              		.align	2
 381              		.type	EE_th_waswaiting, %object
 382              		.size	EE_th_waswaiting, 24
 383              	EE_th_waswaiting:
 384 0000 00000000 		.space	24
 384      00000000 
 384      00000000 
 384      00000000 
 384      00000000 
 385              		.type	EE_th_event_waitmask, %object
 386              		.size	EE_th_event_waitmask, 24
 387              	EE_th_event_waitmask:
 388 0018 00000000 		.space	24
 388      00000000 
 388      00000000 
 388      00000000 
 388      00000000 
 389              		.type	EE_th_event_active, %object
 390              		.size	EE_th_event_active, 24
 391              	EE_th_event_active:
 392 0030 00000000 		.space	24
 392      00000000 
 392      00000000 
 392      00000000 
 392      00000000 
 393              		.type	EE_rq_free, %object
 394              		.size	EE_rq_free, 4
 395              	EE_rq_free:
 396 0048 00000000 		.space	4
 397              		.type	EE_rq_bitmask, %object
 398              		.size	EE_rq_bitmask, 2
 399              	EE_rq_bitmask:
ARM GAS  C:\Users\zakis\AppData\Local\Temp\ccrYraVp.s 			page 9


 400 004c 0000     		.space	2
 401 004e 0000     		.space	2
 402              		.type	EE_sys_ceiling, %object
 403              		.size	EE_sys_ceiling, 4
 404              	EE_sys_ceiling:
 405 0050 00000000 		.space	4
 406              		.type	EE_cortex_mx_active_tos, %object
 407              		.size	EE_cortex_mx_active_tos, 4
 408              	EE_cortex_mx_active_tos:
 409 0054 00000000 		.space	4
 410              		.text
 411              	.Letext0:
 412              		.file 1 "Generated_Source\\PSoC5\\ErikaOS_common_ee_types.inc"
 413              		.file 2 "Generated_Source\\PSoC5\\ErikaOS_cortex_mx_ee_cpu.inc"
 414              		.file 3 "Generated_Source\\PSoC5\\ErikaOS_ee_oo_common.inc"
 415              		.file 4 "Generated_Source\\PSoC5\\ErikaOS_common_ee_hal_structs.inc"
 416              		.file 5 "Generated_Source\\PSoC5\\ErikaOS_eecfg.c"
 417              		.file 6 "Generated_Source\\PSoC5\\ErikaOS_ee_oo_intfunc.inc"
 418              		.file 7 "Generated_Source\\PSoC5\\ErikaOS_cortex_mx_ee_context.inc"
 419              		.file 8 "Generated_Source\\PSoC5\\ErikaOS_common_ee_primitives.inc"
 420              		.section	.debug_info,"",%progbits
 421              	.Ldebug_info0:
 422 0000 A3080000 		.4byte	0x8a3
 423 0004 0400     		.2byte	0x4
 424 0006 00000000 		.4byte	.Ldebug_abbrev0
 425 000a 04       		.byte	0x4
 426 000b 01       		.uleb128 0x1
 427 000c 1F050000 		.4byte	.LASF112
 428 0010 0C       		.byte	0xc
 429 0011 7B000000 		.4byte	.LASF113
 430 0015 16040000 		.4byte	.LASF114
 431 0019 00000000 		.4byte	.Ldebug_line0
 432 001d 02       		.uleb128 0x2
 433 001e 01       		.byte	0x1
 434 001f 06       		.byte	0x6
 435 0020 36010000 		.4byte	.LASF0
 436 0024 02       		.uleb128 0x2
 437 0025 01       		.byte	0x1
 438 0026 08       		.byte	0x8
 439 0027 82040000 		.4byte	.LASF1
 440 002b 02       		.uleb128 0x2
 441 002c 02       		.byte	0x2
 442 002d 05       		.byte	0x5
 443 002e C7040000 		.4byte	.LASF2
 444 0032 02       		.uleb128 0x2
 445 0033 02       		.byte	0x2
 446 0034 07       		.byte	0x7
 447 0035 9A020000 		.4byte	.LASF3
 448 0039 02       		.uleb128 0x2
 449 003a 04       		.byte	0x4
 450 003b 05       		.byte	0x5
 451 003c BD010000 		.4byte	.LASF4
 452 0040 02       		.uleb128 0x2
 453 0041 04       		.byte	0x4
 454 0042 07       		.byte	0x7
 455 0043 58020000 		.4byte	.LASF5
 456 0047 02       		.uleb128 0x2
ARM GAS  C:\Users\zakis\AppData\Local\Temp\ccrYraVp.s 			page 10


 457 0048 08       		.byte	0x8
 458 0049 05       		.byte	0x5
 459 004a 28010000 		.4byte	.LASF6
 460 004e 02       		.uleb128 0x2
 461 004f 08       		.byte	0x8
 462 0050 07       		.byte	0x7
 463 0051 5E000000 		.4byte	.LASF7
 464 0055 03       		.uleb128 0x3
 465 0056 04       		.byte	0x4
 466 0057 05       		.byte	0x5
 467 0058 696E7400 		.ascii	"int\000"
 468 005c 02       		.uleb128 0x2
 469 005d 04       		.byte	0x4
 470 005e 07       		.byte	0x7
 471 005f 20020000 		.4byte	.LASF8
 472 0063 02       		.uleb128 0x2
 473 0064 08       		.byte	0x8
 474 0065 04       		.byte	0x4
 475 0066 AD030000 		.4byte	.LASF9
 476 006a 04       		.uleb128 0x4
 477 006b 4F040000 		.4byte	.LASF10
 478 006f 01       		.byte	0x1
 479 0070 52       		.byte	0x52
 480 0071 32000000 		.4byte	0x32
 481 0075 04       		.uleb128 0x4
 482 0076 28070000 		.4byte	.LASF11
 483 007a 01       		.byte	0x1
 484 007b 53       		.byte	0x53
 485 007c 55000000 		.4byte	0x55
 486 0080 04       		.uleb128 0x4
 487 0081 1E070000 		.4byte	.LASF12
 488 0085 01       		.byte	0x1
 489 0086 54       		.byte	0x54
 490 0087 5C000000 		.4byte	0x5c
 491 008b 04       		.uleb128 0x4
 492 008c 73070000 		.4byte	.LASF13
 493 0090 01       		.byte	0x1
 494 0091 64       		.byte	0x64
 495 0092 96000000 		.4byte	0x96
 496 0096 05       		.uleb128 0x5
 497 0097 04       		.byte	0x4
 498 0098 06       		.uleb128 0x6
 499 0099 04       		.byte	0x4
 500 009a 9E000000 		.4byte	0x9e
 501 009e 07       		.uleb128 0x7
 502 009f 04       		.uleb128 0x4
 503 00a0 30030000 		.4byte	.LASF14
 504 00a4 01       		.byte	0x1
 505 00a5 70       		.byte	0x70
 506 00a6 98000000 		.4byte	0x98
 507 00aa 04       		.uleb128 0x4
 508 00ab B9050000 		.4byte	.LASF15
 509 00af 01       		.byte	0x1
 510 00b0 73       		.byte	0x73
 511 00b1 98000000 		.4byte	0x98
 512 00b5 04       		.uleb128 0x4
 513 00b6 2D020000 		.4byte	.LASF16
ARM GAS  C:\Users\zakis\AppData\Local\Temp\ccrYraVp.s 			page 11


 514 00ba 02       		.byte	0x2
 515 00bb 4D       		.byte	0x4d
 516 00bc 80000000 		.4byte	0x80
 517 00c0 04       		.uleb128 0x4
 518 00c1 CF030000 		.4byte	.LASF17
 519 00c5 02       		.byte	0x2
 520 00c6 4E       		.byte	0x4e
 521 00c7 75000000 		.4byte	0x75
 522 00cb 04       		.uleb128 0x4
 523 00cc 8D070000 		.4byte	.LASF18
 524 00d0 02       		.byte	0x2
 525 00d1 4F       		.byte	0x4f
 526 00d2 80000000 		.4byte	0x80
 527 00d6 04       		.uleb128 0x4
 528 00d7 3D000000 		.4byte	.LASF19
 529 00db 02       		.byte	0x2
 530 00dc 54       		.byte	0x54
 531 00dd B5000000 		.4byte	0xb5
 532 00e1 04       		.uleb128 0x4
 533 00e2 13020000 		.4byte	.LASF20
 534 00e6 02       		.byte	0x2
 535 00e7 78       		.byte	0x78
 536 00e8 75000000 		.4byte	0x75
 537 00ec 08       		.uleb128 0x8
 538 00ed DA000000 		.4byte	.LASF61
 539 00f1 04       		.byte	0x4
 540 00f2 04       		.byte	0x4
 541 00f3 4D       		.byte	0x4d
 542 00f4 05010000 		.4byte	0x105
 543 00f8 09       		.uleb128 0x9
 544 00f9 5F070000 		.4byte	.LASF28
 545 00fd 04       		.byte	0x4
 546 00fe 4E       		.byte	0x4e
 547 00ff 8B000000 		.4byte	0x8b
 548 0103 00       		.byte	0
 549 0104 00       		.byte	0
 550 0105 0A       		.uleb128 0xa
 551 0106 94030000 		.4byte	.LASF21
 552 010a 03       		.byte	0x3
 553 010b 1101     		.2byte	0x111
 554 010d 6A000000 		.4byte	0x6a
 555 0111 0A       		.uleb128 0xa
 556 0112 D1000000 		.4byte	.LASF22
 557 0116 03       		.byte	0x3
 558 0117 F701     		.2byte	0x1f7
 559 0119 E1000000 		.4byte	0xe1
 560 011d 0A       		.uleb128 0xa
 561 011e 59010000 		.4byte	.LASF23
 562 0122 03       		.byte	0x3
 563 0123 2C02     		.2byte	0x22c
 564 0125 B5000000 		.4byte	0xb5
 565 0129 0A       		.uleb128 0xa
 566 012a 1D000000 		.4byte	.LASF24
 567 012e 03       		.byte	0x3
 568 012f 3502     		.2byte	0x235
 569 0131 B5000000 		.4byte	0xb5
 570 0135 0A       		.uleb128 0xa
ARM GAS  C:\Users\zakis\AppData\Local\Temp\ccrYraVp.s 			page 12


 571 0136 12060000 		.4byte	.LASF25
 572 013a 03       		.byte	0x3
 573 013b 5D02     		.2byte	0x25d
 574 013d B5000000 		.4byte	0xb5
 575 0141 0A       		.uleb128 0xa
 576 0142 32000000 		.4byte	.LASF26
 577 0146 03       		.byte	0x3
 578 0147 6302     		.2byte	0x263
 579 0149 B5000000 		.4byte	0xb5
 580 014d 0A       		.uleb128 0xa
 581 014e 41030000 		.4byte	.LASF27
 582 0152 03       		.byte	0x3
 583 0153 6C02     		.2byte	0x26c
 584 0155 B5000000 		.4byte	0xb5
 585 0159 0B       		.uleb128 0xb
 586 015a 0C       		.byte	0xc
 587 015b 03       		.byte	0x3
 588 015c 7202     		.2byte	0x272
 589 015e 8A010000 		.4byte	0x18a
 590 0162 0C       		.uleb128 0xc
 591 0163 E1000000 		.4byte	.LASF29
 592 0167 03       		.byte	0x3
 593 0168 7302     		.2byte	0x273
 594 016a 29010000 		.4byte	0x129
 595 016e 00       		.byte	0
 596 016f 0C       		.uleb128 0xc
 597 0170 D7030000 		.4byte	.LASF30
 598 0174 03       		.byte	0x3
 599 0175 7402     		.2byte	0x274
 600 0177 29010000 		.4byte	0x129
 601 017b 04       		.byte	0x4
 602 017c 0C       		.uleb128 0xc
 603 017d 0A020000 		.4byte	.LASF31
 604 0181 03       		.byte	0x3
 605 0182 7502     		.2byte	0x275
 606 0184 29010000 		.4byte	0x129
 607 0188 08       		.byte	0x8
 608 0189 00       		.byte	0
 609 018a 0A       		.uleb128 0xa
 610 018b 08050000 		.4byte	.LASF32
 611 018f 03       		.byte	0x3
 612 0190 7A02     		.2byte	0x27a
 613 0192 59010000 		.4byte	0x159
 614 0196 0B       		.uleb128 0xb
 615 0197 08       		.byte	0x8
 616 0198 03       		.byte	0x3
 617 0199 7D02     		.2byte	0x27d
 618 019b BA010000 		.4byte	0x1ba
 619 019f 0C       		.uleb128 0xc
 620 01a0 1A020000 		.4byte	.LASF33
 621 01a4 03       		.byte	0x3
 622 01a5 7E02     		.2byte	0x27e
 623 01a7 29010000 		.4byte	0x129
 624 01ab 00       		.byte	0
 625 01ac 0C       		.uleb128 0xc
 626 01ad 0C060000 		.4byte	.LASF34
 627 01b1 03       		.byte	0x3
ARM GAS  C:\Users\zakis\AppData\Local\Temp\ccrYraVp.s 			page 13


 628 01b2 7F02     		.2byte	0x27f
 629 01b4 35010000 		.4byte	0x135
 630 01b8 04       		.byte	0x4
 631 01b9 00       		.byte	0
 632 01ba 0A       		.uleb128 0xa
 633 01bb 9A010000 		.4byte	.LASF35
 634 01bf 03       		.byte	0x3
 635 01c0 8002     		.2byte	0x280
 636 01c2 96010000 		.4byte	0x196
 637 01c6 0D       		.uleb128 0xd
 638 01c7 01       		.byte	0x1
 639 01c8 24000000 		.4byte	0x24
 640 01cc 03       		.byte	0x3
 641 01cd 8A02     		.2byte	0x28a
 642 01cf E0010000 		.4byte	0x1e0
 643 01d3 0E       		.uleb128 0xe
 644 01d4 90040000 		.4byte	.LASF36
 645 01d8 00       		.byte	0
 646 01d9 0E       		.uleb128 0xe
 647 01da 59040000 		.4byte	.LASF37
 648 01de 01       		.byte	0x1
 649 01df 00       		.byte	0
 650 01e0 0A       		.uleb128 0xa
 651 01e1 C5020000 		.4byte	.LASF38
 652 01e5 03       		.byte	0x3
 653 01e6 8D02     		.2byte	0x28d
 654 01e8 C6010000 		.4byte	0x1c6
 655 01ec 0A       		.uleb128 0xa
 656 01ed F1020000 		.4byte	.LASF39
 657 01f1 03       		.byte	0x3
 658 01f2 9002     		.2byte	0x290
 659 01f4 E0010000 		.4byte	0x1e0
 660 01f8 0B       		.uleb128 0xb
 661 01f9 0C       		.byte	0xc
 662 01fa 03       		.byte	0x3
 663 01fb 9402     		.2byte	0x294
 664 01fd 27020000 		.4byte	0x227
 665 0201 0F       		.uleb128 0xf
 666 0202 6300     		.ascii	"c\000"
 667 0204 03       		.byte	0x3
 668 0205 9602     		.2byte	0x296
 669 0207 4D010000 		.4byte	0x14d
 670 020b 00       		.byte	0
 671 020c 0C       		.uleb128 0xc
 672 020d 69060000 		.4byte	.LASF40
 673 0211 03       		.byte	0x3
 674 0212 9802     		.2byte	0x298
 675 0214 35010000 		.4byte	0x135
 676 0218 04       		.byte	0x4
 677 0219 0C       		.uleb128 0xc
 678 021a 95020000 		.4byte	.LASF41
 679 021e 03       		.byte	0x3
 680 021f 9A02     		.2byte	0x29a
 681 0221 EC010000 		.4byte	0x1ec
 682 0225 08       		.byte	0x8
 683 0226 00       		.byte	0
 684 0227 0A       		.uleb128 0xa
ARM GAS  C:\Users\zakis\AppData\Local\Temp\ccrYraVp.s 			page 14


 685 0228 A2000000 		.4byte	.LASF42
 686 022c 03       		.byte	0x3
 687 022d 9B02     		.2byte	0x29b
 688 022f F8010000 		.4byte	0x1f8
 689 0233 0B       		.uleb128 0xb
 690 0234 10       		.byte	0x10
 691 0235 03       		.byte	0x3
 692 0236 9F02     		.2byte	0x29f
 693 0238 71020000 		.4byte	0x271
 694 023c 0C       		.uleb128 0xc
 695 023d E4030000 		.4byte	.LASF43
 696 0241 03       		.byte	0x3
 697 0242 A002     		.2byte	0x2a0
 698 0244 D6000000 		.4byte	0xd6
 699 0248 00       		.byte	0
 700 0249 0C       		.uleb128 0xc
 701 024a 56070000 		.4byte	.LASF44
 702 024e 03       		.byte	0x3
 703 024f A102     		.2byte	0x2a1
 704 0251 29010000 		.4byte	0x129
 705 0255 04       		.byte	0x4
 706 0256 0C       		.uleb128 0xc
 707 0257 75000000 		.4byte	.LASF45
 708 025b 03       		.byte	0x3
 709 025c A202     		.2byte	0x2a2
 710 025e 29010000 		.4byte	0x129
 711 0262 08       		.byte	0x8
 712 0263 0C       		.uleb128 0xc
 713 0264 00000000 		.4byte	.LASF46
 714 0268 03       		.byte	0x3
 715 0269 A302     		.2byte	0x2a3
 716 026b 35010000 		.4byte	0x135
 717 026f 0C       		.byte	0xc
 718 0270 00       		.byte	0
 719 0271 0A       		.uleb128 0xa
 720 0272 E9030000 		.4byte	.LASF47
 721 0276 03       		.byte	0x3
 722 0277 A402     		.2byte	0x2a4
 723 0279 33020000 		.4byte	0x233
 724 027d 0D       		.uleb128 0xd
 725 027e 01       		.byte	0x1
 726 027f 24000000 		.4byte	0x24
 727 0283 03       		.byte	0x3
 728 0284 A702     		.2byte	0x2a7
 729 0286 A3020000 		.4byte	0x2a3
 730 028a 0E       		.uleb128 0xe
 731 028b 29060000 		.4byte	.LASF48
 732 028f 00       		.byte	0
 733 0290 0E       		.uleb128 0xe
 734 0291 71060000 		.4byte	.LASF49
 735 0295 01       		.byte	0x1
 736 0296 0E       		.uleb128 0xe
 737 0297 48060000 		.4byte	.LASF50
 738 029b 02       		.byte	0x2
 739 029c 0E       		.uleb128 0xe
 740 029d EB050000 		.4byte	.LASF51
 741 02a1 03       		.byte	0x3
ARM GAS  C:\Users\zakis\AppData\Local\Temp\ccrYraVp.s 			page 15


 742 02a2 00       		.byte	0
 743 02a3 0A       		.uleb128 0xa
 744 02a4 42010000 		.4byte	.LASF52
 745 02a8 03       		.byte	0x3
 746 02a9 AC02     		.2byte	0x2ac
 747 02ab 7D020000 		.4byte	0x27d
 748 02af 0A       		.uleb128 0xa
 749 02b0 CD060000 		.4byte	.LASF53
 750 02b4 03       		.byte	0x3
 751 02b5 AF02     		.2byte	0x2af
 752 02b7 A3020000 		.4byte	0x2a3
 753 02bb 0B       		.uleb128 0xb
 754 02bc 14       		.byte	0x14
 755 02bd 03       		.byte	0x3
 756 02be B202     		.2byte	0x2b2
 757 02c0 04030000 		.4byte	0x304
 758 02c4 0C       		.uleb128 0xc
 759 02c5 A3060000 		.4byte	.LASF54
 760 02c9 03       		.byte	0x3
 761 02ca B302     		.2byte	0x2b3
 762 02cc AF020000 		.4byte	0x2af
 763 02d0 00       		.byte	0
 764 02d1 0C       		.uleb128 0xc
 765 02d2 67070000 		.4byte	.LASF55
 766 02d6 03       		.byte	0x3
 767 02d7 B402     		.2byte	0x2b4
 768 02d9 11010000 		.4byte	0x111
 769 02dd 04       		.byte	0x4
 770 02de 0C       		.uleb128 0xc
 771 02df AD050000 		.4byte	.LASF56
 772 02e3 03       		.byte	0x3
 773 02e4 B602     		.2byte	0x2b6
 774 02e6 1D010000 		.4byte	0x11d
 775 02ea 08       		.byte	0x8
 776 02eb 0F       		.uleb128 0xf
 777 02ec 6600     		.ascii	"f\000"
 778 02ee 03       		.byte	0x3
 779 02ef B802     		.2byte	0x2b8
 780 02f1 9F000000 		.4byte	0x9f
 781 02f5 0C       		.byte	0xc
 782 02f6 0C       		.uleb128 0xc
 783 02f7 BE040000 		.4byte	.LASF57
 784 02fb 03       		.byte	0x3
 785 02fc BA02     		.2byte	0x2ba
 786 02fe 4D010000 		.4byte	0x14d
 787 0302 10       		.byte	0x10
 788 0303 00       		.byte	0
 789 0304 0A       		.uleb128 0xa
 790 0305 39040000 		.4byte	.LASF58
 791 0309 03       		.byte	0x3
 792 030a BB02     		.2byte	0x2bb
 793 030c BB020000 		.4byte	0x2bb
 794 0310 0B       		.uleb128 0xb
 795 0311 04       		.byte	0x4
 796 0312 03       		.byte	0x3
 797 0313 BD02     		.2byte	0x2bd
 798 0315 27030000 		.4byte	0x327
ARM GAS  C:\Users\zakis\AppData\Local\Temp\ccrYraVp.s 			page 16


 799 0319 0C       		.uleb128 0xc
 800 031a 66030000 		.4byte	.LASF59
 801 031e 03       		.byte	0x3
 802 031f BF02     		.2byte	0x2bf
 803 0321 41010000 		.4byte	0x141
 804 0325 00       		.byte	0
 805 0326 00       		.byte	0
 806 0327 0A       		.uleb128 0xa
 807 0328 35020000 		.4byte	.LASF60
 808 032c 03       		.byte	0x3
 809 032d C402     		.2byte	0x2c4
 810 032f 10030000 		.4byte	0x310
 811 0333 10       		.uleb128 0x10
 812 0334 7B020000 		.4byte	.LASF62
 813 0338 08       		.byte	0x8
 814 0339 03       		.byte	0x3
 815 033a 0E04     		.2byte	0x40e
 816 033c 5A030000 		.4byte	0x35a
 817 0340 0F       		.uleb128 0xf
 818 0341 6E7400   		.ascii	"nt\000"
 819 0344 03       		.byte	0x3
 820 0345 0F04     		.2byte	0x40f
 821 0347 B5000000 		.4byte	0xb5
 822 034b 00       		.byte	0
 823 034c 0C       		.uleb128 0xc
 824 034d AF060000 		.4byte	.LASF63
 825 0351 03       		.byte	0x3
 826 0352 1004     		.2byte	0x410
 827 0354 6A030000 		.4byte	0x36a
 828 0358 04       		.byte	0x4
 829 0359 00       		.byte	0
 830 035a 11       		.uleb128 0x11
 831 035b 65030000 		.4byte	0x365
 832 035f 65030000 		.4byte	0x365
 833 0363 12       		.uleb128 0x12
 834 0364 00       		.byte	0
 835 0365 13       		.uleb128 0x13
 836 0366 E1000000 		.4byte	0xe1
 837 036a 06       		.uleb128 0x6
 838 036b 04       		.byte	0x4
 839 036c 5A030000 		.4byte	0x35a
 840 0370 11       		.uleb128 0x11
 841 0371 65030000 		.4byte	0x365
 842 0375 80030000 		.4byte	0x380
 843 0379 14       		.uleb128 0x14
 844 037a 80030000 		.4byte	0x380
 845 037e 00       		.byte	0
 846 037f 00       		.byte	0
 847 0380 02       		.uleb128 0x2
 848 0381 04       		.byte	0x4
 849 0382 07       		.byte	0x7
 850 0383 A4030000 		.4byte	.LASF64
 851 0387 15       		.uleb128 0x15
 852 0388 F1000000 		.4byte	.LASF115
 853 038c 05       		.byte	0x5
 854 038d 6507     		.2byte	0x765
 855 038f 99030000 		.4byte	0x399
ARM GAS  C:\Users\zakis\AppData\Local\Temp\ccrYraVp.s 			page 17


 856 0393 05       		.uleb128 0x5
 857 0394 03       		.byte	0x3
 858 0395 08000000 		.4byte	EE_oo_autostart_task_mode_OSDEFAULTAPPMODE
 859 0399 13       		.uleb128 0x13
 860 039a 70030000 		.4byte	0x370
 861 039e 11       		.uleb128 0x11
 862 039f AE030000 		.4byte	0x3ae
 863 03a3 AE030000 		.4byte	0x3ae
 864 03a7 14       		.uleb128 0x14
 865 03a8 80030000 		.4byte	0x380
 866 03ac 05       		.byte	0x5
 867 03ad 00       		.byte	0
 868 03ae 13       		.uleb128 0x13
 869 03af AA000000 		.4byte	0xaa
 870 03b3 16       		.uleb128 0x16
 871 03b4 81060000 		.4byte	.LASF65
 872 03b8 05       		.byte	0x5
 873 03b9 D2       		.byte	0xd2
 874 03ba C4030000 		.4byte	0x3c4
 875 03be 05       		.uleb128 0x5
 876 03bf 03       		.byte	0x3
 877 03c0 00000000 		.4byte	EE_hal_thread_body
 878 03c4 13       		.uleb128 0x13
 879 03c5 9E030000 		.4byte	0x39e
 880 03c9 11       		.uleb128 0x11
 881 03ca D9030000 		.4byte	0x3d9
 882 03ce D9030000 		.4byte	0x3d9
 883 03d2 14       		.uleb128 0x14
 884 03d3 80030000 		.4byte	0x380
 885 03d7 06       		.byte	0x6
 886 03d8 00       		.byte	0
 887 03d9 13       		.uleb128 0x13
 888 03da B5000000 		.4byte	0xb5
 889 03de 16       		.uleb128 0x16
 890 03df D9050000 		.4byte	.LASF66
 891 03e3 05       		.byte	0x5
 892 03e4 71       		.byte	0x71
 893 03e5 EF030000 		.4byte	0x3ef
 894 03e9 05       		.uleb128 0x5
 895 03ea 03       		.byte	0x3
 896 03eb 00000000 		.4byte	EE_std_thread_tos
 897 03ef 13       		.uleb128 0x13
 898 03f0 C9030000 		.4byte	0x3c9
 899 03f4 11       		.uleb128 0x11
 900 03f5 80000000 		.4byte	0x80
 901 03f9 04040000 		.4byte	0x404
 902 03fd 14       		.uleb128 0x14
 903 03fe 80030000 		.4byte	0x380
 904 0402 05       		.byte	0x5
 905 0403 00       		.byte	0
 906 0404 16       		.uleb128 0x16
 907 0405 31070000 		.4byte	.LASF67
 908 0409 05       		.byte	0x5
 909 040a ED       		.byte	0xed
 910 040b F4030000 		.4byte	0x3f4
 911 040f 05       		.uleb128 0x5
 912 0410 03       		.byte	0x3
ARM GAS  C:\Users\zakis\AppData\Local\Temp\ccrYraVp.s 			page 18


 913 0411 00000000 		.4byte	EE_terminate_data
 914 0415 16       		.uleb128 0x16
 915 0416 A4040000 		.4byte	.LASF68
 916 041a 05       		.byte	0x5
 917 041b F0       		.byte	0xf0
 918 041c 26040000 		.4byte	0x426
 919 0420 05       		.uleb128 0x5
 920 0421 03       		.byte	0x3
 921 0422 00000000 		.4byte	EE_terminate_real_th_body
 922 0426 13       		.uleb128 0x13
 923 0427 9E030000 		.4byte	0x39e
 924 042b 11       		.uleb128 0x11
 925 042c EC000000 		.4byte	0xec
 926 0430 3B040000 		.4byte	0x43b
 927 0434 14       		.uleb128 0x14
 928 0435 80030000 		.4byte	0x380
 929 0439 01       		.byte	0x1
 930 043a 00       		.byte	0
 931 043b 16       		.uleb128 0x16
 932 043c 6A040000 		.4byte	.LASF69
 933 0440 05       		.byte	0x5
 934 0441 8D       		.byte	0x8d
 935 0442 2B040000 		.4byte	0x42b
 936 0446 05       		.uleb128 0x5
 937 0447 03       		.byte	0x3
 938 0448 00000000 		.4byte	EE_cortex_mx_system_tos
 939 044c 16       		.uleb128 0x16
 940 044d 82010000 		.4byte	.LASF70
 941 0451 05       		.byte	0x5
 942 0452 A9       		.byte	0xa9
 943 0453 B5000000 		.4byte	0xb5
 944 0457 05       		.uleb128 0x5
 945 0458 03       		.byte	0x3
 946 0459 00000000 		.4byte	EE_cortex_mx_active_tos
 947 045d 11       		.uleb128 0x11
 948 045e D9030000 		.4byte	0x3d9
 949 0462 6D040000 		.4byte	0x46d
 950 0466 14       		.uleb128 0x14
 951 0467 80030000 		.4byte	0x380
 952 046b 05       		.byte	0x5
 953 046c 00       		.byte	0
 954 046d 17       		.uleb128 0x17
 955 046e 38060000 		.4byte	.LASF71
 956 0472 05       		.byte	0x5
 957 0473 E202     		.2byte	0x2e2
 958 0475 7F040000 		.4byte	0x47f
 959 0479 05       		.uleb128 0x5
 960 047a 03       		.byte	0x3
 961 047b 00000000 		.4byte	EE_th_rnact_max
 962 047f 13       		.uleb128 0x13
 963 0480 5D040000 		.4byte	0x45d
 964 0484 17       		.uleb128 0x17
 965 0485 DC060000 		.4byte	.LASF72
 966 0489 05       		.byte	0x5
 967 048a 0C01     		.2byte	0x10c
 968 048c 96040000 		.4byte	0x496
 969 0490 05       		.uleb128 0x5
ARM GAS  C:\Users\zakis\AppData\Local\Temp\ccrYraVp.s 			page 19


 970 0491 03       		.byte	0x3
 971 0492 00000000 		.4byte	EE_th_ready_prio
 972 0496 13       		.uleb128 0x13
 973 0497 5D040000 		.4byte	0x45d
 974 049b 17       		.uleb128 0x17
 975 049c 07030000 		.4byte	.LASF73
 976 04a0 05       		.byte	0x5
 977 04a1 4502     		.2byte	0x245
 978 04a3 AD040000 		.4byte	0x4ad
 979 04a7 05       		.uleb128 0x5
 980 04a8 03       		.byte	0x3
 981 04a9 00000000 		.4byte	EE_th_dispatch_prio
 982 04ad 13       		.uleb128 0x13
 983 04ae 5D040000 		.4byte	0x45d
 984 04b2 11       		.uleb128 0x11
 985 04b3 C2040000 		.4byte	0x4c2
 986 04b7 C2040000 		.4byte	0x4c2
 987 04bb 14       		.uleb128 0x14
 988 04bc 80030000 		.4byte	0x380
 989 04c0 05       		.byte	0x5
 990 04c1 00       		.byte	0
 991 04c2 06       		.uleb128 0x6
 992 04c3 04       		.byte	0x4
 993 04c4 CF040000 		.4byte	0x4cf
 994 04c8 02       		.uleb128 0x2
 995 04c9 01       		.byte	0x1
 996 04ca 08       		.byte	0x8
 997 04cb 24060000 		.4byte	.LASF74
 998 04cf 13       		.uleb128 0x13
 999 04d0 C8040000 		.4byte	0x4c8
 1000 04d4 17       		.uleb128 0x17
 1001 04d5 FB040000 		.4byte	.LASF75
 1002 04d9 05       		.byte	0x5
 1003 04da 2801     		.2byte	0x128
 1004 04dc B2040000 		.4byte	0x4b2
 1005 04e0 05       		.uleb128 0x5
 1006 04e1 03       		.byte	0x3
 1007 04e2 00000000 		.4byte	EE_TASK_NAME
 1008 04e6 17       		.uleb128 0x17
 1009 04e7 67010000 		.4byte	.LASF76
 1010 04eb 05       		.byte	0x5
 1011 04ec 8101     		.2byte	0x181
 1012 04ee B2040000 		.4byte	0x4b2
 1013 04f2 05       		.uleb128 0x5
 1014 04f3 03       		.byte	0x3
 1015 04f4 00000000 		.4byte	EE_EVENT_NAME
 1016 04f8 11       		.uleb128 0x11
 1017 04f9 C2040000 		.4byte	0x4c2
 1018 04fd 08050000 		.4byte	0x508
 1019 0501 14       		.uleb128 0x14
 1020 0502 80030000 		.4byte	0x380
 1021 0506 02       		.byte	0x2
 1022 0507 00       		.byte	0
 1023 0508 17       		.uleb128 0x17
 1024 0509 4A020000 		.4byte	.LASF77
 1025 050d 05       		.byte	0x5
 1026 050e 3D06     		.2byte	0x63d
ARM GAS  C:\Users\zakis\AppData\Local\Temp\ccrYraVp.s 			page 20


 1027 0510 F8040000 		.4byte	0x4f8
 1028 0514 05       		.uleb128 0x5
 1029 0515 03       		.byte	0x3
 1030 0516 00000000 		.4byte	EE_ALARM_NAME
 1031 051a 11       		.uleb128 0x11
 1032 051b 2A050000 		.4byte	0x52a
 1033 051f 2A050000 		.4byte	0x52a
 1034 0523 14       		.uleb128 0x14
 1035 0524 80030000 		.4byte	0x380
 1036 0528 05       		.byte	0x5
 1037 0529 00       		.byte	0
 1038 052a 13       		.uleb128 0x13
 1039 052b 40000000 		.4byte	0x40
 1040 052f 17       		.uleb128 0x17
 1041 0530 B1010000 		.4byte	.LASF78
 1042 0534 05       		.byte	0x5
 1043 0535 E201     		.2byte	0x1e2
 1044 0537 41050000 		.4byte	0x541
 1045 053b 05       		.uleb128 0x5
 1046 053c 03       		.byte	0x3
 1047 053d 00000000 		.4byte	EE_EVENT_ID
 1048 0541 13       		.uleb128 0x13
 1049 0542 1A050000 		.4byte	0x51a
 1050 0546 11       		.uleb128 0x11
 1051 0547 2A050000 		.4byte	0x52a
 1052 054b 56050000 		.4byte	0x556
 1053 054f 14       		.uleb128 0x14
 1054 0550 80030000 		.4byte	0x380
 1055 0554 02       		.byte	0x2
 1056 0555 00       		.byte	0
 1057 0556 17       		.uleb128 0x17
 1058 0557 1C010000 		.4byte	.LASF79
 1059 055b 05       		.byte	0x5
 1060 055c 5906     		.2byte	0x659
 1061 055e 68050000 		.4byte	0x568
 1062 0562 05       		.uleb128 0x5
 1063 0563 03       		.byte	0x3
 1064 0564 00000000 		.4byte	EE_ALARM_ID
 1065 0568 13       		.uleb128 0x13
 1066 0569 46050000 		.4byte	0x546
 1067 056d 11       		.uleb128 0x11
 1068 056e B5000000 		.4byte	0xb5
 1069 0572 7D050000 		.4byte	0x57d
 1070 0576 14       		.uleb128 0x14
 1071 0577 80030000 		.4byte	0x380
 1072 057b 05       		.byte	0x5
 1073 057c 00       		.byte	0
 1074 057d 17       		.uleb128 0x17
 1075 057e E4020000 		.4byte	.LASF80
 1076 0582 05       		.byte	0x5
 1077 0583 8102     		.2byte	0x281
 1078 0585 6D050000 		.4byte	0x56d
 1079 0589 05       		.uleb128 0x5
 1080 058a 03       		.byte	0x3
 1081 058b 00000000 		.4byte	EE_th_status
 1082 058f 11       		.uleb128 0x11
 1083 0590 E1000000 		.4byte	0xe1
ARM GAS  C:\Users\zakis\AppData\Local\Temp\ccrYraVp.s 			page 21


 1084 0594 9F050000 		.4byte	0x59f
 1085 0598 14       		.uleb128 0x14
 1086 0599 80030000 		.4byte	0x380
 1087 059d 05       		.byte	0x5
 1088 059e 00       		.byte	0
 1089 059f 17       		.uleb128 0x17
 1090 05a0 99040000 		.4byte	.LASF81
 1091 05a4 05       		.byte	0x5
 1092 05a5 9D02     		.2byte	0x29d
 1093 05a7 8F050000 		.4byte	0x58f
 1094 05ab 05       		.uleb128 0x5
 1095 05ac 03       		.byte	0x3
 1096 05ad 00000000 		.4byte	EE_th_next
 1097 05b1 17       		.uleb128 0x17
 1098 05b2 ED060000 		.4byte	.LASF82
 1099 05b6 05       		.byte	0x5
 1100 05b7 C702     		.2byte	0x2c7
 1101 05b9 6D050000 		.4byte	0x56d
 1102 05bd 05       		.uleb128 0x5
 1103 05be 03       		.byte	0x3
 1104 05bf 00000000 		.4byte	EE_th_rnact
 1105 05c3 17       		.uleb128 0x17
 1106 05c4 05000000 		.4byte	.LASF83
 1107 05c8 05       		.byte	0x5
 1108 05c9 7703     		.2byte	0x377
 1109 05cb 8F050000 		.4byte	0x58f
 1110 05cf 05       		.uleb128 0x5
 1111 05d0 03       		.byte	0x3
 1112 05d1 00000000 		.4byte	EE_th_terminate_nextask
 1113 05d5 17       		.uleb128 0x17
 1114 05d6 26000000 		.4byte	.LASF84
 1115 05da 05       		.byte	0x5
 1116 05db B902     		.2byte	0x2b9
 1117 05dd E1000000 		.4byte	0xe1
 1118 05e1 05       		.uleb128 0x5
 1119 05e2 03       		.byte	0x3
 1120 05e3 00000000 		.4byte	EE_stkfirst
 1121 05e7 17       		.uleb128 0x17
 1122 05e8 94060000 		.4byte	.LASF85
 1123 05ec 05       		.byte	0x5
 1124 05ed BC02     		.2byte	0x2bc
 1125 05ef B5000000 		.4byte	0xb5
 1126 05f3 05       		.uleb128 0x5
 1127 05f4 03       		.byte	0x3
 1128 05f5 00000000 		.4byte	EE_sys_ceiling
 1129 05f9 17       		.uleb128 0x17
 1130 05fa C4030000 		.4byte	.LASF86
 1131 05fe 05       		.byte	0x5
 1132 05ff FD02     		.2byte	0x2fd
 1133 0601 6D050000 		.4byte	0x56d
 1134 0605 05       		.uleb128 0x5
 1135 0606 03       		.byte	0x3
 1136 0607 00000000 		.4byte	EE_rq_link
 1137 060b 11       		.uleb128 0x11
 1138 060c C0000000 		.4byte	0xc0
 1139 0610 1B060000 		.4byte	0x61b
 1140 0614 14       		.uleb128 0x14
ARM GAS  C:\Users\zakis\AppData\Local\Temp\ccrYraVp.s 			page 22


 1141 0615 80030000 		.4byte	0x380
 1142 0619 0F       		.byte	0xf
 1143 061a 00       		.byte	0
 1144 061b 17       		.uleb128 0x17
 1145 061c C6010000 		.4byte	.LASF87
 1146 0620 05       		.byte	0x5
 1147 0621 BF02     		.2byte	0x2bf
 1148 0623 0B060000 		.4byte	0x60b
 1149 0627 05       		.uleb128 0x5
 1150 0628 03       		.byte	0x3
 1151 0629 00000000 		.4byte	EE_rq_queues_head
 1152 062d 17       		.uleb128 0x17
 1153 062e C7050000 		.4byte	.LASF88
 1154 0632 05       		.byte	0x5
 1155 0633 C102     		.2byte	0x2c1
 1156 0635 0B060000 		.4byte	0x60b
 1157 0639 05       		.uleb128 0x5
 1158 063a 03       		.byte	0x3
 1159 063b 00000000 		.4byte	EE_rq_queues_tail
 1160 063f 11       		.uleb128 0x11
 1161 0640 C0000000 		.4byte	0xc0
 1162 0644 4F060000 		.4byte	0x64f
 1163 0648 14       		.uleb128 0x14
 1164 0649 80030000 		.4byte	0x380
 1165 064d 05       		.byte	0x5
 1166 064e 00       		.byte	0
 1167 064f 17       		.uleb128 0x17
 1168 0650 C0000000 		.4byte	.LASF89
 1169 0654 05       		.byte	0x5
 1170 0655 1B03     		.2byte	0x31b
 1171 0657 3F060000 		.4byte	0x63f
 1172 065b 05       		.uleb128 0x5
 1173 065c 03       		.byte	0x3
 1174 065d 00000000 		.4byte	EE_rq_pairs_next
 1175 0661 17       		.uleb128 0x17
 1176 0662 F9060000 		.4byte	.LASF90
 1177 0666 05       		.byte	0x5
 1178 0667 7003     		.2byte	0x370
 1179 0669 8F050000 		.4byte	0x58f
 1180 066d 05       		.uleb128 0x5
 1181 066e 03       		.byte	0x3
 1182 066f 00000000 		.4byte	EE_rq_pairs_tid
 1183 0673 17       		.uleb128 0x17
 1184 0674 FE050000 		.4byte	.LASF91
 1185 0678 05       		.byte	0x5
 1186 0679 C402     		.2byte	0x2c4
 1187 067b 05010000 		.4byte	0x105
 1188 067f 05       		.uleb128 0x5
 1189 0680 03       		.byte	0x3
 1190 0681 00000000 		.4byte	EE_rq_bitmask
 1191 0685 17       		.uleb128 0x17
 1192 0686 B9030000 		.4byte	.LASF92
 1193 068a 05       		.byte	0x5
 1194 068b 7303     		.2byte	0x373
 1195 068d C0000000 		.4byte	0xc0
 1196 0691 05       		.uleb128 0x5
 1197 0692 03       		.byte	0x3
ARM GAS  C:\Users\zakis\AppData\Local\Temp\ccrYraVp.s 			page 23


 1198 0693 00000000 		.4byte	EE_rq_free
 1199 0697 17       		.uleb128 0x17
 1200 0698 43070000 		.4byte	.LASF93
 1201 069c 05       		.byte	0x5
 1202 069d 9A03     		.2byte	0x39a
 1203 069f 6D050000 		.4byte	0x56d
 1204 06a3 05       		.uleb128 0x5
 1205 06a4 03       		.byte	0x3
 1206 06a5 00000000 		.4byte	EE_th_event_active
 1207 06a9 17       		.uleb128 0x17
 1208 06aa D1040000 		.4byte	.LASF94
 1209 06ae 05       		.byte	0x5
 1210 06af B603     		.2byte	0x3b6
 1211 06b1 6D050000 		.4byte	0x56d
 1212 06b5 05       		.uleb128 0x5
 1213 06b6 03       		.byte	0x3
 1214 06b7 00000000 		.4byte	EE_th_event_waitmask
 1215 06bb 11       		.uleb128 0x11
 1216 06bc D6000000 		.4byte	0xd6
 1217 06c0 CB060000 		.4byte	0x6cb
 1218 06c4 14       		.uleb128 0x14
 1219 06c5 80030000 		.4byte	0x380
 1220 06c9 05       		.byte	0x5
 1221 06ca 00       		.byte	0
 1222 06cb 17       		.uleb128 0x17
 1223 06cc 6A020000 		.4byte	.LASF95
 1224 06d0 05       		.byte	0x5
 1225 06d1 D203     		.2byte	0x3d2
 1226 06d3 BB060000 		.4byte	0x6bb
 1227 06d7 05       		.uleb128 0x5
 1228 06d8 03       		.byte	0x3
 1229 06d9 00000000 		.4byte	EE_th_waswaiting
 1230 06dd 17       		.uleb128 0x17
 1231 06de 7B070000 		.4byte	.LASF96
 1232 06e2 05       		.byte	0x5
 1233 06e3 EE03     		.2byte	0x3ee
 1234 06e5 EF060000 		.4byte	0x6ef
 1235 06e9 05       		.uleb128 0x5
 1236 06ea 03       		.byte	0x3
 1237 06eb 00000000 		.4byte	EE_th_is_extended
 1238 06ef 13       		.uleb128 0x13
 1239 06f0 5D040000 		.4byte	0x45d
 1240 06f4 11       		.uleb128 0x11
 1241 06f5 04070000 		.4byte	0x704
 1242 06f9 04070000 		.4byte	0x704
 1243 06fd 14       		.uleb128 0x14
 1244 06fe 80030000 		.4byte	0x380
 1245 0702 00       		.byte	0
 1246 0703 00       		.byte	0
 1247 0704 13       		.uleb128 0x13
 1248 0705 8A010000 		.4byte	0x18a
 1249 0709 17       		.uleb128 0x17
 1250 070a 07040000 		.4byte	.LASF97
 1251 070e 05       		.byte	0x5
 1252 070f FF05     		.2byte	0x5ff
 1253 0711 1B070000 		.4byte	0x71b
 1254 0715 05       		.uleb128 0x5
ARM GAS  C:\Users\zakis\AppData\Local\Temp\ccrYraVp.s 			page 24


 1255 0716 03       		.byte	0x3
 1256 0717 00000000 		.4byte	EE_counter_ROM
 1257 071b 13       		.uleb128 0x13
 1258 071c F4060000 		.4byte	0x6f4
 1259 0720 11       		.uleb128 0x11
 1260 0721 30070000 		.4byte	0x730
 1261 0725 30070000 		.4byte	0x730
 1262 0729 14       		.uleb128 0x14
 1263 072a 80030000 		.4byte	0x380
 1264 072e 02       		.byte	0x2
 1265 072f 00       		.byte	0
 1266 0730 13       		.uleb128 0x13
 1267 0731 27020000 		.4byte	0x227
 1268 0735 17       		.uleb128 0x17
 1269 0736 4D030000 		.4byte	.LASF98
 1270 073a 05       		.byte	0x5
 1271 073b 9606     		.2byte	0x696
 1272 073d 47070000 		.4byte	0x747
 1273 0741 05       		.uleb128 0x5
 1274 0742 03       		.byte	0x3
 1275 0743 00000000 		.4byte	EE_oo_counter_object_ROM
 1276 0747 13       		.uleb128 0x13
 1277 0748 20070000 		.4byte	0x720
 1278 074c 11       		.uleb128 0x11
 1279 074d 5C070000 		.4byte	0x75c
 1280 0751 5C070000 		.4byte	0x75c
 1281 0755 14       		.uleb128 0x14
 1282 0756 80030000 		.4byte	0x380
 1283 075a 02       		.byte	0x2
 1284 075b 00       		.byte	0
 1285 075c 13       		.uleb128 0x13
 1286 075d 04030000 		.4byte	0x304
 1287 0761 17       		.uleb128 0x17
 1288 0762 83030000 		.4byte	.LASF99
 1289 0766 05       		.byte	0x5
 1290 0767 BA06     		.2byte	0x6ba
 1291 0769 73070000 		.4byte	0x773
 1292 076d 05       		.uleb128 0x5
 1293 076e 03       		.byte	0x3
 1294 076f 00000000 		.4byte	EE_oo_action_ROM
 1295 0773 13       		.uleb128 0x13
 1296 0774 4C070000 		.4byte	0x74c
 1297 0778 11       		.uleb128 0x11
 1298 0779 88070000 		.4byte	0x788
 1299 077d 88070000 		.4byte	0x788
 1300 0781 14       		.uleb128 0x14
 1301 0782 80030000 		.4byte	0x380
 1302 0786 02       		.byte	0x2
 1303 0787 00       		.byte	0
 1304 0788 13       		.uleb128 0x13
 1305 0789 27030000 		.4byte	0x327
 1306 078d 17       		.uleb128 0x17
 1307 078e 75010000 		.4byte	.LASF100
 1308 0792 05       		.byte	0x5
 1309 0793 2006     		.2byte	0x620
 1310 0795 9F070000 		.4byte	0x79f
 1311 0799 05       		.uleb128 0x5
ARM GAS  C:\Users\zakis\AppData\Local\Temp\ccrYraVp.s 			page 25


 1312 079a 03       		.byte	0x3
 1313 079b 00000000 		.4byte	EE_alarm_ROM
 1314 079f 13       		.uleb128 0x13
 1315 07a0 78070000 		.4byte	0x778
 1316 07a4 11       		.uleb128 0x11
 1317 07a5 BA010000 		.4byte	0x1ba
 1318 07a9 B4070000 		.4byte	0x7b4
 1319 07ad 14       		.uleb128 0x14
 1320 07ae 80030000 		.4byte	0x380
 1321 07b2 00       		.byte	0
 1322 07b3 00       		.byte	0
 1323 07b4 17       		.uleb128 0x17
 1324 07b5 5A060000 		.4byte	.LASF101
 1325 07b9 05       		.byte	0x5
 1326 07ba 0C06     		.2byte	0x60c
 1327 07bc A4070000 		.4byte	0x7a4
 1328 07c0 05       		.uleb128 0x5
 1329 07c1 03       		.byte	0x3
 1330 07c2 00000000 		.4byte	EE_counter_RAM
 1331 07c6 11       		.uleb128 0x11
 1332 07c7 71020000 		.4byte	0x271
 1333 07cb D6070000 		.4byte	0x7d6
 1334 07cf 14       		.uleb128 0x14
 1335 07d0 80030000 		.4byte	0x380
 1336 07d4 02       		.byte	0x2
 1337 07d5 00       		.byte	0
 1338 07d6 17       		.uleb128 0x17
 1339 07d7 B4060000 		.4byte	.LASF102
 1340 07db 05       		.byte	0x5
 1341 07dc B106     		.2byte	0x6b1
 1342 07de C6070000 		.4byte	0x7c6
 1343 07e2 05       		.uleb128 0x5
 1344 07e3 03       		.byte	0x3
 1345 07e4 00000000 		.4byte	EE_oo_counter_object_RAM
 1346 07e8 11       		.uleb128 0x11
 1347 07e9 F8070000 		.4byte	0x7f8
 1348 07ed F8070000 		.4byte	0x7f8
 1349 07f1 14       		.uleb128 0x14
 1350 07f2 80030000 		.4byte	0x380
 1351 07f6 00       		.byte	0
 1352 07f7 00       		.byte	0
 1353 07f8 13       		.uleb128 0x13
 1354 07f9 33030000 		.4byte	0x333
 1355 07fd 17       		.uleb128 0x17
 1356 07fe 95070000 		.4byte	.LASF103
 1357 0802 05       		.byte	0x5
 1358 0803 9607     		.2byte	0x796
 1359 0805 0F080000 		.4byte	0x80f
 1360 0809 05       		.uleb128 0x5
 1361 080a 03       		.byte	0x3
 1362 080b 00000000 		.4byte	EE_oo_autostart_task_data
 1363 080f 13       		.uleb128 0x13
 1364 0810 E8070000 		.4byte	0x7e8
 1365 0814 18       		.uleb128 0x18
 1366 0815 AD020000 		.4byte	.LASF104
 1367 0819 06       		.byte	0x6
 1368 081a 40       		.byte	0x40
ARM GAS  C:\Users\zakis\AppData\Local\Temp\ccrYraVp.s 			page 26


 1369 081b B5000000 		.4byte	0xb5
 1370 081f 18       		.uleb128 0x18
 1371 0820 D8010000 		.4byte	.LASF105
 1372 0824 06       		.byte	0x6
 1373 0825 47       		.byte	0x47
 1374 0826 CB000000 		.4byte	0xcb
 1375 082a 17       		.uleb128 0x17
 1376 082b 70030000 		.4byte	.LASF106
 1377 082f 05       		.byte	0x5
 1378 0830 5C07     		.2byte	0x75c
 1379 0832 B5000000 		.4byte	0xb5
 1380 0836 05       		.uleb128 0x5
 1381 0837 03       		.byte	0x3
 1382 0838 00000000 		.4byte	EE_ApplicationMode
 1383 083c 18       		.uleb128 0x18
 1384 083d F1010000 		.4byte	.LASF107
 1385 0841 07       		.byte	0x7
 1386 0842 48       		.byte	0x48
 1387 0843 E1000000 		.4byte	0xe1
 1388 0847 18       		.uleb128 0x18
 1389 0848 09070000 		.4byte	.LASF108
 1390 084c 08       		.byte	0x8
 1391 084d 44       		.byte	0x44
 1392 084e B5000000 		.4byte	0xb5
 1393 0852 16       		.uleb128 0x16
 1394 0853 49000000 		.4byte	.LASF109
 1395 0857 05       		.byte	0x5
 1396 0858 AD       		.byte	0xad
 1397 0859 EC000000 		.4byte	0xec
 1398 085d 05       		.uleb128 0x5
 1399 085e 03       		.byte	0x3
 1400 085f 00000000 		.4byte	EE_cortex_mx_IRQ_tos
 1401 0863 11       		.uleb128 0x11
 1402 0864 55000000 		.4byte	0x55
 1403 0868 74080000 		.4byte	0x874
 1404 086c 19       		.uleb128 0x19
 1405 086d 80030000 		.4byte	0x380
 1406 0871 F301     		.2byte	0x1f3
 1407 0873 00       		.byte	0
 1408 0874 16       		.uleb128 0x16
 1409 0875 E6040000 		.4byte	.LASF110
 1410 0879 05       		.byte	0x5
 1411 087a 19       		.byte	0x19
 1412 087b 63080000 		.4byte	0x863
 1413 087f 05       		.uleb128 0x5
 1414 0880 03       		.byte	0x3
 1415 0881 00000000 		.4byte	EE_cortex_mx_stack_3
 1416 0885 11       		.uleb128 0x11
 1417 0886 55000000 		.4byte	0x55
 1418 088a 95080000 		.4byte	0x895
 1419 088e 14       		.uleb128 0x14
 1420 088f 80030000 		.4byte	0x380
 1421 0893 7F       		.byte	0x7f
 1422 0894 00       		.byte	0
 1423 0895 16       		.uleb128 0x16
 1424 0896 1B030000 		.4byte	.LASF111
 1425 089a 05       		.byte	0x5
ARM GAS  C:\Users\zakis\AppData\Local\Temp\ccrYraVp.s 			page 27


 1426 089b 32       		.byte	0x32
 1427 089c 85080000 		.4byte	0x885
 1428 08a0 05       		.uleb128 0x5
 1429 08a1 03       		.byte	0x3
 1430 08a2 00000000 		.4byte	EE_cortex_mx_stack_9
 1431 08a6 00       		.byte	0
 1432              		.section	.debug_abbrev,"",%progbits
 1433              	.Ldebug_abbrev0:
 1434 0000 01       		.uleb128 0x1
 1435 0001 11       		.uleb128 0x11
 1436 0002 01       		.byte	0x1
 1437 0003 25       		.uleb128 0x25
 1438 0004 0E       		.uleb128 0xe
 1439 0005 13       		.uleb128 0x13
 1440 0006 0B       		.uleb128 0xb
 1441 0007 03       		.uleb128 0x3
 1442 0008 0E       		.uleb128 0xe
 1443 0009 1B       		.uleb128 0x1b
 1444 000a 0E       		.uleb128 0xe
 1445 000b 10       		.uleb128 0x10
 1446 000c 17       		.uleb128 0x17
 1447 000d 00       		.byte	0
 1448 000e 00       		.byte	0
 1449 000f 02       		.uleb128 0x2
 1450 0010 24       		.uleb128 0x24
 1451 0011 00       		.byte	0
 1452 0012 0B       		.uleb128 0xb
 1453 0013 0B       		.uleb128 0xb
 1454 0014 3E       		.uleb128 0x3e
 1455 0015 0B       		.uleb128 0xb
 1456 0016 03       		.uleb128 0x3
 1457 0017 0E       		.uleb128 0xe
 1458 0018 00       		.byte	0
 1459 0019 00       		.byte	0
 1460 001a 03       		.uleb128 0x3
 1461 001b 24       		.uleb128 0x24
 1462 001c 00       		.byte	0
 1463 001d 0B       		.uleb128 0xb
 1464 001e 0B       		.uleb128 0xb
 1465 001f 3E       		.uleb128 0x3e
 1466 0020 0B       		.uleb128 0xb
 1467 0021 03       		.uleb128 0x3
 1468 0022 08       		.uleb128 0x8
 1469 0023 00       		.byte	0
 1470 0024 00       		.byte	0
 1471 0025 04       		.uleb128 0x4
 1472 0026 16       		.uleb128 0x16
 1473 0027 00       		.byte	0
 1474 0028 03       		.uleb128 0x3
 1475 0029 0E       		.uleb128 0xe
 1476 002a 3A       		.uleb128 0x3a
 1477 002b 0B       		.uleb128 0xb
 1478 002c 3B       		.uleb128 0x3b
 1479 002d 0B       		.uleb128 0xb
 1480 002e 49       		.uleb128 0x49
 1481 002f 13       		.uleb128 0x13
 1482 0030 00       		.byte	0
ARM GAS  C:\Users\zakis\AppData\Local\Temp\ccrYraVp.s 			page 28


 1483 0031 00       		.byte	0
 1484 0032 05       		.uleb128 0x5
 1485 0033 0F       		.uleb128 0xf
 1486 0034 00       		.byte	0
 1487 0035 0B       		.uleb128 0xb
 1488 0036 0B       		.uleb128 0xb
 1489 0037 00       		.byte	0
 1490 0038 00       		.byte	0
 1491 0039 06       		.uleb128 0x6
 1492 003a 0F       		.uleb128 0xf
 1493 003b 00       		.byte	0
 1494 003c 0B       		.uleb128 0xb
 1495 003d 0B       		.uleb128 0xb
 1496 003e 49       		.uleb128 0x49
 1497 003f 13       		.uleb128 0x13
 1498 0040 00       		.byte	0
 1499 0041 00       		.byte	0
 1500 0042 07       		.uleb128 0x7
 1501 0043 15       		.uleb128 0x15
 1502 0044 00       		.byte	0
 1503 0045 27       		.uleb128 0x27
 1504 0046 19       		.uleb128 0x19
 1505 0047 00       		.byte	0
 1506 0048 00       		.byte	0
 1507 0049 08       		.uleb128 0x8
 1508 004a 13       		.uleb128 0x13
 1509 004b 01       		.byte	0x1
 1510 004c 03       		.uleb128 0x3
 1511 004d 0E       		.uleb128 0xe
 1512 004e 0B       		.uleb128 0xb
 1513 004f 0B       		.uleb128 0xb
 1514 0050 3A       		.uleb128 0x3a
 1515 0051 0B       		.uleb128 0xb
 1516 0052 3B       		.uleb128 0x3b
 1517 0053 0B       		.uleb128 0xb
 1518 0054 01       		.uleb128 0x1
 1519 0055 13       		.uleb128 0x13
 1520 0056 00       		.byte	0
 1521 0057 00       		.byte	0
 1522 0058 09       		.uleb128 0x9
 1523 0059 0D       		.uleb128 0xd
 1524 005a 00       		.byte	0
 1525 005b 03       		.uleb128 0x3
 1526 005c 0E       		.uleb128 0xe
 1527 005d 3A       		.uleb128 0x3a
 1528 005e 0B       		.uleb128 0xb
 1529 005f 3B       		.uleb128 0x3b
 1530 0060 0B       		.uleb128 0xb
 1531 0061 49       		.uleb128 0x49
 1532 0062 13       		.uleb128 0x13
 1533 0063 38       		.uleb128 0x38
 1534 0064 0B       		.uleb128 0xb
 1535 0065 00       		.byte	0
 1536 0066 00       		.byte	0
 1537 0067 0A       		.uleb128 0xa
 1538 0068 16       		.uleb128 0x16
 1539 0069 00       		.byte	0
ARM GAS  C:\Users\zakis\AppData\Local\Temp\ccrYraVp.s 			page 29


 1540 006a 03       		.uleb128 0x3
 1541 006b 0E       		.uleb128 0xe
 1542 006c 3A       		.uleb128 0x3a
 1543 006d 0B       		.uleb128 0xb
 1544 006e 3B       		.uleb128 0x3b
 1545 006f 05       		.uleb128 0x5
 1546 0070 49       		.uleb128 0x49
 1547 0071 13       		.uleb128 0x13
 1548 0072 00       		.byte	0
 1549 0073 00       		.byte	0
 1550 0074 0B       		.uleb128 0xb
 1551 0075 13       		.uleb128 0x13
 1552 0076 01       		.byte	0x1
 1553 0077 0B       		.uleb128 0xb
 1554 0078 0B       		.uleb128 0xb
 1555 0079 3A       		.uleb128 0x3a
 1556 007a 0B       		.uleb128 0xb
 1557 007b 3B       		.uleb128 0x3b
 1558 007c 05       		.uleb128 0x5
 1559 007d 01       		.uleb128 0x1
 1560 007e 13       		.uleb128 0x13
 1561 007f 00       		.byte	0
 1562 0080 00       		.byte	0
 1563 0081 0C       		.uleb128 0xc
 1564 0082 0D       		.uleb128 0xd
 1565 0083 00       		.byte	0
 1566 0084 03       		.uleb128 0x3
 1567 0085 0E       		.uleb128 0xe
 1568 0086 3A       		.uleb128 0x3a
 1569 0087 0B       		.uleb128 0xb
 1570 0088 3B       		.uleb128 0x3b
 1571 0089 05       		.uleb128 0x5
 1572 008a 49       		.uleb128 0x49
 1573 008b 13       		.uleb128 0x13
 1574 008c 38       		.uleb128 0x38
 1575 008d 0B       		.uleb128 0xb
 1576 008e 00       		.byte	0
 1577 008f 00       		.byte	0
 1578 0090 0D       		.uleb128 0xd
 1579 0091 04       		.uleb128 0x4
 1580 0092 01       		.byte	0x1
 1581 0093 0B       		.uleb128 0xb
 1582 0094 0B       		.uleb128 0xb
 1583 0095 49       		.uleb128 0x49
 1584 0096 13       		.uleb128 0x13
 1585 0097 3A       		.uleb128 0x3a
 1586 0098 0B       		.uleb128 0xb
 1587 0099 3B       		.uleb128 0x3b
 1588 009a 05       		.uleb128 0x5
 1589 009b 01       		.uleb128 0x1
 1590 009c 13       		.uleb128 0x13
 1591 009d 00       		.byte	0
 1592 009e 00       		.byte	0
 1593 009f 0E       		.uleb128 0xe
 1594 00a0 28       		.uleb128 0x28
 1595 00a1 00       		.byte	0
 1596 00a2 03       		.uleb128 0x3
ARM GAS  C:\Users\zakis\AppData\Local\Temp\ccrYraVp.s 			page 30


 1597 00a3 0E       		.uleb128 0xe
 1598 00a4 1C       		.uleb128 0x1c
 1599 00a5 0B       		.uleb128 0xb
 1600 00a6 00       		.byte	0
 1601 00a7 00       		.byte	0
 1602 00a8 0F       		.uleb128 0xf
 1603 00a9 0D       		.uleb128 0xd
 1604 00aa 00       		.byte	0
 1605 00ab 03       		.uleb128 0x3
 1606 00ac 08       		.uleb128 0x8
 1607 00ad 3A       		.uleb128 0x3a
 1608 00ae 0B       		.uleb128 0xb
 1609 00af 3B       		.uleb128 0x3b
 1610 00b0 05       		.uleb128 0x5
 1611 00b1 49       		.uleb128 0x49
 1612 00b2 13       		.uleb128 0x13
 1613 00b3 38       		.uleb128 0x38
 1614 00b4 0B       		.uleb128 0xb
 1615 00b5 00       		.byte	0
 1616 00b6 00       		.byte	0
 1617 00b7 10       		.uleb128 0x10
 1618 00b8 13       		.uleb128 0x13
 1619 00b9 01       		.byte	0x1
 1620 00ba 03       		.uleb128 0x3
 1621 00bb 0E       		.uleb128 0xe
 1622 00bc 0B       		.uleb128 0xb
 1623 00bd 0B       		.uleb128 0xb
 1624 00be 3A       		.uleb128 0x3a
 1625 00bf 0B       		.uleb128 0xb
 1626 00c0 3B       		.uleb128 0x3b
 1627 00c1 05       		.uleb128 0x5
 1628 00c2 01       		.uleb128 0x1
 1629 00c3 13       		.uleb128 0x13
 1630 00c4 00       		.byte	0
 1631 00c5 00       		.byte	0
 1632 00c6 11       		.uleb128 0x11
 1633 00c7 01       		.uleb128 0x1
 1634 00c8 01       		.byte	0x1
 1635 00c9 49       		.uleb128 0x49
 1636 00ca 13       		.uleb128 0x13
 1637 00cb 01       		.uleb128 0x1
 1638 00cc 13       		.uleb128 0x13
 1639 00cd 00       		.byte	0
 1640 00ce 00       		.byte	0
 1641 00cf 12       		.uleb128 0x12
 1642 00d0 21       		.uleb128 0x21
 1643 00d1 00       		.byte	0
 1644 00d2 00       		.byte	0
 1645 00d3 00       		.byte	0
 1646 00d4 13       		.uleb128 0x13
 1647 00d5 26       		.uleb128 0x26
 1648 00d6 00       		.byte	0
 1649 00d7 49       		.uleb128 0x49
 1650 00d8 13       		.uleb128 0x13
 1651 00d9 00       		.byte	0
 1652 00da 00       		.byte	0
 1653 00db 14       		.uleb128 0x14
ARM GAS  C:\Users\zakis\AppData\Local\Temp\ccrYraVp.s 			page 31


 1654 00dc 21       		.uleb128 0x21
 1655 00dd 00       		.byte	0
 1656 00de 49       		.uleb128 0x49
 1657 00df 13       		.uleb128 0x13
 1658 00e0 2F       		.uleb128 0x2f
 1659 00e1 0B       		.uleb128 0xb
 1660 00e2 00       		.byte	0
 1661 00e3 00       		.byte	0
 1662 00e4 15       		.uleb128 0x15
 1663 00e5 34       		.uleb128 0x34
 1664 00e6 00       		.byte	0
 1665 00e7 03       		.uleb128 0x3
 1666 00e8 0E       		.uleb128 0xe
 1667 00e9 3A       		.uleb128 0x3a
 1668 00ea 0B       		.uleb128 0xb
 1669 00eb 3B       		.uleb128 0x3b
 1670 00ec 05       		.uleb128 0x5
 1671 00ed 49       		.uleb128 0x49
 1672 00ee 13       		.uleb128 0x13
 1673 00ef 02       		.uleb128 0x2
 1674 00f0 18       		.uleb128 0x18
 1675 00f1 00       		.byte	0
 1676 00f2 00       		.byte	0
 1677 00f3 16       		.uleb128 0x16
 1678 00f4 34       		.uleb128 0x34
 1679 00f5 00       		.byte	0
 1680 00f6 03       		.uleb128 0x3
 1681 00f7 0E       		.uleb128 0xe
 1682 00f8 3A       		.uleb128 0x3a
 1683 00f9 0B       		.uleb128 0xb
 1684 00fa 3B       		.uleb128 0x3b
 1685 00fb 0B       		.uleb128 0xb
 1686 00fc 49       		.uleb128 0x49
 1687 00fd 13       		.uleb128 0x13
 1688 00fe 3F       		.uleb128 0x3f
 1689 00ff 19       		.uleb128 0x19
 1690 0100 02       		.uleb128 0x2
 1691 0101 18       		.uleb128 0x18
 1692 0102 00       		.byte	0
 1693 0103 00       		.byte	0
 1694 0104 17       		.uleb128 0x17
 1695 0105 34       		.uleb128 0x34
 1696 0106 00       		.byte	0
 1697 0107 03       		.uleb128 0x3
 1698 0108 0E       		.uleb128 0xe
 1699 0109 3A       		.uleb128 0x3a
 1700 010a 0B       		.uleb128 0xb
 1701 010b 3B       		.uleb128 0x3b
 1702 010c 05       		.uleb128 0x5
 1703 010d 49       		.uleb128 0x49
 1704 010e 13       		.uleb128 0x13
 1705 010f 3F       		.uleb128 0x3f
 1706 0110 19       		.uleb128 0x19
 1707 0111 02       		.uleb128 0x2
 1708 0112 18       		.uleb128 0x18
 1709 0113 00       		.byte	0
 1710 0114 00       		.byte	0
ARM GAS  C:\Users\zakis\AppData\Local\Temp\ccrYraVp.s 			page 32


 1711 0115 18       		.uleb128 0x18
 1712 0116 34       		.uleb128 0x34
 1713 0117 00       		.byte	0
 1714 0118 03       		.uleb128 0x3
 1715 0119 0E       		.uleb128 0xe
 1716 011a 3A       		.uleb128 0x3a
 1717 011b 0B       		.uleb128 0xb
 1718 011c 3B       		.uleb128 0x3b
 1719 011d 0B       		.uleb128 0xb
 1720 011e 49       		.uleb128 0x49
 1721 011f 13       		.uleb128 0x13
 1722 0120 3F       		.uleb128 0x3f
 1723 0121 19       		.uleb128 0x19
 1724 0122 3C       		.uleb128 0x3c
 1725 0123 19       		.uleb128 0x19
 1726 0124 00       		.byte	0
 1727 0125 00       		.byte	0
 1728 0126 19       		.uleb128 0x19
 1729 0127 21       		.uleb128 0x21
 1730 0128 00       		.byte	0
 1731 0129 49       		.uleb128 0x49
 1732 012a 13       		.uleb128 0x13
 1733 012b 2F       		.uleb128 0x2f
 1734 012c 05       		.uleb128 0x5
 1735 012d 00       		.byte	0
 1736 012e 00       		.byte	0
 1737 012f 00       		.byte	0
 1738              		.section	.debug_aranges,"",%progbits
 1739 0000 14000000 		.4byte	0x14
 1740 0004 0200     		.2byte	0x2
 1741 0006 00000000 		.4byte	.Ldebug_info0
 1742 000a 04       		.byte	0x4
 1743 000b 00       		.byte	0
 1744 000c 0000     		.2byte	0
 1745 000e 0000     		.2byte	0
 1746 0010 00000000 		.4byte	0
 1747 0014 00000000 		.4byte	0
 1748              		.section	.debug_line,"",%progbits
 1749              	.Ldebug_line0:
 1750 0000 28010000 		.section	.debug_str,"MS",%progbits,1
 1750      02002201 
 1750      00000201 
 1750      FB0E0D00 
 1750      01010101 
 1751              	.LASF46:
 1752 0000 6E657874 		.ascii	"next\000"
 1752      00
 1753              	.LASF83:
 1754 0005 45455F74 		.ascii	"EE_th_terminate_nextask\000"
 1754      685F7465 
 1754      726D696E 
 1754      6174655F 
 1754      6E657874 
 1755              	.LASF24:
 1756 001d 5469636B 		.ascii	"TickType\000"
 1756      54797065 
 1756      00
ARM GAS  C:\Users\zakis\AppData\Local\Temp\ccrYraVp.s 			page 33


 1757              	.LASF84:
 1758 0026 45455F73 		.ascii	"EE_stkfirst\000"
 1758      746B6669 
 1758      72737400 
 1759              	.LASF26:
 1760 0032 41637469 		.ascii	"ActionType\000"
 1760      6F6E5479 
 1760      706500
 1761              	.LASF19:
 1762 003d 45455F54 		.ascii	"EE_TYPEBOOL\000"
 1762      59504542 
 1762      4F4F4C00 
 1763              	.LASF109:
 1764 0049 45455F63 		.ascii	"EE_cortex_mx_IRQ_tos\000"
 1764      6F727465 
 1764      785F6D78 
 1764      5F495251 
 1764      5F746F73 
 1765              	.LASF7:
 1766 005e 6C6F6E67 		.ascii	"long long unsigned int\000"
 1766      206C6F6E 
 1766      6720756E 
 1766      7369676E 
 1766      65642069 
 1767              	.LASF45:
 1768 0075 64656C74 		.ascii	"delta\000"
 1768      6100
 1769              	.LASF113:
 1770 007b 47656E65 		.ascii	"Generated_Source\\PSoC5\\ErikaOS_eecfg.c\000"
 1770      72617465 
 1770      645F536F 
 1770      75726365 
 1770      5C50536F 
 1771              	.LASF42:
 1772 00a2 45455F6F 		.ascii	"EE_oo_counter_object_ROM_type\000"
 1772      6F5F636F 
 1772      756E7465 
 1772      725F6F62 
 1772      6A656374 
 1773              	.LASF89:
 1774 00c0 45455F72 		.ascii	"EE_rq_pairs_next\000"
 1774      715F7061 
 1774      6972735F 
 1774      6E657874 
 1774      00
 1775              	.LASF22:
 1776 00d1 5461736B 		.ascii	"TaskType\000"
 1776      54797065 
 1776      00
 1777              	.LASF61:
 1778 00da 45455F54 		.ascii	"EE_TOS\000"
 1778      4F5300
 1779              	.LASF29:
 1780 00e1 6D617861 		.ascii	"maxallowedvalue\000"
 1780      6C6C6F77 
 1780      65647661 
 1780      6C756500 
ARM GAS  C:\Users\zakis\AppData\Local\Temp\ccrYraVp.s 			page 34


 1781              	.LASF115:
 1782 00f1 45455F6F 		.ascii	"EE_oo_autostart_task_mode_OSDEFAULTAPPMODE\000"
 1782      6F5F6175 
 1782      746F7374 
 1782      6172745F 
 1782      7461736B 
 1783              	.LASF79:
 1784 011c 45455F41 		.ascii	"EE_ALARM_ID\000"
 1784      4C41524D 
 1784      5F494400 
 1785              	.LASF6:
 1786 0128 6C6F6E67 		.ascii	"long long int\000"
 1786      206C6F6E 
 1786      6720696E 
 1786      7400
 1787              	.LASF0:
 1788 0136 7369676E 		.ascii	"signed char\000"
 1788      65642063 
 1788      68617200 
 1789              	.LASF52:
 1790 0142 45455F6F 		.ascii	"EE_oo_action_kind_type\000"
 1790      6F5F6163 
 1790      74696F6E 
 1790      5F6B696E 
 1790      645F7479 
 1791              	.LASF23:
 1792 0159 4576656E 		.ascii	"EventMaskType\000"
 1792      744D6173 
 1792      6B547970 
 1792      6500
 1793              	.LASF76:
 1794 0167 45455F45 		.ascii	"EE_EVENT_NAME\000"
 1794      56454E54 
 1794      5F4E414D 
 1794      4500
 1795              	.LASF100:
 1796 0175 45455F61 		.ascii	"EE_alarm_ROM\000"
 1796      6C61726D 
 1796      5F524F4D 
 1796      00
 1797              	.LASF70:
 1798 0182 45455F63 		.ascii	"EE_cortex_mx_active_tos\000"
 1798      6F727465 
 1798      785F6D78 
 1798      5F616374 
 1798      6976655F 
 1799              	.LASF35:
 1800 019a 45455F6F 		.ascii	"EE_oo_counter_RAM_type\000"
 1800      6F5F636F 
 1800      756E7465 
 1800      725F5241 
 1800      4D5F7479 
 1801              	.LASF78:
 1802 01b1 45455F45 		.ascii	"EE_EVENT_ID\000"
 1802      56454E54 
 1802      5F494400 
 1803              	.LASF4:
ARM GAS  C:\Users\zakis\AppData\Local\Temp\ccrYraVp.s 			page 35


 1804 01bd 6C6F6E67 		.ascii	"long int\000"
 1804      20696E74 
 1804      00
 1805              	.LASF87:
 1806 01c6 45455F72 		.ascii	"EE_rq_queues_head\000"
 1806      715F7175 
 1806      65756573 
 1806      5F686561 
 1806      6400
 1807              	.LASF105:
 1808 01d8 45455F6F 		.ascii	"EE_oo_IRQ_suspend_status\000"
 1808      6F5F4952 
 1808      515F7375 
 1808      7370656E 
 1808      645F7374 
 1809              	.LASF107:
 1810 01f1 45455F73 		.ascii	"EE_std_endcycle_next_tid\000"
 1810      74645F65 
 1810      6E646379 
 1810      636C655F 
 1810      6E657874 
 1811              	.LASF31:
 1812 020a 6D696E63 		.ascii	"mincycle\000"
 1812      79636C65 
 1812      00
 1813              	.LASF20:
 1814 0213 45455F54 		.ascii	"EE_TID\000"
 1814      494400
 1815              	.LASF33:
 1816 021a 76616C75 		.ascii	"value\000"
 1816      6500
 1817              	.LASF8:
 1818 0220 756E7369 		.ascii	"unsigned int\000"
 1818      676E6564 
 1818      20696E74 
 1818      00
 1819              	.LASF16:
 1820 022d 45455F55 		.ascii	"EE_UREG\000"
 1820      52454700 
 1821              	.LASF60:
 1822 0235 45455F6F 		.ascii	"EE_oo_alarm_ROM_type\000"
 1822      6F5F616C 
 1822      61726D5F 
 1822      524F4D5F 
 1822      74797065 
 1823              	.LASF77:
 1824 024a 45455F41 		.ascii	"EE_ALARM_NAME\000"
 1824      4C41524D 
 1824      5F4E414D 
 1824      4500
 1825              	.LASF5:
 1826 0258 6C6F6E67 		.ascii	"long unsigned int\000"
 1826      20756E73 
 1826      69676E65 
 1826      6420696E 
 1826      7400
 1827              	.LASF95:
ARM GAS  C:\Users\zakis\AppData\Local\Temp\ccrYraVp.s 			page 36


 1828 026a 45455F74 		.ascii	"EE_th_waswaiting\000"
 1828      685F7761 
 1828      73776169 
 1828      74696E67 
 1828      00
 1829              	.LASF62:
 1830 027b 45455F6F 		.ascii	"EE_oo_autostart_task_type\000"
 1830      6F5F6175 
 1830      746F7374 
 1830      6172745F 
 1830      7461736B 
 1831              	.LASF41:
 1832 0295 6B696E64 		.ascii	"kind\000"
 1832      00
 1833              	.LASF3:
 1834 029a 73686F72 		.ascii	"short unsigned int\000"
 1834      7420756E 
 1834      7369676E 
 1834      65642069 
 1834      6E7400
 1835              	.LASF104:
 1836 02ad 45455F6F 		.ascii	"EE_oo_IRQ_disable_count\000"
 1836      6F5F4952 
 1836      515F6469 
 1836      7361626C 
 1836      655F636F 
 1837              	.LASF38:
 1838 02c5 45455F6F 		.ascii	"EE_oo_counter_object_kind_type\000"
 1838      6F5F636F 
 1838      756E7465 
 1838      725F6F62 
 1838      6A656374 
 1839              	.LASF80:
 1840 02e4 45455F74 		.ascii	"EE_th_status\000"
 1840      685F7374 
 1840      61747573 
 1840      00
 1841              	.LASF39:
 1842 02f1 436F756E 		.ascii	"CounterObjectKindType\000"
 1842      7465724F 
 1842      626A6563 
 1842      744B696E 
 1842      64547970 
 1843              	.LASF73:
 1844 0307 45455F74 		.ascii	"EE_th_dispatch_prio\000"
 1844      685F6469 
 1844      73706174 
 1844      63685F70 
 1844      72696F00 
 1845              	.LASF111:
 1846 031b 45455F63 		.ascii	"EE_cortex_mx_stack_9\000"
 1846      6F727465 
 1846      785F6D78 
 1846      5F737461 
 1846      636B5F39 
 1847              	.LASF14:
 1848 0330 45455F56 		.ascii	"EE_VOID_CALLBACK\000"
ARM GAS  C:\Users\zakis\AppData\Local\Temp\ccrYraVp.s 			page 37


 1848      4F49445F 
 1848      43414C4C 
 1848      4241434B 
 1848      00
 1849              	.LASF27:
 1850 0341 436F756E 		.ascii	"CounterType\000"
 1850      74657254 
 1850      79706500 
 1851              	.LASF98:
 1852 034d 45455F6F 		.ascii	"EE_oo_counter_object_ROM\000"
 1852      6F5F636F 
 1852      756E7465 
 1852      725F6F62 
 1852      6A656374 
 1853              	.LASF59:
 1854 0366 61637469 		.ascii	"action_id\000"
 1854      6F6E5F69 
 1854      6400
 1855              	.LASF106:
 1856 0370 45455F41 		.ascii	"EE_ApplicationMode\000"
 1856      70706C69 
 1856      63617469 
 1856      6F6E4D6F 
 1856      646500
 1857              	.LASF99:
 1858 0383 45455F6F 		.ascii	"EE_oo_action_ROM\000"
 1858      6F5F6163 
 1858      74696F6E 
 1858      5F524F4D 
 1858      00
 1859              	.LASF21:
 1860 0394 45455F54 		.ascii	"EE_TYPE_RQ_MASK\000"
 1860      5950455F 
 1860      52515F4D 
 1860      41534B00 
 1861              	.LASF64:
 1862 03a4 73697A65 		.ascii	"sizetype\000"
 1862      74797065 
 1862      00
 1863              	.LASF9:
 1864 03ad 6C6F6E67 		.ascii	"long double\000"
 1864      20646F75 
 1864      626C6500 
 1865              	.LASF92:
 1866 03b9 45455F72 		.ascii	"EE_rq_free\000"
 1866      715F6672 
 1866      656500
 1867              	.LASF86:
 1868 03c4 45455F72 		.ascii	"EE_rq_link\000"
 1868      715F6C69 
 1868      6E6B00
 1869              	.LASF17:
 1870 03cf 45455F53 		.ascii	"EE_SREG\000"
 1870      52454700 
 1871              	.LASF30:
 1872 03d7 7469636B 		.ascii	"ticksperbase\000"
 1872      73706572 
ARM GAS  C:\Users\zakis\AppData\Local\Temp\ccrYraVp.s 			page 38


 1872      62617365 
 1872      00
 1873              	.LASF43:
 1874 03e4 75736564 		.ascii	"used\000"
 1874      00
 1875              	.LASF47:
 1876 03e9 45455F6F 		.ascii	"EE_oo_counter_object_RAM_type\000"
 1876      6F5F636F 
 1876      756E7465 
 1876      725F6F62 
 1876      6A656374 
 1877              	.LASF97:
 1878 0407 45455F63 		.ascii	"EE_counter_ROM\000"
 1878      6F756E74 
 1878      65725F52 
 1878      4F4D00
 1879              	.LASF114:
 1880 0416 433A5C55 		.ascii	"C:\\Users\\zakis\\Desktop\\RG\\RG.cydsn\000"
 1880      73657273 
 1880      5C7A616B 
 1880      69735C44 
 1880      65736B74 
 1881              	.LASF58:
 1882 0439 45455F6F 		.ascii	"EE_oo_action_ROM_type\000"
 1882      6F5F6163 
 1882      74696F6E 
 1882      5F524F4D 
 1882      5F747970 
 1883              	.LASF10:
 1884 044f 45455F55 		.ascii	"EE_UINT16\000"
 1884      494E5431 
 1884      3600
 1885              	.LASF37:
 1886 0459 45455F53 		.ascii	"EE_SCHEDULETABLE\000"
 1886      43484544 
 1886      554C4554 
 1886      41424C45 
 1886      00
 1887              	.LASF69:
 1888 046a 45455F63 		.ascii	"EE_cortex_mx_system_tos\000"
 1888      6F727465 
 1888      785F6D78 
 1888      5F737973 
 1888      74656D5F 
 1889              	.LASF1:
 1890 0482 756E7369 		.ascii	"unsigned char\000"
 1890      676E6564 
 1890      20636861 
 1890      7200
 1891              	.LASF36:
 1892 0490 45455F41 		.ascii	"EE_ALARM\000"
 1892      4C41524D 
 1892      00
 1893              	.LASF81:
 1894 0499 45455F74 		.ascii	"EE_th_next\000"
 1894      685F6E65 
 1894      787400
ARM GAS  C:\Users\zakis\AppData\Local\Temp\ccrYraVp.s 			page 39


 1895              	.LASF68:
 1896 04a4 45455F74 		.ascii	"EE_terminate_real_th_body\000"
 1896      65726D69 
 1896      6E617465 
 1896      5F726561 
 1896      6C5F7468 
 1897              	.LASF57:
 1898 04be 696E6363 		.ascii	"inccount\000"
 1898      6F756E74 
 1898      00
 1899              	.LASF2:
 1900 04c7 73686F72 		.ascii	"short int\000"
 1900      7420696E 
 1900      7400
 1901              	.LASF94:
 1902 04d1 45455F74 		.ascii	"EE_th_event_waitmask\000"
 1902      685F6576 
 1902      656E745F 
 1902      77616974 
 1902      6D61736B 
 1903              	.LASF110:
 1904 04e6 45455F63 		.ascii	"EE_cortex_mx_stack_3\000"
 1904      6F727465 
 1904      785F6D78 
 1904      5F737461 
 1904      636B5F33 
 1905              	.LASF75:
 1906 04fb 45455F54 		.ascii	"EE_TASK_NAME\000"
 1906      41534B5F 
 1906      4E414D45 
 1906      00
 1907              	.LASF32:
 1908 0508 45455F6F 		.ascii	"EE_oo_counter_ROM_type\000"
 1908      6F5F636F 
 1908      756E7465 
 1908      725F524F 
 1908      4D5F7479 
 1909              	.LASF112:
 1910 051f 474E5520 		.ascii	"GNU C11 5.4.1 20160609 (release) [ARM/embedded-5-br"
 1910      43313120 
 1910      352E342E 
 1910      31203230 
 1910      31363036 
 1911 0552 616E6368 		.ascii	"anch revision 237715] -mcpu=cortex-m3 -mthumb -g -O"
 1911      20726576 
 1911      6973696F 
 1911      6E203233 
 1911      37373135 
 1912 0585 67202D66 		.ascii	"g -ffunction-sections -ffat-lto-objects\000"
 1912      66756E63 
 1912      74696F6E 
 1912      2D736563 
 1912      74696F6E 
 1913              	.LASF56:
 1914 05ad 61637469 		.ascii	"action_mask\000"
 1914      6F6E5F6D 
 1914      61736B00 
ARM GAS  C:\Users\zakis\AppData\Local\Temp\ccrYraVp.s 			page 40


 1915              	.LASF15:
 1916 05b9 45455F54 		.ascii	"EE_THREAD_PTR\000"
 1916      48524541 
 1916      445F5054 
 1916      5200
 1917              	.LASF88:
 1918 05c7 45455F72 		.ascii	"EE_rq_queues_tail\000"
 1918      715F7175 
 1918      65756573 
 1918      5F746169 
 1918      6C00
 1919              	.LASF66:
 1920 05d9 45455F73 		.ascii	"EE_std_thread_tos\000"
 1920      74645F74 
 1920      68726561 
 1920      645F746F 
 1920      7300
 1921              	.LASF51:
 1922 05eb 45455F41 		.ascii	"EE_ACTION_CALLBACK\000"
 1922      4354494F 
 1922      4E5F4341 
 1922      4C4C4241 
 1922      434B00
 1923              	.LASF91:
 1924 05fe 45455F72 		.ascii	"EE_rq_bitmask\000"
 1924      715F6269 
 1924      746D6173 
 1924      6B00
 1925              	.LASF34:
 1926 060c 66697273 		.ascii	"first\000"
 1926      7400
 1927              	.LASF25:
 1928 0612 436F756E 		.ascii	"CounterObjectType\000"
 1928      7465724F 
 1928      626A6563 
 1928      74547970 
 1928      6500
 1929              	.LASF74:
 1930 0624 63686172 		.ascii	"char\000"
 1930      00
 1931              	.LASF48:
 1932 0629 45455F41 		.ascii	"EE_ACTION_TASK\000"
 1932      4354494F 
 1932      4E5F5441 
 1932      534B00
 1933              	.LASF71:
 1934 0638 45455F74 		.ascii	"EE_th_rnact_max\000"
 1934      685F726E 
 1934      6163745F 
 1934      6D617800 
 1935              	.LASF50:
 1936 0648 45455F41 		.ascii	"EE_ACTION_COUNTER\000"
 1936      4354494F 
 1936      4E5F434F 
 1936      554E5445 
 1936      5200
 1937              	.LASF101:
ARM GAS  C:\Users\zakis\AppData\Local\Temp\ccrYraVp.s 			page 41


 1938 065a 45455F63 		.ascii	"EE_counter_RAM\000"
 1938      6F756E74 
 1938      65725F52 
 1938      414D00
 1939              	.LASF40:
 1940 0669 73706563 		.ascii	"spec_id\000"
 1940      5F696400 
 1941              	.LASF49:
 1942 0671 45455F41 		.ascii	"EE_ACTION_EVENT\000"
 1942      4354494F 
 1942      4E5F4556 
 1942      454E5400 
 1943              	.LASF65:
 1944 0681 45455F68 		.ascii	"EE_hal_thread_body\000"
 1944      616C5F74 
 1944      68726561 
 1944      645F626F 
 1944      647900
 1945              	.LASF85:
 1946 0694 45455F73 		.ascii	"EE_sys_ceiling\000"
 1946      79735F63 
 1946      65696C69 
 1946      6E6700
 1947              	.LASF54:
 1948 06a3 61637469 		.ascii	"action_kind\000"
 1948      6F6E5F6B 
 1948      696E6400 
 1949              	.LASF63:
 1950 06af 7461736B 		.ascii	"task\000"
 1950      00
 1951              	.LASF102:
 1952 06b4 45455F6F 		.ascii	"EE_oo_counter_object_RAM\000"
 1952      6F5F636F 
 1952      756E7465 
 1952      725F6F62 
 1952      6A656374 
 1953              	.LASF53:
 1954 06cd 41637469 		.ascii	"ActionKindType\000"
 1954      6F6E4B69 
 1954      6E645479 
 1954      706500
 1955              	.LASF72:
 1956 06dc 45455F74 		.ascii	"EE_th_ready_prio\000"
 1956      685F7265 
 1956      6164795F 
 1956      7072696F 
 1956      00
 1957              	.LASF82:
 1958 06ed 45455F74 		.ascii	"EE_th_rnact\000"
 1958      685F726E 
 1958      61637400 
 1959              	.LASF90:
 1960 06f9 45455F72 		.ascii	"EE_rq_pairs_tid\000"
 1960      715F7061 
 1960      6972735F 
 1960      74696400 
 1961              	.LASF108:
ARM GAS  C:\Users\zakis\AppData\Local\Temp\ccrYraVp.s 			page 42


 1962 0709 45455F49 		.ascii	"EE_IRQ_nesting_level\000"
 1962      52515F6E 
 1962      65737469 
 1962      6E675F6C 
 1962      6576656C 
 1963              	.LASF12:
 1964 071e 45455F55 		.ascii	"EE_UINT32\000"
 1964      494E5433 
 1964      3200
 1965              	.LASF11:
 1966 0728 45455F49 		.ascii	"EE_INT32\000"
 1966      4E543332 
 1966      00
 1967              	.LASF67:
 1968 0731 45455F74 		.ascii	"EE_terminate_data\000"
 1968      65726D69 
 1968      6E617465 
 1968      5F646174 
 1968      6100
 1969              	.LASF93:
 1970 0743 45455F74 		.ascii	"EE_th_event_active\000"
 1970      685F6576 
 1970      656E745F 
 1970      61637469 
 1970      766500
 1971              	.LASF44:
 1972 0756 636E7463 		.ascii	"cntcycle\000"
 1972      79636C65 
 1972      00
 1973              	.LASF28:
 1974 075f 5359535F 		.ascii	"SYS_tos\000"
 1974      746F7300 
 1975              	.LASF55:
 1976 0767 61637469 		.ascii	"action_task\000"
 1976      6F6E5F74 
 1976      61736B00 
 1977              	.LASF13:
 1978 0773 45455F41 		.ascii	"EE_ADDR\000"
 1978      44445200 
 1979              	.LASF96:
 1980 077b 45455F74 		.ascii	"EE_th_is_extended\000"
 1980      685F6973 
 1980      5F657874 
 1980      656E6465 
 1980      6400
 1981              	.LASF18:
 1982 078d 45455F46 		.ascii	"EE_FREG\000"
 1982      52454700 
 1983              	.LASF103:
 1984 0795 45455F6F 		.ascii	"EE_oo_autostart_task_data\000"
 1984      6F5F6175 
 1984      746F7374 
 1984      6172745F 
 1984      7461736B 
 1985              		.ident	"GCC: (GNU Tools for ARM Embedded Processors) 5.4.1 20160609 (release) [ARM/embedded-5-bran
