ARM GAS  C:\Users\zakis\AppData\Local\Temp\ccqpteAc.s 			page 1


   1              		.syntax unified
   2              		.cpu cortex-m3
   3              		.fpu softvfp
   4              		.eabi_attribute 20, 1
   5              		.eabi_attribute 21, 1
   6              		.eabi_attribute 23, 3
   7              		.eabi_attribute 24, 1
   8              		.eabi_attribute 25, 1
   9              		.eabi_attribute 26, 1
  10              		.eabi_attribute 30, 1
  11              		.eabi_attribute 34, 1
  12              		.eabi_attribute 18, 4
  13              		.thumb
  14              		.syntax unified
  15              		.file	"PWM.c"
  16              		.text
  17              	.Ltext0:
  18              		.cfi_sections	.debug_frame
  19              		.section	.text.PWM_Read,"ax",%progbits
  20              		.align	2
  21              		.global	PWM_Read
  22              		.thumb
  23              		.thumb_func
  24              		.type	PWM_Read, %function
  25              	PWM_Read:
  26              	.LFB110:
  27              		.file 1 "source\\bsw\\PWM.c"
   1:source\bsw/PWM.c **** /**
   2:source\bsw/PWM.c **** * \file PWM.c
   3:source\bsw/PWM.c **** * \author Z. Sadique
   4:source\bsw/PWM.c **** * \date 08.12.2023
   5:source\bsw/PWM.c **** *
   6:source\bsw/PWM.c **** * \brief Simple PWM driver
   7:source\bsw/PWM.c **** */
   8:source\bsw/PWM.c **** 
   9:source\bsw/PWM.c **** /*****************************************************************************/
  10:source\bsw/PWM.c **** /* Include files                                                             */
  11:source\bsw/PWM.c **** /*****************************************************************************/
  12:source\bsw/PWM.c **** #include "project.h"
  13:source\bsw/PWM.c **** #include "PWM.h"
  14:source\bsw/PWM.c **** 
  15:source\bsw/PWM.c **** 
  16:source\bsw/PWM.c **** 
  17:source\bsw/PWM.c **** 
  18:source\bsw/PWM.c **** /*****************************************************************************/
  19:source\bsw/PWM.c **** /* Local pre-processor symbols/macros ('#define')                            */
  20:source\bsw/PWM.c **** /*****************************************************************************/
  21:source\bsw/PWM.c **** 
  22:source\bsw/PWM.c **** /*****************************************************************************/
  23:source\bsw/PWM.c **** /* Global variable definitions (declared in header file with 'extern')       */
  24:source\bsw/PWM.c **** /*****************************************************************************/
  25:source\bsw/PWM.c **** 
  26:source\bsw/PWM.c **** /*****************************************************************************/
  27:source\bsw/PWM.c **** /* Local type definitions ('typedef')                                        */
  28:source\bsw/PWM.c **** /*****************************************************************************/
  29:source\bsw/PWM.c **** 
  30:source\bsw/PWM.c **** /*****************************************************************************/
ARM GAS  C:\Users\zakis\AppData\Local\Temp\ccqpteAc.s 			page 2


  31:source\bsw/PWM.c **** /* Local variable definitions ('static')                                     */
  32:source\bsw/PWM.c **** /*****************************************************************************/
  33:source\bsw/PWM.c **** 
  34:source\bsw/PWM.c **** 
  35:source\bsw/PWM.c **** 
  36:source\bsw/PWM.c **** /*****************************************************************************/
  37:source\bsw/PWM.c **** /* Local function prototypes ('static')                                      */
  38:source\bsw/PWM.c **** /*****************************************************************************/
  39:source\bsw/PWM.c **** 
  40:source\bsw/PWM.c **** 
  41:source\bsw/PWM.c **** /*****************************************************************************/
  42:source\bsw/PWM.c **** /* Function implementation - global ('extern') and local ('static')          */
  43:source\bsw/PWM.c **** /*****************************************************************************/
  44:source\bsw/PWM.c **** /**
  45:source\bsw/PWM.c ****  * @brief Reads the current value of a specified PWM channel.
  46:source\bsw/PWM.c ****  *
  47:source\bsw/PWM.c ****  * This function reads the current value of the specified PWM channel and returns the result.
  48:source\bsw/PWM.c ****  *
  49:source\bsw/PWM.c ****  * @param pwm The PWM channel identifier.
  50:source\bsw/PWM.c ****  * @return The current value of the specified PWM channel.
  51:source\bsw/PWM.c ****  */
  52:source\bsw/PWM.c **** uint16_t PWM_Read(ePWM_t pwm){
  28              		.loc 1 52 0
  29              		.cfi_startproc
  30              		@ args = 0, pretend = 0, frame = 0
  31              		@ frame_needed = 0, uses_anonymous_args = 0
  32              	.LVL0:
  33 0000 08B5     		push	{r3, lr}
  34              		.cfi_def_cfa_offset 8
  35              		.cfi_offset 3, -8
  36              		.cfi_offset 14, -4
  37              	.LVL1:
  53:source\bsw/PWM.c ****     uint16_t value = 0;
  54:source\bsw/PWM.c ****     switch (pwm){
  38              		.loc 1 54 0
  39 0002 0528     		cmp	r0, #5
  40 0004 19D8     		bhi	.L10
  41 0006 DFE800F0 		tbb	[pc, r0]
  42              	.L4:
  43 000a 03       		.byte	(.L3-.L4)/2
  44 000b 07       		.byte	(.L5-.L4)/2
  45 000c 0B       		.byte	(.L6-.L4)/2
  46 000d 0F       		.byte	(.L7-.L4)/2
  47 000e 12       		.byte	(.L8-.L4)/2
  48 000f 15       		.byte	(.L9-.L4)/2
  49              		.p2align 1
  50              	.L3:
  55:source\bsw/PWM.c ****         case Led_Red:
  56:source\bsw/PWM.c ****             value = PWM_led_red_ReadCompare();
  51              		.loc 1 56 0
  52 0010 FFF7FEFF 		bl	PWM_led_red_ReadCompare
  53              	.LVL2:
  54 0014 80B2     		uxth	r0, r0
  55              	.LVL3:
  57:source\bsw/PWM.c ****             break;
  56              		.loc 1 57 0
  57 0016 08BD     		pop	{r3, pc}
ARM GAS  C:\Users\zakis\AppData\Local\Temp\ccqpteAc.s 			page 3


  58              	.LVL4:
  59              	.L5:
  58:source\bsw/PWM.c ****             
  59:source\bsw/PWM.c ****         case Led_Yellow:
  60:source\bsw/PWM.c ****             value = PWM_led_yellow_ReadCompare();
  60              		.loc 1 60 0
  61 0018 FFF7FEFF 		bl	PWM_led_yellow_ReadCompare
  62              	.LVL5:
  63 001c 80B2     		uxth	r0, r0
  64              	.LVL6:
  61:source\bsw/PWM.c ****             break;
  65              		.loc 1 61 0
  66 001e 08BD     		pop	{r3, pc}
  67              	.LVL7:
  68              	.L6:
  62:source\bsw/PWM.c ****             
  63:source\bsw/PWM.c ****         case Led_Green:
  64:source\bsw/PWM.c ****             value = PWM_led_green_ReadCompare();
  69              		.loc 1 64 0
  70 0020 FFF7FEFF 		bl	PWM_led_green_ReadCompare
  71              	.LVL8:
  72 0024 80B2     		uxth	r0, r0
  73              	.LVL9:
  65:source\bsw/PWM.c ****             break;
  74              		.loc 1 65 0
  75 0026 08BD     		pop	{r3, pc}
  76              	.LVL10:
  77              	.L7:
  66:source\bsw/PWM.c ****             
  67:source\bsw/PWM.c ****         case Led_RGB_Red:
  68:source\bsw/PWM.c ****             value = PWM_RGB_red_ReadCompare();
  78              		.loc 1 68 0
  79 0028 FFF7FEFF 		bl	PWM_RGB_red_ReadCompare
  80              	.LVL11:
  69:source\bsw/PWM.c ****             break;
  81              		.loc 1 69 0
  82 002c 08BD     		pop	{r3, pc}
  83              	.LVL12:
  84              	.L8:
  70:source\bsw/PWM.c ****             
  71:source\bsw/PWM.c ****         case Led_RGB_Green:
  72:source\bsw/PWM.c ****             value = PWM_RGB_green_ReadCompare();
  85              		.loc 1 72 0
  86 002e FFF7FEFF 		bl	PWM_RGB_green_ReadCompare
  87              	.LVL13:
  73:source\bsw/PWM.c ****             break;
  88              		.loc 1 73 0
  89 0032 08BD     		pop	{r3, pc}
  90              	.LVL14:
  91              	.L9:
  74:source\bsw/PWM.c ****             
  75:source\bsw/PWM.c ****         case Led_RGB_Blue:
  76:source\bsw/PWM.c ****             value = PWM_RGB_blue_ReadCompare();
  92              		.loc 1 76 0
  93 0034 FFF7FEFF 		bl	PWM_RGB_blue_ReadCompare
  94              	.LVL15:
  77:source\bsw/PWM.c ****             break;   
ARM GAS  C:\Users\zakis\AppData\Local\Temp\ccqpteAc.s 			page 4


  95              		.loc 1 77 0
  96 0038 08BD     		pop	{r3, pc}
  97              	.LVL16:
  98              	.L10:
  53:source\bsw/PWM.c ****     switch (pwm){
  99              		.loc 1 53 0
 100 003a 0020     		movs	r0, #0
 101              	.LVL17:
  78:source\bsw/PWM.c ****     }
  79:source\bsw/PWM.c ****     
  80:source\bsw/PWM.c ****     return value;  
  81:source\bsw/PWM.c **** }
 102              		.loc 1 81 0
 103 003c 08BD     		pop	{r3, pc}
 104              		.cfi_endproc
 105              	.LFE110:
 106              		.size	PWM_Read, .-PWM_Read
 107 003e 00BF     		.section	.text.PWM_Write,"ax",%progbits
 108              		.align	2
 109              		.global	PWM_Write
 110              		.thumb
 111              		.thumb_func
 112              		.type	PWM_Write, %function
 113              	PWM_Write:
 114              	.LFB111:
  82:source\bsw/PWM.c **** 
  83:source\bsw/PWM.c **** /**
  84:source\bsw/PWM.c ****  * @brief Writes a value to the specified PWM channel.
  85:source\bsw/PWM.c ****  *
  86:source\bsw/PWM.c ****  * This function writes the given value to the specified PWM channel.
  87:source\bsw/PWM.c ****  *
  88:source\bsw/PWM.c ****  * @param pwm The PWM channel identifier.
  89:source\bsw/PWM.c ****  * @param value The value to be written to the PWM channel.
  90:source\bsw/PWM.c ****  * @return Returns an RC_t (Return Code) indicating the success or failure of the operation.
  91:source\bsw/PWM.c ****  */
  92:source\bsw/PWM.c **** RC_t PWM_Write(ePWM_t pwm, uint16_t value) {
 115              		.loc 1 92 0
 116              		.cfi_startproc
 117              		@ args = 0, pretend = 0, frame = 0
 118              		@ frame_needed = 0, uses_anonymous_args = 0
 119              	.LVL18:
 120 0000 08B5     		push	{r3, lr}
 121              		.cfi_def_cfa_offset 8
 122              		.cfi_offset 3, -8
 123              		.cfi_offset 14, -4
  93:source\bsw/PWM.c ****     switch (pwm) {
 124              		.loc 1 93 0
 125 0002 0528     		cmp	r0, #5
 126 0004 1BD8     		bhi	.L13
 127 0006 DFE800F0 		tbb	[pc, r0]
 128              	.L15:
 129 000a 03       		.byte	(.L14-.L15)/2
 130 000b 07       		.byte	(.L16-.L15)/2
 131 000c 0B       		.byte	(.L17-.L15)/2
 132 000d 0F       		.byte	(.L18-.L15)/2
 133 000e 13       		.byte	(.L19-.L15)/2
 134 000f 17       		.byte	(.L20-.L15)/2
ARM GAS  C:\Users\zakis\AppData\Local\Temp\ccqpteAc.s 			page 5


 135              		.p2align 1
 136              	.L14:
  94:source\bsw/PWM.c ****         case Led_Red:
  95:source\bsw/PWM.c ****             PWM_led_red_WriteCompare(value);
 137              		.loc 1 95 0
 138 0010 C8B2     		uxtb	r0, r1
 139              	.LVL19:
 140 0012 FFF7FEFF 		bl	PWM_led_red_WriteCompare
 141              	.LVL20:
  96:source\bsw/PWM.c ****             break;
 142              		.loc 1 96 0
 143 0016 12E0     		b	.L13
 144              	.LVL21:
 145              	.L16:
  97:source\bsw/PWM.c **** 
  98:source\bsw/PWM.c ****         case Led_Yellow:
  99:source\bsw/PWM.c ****             PWM_led_yellow_WriteCompare(value);
 146              		.loc 1 99 0
 147 0018 C8B2     		uxtb	r0, r1
 148              	.LVL22:
 149 001a FFF7FEFF 		bl	PWM_led_yellow_WriteCompare
 150              	.LVL23:
 100:source\bsw/PWM.c ****             break;
 151              		.loc 1 100 0
 152 001e 0EE0     		b	.L13
 153              	.LVL24:
 154              	.L17:
 101:source\bsw/PWM.c **** 
 102:source\bsw/PWM.c ****         case Led_Green:
 103:source\bsw/PWM.c ****             PWM_led_green_WriteCompare(value);
 155              		.loc 1 103 0
 156 0020 C8B2     		uxtb	r0, r1
 157              	.LVL25:
 158 0022 FFF7FEFF 		bl	PWM_led_green_WriteCompare
 159              	.LVL26:
 104:source\bsw/PWM.c ****             break;
 160              		.loc 1 104 0
 161 0026 0AE0     		b	.L13
 162              	.LVL27:
 163              	.L18:
 105:source\bsw/PWM.c **** 
 106:source\bsw/PWM.c ****         case Led_RGB_Red:
 107:source\bsw/PWM.c ****             PWM_RGB_red_WriteCompare(value);
 164              		.loc 1 107 0
 165 0028 0846     		mov	r0, r1
 166              	.LVL28:
 167 002a FFF7FEFF 		bl	PWM_RGB_red_WriteCompare
 168              	.LVL29:
 108:source\bsw/PWM.c ****             break;
 169              		.loc 1 108 0
 170 002e 06E0     		b	.L13
 171              	.LVL30:
 172              	.L19:
 109:source\bsw/PWM.c **** 
 110:source\bsw/PWM.c ****         case Led_RGB_Green:
 111:source\bsw/PWM.c ****             PWM_RGB_green_WriteCompare(value);
 173              		.loc 1 111 0
ARM GAS  C:\Users\zakis\AppData\Local\Temp\ccqpteAc.s 			page 6


 174 0030 0846     		mov	r0, r1
 175              	.LVL31:
 176 0032 FFF7FEFF 		bl	PWM_RGB_green_WriteCompare
 177              	.LVL32:
 112:source\bsw/PWM.c ****             break;
 178              		.loc 1 112 0
 179 0036 02E0     		b	.L13
 180              	.LVL33:
 181              	.L20:
 113:source\bsw/PWM.c **** 
 114:source\bsw/PWM.c ****         case Led_RGB_Blue:
 115:source\bsw/PWM.c ****             PWM_RGB_blue_WriteCompare(value);
 182              		.loc 1 115 0
 183 0038 0846     		mov	r0, r1
 184              	.LVL34:
 185 003a FFF7FEFF 		bl	PWM_RGB_blue_WriteCompare
 186              	.LVL35:
 187              	.L13:
 116:source\bsw/PWM.c ****             break;
 117:source\bsw/PWM.c ****     }
 118:source\bsw/PWM.c **** 
 119:source\bsw/PWM.c ****     return RC_SUCCESS;
 120:source\bsw/PWM.c **** }
 188              		.loc 1 120 0
 189 003e 0020     		movs	r0, #0
 190 0040 08BD     		pop	{r3, pc}
 191              		.cfi_endproc
 192              	.LFE111:
 193              		.size	PWM_Write, .-PWM_Write
 194 0042 00BF     		.section	.text.PWM_Init,"ax",%progbits
 195              		.align	2
 196              		.global	PWM_Init
 197              		.thumb
 198              		.thumb_func
 199              		.type	PWM_Init, %function
 200              	PWM_Init:
 201              	.LFB112:
 121:source\bsw/PWM.c **** 
 122:source\bsw/PWM.c **** 
 123:source\bsw/PWM.c **** /**
 124:source\bsw/PWM.c ****  * @brief Initializes the specified PWM channel.
 125:source\bsw/PWM.c ****  *
 126:source\bsw/PWM.c ****  * This function initializes the specified PWM channel by starting it and setting the initial value
 127:source\bsw/PWM.c ****  *
 128:source\bsw/PWM.c ****  * @param pwm The PWM channel identifier.
 129:source\bsw/PWM.c ****  * @return Returns an RC_t (Return Code) indicating the success or failure of the operation.
 130:source\bsw/PWM.c ****  */
 131:source\bsw/PWM.c **** RC_t PWM_Init(ePWM_t pwm) {
 202              		.loc 1 131 0
 203              		.cfi_startproc
 204              		@ args = 0, pretend = 0, frame = 0
 205              		@ frame_needed = 0, uses_anonymous_args = 0
 206              	.LVL36:
 207 0000 08B5     		push	{r3, lr}
 208              		.cfi_def_cfa_offset 8
 209              		.cfi_offset 3, -8
 210              		.cfi_offset 14, -4
ARM GAS  C:\Users\zakis\AppData\Local\Temp\ccqpteAc.s 			page 7


 132:source\bsw/PWM.c ****     switch (pwm) {
 211              		.loc 1 132 0
 212 0002 0528     		cmp	r0, #5
 213 0004 27D8     		bhi	.L23
 214 0006 DFE800F0 		tbb	[pc, r0]
 215              	.L25:
 216 000a 03       		.byte	(.L24-.L25)/2
 217 000b 09       		.byte	(.L26-.L25)/2
 218 000c 0F       		.byte	(.L27-.L25)/2
 219 000d 15       		.byte	(.L28-.L25)/2
 220 000e 1B       		.byte	(.L29-.L25)/2
 221 000f 21       		.byte	(.L30-.L25)/2
 222              		.p2align 1
 223              	.L24:
 133:source\bsw/PWM.c ****         case Led_Red:
 134:source\bsw/PWM.c ****             PWM_led_red_Start();
 224              		.loc 1 134 0
 225 0010 FFF7FEFF 		bl	PWM_led_red_Start
 226              	.LVL37:
 135:source\bsw/PWM.c ****             PWM_led_red_WriteCompare(0);
 227              		.loc 1 135 0
 228 0014 0020     		movs	r0, #0
 229 0016 FFF7FEFF 		bl	PWM_led_red_WriteCompare
 230              	.LVL38:
 136:source\bsw/PWM.c ****             break;
 231              		.loc 1 136 0
 232 001a 1CE0     		b	.L23
 233              	.LVL39:
 234              	.L26:
 137:source\bsw/PWM.c **** 
 138:source\bsw/PWM.c ****         case Led_Yellow:
 139:source\bsw/PWM.c ****             PWM_led_yellow_Start();
 235              		.loc 1 139 0
 236 001c FFF7FEFF 		bl	PWM_led_yellow_Start
 237              	.LVL40:
 140:source\bsw/PWM.c ****             PWM_led_yellow_WriteCompare(0);
 238              		.loc 1 140 0
 239 0020 0020     		movs	r0, #0
 240 0022 FFF7FEFF 		bl	PWM_led_yellow_WriteCompare
 241              	.LVL41:
 141:source\bsw/PWM.c ****             break;
 242              		.loc 1 141 0
 243 0026 16E0     		b	.L23
 244              	.LVL42:
 245              	.L27:
 142:source\bsw/PWM.c **** 
 143:source\bsw/PWM.c ****         case Led_Green:
 144:source\bsw/PWM.c ****             PWM_led_green_Start();
 246              		.loc 1 144 0
 247 0028 FFF7FEFF 		bl	PWM_led_green_Start
 248              	.LVL43:
 145:source\bsw/PWM.c ****             PWM_led_green_WriteCompare(0);
 249              		.loc 1 145 0
 250 002c 0020     		movs	r0, #0
 251 002e FFF7FEFF 		bl	PWM_led_green_WriteCompare
 252              	.LVL44:
 146:source\bsw/PWM.c ****             break;
ARM GAS  C:\Users\zakis\AppData\Local\Temp\ccqpteAc.s 			page 8


 253              		.loc 1 146 0
 254 0032 10E0     		b	.L23
 255              	.LVL45:
 256              	.L28:
 147:source\bsw/PWM.c **** 
 148:source\bsw/PWM.c ****         case Led_RGB_Red:
 149:source\bsw/PWM.c ****             PWM_RGB_red_Start();
 257              		.loc 1 149 0
 258 0034 FFF7FEFF 		bl	PWM_RGB_red_Start
 259              	.LVL46:
 150:source\bsw/PWM.c ****             PWM_RGB_red_WriteCompare(0);
 260              		.loc 1 150 0
 261 0038 0020     		movs	r0, #0
 262 003a FFF7FEFF 		bl	PWM_RGB_red_WriteCompare
 263              	.LVL47:
 151:source\bsw/PWM.c ****             break;
 264              		.loc 1 151 0
 265 003e 0AE0     		b	.L23
 266              	.LVL48:
 267              	.L29:
 152:source\bsw/PWM.c **** 
 153:source\bsw/PWM.c ****         case Led_RGB_Green:
 154:source\bsw/PWM.c ****             PWM_RGB_green_Start();
 268              		.loc 1 154 0
 269 0040 FFF7FEFF 		bl	PWM_RGB_green_Start
 270              	.LVL49:
 155:source\bsw/PWM.c ****             PWM_RGB_green_WriteCompare(0);
 271              		.loc 1 155 0
 272 0044 0020     		movs	r0, #0
 273 0046 FFF7FEFF 		bl	PWM_RGB_green_WriteCompare
 274              	.LVL50:
 156:source\bsw/PWM.c ****             break;
 275              		.loc 1 156 0
 276 004a 04E0     		b	.L23
 277              	.LVL51:
 278              	.L30:
 157:source\bsw/PWM.c **** 
 158:source\bsw/PWM.c ****         case Led_RGB_Blue:
 159:source\bsw/PWM.c ****             PWM_RGB_blue_Start();
 279              		.loc 1 159 0
 280 004c FFF7FEFF 		bl	PWM_RGB_blue_Start
 281              	.LVL52:
 160:source\bsw/PWM.c ****             PWM_RGB_blue_WriteCompare(0);
 282              		.loc 1 160 0
 283 0050 0020     		movs	r0, #0
 284 0052 FFF7FEFF 		bl	PWM_RGB_blue_WriteCompare
 285              	.LVL53:
 286              	.L23:
 161:source\bsw/PWM.c ****             break;
 162:source\bsw/PWM.c ****     }
 163:source\bsw/PWM.c **** 
 164:source\bsw/PWM.c ****     return RC_SUCCESS;
 165:source\bsw/PWM.c **** }
 287              		.loc 1 165 0
 288 0056 0020     		movs	r0, #0
 289 0058 08BD     		pop	{r3, pc}
 290              		.cfi_endproc
ARM GAS  C:\Users\zakis\AppData\Local\Temp\ccqpteAc.s 			page 9


 291              	.LFE112:
 292              		.size	PWM_Init, .-PWM_Init
 293 005a 00BF     		.text
 294              	.Letext0:
 295              		.file 2 "c:\\program files (x86)\\cypress\\psoc creator\\4.4\\psoc creator\\import\\gnu\\arm\\5.4.
 296              		.file 3 "c:\\program files (x86)\\cypress\\psoc creator\\4.4\\psoc creator\\import\\gnu\\arm\\5.4.
 297              		.file 4 "Generated_Source\\PSoC5/ErikaOS_common_ee_types.inc"
 298              		.file 5 "Generated_Source\\PSoC5/ErikaOS_cortex_mx_ee_cpu.inc"
 299              		.file 6 "source\\bsw\\global.h"
 300              		.file 7 "source\\bsw\\PWM.h"
 301              		.file 8 "Generated_Source\\PSoC5/ErikaOS_ee_oo_intfunc.inc"
 302              		.file 9 "Generated_Source\\PSoC5/ErikaOS_cortex_mx_ee_context.inc"
 303              		.file 10 "Generated_Source\\PSoC5/ErikaOS_common_ee_primitives.inc"
 304              		.file 11 "Generated_Source\\PSoC5/core_cm3.h"
 305              		.file 12 "Generated_Source\\PSoC5/PWM_led_red.h"
 306              		.file 13 "Generated_Source\\PSoC5/PWM_led_yellow.h"
 307              		.file 14 "Generated_Source\\PSoC5/PWM_led_green.h"
 308              		.file 15 "Generated_Source\\PSoC5/PWM_RGB_red.h"
 309              		.file 16 "Generated_Source\\PSoC5/PWM_RGB_green.h"
 310              		.file 17 "Generated_Source\\PSoC5/PWM_RGB_blue.h"
 311              		.section	.debug_info,"",%progbits
 312              	.Ldebug_info0:
 313 0000 99040000 		.4byte	0x499
 314 0004 0400     		.2byte	0x4
 315 0006 00000000 		.4byte	.Ldebug_abbrev0
 316 000a 04       		.byte	0x4
 317 000b 01       		.uleb128 0x1
 318 000c CC030000 		.4byte	.LASF85
 319 0010 0C       		.byte	0xc
 320 0011 50030000 		.4byte	.LASF86
 321 0015 CA040000 		.4byte	.LASF87
 322 0019 00000000 		.4byte	.Ldebug_ranges0+0
 323 001d 00000000 		.4byte	0
 324 0021 00000000 		.4byte	.Ldebug_line0
 325 0025 02       		.uleb128 0x2
 326 0026 01       		.byte	0x1
 327 0027 06       		.byte	0x6
 328 0028 EE020000 		.4byte	.LASF0
 329 002c 02       		.uleb128 0x2
 330 002d 01       		.byte	0x1
 331 002e 08       		.byte	0x8
 332 002f C4020000 		.4byte	.LASF1
 333 0033 02       		.uleb128 0x2
 334 0034 02       		.byte	0x2
 335 0035 05       		.byte	0x5
 336 0036 4B000000 		.4byte	.LASF2
 337 003a 03       		.uleb128 0x3
 338 003b 01010000 		.4byte	.LASF4
 339 003f 02       		.byte	0x2
 340 0040 2B       		.byte	0x2b
 341 0041 45000000 		.4byte	0x45
 342 0045 02       		.uleb128 0x2
 343 0046 02       		.byte	0x2
 344 0047 07       		.byte	0x7
 345 0048 A4040000 		.4byte	.LASF3
 346 004c 03       		.uleb128 0x3
 347 004d 80050000 		.4byte	.LASF5
ARM GAS  C:\Users\zakis\AppData\Local\Temp\ccqpteAc.s 			page 10


 348 0051 02       		.byte	0x2
 349 0052 3F       		.byte	0x3f
 350 0053 57000000 		.4byte	0x57
 351 0057 02       		.uleb128 0x2
 352 0058 04       		.byte	0x4
 353 0059 05       		.byte	0x5
 354 005a 48020000 		.4byte	.LASF6
 355 005e 02       		.uleb128 0x2
 356 005f 04       		.byte	0x4
 357 0060 07       		.byte	0x7
 358 0061 61030000 		.4byte	.LASF7
 359 0065 02       		.uleb128 0x2
 360 0066 08       		.byte	0x8
 361 0067 05       		.byte	0x5
 362 0068 E3010000 		.4byte	.LASF8
 363 006c 02       		.uleb128 0x2
 364 006d 08       		.byte	0x8
 365 006e 07       		.byte	0x7
 366 006f 15030000 		.4byte	.LASF9
 367 0073 04       		.uleb128 0x4
 368 0074 04       		.byte	0x4
 369 0075 05       		.byte	0x5
 370 0076 696E7400 		.ascii	"int\000"
 371 007a 02       		.uleb128 0x2
 372 007b 04       		.byte	0x4
 373 007c 07       		.byte	0x7
 374 007d 2C030000 		.4byte	.LASF10
 375 0081 03       		.uleb128 0x3
 376 0082 47030000 		.4byte	.LASF11
 377 0086 03       		.byte	0x3
 378 0087 24       		.byte	0x24
 379 0088 3A000000 		.4byte	0x3a
 380 008c 03       		.uleb128 0x3
 381 008d 9C040000 		.4byte	.LASF12
 382 0091 03       		.byte	0x3
 383 0092 2C       		.byte	0x2c
 384 0093 4C000000 		.4byte	0x4c
 385 0097 02       		.uleb128 0x2
 386 0098 04       		.byte	0x4
 387 0099 04       		.byte	0x4
 388 009a C4010000 		.4byte	.LASF13
 389 009e 02       		.uleb128 0x2
 390 009f 08       		.byte	0x8
 391 00a0 04       		.byte	0x4
 392 00a1 0C050000 		.4byte	.LASF14
 393 00a5 02       		.uleb128 0x2
 394 00a6 01       		.byte	0x1
 395 00a7 08       		.byte	0x8
 396 00a8 72040000 		.4byte	.LASF15
 397 00ac 02       		.uleb128 0x2
 398 00ad 08       		.byte	0x8
 399 00ae 04       		.byte	0x4
 400 00af B8020000 		.4byte	.LASF16
 401 00b3 02       		.uleb128 0x2
 402 00b4 04       		.byte	0x4
 403 00b5 07       		.byte	0x7
 404 00b6 93050000 		.4byte	.LASF17
ARM GAS  C:\Users\zakis\AppData\Local\Temp\ccqpteAc.s 			page 11


 405 00ba 03       		.uleb128 0x3
 406 00bb 97030000 		.4byte	.LASF18
 407 00bf 04       		.byte	0x4
 408 00c0 53       		.byte	0x53
 409 00c1 73000000 		.4byte	0x73
 410 00c5 03       		.uleb128 0x3
 411 00c6 F7000000 		.4byte	.LASF19
 412 00ca 04       		.byte	0x4
 413 00cb 54       		.byte	0x54
 414 00cc 7A000000 		.4byte	0x7a
 415 00d0 03       		.uleb128 0x3
 416 00d1 50050000 		.4byte	.LASF20
 417 00d5 05       		.byte	0x5
 418 00d6 4D       		.byte	0x4d
 419 00d7 C5000000 		.4byte	0xc5
 420 00db 03       		.uleb128 0x3
 421 00dc C2000000 		.4byte	.LASF21
 422 00e0 05       		.byte	0x5
 423 00e1 4F       		.byte	0x4f
 424 00e2 C5000000 		.4byte	0xc5
 425 00e6 03       		.uleb128 0x3
 426 00e7 0C010000 		.4byte	.LASF22
 427 00eb 05       		.byte	0x5
 428 00ec 78       		.byte	0x78
 429 00ed BA000000 		.4byte	0xba
 430 00f1 05       		.uleb128 0x5
 431 00f2 01       		.byte	0x1
 432 00f3 25000000 		.4byte	0x25
 433 00f7 06       		.byte	0x6
 434 00f8 CF       		.byte	0xcf
 435 00f9 9A010000 		.4byte	0x19a
 436 00fd 06       		.uleb128 0x6
 437 00fe B9030000 		.4byte	.LASF23
 438 0102 00       		.byte	0
 439 0103 07       		.uleb128 0x7
 440 0104 BB050000 		.4byte	.LASF24
 441 0108 7F       		.sleb128 -1
 442 0109 07       		.uleb128 0x7
 443 010a 73030000 		.4byte	.LASF25
 444 010e 7E       		.sleb128 -2
 445 010f 07       		.uleb128 0x7
 446 0110 B4000000 		.4byte	.LASF26
 447 0114 7D       		.sleb128 -3
 448 0115 07       		.uleb128 0x7
 449 0116 77040000 		.4byte	.LASF27
 450 011a 7C       		.sleb128 -4
 451 011b 07       		.uleb128 0x7
 452 011c B5010000 		.4byte	.LASF28
 453 0120 7B       		.sleb128 -5
 454 0121 07       		.uleb128 0x7
 455 0122 55000000 		.4byte	.LASF29
 456 0126 7A       		.sleb128 -6
 457 0127 07       		.uleb128 0x7
 458 0128 51020000 		.4byte	.LASF30
 459 012c 79       		.sleb128 -7
 460 012d 07       		.uleb128 0x7
 461 012e 87040000 		.4byte	.LASF31
ARM GAS  C:\Users\zakis\AppData\Local\Temp\ccqpteAc.s 			page 12


 462 0132 78       		.sleb128 -8
 463 0133 07       		.uleb128 0x7
 464 0134 81030000 		.4byte	.LASF32
 465 0138 77       		.sleb128 -9
 466 0139 07       		.uleb128 0x7
 467 013a 63020000 		.4byte	.LASF33
 468 013e 76       		.sleb128 -10
 469 013f 07       		.uleb128 0x7
 470 0140 14060000 		.4byte	.LASF34
 471 0144 75       		.sleb128 -11
 472 0145 07       		.uleb128 0x7
 473 0146 39030000 		.4byte	.LASF35
 474 014a 74       		.sleb128 -12
 475 014b 07       		.uleb128 0x7
 476 014c 3E050000 		.4byte	.LASF36
 477 0150 73       		.sleb128 -13
 478 0151 07       		.uleb128 0x7
 479 0152 16000000 		.4byte	.LASF37
 480 0156 72       		.sleb128 -14
 481 0157 07       		.uleb128 0x7
 482 0158 37000000 		.4byte	.LASF38
 483 015c 71       		.sleb128 -15
 484 015d 07       		.uleb128 0x7
 485 015e 7B020000 		.4byte	.LASF39
 486 0162 70       		.sleb128 -16
 487 0163 07       		.uleb128 0x7
 488 0164 CA000000 		.4byte	.LASF40
 489 0168 6F       		.sleb128 -17
 490 0169 07       		.uleb128 0x7
 491 016a 66000000 		.4byte	.LASF41
 492 016e 6E       		.sleb128 -18
 493 016f 07       		.uleb128 0x7
 494 0170 24020000 		.4byte	.LASF42
 495 0174 6D       		.sleb128 -19
 496 0175 07       		.uleb128 0x7
 497 0176 B7040000 		.4byte	.LASF43
 498 017a 6C       		.sleb128 -20
 499 017b 07       		.uleb128 0x7
 500 017c 8C020000 		.4byte	.LASF44
 501 0180 6B       		.sleb128 -21
 502 0181 07       		.uleb128 0x7
 503 0182 9C050000 		.4byte	.LASF45
 504 0186 6A       		.sleb128 -22
 505 0187 07       		.uleb128 0x7
 506 0188 66010000 		.4byte	.LASF46
 507 018c 69       		.sleb128 -23
 508 018d 07       		.uleb128 0x7
 509 018e 37020000 		.4byte	.LASF47
 510 0192 68       		.sleb128 -24
 511 0193 07       		.uleb128 0x7
 512 0194 CA010000 		.4byte	.LASF48
 513 0198 67       		.sleb128 -25
 514 0199 00       		.byte	0
 515 019a 03       		.uleb128 0x3
 516 019b F7050000 		.4byte	.LASF49
 517 019f 06       		.byte	0x6
 518 01a0 EA       		.byte	0xea
ARM GAS  C:\Users\zakis\AppData\Local\Temp\ccqpteAc.s 			page 13


 519 01a1 F1000000 		.4byte	0xf1
 520 01a5 08       		.uleb128 0x8
 521 01a6 7B000000 		.4byte	.LASF88
 522 01aa 01       		.byte	0x1
 523 01ab 2C000000 		.4byte	0x2c
 524 01af 07       		.byte	0x7
 525 01b0 44       		.byte	0x44
 526 01b1 DA010000 		.4byte	0x1da
 527 01b5 06       		.uleb128 0x6
 528 01b6 C4030000 		.4byte	.LASF50
 529 01ba 00       		.byte	0
 530 01bb 06       		.uleb128 0x6
 531 01bc 13010000 		.4byte	.LASF51
 532 01c0 01       		.byte	0x1
 533 01c1 06       		.uleb128 0x6
 534 01c2 71020000 		.4byte	.LASF52
 535 01c6 02       		.byte	0x2
 536 01c7 06       		.uleb128 0x6
 537 01c8 00050000 		.4byte	.LASF53
 538 01cc 03       		.byte	0x3
 539 01cd 06       		.uleb128 0x6
 540 01ce 29000000 		.4byte	.LASF54
 541 01d2 04       		.byte	0x4
 542 01d3 06       		.uleb128 0x6
 543 01d4 09000000 		.4byte	.LASF55
 544 01d8 05       		.byte	0x5
 545 01d9 00       		.byte	0
 546 01da 03       		.uleb128 0x3
 547 01db AD000000 		.4byte	.LASF56
 548 01df 07       		.byte	0x7
 549 01e0 4B       		.byte	0x4b
 550 01e1 A5010000 		.4byte	0x1a5
 551 01e5 09       		.uleb128 0x9
 552 01e6 00000000 		.4byte	.LASF57
 553 01ea 01       		.byte	0x1
 554 01eb 34       		.byte	0x34
 555 01ec 81000000 		.4byte	0x81
 556 01f0 00000000 		.4byte	.LFB110
 557 01f4 3E000000 		.4byte	.LFE110-.LFB110
 558 01f8 01       		.uleb128 0x1
 559 01f9 9C       		.byte	0x9c
 560 01fa 53020000 		.4byte	0x253
 561 01fe 0A       		.uleb128 0xa
 562 01ff 70776D00 		.ascii	"pwm\000"
 563 0203 01       		.byte	0x1
 564 0204 34       		.byte	0x34
 565 0205 DA010000 		.4byte	0x1da
 566 0209 00000000 		.4byte	.LLST0
 567 020d 0B       		.uleb128 0xb
 568 020e 32010000 		.4byte	.LASF59
 569 0212 01       		.byte	0x1
 570 0213 35       		.byte	0x35
 571 0214 81000000 		.4byte	0x81
 572 0218 B7000000 		.4byte	.LLST1
 573 021c 0C       		.uleb128 0xc
 574 021d 14000000 		.4byte	.LVL2
 575 0221 D6030000 		.4byte	0x3d6
ARM GAS  C:\Users\zakis\AppData\Local\Temp\ccqpteAc.s 			page 14


 576 0225 0C       		.uleb128 0xc
 577 0226 1C000000 		.4byte	.LVL5
 578 022a E1030000 		.4byte	0x3e1
 579 022e 0C       		.uleb128 0xc
 580 022f 24000000 		.4byte	.LVL8
 581 0233 EC030000 		.4byte	0x3ec
 582 0237 0C       		.uleb128 0xc
 583 0238 2C000000 		.4byte	.LVL11
 584 023c F7030000 		.4byte	0x3f7
 585 0240 0C       		.uleb128 0xc
 586 0241 32000000 		.4byte	.LVL13
 587 0245 02040000 		.4byte	0x402
 588 0249 0C       		.uleb128 0xc
 589 024a 38000000 		.4byte	.LVL15
 590 024e 0D040000 		.4byte	0x40d
 591 0252 00       		.byte	0
 592 0253 09       		.uleb128 0x9
 593 0254 92010000 		.4byte	.LASF58
 594 0258 01       		.byte	0x1
 595 0259 5C       		.byte	0x5c
 596 025a 9A010000 		.4byte	0x19a
 597 025e 00000000 		.4byte	.LFB111
 598 0262 42000000 		.4byte	.LFE111-.LFB111
 599 0266 01       		.uleb128 0x1
 600 0267 9C       		.byte	0x9c
 601 0268 C1020000 		.4byte	0x2c1
 602 026c 0A       		.uleb128 0xa
 603 026d 70776D00 		.ascii	"pwm\000"
 604 0271 01       		.byte	0x1
 605 0272 5C       		.byte	0x5c
 606 0273 DA010000 		.4byte	0x1da
 607 0277 60010000 		.4byte	.LLST2
 608 027b 0D       		.uleb128 0xd
 609 027c 32010000 		.4byte	.LASF59
 610 0280 01       		.byte	0x1
 611 0281 5C       		.byte	0x5c
 612 0282 81000000 		.4byte	0x81
 613 0286 FE010000 		.4byte	.LLST3
 614 028a 0C       		.uleb128 0xc
 615 028b 16000000 		.4byte	.LVL20
 616 028f 18040000 		.4byte	0x418
 617 0293 0C       		.uleb128 0xc
 618 0294 1E000000 		.4byte	.LVL23
 619 0298 23040000 		.4byte	0x423
 620 029c 0C       		.uleb128 0xc
 621 029d 26000000 		.4byte	.LVL26
 622 02a1 2E040000 		.4byte	0x42e
 623 02a5 0C       		.uleb128 0xc
 624 02a6 2E000000 		.4byte	.LVL29
 625 02aa 39040000 		.4byte	0x439
 626 02ae 0C       		.uleb128 0xc
 627 02af 36000000 		.4byte	.LVL32
 628 02b3 44040000 		.4byte	0x444
 629 02b7 0C       		.uleb128 0xc
 630 02b8 3E000000 		.4byte	.LVL35
 631 02bc 4F040000 		.4byte	0x44f
 632 02c0 00       		.byte	0
ARM GAS  C:\Users\zakis\AppData\Local\Temp\ccqpteAc.s 			page 15


 633 02c1 09       		.uleb128 0x9
 634 02c2 8A050000 		.4byte	.LASF60
 635 02c6 01       		.byte	0x1
 636 02c7 83       		.byte	0x83
 637 02c8 9A010000 		.4byte	0x19a
 638 02cc 00000000 		.4byte	.LFB112
 639 02d0 5A000000 		.4byte	.LFE112-.LFB112
 640 02d4 01       		.uleb128 0x1
 641 02d5 9C       		.byte	0x9c
 642 02d6 8E030000 		.4byte	0x38e
 643 02da 0A       		.uleb128 0xa
 644 02db 70776D00 		.ascii	"pwm\000"
 645 02df 01       		.byte	0x1
 646 02e0 83       		.byte	0x83
 647 02e1 DA010000 		.4byte	0x1da
 648 02e5 9C020000 		.4byte	.LLST4
 649 02e9 0C       		.uleb128 0xc
 650 02ea 14000000 		.4byte	.LVL37
 651 02ee 5A040000 		.4byte	0x45a
 652 02f2 0E       		.uleb128 0xe
 653 02f3 1A000000 		.4byte	.LVL38
 654 02f7 18040000 		.4byte	0x418
 655 02fb 05030000 		.4byte	0x305
 656 02ff 0F       		.uleb128 0xf
 657 0300 01       		.uleb128 0x1
 658 0301 50       		.byte	0x50
 659 0302 01       		.uleb128 0x1
 660 0303 30       		.byte	0x30
 661 0304 00       		.byte	0
 662 0305 0C       		.uleb128 0xc
 663 0306 20000000 		.4byte	.LVL40
 664 030a 65040000 		.4byte	0x465
 665 030e 0E       		.uleb128 0xe
 666 030f 26000000 		.4byte	.LVL41
 667 0313 23040000 		.4byte	0x423
 668 0317 21030000 		.4byte	0x321
 669 031b 0F       		.uleb128 0xf
 670 031c 01       		.uleb128 0x1
 671 031d 50       		.byte	0x50
 672 031e 01       		.uleb128 0x1
 673 031f 30       		.byte	0x30
 674 0320 00       		.byte	0
 675 0321 0C       		.uleb128 0xc
 676 0322 2C000000 		.4byte	.LVL43
 677 0326 70040000 		.4byte	0x470
 678 032a 0E       		.uleb128 0xe
 679 032b 32000000 		.4byte	.LVL44
 680 032f 2E040000 		.4byte	0x42e
 681 0333 3D030000 		.4byte	0x33d
 682 0337 0F       		.uleb128 0xf
 683 0338 01       		.uleb128 0x1
 684 0339 50       		.byte	0x50
 685 033a 01       		.uleb128 0x1
 686 033b 30       		.byte	0x30
 687 033c 00       		.byte	0
 688 033d 0C       		.uleb128 0xc
 689 033e 38000000 		.4byte	.LVL46
ARM GAS  C:\Users\zakis\AppData\Local\Temp\ccqpteAc.s 			page 16


 690 0342 7B040000 		.4byte	0x47b
 691 0346 0E       		.uleb128 0xe
 692 0347 3E000000 		.4byte	.LVL47
 693 034b 39040000 		.4byte	0x439
 694 034f 59030000 		.4byte	0x359
 695 0353 0F       		.uleb128 0xf
 696 0354 01       		.uleb128 0x1
 697 0355 50       		.byte	0x50
 698 0356 01       		.uleb128 0x1
 699 0357 30       		.byte	0x30
 700 0358 00       		.byte	0
 701 0359 0C       		.uleb128 0xc
 702 035a 44000000 		.4byte	.LVL49
 703 035e 86040000 		.4byte	0x486
 704 0362 0E       		.uleb128 0xe
 705 0363 4A000000 		.4byte	.LVL50
 706 0367 44040000 		.4byte	0x444
 707 036b 75030000 		.4byte	0x375
 708 036f 0F       		.uleb128 0xf
 709 0370 01       		.uleb128 0x1
 710 0371 50       		.byte	0x50
 711 0372 01       		.uleb128 0x1
 712 0373 30       		.byte	0x30
 713 0374 00       		.byte	0
 714 0375 0C       		.uleb128 0xc
 715 0376 50000000 		.4byte	.LVL52
 716 037a 91040000 		.4byte	0x491
 717 037e 10       		.uleb128 0x10
 718 037f 56000000 		.4byte	.LVL53
 719 0383 4F040000 		.4byte	0x44f
 720 0387 0F       		.uleb128 0xf
 721 0388 01       		.uleb128 0x1
 722 0389 50       		.byte	0x50
 723 038a 01       		.uleb128 0x1
 724 038b 30       		.byte	0x30
 725 038c 00       		.byte	0
 726 038d 00       		.byte	0
 727 038e 11       		.uleb128 0x11
 728 038f DF050000 		.4byte	.LASF61
 729 0393 08       		.byte	0x8
 730 0394 40       		.byte	0x40
 731 0395 D0000000 		.4byte	0xd0
 732 0399 11       		.uleb128 0x11
 733 039a F1010000 		.4byte	.LASF62
 734 039e 08       		.byte	0x8
 735 039f 47       		.byte	0x47
 736 03a0 DB000000 		.4byte	0xdb
 737 03a4 11       		.uleb128 0x11
 738 03a5 ED040000 		.4byte	.LASF63
 739 03a9 08       		.byte	0x8
 740 03aa 4A       		.byte	0x4a
 741 03ab D0000000 		.4byte	0xd0
 742 03af 11       		.uleb128 0x11
 743 03b0 9C010000 		.4byte	.LASF64
 744 03b4 09       		.byte	0x9
 745 03b5 48       		.byte	0x48
 746 03b6 E6000000 		.4byte	0xe6
ARM GAS  C:\Users\zakis\AppData\Local\Temp\ccqpteAc.s 			page 17


 747 03ba 11       		.uleb128 0x11
 748 03bb 7D010000 		.4byte	.LASF65
 749 03bf 0A       		.byte	0xa
 750 03c0 44       		.byte	0x44
 751 03c1 D0000000 		.4byte	0xd0
 752 03c5 12       		.uleb128 0x12
 753 03c6 AE050000 		.4byte	.LASF66
 754 03ca 0B       		.byte	0xb
 755 03cb 1207     		.2byte	0x712
 756 03cd D1030000 		.4byte	0x3d1
 757 03d1 13       		.uleb128 0x13
 758 03d2 8C000000 		.4byte	0x8c
 759 03d6 14       		.uleb128 0x14
 760 03d7 FC050000 		.4byte	.LASF67
 761 03db FC050000 		.4byte	.LASF67
 762 03df 0C       		.byte	0xc
 763 03e0 C5       		.byte	0xc5
 764 03e1 14       		.uleb128 0x14
 765 03e2 C4050000 		.4byte	.LASF68
 766 03e6 C4050000 		.4byte	.LASF68
 767 03ea 0D       		.byte	0xd
 768 03eb C5       		.byte	0xc5
 769 03ec 14       		.uleb128 0x14
 770 03ed 38010000 		.4byte	.LASF69
 771 03f1 38010000 		.4byte	.LASF69
 772 03f5 0E       		.byte	0xe
 773 03f6 C5       		.byte	0xc5
 774 03f7 14       		.uleb128 0x14
 775 03f8 5A040000 		.4byte	.LASF70
 776 03fc 5A040000 		.4byte	.LASF70
 777 0400 0F       		.byte	0xf
 778 0401 C5       		.byte	0xc5
 779 0402 14       		.uleb128 0x14
 780 0403 0A020000 		.4byte	.LASF71
 781 0407 0A020000 		.4byte	.LASF71
 782 040b 10       		.byte	0x10
 783 040c C5       		.byte	0xc5
 784 040d 14       		.uleb128 0x14
 785 040e 13050000 		.4byte	.LASF72
 786 0412 13050000 		.4byte	.LASF72
 787 0416 11       		.byte	0x11
 788 0417 C5       		.byte	0xc5
 789 0418 14       		.uleb128 0x14
 790 0419 DE000000 		.4byte	.LASF73
 791 041d DE000000 		.4byte	.LASF73
 792 0421 0C       		.byte	0xc
 793 0422 C3       		.byte	0xc3
 794 0423 14       		.uleb128 0x14
 795 0424 D2020000 		.4byte	.LASF74
 796 0428 D2020000 		.4byte	.LASF74
 797 042c 0D       		.byte	0xd
 798 042d C3       		.byte	0xc3
 799 042e 14       		.uleb128 0x14
 800 042f FA020000 		.4byte	.LASF75
 801 0433 FA020000 		.4byte	.LASF75
 802 0437 0E       		.byte	0xe
 803 0438 C3       		.byte	0xc3
ARM GAS  C:\Users\zakis\AppData\Local\Temp\ccqpteAc.s 			page 18


 804 0439 14       		.uleb128 0x14
 805 043a A0030000 		.4byte	.LASF76
 806 043e A0030000 		.4byte	.LASF76
 807 0442 0F       		.byte	0xf
 808 0443 C3       		.byte	0xc3
 809 0444 14       		.uleb128 0x14
 810 0445 92000000 		.4byte	.LASF77
 811 0449 92000000 		.4byte	.LASF77
 812 044d 10       		.byte	0x10
 813 044e C3       		.byte	0xc3
 814 044f 14       		.uleb128 0x14
 815 0450 9E020000 		.4byte	.LASF78
 816 0454 9E020000 		.4byte	.LASF78
 817 0458 11       		.byte	0x11
 818 0459 C3       		.byte	0xc3
 819 045a 14       		.uleb128 0x14
 820 045b 2C050000 		.4byte	.LASF79
 821 045f 2C050000 		.4byte	.LASF79
 822 0463 0C       		.byte	0xc
 823 0464 92       		.byte	0x92
 824 0465 14       		.uleb128 0x14
 825 0466 58050000 		.4byte	.LASF80
 826 046a 58050000 		.4byte	.LASF80
 827 046e 0D       		.byte	0xd
 828 046f 92       		.byte	0x92
 829 0470 14       		.uleb128 0x14
 830 0471 52010000 		.4byte	.LASF81
 831 0475 52010000 		.4byte	.LASF81
 832 0479 0E       		.byte	0xe
 833 047a 92       		.byte	0x92
 834 047b 14       		.uleb128 0x14
 835 047c 80000000 		.4byte	.LASF82
 836 0480 80000000 		.4byte	.LASF82
 837 0484 0F       		.byte	0xf
 838 0485 92       		.byte	0x92
 839 0486 14       		.uleb128 0x14
 840 0487 1E010000 		.4byte	.LASF83
 841 048b 1E010000 		.4byte	.LASF83
 842 048f 10       		.byte	0x10
 843 0490 92       		.byte	0x92
 844 0491 14       		.uleb128 0x14
 845 0492 6D050000 		.4byte	.LASF84
 846 0496 6D050000 		.4byte	.LASF84
 847 049a 11       		.byte	0x11
 848 049b 92       		.byte	0x92
 849 049c 00       		.byte	0
 850              		.section	.debug_abbrev,"",%progbits
 851              	.Ldebug_abbrev0:
 852 0000 01       		.uleb128 0x1
 853 0001 11       		.uleb128 0x11
 854 0002 01       		.byte	0x1
 855 0003 25       		.uleb128 0x25
 856 0004 0E       		.uleb128 0xe
 857 0005 13       		.uleb128 0x13
 858 0006 0B       		.uleb128 0xb
 859 0007 03       		.uleb128 0x3
 860 0008 0E       		.uleb128 0xe
ARM GAS  C:\Users\zakis\AppData\Local\Temp\ccqpteAc.s 			page 19


 861 0009 1B       		.uleb128 0x1b
 862 000a 0E       		.uleb128 0xe
 863 000b 55       		.uleb128 0x55
 864 000c 17       		.uleb128 0x17
 865 000d 11       		.uleb128 0x11
 866 000e 01       		.uleb128 0x1
 867 000f 10       		.uleb128 0x10
 868 0010 17       		.uleb128 0x17
 869 0011 00       		.byte	0
 870 0012 00       		.byte	0
 871 0013 02       		.uleb128 0x2
 872 0014 24       		.uleb128 0x24
 873 0015 00       		.byte	0
 874 0016 0B       		.uleb128 0xb
 875 0017 0B       		.uleb128 0xb
 876 0018 3E       		.uleb128 0x3e
 877 0019 0B       		.uleb128 0xb
 878 001a 03       		.uleb128 0x3
 879 001b 0E       		.uleb128 0xe
 880 001c 00       		.byte	0
 881 001d 00       		.byte	0
 882 001e 03       		.uleb128 0x3
 883 001f 16       		.uleb128 0x16
 884 0020 00       		.byte	0
 885 0021 03       		.uleb128 0x3
 886 0022 0E       		.uleb128 0xe
 887 0023 3A       		.uleb128 0x3a
 888 0024 0B       		.uleb128 0xb
 889 0025 3B       		.uleb128 0x3b
 890 0026 0B       		.uleb128 0xb
 891 0027 49       		.uleb128 0x49
 892 0028 13       		.uleb128 0x13
 893 0029 00       		.byte	0
 894 002a 00       		.byte	0
 895 002b 04       		.uleb128 0x4
 896 002c 24       		.uleb128 0x24
 897 002d 00       		.byte	0
 898 002e 0B       		.uleb128 0xb
 899 002f 0B       		.uleb128 0xb
 900 0030 3E       		.uleb128 0x3e
 901 0031 0B       		.uleb128 0xb
 902 0032 03       		.uleb128 0x3
 903 0033 08       		.uleb128 0x8
 904 0034 00       		.byte	0
 905 0035 00       		.byte	0
 906 0036 05       		.uleb128 0x5
 907 0037 04       		.uleb128 0x4
 908 0038 01       		.byte	0x1
 909 0039 0B       		.uleb128 0xb
 910 003a 0B       		.uleb128 0xb
 911 003b 49       		.uleb128 0x49
 912 003c 13       		.uleb128 0x13
 913 003d 3A       		.uleb128 0x3a
 914 003e 0B       		.uleb128 0xb
 915 003f 3B       		.uleb128 0x3b
 916 0040 0B       		.uleb128 0xb
 917 0041 01       		.uleb128 0x1
ARM GAS  C:\Users\zakis\AppData\Local\Temp\ccqpteAc.s 			page 20


 918 0042 13       		.uleb128 0x13
 919 0043 00       		.byte	0
 920 0044 00       		.byte	0
 921 0045 06       		.uleb128 0x6
 922 0046 28       		.uleb128 0x28
 923 0047 00       		.byte	0
 924 0048 03       		.uleb128 0x3
 925 0049 0E       		.uleb128 0xe
 926 004a 1C       		.uleb128 0x1c
 927 004b 0B       		.uleb128 0xb
 928 004c 00       		.byte	0
 929 004d 00       		.byte	0
 930 004e 07       		.uleb128 0x7
 931 004f 28       		.uleb128 0x28
 932 0050 00       		.byte	0
 933 0051 03       		.uleb128 0x3
 934 0052 0E       		.uleb128 0xe
 935 0053 1C       		.uleb128 0x1c
 936 0054 0D       		.uleb128 0xd
 937 0055 00       		.byte	0
 938 0056 00       		.byte	0
 939 0057 08       		.uleb128 0x8
 940 0058 04       		.uleb128 0x4
 941 0059 01       		.byte	0x1
 942 005a 03       		.uleb128 0x3
 943 005b 0E       		.uleb128 0xe
 944 005c 0B       		.uleb128 0xb
 945 005d 0B       		.uleb128 0xb
 946 005e 49       		.uleb128 0x49
 947 005f 13       		.uleb128 0x13
 948 0060 3A       		.uleb128 0x3a
 949 0061 0B       		.uleb128 0xb
 950 0062 3B       		.uleb128 0x3b
 951 0063 0B       		.uleb128 0xb
 952 0064 01       		.uleb128 0x1
 953 0065 13       		.uleb128 0x13
 954 0066 00       		.byte	0
 955 0067 00       		.byte	0
 956 0068 09       		.uleb128 0x9
 957 0069 2E       		.uleb128 0x2e
 958 006a 01       		.byte	0x1
 959 006b 3F       		.uleb128 0x3f
 960 006c 19       		.uleb128 0x19
 961 006d 03       		.uleb128 0x3
 962 006e 0E       		.uleb128 0xe
 963 006f 3A       		.uleb128 0x3a
 964 0070 0B       		.uleb128 0xb
 965 0071 3B       		.uleb128 0x3b
 966 0072 0B       		.uleb128 0xb
 967 0073 27       		.uleb128 0x27
 968 0074 19       		.uleb128 0x19
 969 0075 49       		.uleb128 0x49
 970 0076 13       		.uleb128 0x13
 971 0077 11       		.uleb128 0x11
 972 0078 01       		.uleb128 0x1
 973 0079 12       		.uleb128 0x12
 974 007a 06       		.uleb128 0x6
ARM GAS  C:\Users\zakis\AppData\Local\Temp\ccqpteAc.s 			page 21


 975 007b 40       		.uleb128 0x40
 976 007c 18       		.uleb128 0x18
 977 007d 9742     		.uleb128 0x2117
 978 007f 19       		.uleb128 0x19
 979 0080 01       		.uleb128 0x1
 980 0081 13       		.uleb128 0x13
 981 0082 00       		.byte	0
 982 0083 00       		.byte	0
 983 0084 0A       		.uleb128 0xa
 984 0085 05       		.uleb128 0x5
 985 0086 00       		.byte	0
 986 0087 03       		.uleb128 0x3
 987 0088 08       		.uleb128 0x8
 988 0089 3A       		.uleb128 0x3a
 989 008a 0B       		.uleb128 0xb
 990 008b 3B       		.uleb128 0x3b
 991 008c 0B       		.uleb128 0xb
 992 008d 49       		.uleb128 0x49
 993 008e 13       		.uleb128 0x13
 994 008f 02       		.uleb128 0x2
 995 0090 17       		.uleb128 0x17
 996 0091 00       		.byte	0
 997 0092 00       		.byte	0
 998 0093 0B       		.uleb128 0xb
 999 0094 34       		.uleb128 0x34
 1000 0095 00       		.byte	0
 1001 0096 03       		.uleb128 0x3
 1002 0097 0E       		.uleb128 0xe
 1003 0098 3A       		.uleb128 0x3a
 1004 0099 0B       		.uleb128 0xb
 1005 009a 3B       		.uleb128 0x3b
 1006 009b 0B       		.uleb128 0xb
 1007 009c 49       		.uleb128 0x49
 1008 009d 13       		.uleb128 0x13
 1009 009e 02       		.uleb128 0x2
 1010 009f 17       		.uleb128 0x17
 1011 00a0 00       		.byte	0
 1012 00a1 00       		.byte	0
 1013 00a2 0C       		.uleb128 0xc
 1014 00a3 898201   		.uleb128 0x4109
 1015 00a6 00       		.byte	0
 1016 00a7 11       		.uleb128 0x11
 1017 00a8 01       		.uleb128 0x1
 1018 00a9 31       		.uleb128 0x31
 1019 00aa 13       		.uleb128 0x13
 1020 00ab 00       		.byte	0
 1021 00ac 00       		.byte	0
 1022 00ad 0D       		.uleb128 0xd
 1023 00ae 05       		.uleb128 0x5
 1024 00af 00       		.byte	0
 1025 00b0 03       		.uleb128 0x3
 1026 00b1 0E       		.uleb128 0xe
 1027 00b2 3A       		.uleb128 0x3a
 1028 00b3 0B       		.uleb128 0xb
 1029 00b4 3B       		.uleb128 0x3b
 1030 00b5 0B       		.uleb128 0xb
 1031 00b6 49       		.uleb128 0x49
ARM GAS  C:\Users\zakis\AppData\Local\Temp\ccqpteAc.s 			page 22


 1032 00b7 13       		.uleb128 0x13
 1033 00b8 02       		.uleb128 0x2
 1034 00b9 17       		.uleb128 0x17
 1035 00ba 00       		.byte	0
 1036 00bb 00       		.byte	0
 1037 00bc 0E       		.uleb128 0xe
 1038 00bd 898201   		.uleb128 0x4109
 1039 00c0 01       		.byte	0x1
 1040 00c1 11       		.uleb128 0x11
 1041 00c2 01       		.uleb128 0x1
 1042 00c3 31       		.uleb128 0x31
 1043 00c4 13       		.uleb128 0x13
 1044 00c5 01       		.uleb128 0x1
 1045 00c6 13       		.uleb128 0x13
 1046 00c7 00       		.byte	0
 1047 00c8 00       		.byte	0
 1048 00c9 0F       		.uleb128 0xf
 1049 00ca 8A8201   		.uleb128 0x410a
 1050 00cd 00       		.byte	0
 1051 00ce 02       		.uleb128 0x2
 1052 00cf 18       		.uleb128 0x18
 1053 00d0 9142     		.uleb128 0x2111
 1054 00d2 18       		.uleb128 0x18
 1055 00d3 00       		.byte	0
 1056 00d4 00       		.byte	0
 1057 00d5 10       		.uleb128 0x10
 1058 00d6 898201   		.uleb128 0x4109
 1059 00d9 01       		.byte	0x1
 1060 00da 11       		.uleb128 0x11
 1061 00db 01       		.uleb128 0x1
 1062 00dc 31       		.uleb128 0x31
 1063 00dd 13       		.uleb128 0x13
 1064 00de 00       		.byte	0
 1065 00df 00       		.byte	0
 1066 00e0 11       		.uleb128 0x11
 1067 00e1 34       		.uleb128 0x34
 1068 00e2 00       		.byte	0
 1069 00e3 03       		.uleb128 0x3
 1070 00e4 0E       		.uleb128 0xe
 1071 00e5 3A       		.uleb128 0x3a
 1072 00e6 0B       		.uleb128 0xb
 1073 00e7 3B       		.uleb128 0x3b
 1074 00e8 0B       		.uleb128 0xb
 1075 00e9 49       		.uleb128 0x49
 1076 00ea 13       		.uleb128 0x13
 1077 00eb 3F       		.uleb128 0x3f
 1078 00ec 19       		.uleb128 0x19
 1079 00ed 3C       		.uleb128 0x3c
 1080 00ee 19       		.uleb128 0x19
 1081 00ef 00       		.byte	0
 1082 00f0 00       		.byte	0
 1083 00f1 12       		.uleb128 0x12
 1084 00f2 34       		.uleb128 0x34
 1085 00f3 00       		.byte	0
 1086 00f4 03       		.uleb128 0x3
 1087 00f5 0E       		.uleb128 0xe
 1088 00f6 3A       		.uleb128 0x3a
ARM GAS  C:\Users\zakis\AppData\Local\Temp\ccqpteAc.s 			page 23


 1089 00f7 0B       		.uleb128 0xb
 1090 00f8 3B       		.uleb128 0x3b
 1091 00f9 05       		.uleb128 0x5
 1092 00fa 49       		.uleb128 0x49
 1093 00fb 13       		.uleb128 0x13
 1094 00fc 3F       		.uleb128 0x3f
 1095 00fd 19       		.uleb128 0x19
 1096 00fe 3C       		.uleb128 0x3c
 1097 00ff 19       		.uleb128 0x19
 1098 0100 00       		.byte	0
 1099 0101 00       		.byte	0
 1100 0102 13       		.uleb128 0x13
 1101 0103 35       		.uleb128 0x35
 1102 0104 00       		.byte	0
 1103 0105 49       		.uleb128 0x49
 1104 0106 13       		.uleb128 0x13
 1105 0107 00       		.byte	0
 1106 0108 00       		.byte	0
 1107 0109 14       		.uleb128 0x14
 1108 010a 2E       		.uleb128 0x2e
 1109 010b 00       		.byte	0
 1110 010c 3F       		.uleb128 0x3f
 1111 010d 19       		.uleb128 0x19
 1112 010e 3C       		.uleb128 0x3c
 1113 010f 19       		.uleb128 0x19
 1114 0110 6E       		.uleb128 0x6e
 1115 0111 0E       		.uleb128 0xe
 1116 0112 03       		.uleb128 0x3
 1117 0113 0E       		.uleb128 0xe
 1118 0114 3A       		.uleb128 0x3a
 1119 0115 0B       		.uleb128 0xb
 1120 0116 3B       		.uleb128 0x3b
 1121 0117 0B       		.uleb128 0xb
 1122 0118 00       		.byte	0
 1123 0119 00       		.byte	0
 1124 011a 00       		.byte	0
 1125              		.section	.debug_loc,"",%progbits
 1126              	.Ldebug_loc0:
 1127              	.LLST0:
 1128 0000 00000000 		.4byte	.LVL0
 1129 0004 13000000 		.4byte	.LVL2-1
 1130 0008 0100     		.2byte	0x1
 1131 000a 50       		.byte	0x50
 1132 000b 13000000 		.4byte	.LVL2-1
 1133 000f 18000000 		.4byte	.LVL4
 1134 0013 0400     		.2byte	0x4
 1135 0015 F3       		.byte	0xf3
 1136 0016 01       		.uleb128 0x1
 1137 0017 50       		.byte	0x50
 1138 0018 9F       		.byte	0x9f
 1139 0019 18000000 		.4byte	.LVL4
 1140 001d 1B000000 		.4byte	.LVL5-1
 1141 0021 0100     		.2byte	0x1
 1142 0023 50       		.byte	0x50
 1143 0024 1B000000 		.4byte	.LVL5-1
 1144 0028 20000000 		.4byte	.LVL7
 1145 002c 0400     		.2byte	0x4
ARM GAS  C:\Users\zakis\AppData\Local\Temp\ccqpteAc.s 			page 24


 1146 002e F3       		.byte	0xf3
 1147 002f 01       		.uleb128 0x1
 1148 0030 50       		.byte	0x50
 1149 0031 9F       		.byte	0x9f
 1150 0032 20000000 		.4byte	.LVL7
 1151 0036 23000000 		.4byte	.LVL8-1
 1152 003a 0100     		.2byte	0x1
 1153 003c 50       		.byte	0x50
 1154 003d 23000000 		.4byte	.LVL8-1
 1155 0041 28000000 		.4byte	.LVL10
 1156 0045 0400     		.2byte	0x4
 1157 0047 F3       		.byte	0xf3
 1158 0048 01       		.uleb128 0x1
 1159 0049 50       		.byte	0x50
 1160 004a 9F       		.byte	0x9f
 1161 004b 28000000 		.4byte	.LVL10
 1162 004f 2B000000 		.4byte	.LVL11-1
 1163 0053 0100     		.2byte	0x1
 1164 0055 50       		.byte	0x50
 1165 0056 2B000000 		.4byte	.LVL11-1
 1166 005a 2E000000 		.4byte	.LVL12
 1167 005e 0400     		.2byte	0x4
 1168 0060 F3       		.byte	0xf3
 1169 0061 01       		.uleb128 0x1
 1170 0062 50       		.byte	0x50
 1171 0063 9F       		.byte	0x9f
 1172 0064 2E000000 		.4byte	.LVL12
 1173 0068 31000000 		.4byte	.LVL13-1
 1174 006c 0100     		.2byte	0x1
 1175 006e 50       		.byte	0x50
 1176 006f 31000000 		.4byte	.LVL13-1
 1177 0073 34000000 		.4byte	.LVL14
 1178 0077 0400     		.2byte	0x4
 1179 0079 F3       		.byte	0xf3
 1180 007a 01       		.uleb128 0x1
 1181 007b 50       		.byte	0x50
 1182 007c 9F       		.byte	0x9f
 1183 007d 34000000 		.4byte	.LVL14
 1184 0081 37000000 		.4byte	.LVL15-1
 1185 0085 0100     		.2byte	0x1
 1186 0087 50       		.byte	0x50
 1187 0088 37000000 		.4byte	.LVL15-1
 1188 008c 3A000000 		.4byte	.LVL16
 1189 0090 0400     		.2byte	0x4
 1190 0092 F3       		.byte	0xf3
 1191 0093 01       		.uleb128 0x1
 1192 0094 50       		.byte	0x50
 1193 0095 9F       		.byte	0x9f
 1194 0096 3A000000 		.4byte	.LVL16
 1195 009a 3C000000 		.4byte	.LVL17
 1196 009e 0100     		.2byte	0x1
 1197 00a0 50       		.byte	0x50
 1198 00a1 3C000000 		.4byte	.LVL17
 1199 00a5 3E000000 		.4byte	.LFE110
 1200 00a9 0400     		.2byte	0x4
 1201 00ab F3       		.byte	0xf3
 1202 00ac 01       		.uleb128 0x1
ARM GAS  C:\Users\zakis\AppData\Local\Temp\ccqpteAc.s 			page 25


 1203 00ad 50       		.byte	0x50
 1204 00ae 9F       		.byte	0x9f
 1205 00af 00000000 		.4byte	0
 1206 00b3 00000000 		.4byte	0
 1207              	.LLST1:
 1208 00b7 02000000 		.4byte	.LVL1
 1209 00bb 16000000 		.4byte	.LVL3
 1210 00bf 0200     		.2byte	0x2
 1211 00c1 30       		.byte	0x30
 1212 00c2 9F       		.byte	0x9f
 1213 00c3 16000000 		.4byte	.LVL3
 1214 00c7 18000000 		.4byte	.LVL4
 1215 00cb 0100     		.2byte	0x1
 1216 00cd 50       		.byte	0x50
 1217 00ce 18000000 		.4byte	.LVL4
 1218 00d2 1E000000 		.4byte	.LVL6
 1219 00d6 0200     		.2byte	0x2
 1220 00d8 30       		.byte	0x30
 1221 00d9 9F       		.byte	0x9f
 1222 00da 1E000000 		.4byte	.LVL6
 1223 00de 20000000 		.4byte	.LVL7
 1224 00e2 0100     		.2byte	0x1
 1225 00e4 50       		.byte	0x50
 1226 00e5 20000000 		.4byte	.LVL7
 1227 00e9 26000000 		.4byte	.LVL9
 1228 00ed 0200     		.2byte	0x2
 1229 00ef 30       		.byte	0x30
 1230 00f0 9F       		.byte	0x9f
 1231 00f1 26000000 		.4byte	.LVL9
 1232 00f5 28000000 		.4byte	.LVL10
 1233 00f9 0100     		.2byte	0x1
 1234 00fb 50       		.byte	0x50
 1235 00fc 28000000 		.4byte	.LVL10
 1236 0100 2C000000 		.4byte	.LVL11
 1237 0104 0200     		.2byte	0x2
 1238 0106 30       		.byte	0x30
 1239 0107 9F       		.byte	0x9f
 1240 0108 2C000000 		.4byte	.LVL11
 1241 010c 2E000000 		.4byte	.LVL12
 1242 0110 0100     		.2byte	0x1
 1243 0112 50       		.byte	0x50
 1244 0113 2E000000 		.4byte	.LVL12
 1245 0117 32000000 		.4byte	.LVL13
 1246 011b 0200     		.2byte	0x2
 1247 011d 30       		.byte	0x30
 1248 011e 9F       		.byte	0x9f
 1249 011f 32000000 		.4byte	.LVL13
 1250 0123 34000000 		.4byte	.LVL14
 1251 0127 0100     		.2byte	0x1
 1252 0129 50       		.byte	0x50
 1253 012a 34000000 		.4byte	.LVL14
 1254 012e 38000000 		.4byte	.LVL15
 1255 0132 0200     		.2byte	0x2
 1256 0134 30       		.byte	0x30
 1257 0135 9F       		.byte	0x9f
 1258 0136 38000000 		.4byte	.LVL15
 1259 013a 3A000000 		.4byte	.LVL16
ARM GAS  C:\Users\zakis\AppData\Local\Temp\ccqpteAc.s 			page 26


 1260 013e 0100     		.2byte	0x1
 1261 0140 50       		.byte	0x50
 1262 0141 3A000000 		.4byte	.LVL16
 1263 0145 3C000000 		.4byte	.LVL17
 1264 0149 0200     		.2byte	0x2
 1265 014b 30       		.byte	0x30
 1266 014c 9F       		.byte	0x9f
 1267 014d 3C000000 		.4byte	.LVL17
 1268 0151 3E000000 		.4byte	.LFE110
 1269 0155 0100     		.2byte	0x1
 1270 0157 50       		.byte	0x50
 1271 0158 00000000 		.4byte	0
 1272 015c 00000000 		.4byte	0
 1273              	.LLST2:
 1274 0160 00000000 		.4byte	.LVL18
 1275 0164 12000000 		.4byte	.LVL19
 1276 0168 0100     		.2byte	0x1
 1277 016a 50       		.byte	0x50
 1278 016b 12000000 		.4byte	.LVL19
 1279 016f 18000000 		.4byte	.LVL21
 1280 0173 0400     		.2byte	0x4
 1281 0175 F3       		.byte	0xf3
 1282 0176 01       		.uleb128 0x1
 1283 0177 50       		.byte	0x50
 1284 0178 9F       		.byte	0x9f
 1285 0179 18000000 		.4byte	.LVL21
 1286 017d 1A000000 		.4byte	.LVL22
 1287 0181 0100     		.2byte	0x1
 1288 0183 50       		.byte	0x50
 1289 0184 1A000000 		.4byte	.LVL22
 1290 0188 20000000 		.4byte	.LVL24
 1291 018c 0400     		.2byte	0x4
 1292 018e F3       		.byte	0xf3
 1293 018f 01       		.uleb128 0x1
 1294 0190 50       		.byte	0x50
 1295 0191 9F       		.byte	0x9f
 1296 0192 20000000 		.4byte	.LVL24
 1297 0196 22000000 		.4byte	.LVL25
 1298 019a 0100     		.2byte	0x1
 1299 019c 50       		.byte	0x50
 1300 019d 22000000 		.4byte	.LVL25
 1301 01a1 28000000 		.4byte	.LVL27
 1302 01a5 0400     		.2byte	0x4
 1303 01a7 F3       		.byte	0xf3
 1304 01a8 01       		.uleb128 0x1
 1305 01a9 50       		.byte	0x50
 1306 01aa 9F       		.byte	0x9f
 1307 01ab 28000000 		.4byte	.LVL27
 1308 01af 2A000000 		.4byte	.LVL28
 1309 01b3 0100     		.2byte	0x1
 1310 01b5 50       		.byte	0x50
 1311 01b6 2A000000 		.4byte	.LVL28
 1312 01ba 30000000 		.4byte	.LVL30
 1313 01be 0400     		.2byte	0x4
 1314 01c0 F3       		.byte	0xf3
 1315 01c1 01       		.uleb128 0x1
 1316 01c2 50       		.byte	0x50
ARM GAS  C:\Users\zakis\AppData\Local\Temp\ccqpteAc.s 			page 27


 1317 01c3 9F       		.byte	0x9f
 1318 01c4 30000000 		.4byte	.LVL30
 1319 01c8 32000000 		.4byte	.LVL31
 1320 01cc 0100     		.2byte	0x1
 1321 01ce 50       		.byte	0x50
 1322 01cf 32000000 		.4byte	.LVL31
 1323 01d3 38000000 		.4byte	.LVL33
 1324 01d7 0400     		.2byte	0x4
 1325 01d9 F3       		.byte	0xf3
 1326 01da 01       		.uleb128 0x1
 1327 01db 50       		.byte	0x50
 1328 01dc 9F       		.byte	0x9f
 1329 01dd 38000000 		.4byte	.LVL33
 1330 01e1 3A000000 		.4byte	.LVL34
 1331 01e5 0100     		.2byte	0x1
 1332 01e7 50       		.byte	0x50
 1333 01e8 3A000000 		.4byte	.LVL34
 1334 01ec 42000000 		.4byte	.LFE111
 1335 01f0 0400     		.2byte	0x4
 1336 01f2 F3       		.byte	0xf3
 1337 01f3 01       		.uleb128 0x1
 1338 01f4 50       		.byte	0x50
 1339 01f5 9F       		.byte	0x9f
 1340 01f6 00000000 		.4byte	0
 1341 01fa 00000000 		.4byte	0
 1342              	.LLST3:
 1343 01fe 00000000 		.4byte	.LVL18
 1344 0202 15000000 		.4byte	.LVL20-1
 1345 0206 0100     		.2byte	0x1
 1346 0208 51       		.byte	0x51
 1347 0209 15000000 		.4byte	.LVL20-1
 1348 020d 18000000 		.4byte	.LVL21
 1349 0211 0400     		.2byte	0x4
 1350 0213 F3       		.byte	0xf3
 1351 0214 01       		.uleb128 0x1
 1352 0215 51       		.byte	0x51
 1353 0216 9F       		.byte	0x9f
 1354 0217 18000000 		.4byte	.LVL21
 1355 021b 1D000000 		.4byte	.LVL23-1
 1356 021f 0100     		.2byte	0x1
 1357 0221 51       		.byte	0x51
 1358 0222 1D000000 		.4byte	.LVL23-1
 1359 0226 20000000 		.4byte	.LVL24
 1360 022a 0400     		.2byte	0x4
 1361 022c F3       		.byte	0xf3
 1362 022d 01       		.uleb128 0x1
 1363 022e 51       		.byte	0x51
 1364 022f 9F       		.byte	0x9f
 1365 0230 20000000 		.4byte	.LVL24
 1366 0234 25000000 		.4byte	.LVL26-1
 1367 0238 0100     		.2byte	0x1
 1368 023a 51       		.byte	0x51
 1369 023b 25000000 		.4byte	.LVL26-1
 1370 023f 28000000 		.4byte	.LVL27
 1371 0243 0400     		.2byte	0x4
 1372 0245 F3       		.byte	0xf3
 1373 0246 01       		.uleb128 0x1
ARM GAS  C:\Users\zakis\AppData\Local\Temp\ccqpteAc.s 			page 28


 1374 0247 51       		.byte	0x51
 1375 0248 9F       		.byte	0x9f
 1376 0249 28000000 		.4byte	.LVL27
 1377 024d 2D000000 		.4byte	.LVL29-1
 1378 0251 0100     		.2byte	0x1
 1379 0253 51       		.byte	0x51
 1380 0254 2D000000 		.4byte	.LVL29-1
 1381 0258 30000000 		.4byte	.LVL30
 1382 025c 0400     		.2byte	0x4
 1383 025e F3       		.byte	0xf3
 1384 025f 01       		.uleb128 0x1
 1385 0260 51       		.byte	0x51
 1386 0261 9F       		.byte	0x9f
 1387 0262 30000000 		.4byte	.LVL30
 1388 0266 35000000 		.4byte	.LVL32-1
 1389 026a 0100     		.2byte	0x1
 1390 026c 51       		.byte	0x51
 1391 026d 35000000 		.4byte	.LVL32-1
 1392 0271 38000000 		.4byte	.LVL33
 1393 0275 0400     		.2byte	0x4
 1394 0277 F3       		.byte	0xf3
 1395 0278 01       		.uleb128 0x1
 1396 0279 51       		.byte	0x51
 1397 027a 9F       		.byte	0x9f
 1398 027b 38000000 		.4byte	.LVL33
 1399 027f 3D000000 		.4byte	.LVL35-1
 1400 0283 0100     		.2byte	0x1
 1401 0285 51       		.byte	0x51
 1402 0286 3D000000 		.4byte	.LVL35-1
 1403 028a 42000000 		.4byte	.LFE111
 1404 028e 0400     		.2byte	0x4
 1405 0290 F3       		.byte	0xf3
 1406 0291 01       		.uleb128 0x1
 1407 0292 51       		.byte	0x51
 1408 0293 9F       		.byte	0x9f
 1409 0294 00000000 		.4byte	0
 1410 0298 00000000 		.4byte	0
 1411              	.LLST4:
 1412 029c 00000000 		.4byte	.LVL36
 1413 02a0 13000000 		.4byte	.LVL37-1
 1414 02a4 0100     		.2byte	0x1
 1415 02a6 50       		.byte	0x50
 1416 02a7 13000000 		.4byte	.LVL37-1
 1417 02ab 1C000000 		.4byte	.LVL39
 1418 02af 0400     		.2byte	0x4
 1419 02b1 F3       		.byte	0xf3
 1420 02b2 01       		.uleb128 0x1
 1421 02b3 50       		.byte	0x50
 1422 02b4 9F       		.byte	0x9f
 1423 02b5 1C000000 		.4byte	.LVL39
 1424 02b9 1F000000 		.4byte	.LVL40-1
 1425 02bd 0100     		.2byte	0x1
 1426 02bf 50       		.byte	0x50
 1427 02c0 1F000000 		.4byte	.LVL40-1
 1428 02c4 28000000 		.4byte	.LVL42
 1429 02c8 0400     		.2byte	0x4
 1430 02ca F3       		.byte	0xf3
ARM GAS  C:\Users\zakis\AppData\Local\Temp\ccqpteAc.s 			page 29


 1431 02cb 01       		.uleb128 0x1
 1432 02cc 50       		.byte	0x50
 1433 02cd 9F       		.byte	0x9f
 1434 02ce 28000000 		.4byte	.LVL42
 1435 02d2 2B000000 		.4byte	.LVL43-1
 1436 02d6 0100     		.2byte	0x1
 1437 02d8 50       		.byte	0x50
 1438 02d9 2B000000 		.4byte	.LVL43-1
 1439 02dd 34000000 		.4byte	.LVL45
 1440 02e1 0400     		.2byte	0x4
 1441 02e3 F3       		.byte	0xf3
 1442 02e4 01       		.uleb128 0x1
 1443 02e5 50       		.byte	0x50
 1444 02e6 9F       		.byte	0x9f
 1445 02e7 34000000 		.4byte	.LVL45
 1446 02eb 37000000 		.4byte	.LVL46-1
 1447 02ef 0100     		.2byte	0x1
 1448 02f1 50       		.byte	0x50
 1449 02f2 37000000 		.4byte	.LVL46-1
 1450 02f6 40000000 		.4byte	.LVL48
 1451 02fa 0400     		.2byte	0x4
 1452 02fc F3       		.byte	0xf3
 1453 02fd 01       		.uleb128 0x1
 1454 02fe 50       		.byte	0x50
 1455 02ff 9F       		.byte	0x9f
 1456 0300 40000000 		.4byte	.LVL48
 1457 0304 43000000 		.4byte	.LVL49-1
 1458 0308 0100     		.2byte	0x1
 1459 030a 50       		.byte	0x50
 1460 030b 43000000 		.4byte	.LVL49-1
 1461 030f 4C000000 		.4byte	.LVL51
 1462 0313 0400     		.2byte	0x4
 1463 0315 F3       		.byte	0xf3
 1464 0316 01       		.uleb128 0x1
 1465 0317 50       		.byte	0x50
 1466 0318 9F       		.byte	0x9f
 1467 0319 4C000000 		.4byte	.LVL51
 1468 031d 4F000000 		.4byte	.LVL52-1
 1469 0321 0100     		.2byte	0x1
 1470 0323 50       		.byte	0x50
 1471 0324 4F000000 		.4byte	.LVL52-1
 1472 0328 5A000000 		.4byte	.LFE112
 1473 032c 0400     		.2byte	0x4
 1474 032e F3       		.byte	0xf3
 1475 032f 01       		.uleb128 0x1
 1476 0330 50       		.byte	0x50
 1477 0331 9F       		.byte	0x9f
 1478 0332 00000000 		.4byte	0
 1479 0336 00000000 		.4byte	0
 1480              		.section	.debug_aranges,"",%progbits
 1481 0000 2C000000 		.4byte	0x2c
 1482 0004 0200     		.2byte	0x2
 1483 0006 00000000 		.4byte	.Ldebug_info0
 1484 000a 04       		.byte	0x4
 1485 000b 00       		.byte	0
 1486 000c 0000     		.2byte	0
 1487 000e 0000     		.2byte	0
ARM GAS  C:\Users\zakis\AppData\Local\Temp\ccqpteAc.s 			page 30


 1488 0010 00000000 		.4byte	.LFB110
 1489 0014 3E000000 		.4byte	.LFE110-.LFB110
 1490 0018 00000000 		.4byte	.LFB111
 1491 001c 42000000 		.4byte	.LFE111-.LFB111
 1492 0020 00000000 		.4byte	.LFB112
 1493 0024 5A000000 		.4byte	.LFE112-.LFB112
 1494 0028 00000000 		.4byte	0
 1495 002c 00000000 		.4byte	0
 1496              		.section	.debug_ranges,"",%progbits
 1497              	.Ldebug_ranges0:
 1498 0000 00000000 		.4byte	.LFB110
 1499 0004 3E000000 		.4byte	.LFE110
 1500 0008 00000000 		.4byte	.LFB111
 1501 000c 42000000 		.4byte	.LFE111
 1502 0010 00000000 		.4byte	.LFB112
 1503 0014 5A000000 		.4byte	.LFE112
 1504 0018 00000000 		.4byte	0
 1505 001c 00000000 		.4byte	0
 1506              		.section	.debug_line,"",%progbits
 1507              	.Ldebug_line0:
 1508 0000 D8020000 		.section	.debug_str,"MS",%progbits,1
 1508      02007002 
 1508      00000201 
 1508      FB0E0D00 
 1508      01010101 
 1509              	.LASF57:
 1510 0000 50574D5F 		.ascii	"PWM_Read\000"
 1510      52656164 
 1510      00
 1511              	.LASF55:
 1512 0009 4C65645F 		.ascii	"Led_RGB_Blue\000"
 1512      5247425F 
 1512      426C7565 
 1512      00
 1513              	.LASF37:
 1514 0016 52435F45 		.ascii	"RC_ERROR_READ_ONLY\000"
 1514      52524F52 
 1514      5F524541 
 1514      445F4F4E 
 1514      4C5900
 1515              	.LASF54:
 1516 0029 4C65645F 		.ascii	"Led_RGB_Green\000"
 1516      5247425F 
 1516      47726565 
 1516      6E00
 1517              	.LASF38:
 1518 0037 52435F45 		.ascii	"RC_ERROR_WRITE_ONLY\000"
 1518      52524F52 
 1518      5F575249 
 1518      54455F4F 
 1518      4E4C5900 
 1519              	.LASF2:
 1520 004b 73686F72 		.ascii	"short int\000"
 1520      7420696E 
 1520      7400
 1521              	.LASF29:
 1522 0055 52435F45 		.ascii	"RC_ERROR_OVERRUN\000"
ARM GAS  C:\Users\zakis\AppData\Local\Temp\ccqpteAc.s 			page 31


 1522      52524F52 
 1522      5F4F5645 
 1522      5252554E 
 1522      00
 1523              	.LASF41:
 1524 0066 52435F45 		.ascii	"RC_ERROR_WRITE_FAILS\000"
 1524      52524F52 
 1524      5F575249 
 1524      54455F46 
 1524      41494C53 
 1525              	.LASF88:
 1526 007b 6550574D 		.ascii	"ePWM\000"
 1526      00
 1527              	.LASF82:
 1528 0080 50574D5F 		.ascii	"PWM_RGB_red_Start\000"
 1528      5247425F 
 1528      7265645F 
 1528      53746172 
 1528      7400
 1529              	.LASF77:
 1530 0092 50574D5F 		.ascii	"PWM_RGB_green_WriteCompare\000"
 1530      5247425F 
 1530      67726565 
 1530      6E5F5772 
 1530      69746543 
 1531              	.LASF56:
 1532 00ad 6550574D 		.ascii	"ePWM_t\000"
 1532      5F7400
 1533              	.LASF26:
 1534 00b4 52435F45 		.ascii	"RC_ERROR_ZERO\000"
 1534      52524F52 
 1534      5F5A4552 
 1534      4F00
 1535              	.LASF21:
 1536 00c2 45455F46 		.ascii	"EE_FREG\000"
 1536      52454700 
 1537              	.LASF40:
 1538 00ca 52435F45 		.ascii	"RC_ERROR_READ_FAILS\000"
 1538      52524F52 
 1538      5F524541 
 1538      445F4641 
 1538      494C5300 
 1539              	.LASF73:
 1540 00de 50574D5F 		.ascii	"PWM_led_red_WriteCompare\000"
 1540      6C65645F 
 1540      7265645F 
 1540      57726974 
 1540      65436F6D 
 1541              	.LASF19:
 1542 00f7 45455F55 		.ascii	"EE_UINT32\000"
 1542      494E5433 
 1542      3200
 1543              	.LASF4:
 1544 0101 5F5F7569 		.ascii	"__uint16_t\000"
 1544      6E743136 
 1544      5F7400
 1545              	.LASF22:
ARM GAS  C:\Users\zakis\AppData\Local\Temp\ccqpteAc.s 			page 32


 1546 010c 45455F54 		.ascii	"EE_TID\000"
 1546      494400
 1547              	.LASF51:
 1548 0113 4C65645F 		.ascii	"Led_Yellow\000"
 1548      59656C6C 
 1548      6F7700
 1549              	.LASF83:
 1550 011e 50574D5F 		.ascii	"PWM_RGB_green_Start\000"
 1550      5247425F 
 1550      67726565 
 1550      6E5F5374 
 1550      61727400 
 1551              	.LASF59:
 1552 0132 76616C75 		.ascii	"value\000"
 1552      6500
 1553              	.LASF69:
 1554 0138 50574D5F 		.ascii	"PWM_led_green_ReadCompare\000"
 1554      6C65645F 
 1554      67726565 
 1554      6E5F5265 
 1554      6164436F 
 1555              	.LASF81:
 1556 0152 50574D5F 		.ascii	"PWM_led_green_Start\000"
 1556      6C65645F 
 1556      67726565 
 1556      6E5F5374 
 1556      61727400 
 1557              	.LASF46:
 1558 0166 52435F45 		.ascii	"RC_ERROR_INVALID_STATE\000"
 1558      52524F52 
 1558      5F494E56 
 1558      414C4944 
 1558      5F535441 
 1559              	.LASF65:
 1560 017d 45455F49 		.ascii	"EE_IRQ_nesting_level\000"
 1560      52515F6E 
 1560      65737469 
 1560      6E675F6C 
 1560      6576656C 
 1561              	.LASF58:
 1562 0192 50574D5F 		.ascii	"PWM_Write\000"
 1562      57726974 
 1562      6500
 1563              	.LASF64:
 1564 019c 45455F73 		.ascii	"EE_std_endcycle_next_tid\000"
 1564      74645F65 
 1564      6E646379 
 1564      636C655F 
 1564      6E657874 
 1565              	.LASF28:
 1566 01b5 52435F45 		.ascii	"RC_ERROR_RANGE\000"
 1566      52524F52 
 1566      5F52414E 
 1566      474500
 1567              	.LASF13:
 1568 01c4 666C6F61 		.ascii	"float\000"
 1568      7400
ARM GAS  C:\Users\zakis\AppData\Local\Temp\ccqpteAc.s 			page 33


 1569              	.LASF48:
 1570 01ca 52435F45 		.ascii	"RC_ERROR_NOT_IMPLEMENTED\000"
 1570      52524F52 
 1570      5F4E4F54 
 1570      5F494D50 
 1570      4C454D45 
 1571              	.LASF8:
 1572 01e3 6C6F6E67 		.ascii	"long long int\000"
 1572      206C6F6E 
 1572      6720696E 
 1572      7400
 1573              	.LASF62:
 1574 01f1 45455F6F 		.ascii	"EE_oo_IRQ_suspend_status\000"
 1574      6F5F4952 
 1574      515F7375 
 1574      7370656E 
 1574      645F7374 
 1575              	.LASF71:
 1576 020a 50574D5F 		.ascii	"PWM_RGB_green_ReadCompare\000"
 1576      5247425F 
 1576      67726565 
 1576      6E5F5265 
 1576      6164436F 
 1577              	.LASF42:
 1578 0224 52435F45 		.ascii	"RC_ERROR_NOT_MATCH\000"
 1578      52524F52 
 1578      5F4E4F54 
 1578      5F4D4154 
 1578      434800
 1579              	.LASF47:
 1580 0237 52435F45 		.ascii	"RC_ERROR_UNKNOWN\000"
 1580      52524F52 
 1580      5F554E4B 
 1580      4E4F574E 
 1580      00
 1581              	.LASF6:
 1582 0248 6C6F6E67 		.ascii	"long int\000"
 1582      20696E74 
 1582      00
 1583              	.LASF30:
 1584 0251 52435F45 		.ascii	"RC_ERROR_UNDERRUN\000"
 1584      52524F52 
 1584      5F554E44 
 1584      45525255 
 1584      4E00
 1585              	.LASF33:
 1586 0263 52435F45 		.ascii	"RC_ERROR_BUSY\000"
 1586      52524F52 
 1586      5F425553 
 1586      5900
 1587              	.LASF52:
 1588 0271 4C65645F 		.ascii	"Led_Green\000"
 1588      47726565 
 1588      6E00
 1589              	.LASF39:
 1590 027b 52435F45 		.ascii	"RC_ERROR_INVALID\000"
 1590      52524F52 
ARM GAS  C:\Users\zakis\AppData\Local\Temp\ccqpteAc.s 			page 34


 1590      5F494E56 
 1590      414C4944 
 1590      00
 1591              	.LASF44:
 1592 028c 52435F45 		.ascii	"RC_ERROR_BAD_DATA\000"
 1592      52524F52 
 1592      5F424144 
 1592      5F444154 
 1592      4100
 1593              	.LASF78:
 1594 029e 50574D5F 		.ascii	"PWM_RGB_blue_WriteCompare\000"
 1594      5247425F 
 1594      626C7565 
 1594      5F577269 
 1594      7465436F 
 1595              	.LASF16:
 1596 02b8 6C6F6E67 		.ascii	"long double\000"
 1596      20646F75 
 1596      626C6500 
 1597              	.LASF1:
 1598 02c4 756E7369 		.ascii	"unsigned char\000"
 1598      676E6564 
 1598      20636861 
 1598      7200
 1599              	.LASF74:
 1600 02d2 50574D5F 		.ascii	"PWM_led_yellow_WriteCompare\000"
 1600      6C65645F 
 1600      79656C6C 
 1600      6F775F57 
 1600      72697465 
 1601              	.LASF0:
 1602 02ee 7369676E 		.ascii	"signed char\000"
 1602      65642063 
 1602      68617200 
 1603              	.LASF75:
 1604 02fa 50574D5F 		.ascii	"PWM_led_green_WriteCompare\000"
 1604      6C65645F 
 1604      67726565 
 1604      6E5F5772 
 1604      69746543 
 1605              	.LASF9:
 1606 0315 6C6F6E67 		.ascii	"long long unsigned int\000"
 1606      206C6F6E 
 1606      6720756E 
 1606      7369676E 
 1606      65642069 
 1607              	.LASF10:
 1608 032c 756E7369 		.ascii	"unsigned int\000"
 1608      676E6564 
 1608      20696E74 
 1608      00
 1609              	.LASF35:
 1610 0339 52435F45 		.ascii	"RC_ERROR_OPEN\000"
 1610      52524F52 
 1610      5F4F5045 
 1610      4E00
 1611              	.LASF11:
ARM GAS  C:\Users\zakis\AppData\Local\Temp\ccqpteAc.s 			page 35


 1612 0347 75696E74 		.ascii	"uint16_t\000"
 1612      31365F74 
 1612      00
 1613              	.LASF86:
 1614 0350 736F7572 		.ascii	"source\\bsw\\PWM.c\000"
 1614      63655C62 
 1614      73775C50 
 1614      574D2E63 
 1614      00
 1615              	.LASF7:
 1616 0361 6C6F6E67 		.ascii	"long unsigned int\000"
 1616      20756E73 
 1616      69676E65 
 1616      6420696E 
 1616      7400
 1617              	.LASF25:
 1618 0373 52435F45 		.ascii	"RC_ERROR_NULL\000"
 1618      52524F52 
 1618      5F4E554C 
 1618      4C00
 1619              	.LASF32:
 1620 0381 52435F45 		.ascii	"RC_ERROR_BUFFER_EMTPY\000"
 1620      52524F52 
 1620      5F425546 
 1620      4645525F 
 1620      454D5450 
 1621              	.LASF18:
 1622 0397 45455F49 		.ascii	"EE_INT32\000"
 1622      4E543332 
 1622      00
 1623              	.LASF76:
 1624 03a0 50574D5F 		.ascii	"PWM_RGB_red_WriteCompare\000"
 1624      5247425F 
 1624      7265645F 
 1624      57726974 
 1624      65436F6D 
 1625              	.LASF23:
 1626 03b9 52435F53 		.ascii	"RC_SUCCESS\000"
 1626      55434345 
 1626      535300
 1627              	.LASF50:
 1628 03c4 4C65645F 		.ascii	"Led_Red\000"
 1628      52656400 
 1629              	.LASF85:
 1630 03cc 474E5520 		.ascii	"GNU C11 5.4.1 20160609 (release) [ARM/embedded-5-br"
 1630      43313120 
 1630      352E342E 
 1630      31203230 
 1630      31363036 
 1631 03ff 616E6368 		.ascii	"anch revision 237715] -mcpu=cortex-m3 -mthumb -g -O"
 1631      20726576 
 1631      6973696F 
 1631      6E203233 
 1631      37373135 
 1632 0432 67202D66 		.ascii	"g -ffunction-sections -ffat-lto-objects\000"
 1632      66756E63 
 1632      74696F6E 
ARM GAS  C:\Users\zakis\AppData\Local\Temp\ccqpteAc.s 			page 36


 1632      2D736563 
 1632      74696F6E 
 1633              	.LASF70:
 1634 045a 50574D5F 		.ascii	"PWM_RGB_red_ReadCompare\000"
 1634      5247425F 
 1634      7265645F 
 1634      52656164 
 1634      436F6D70 
 1635              	.LASF15:
 1636 0472 63686172 		.ascii	"char\000"
 1636      00
 1637              	.LASF27:
 1638 0477 52435F45 		.ascii	"RC_ERROR_MEMORY\000"
 1638      52524F52 
 1638      5F4D454D 
 1638      4F525900 
 1639              	.LASF31:
 1640 0487 52435F45 		.ascii	"RC_ERROR_BUFFER_FULL\000"
 1640      52524F52 
 1640      5F425546 
 1640      4645525F 
 1640      46554C4C 
 1641              	.LASF12:
 1642 049c 696E7433 		.ascii	"int32_t\000"
 1642      325F7400 
 1643              	.LASF3:
 1644 04a4 73686F72 		.ascii	"short unsigned int\000"
 1644      7420756E 
 1644      7369676E 
 1644      65642069 
 1644      6E7400
 1645              	.LASF43:
 1646 04b7 52435F45 		.ascii	"RC_ERROR_BAD_PARAM\000"
 1646      52524F52 
 1646      5F424144 
 1646      5F504152 
 1646      414D00
 1647              	.LASF87:
 1648 04ca 433A5C55 		.ascii	"C:\\Users\\zakis\\Desktop\\RG\\RG.cydsn\000"
 1648      73657273 
 1648      5C7A616B 
 1648      69735C44 
 1648      65736B74 
 1649              	.LASF63:
 1650 04ed 45455F41 		.ascii	"EE_ApplicationMode\000"
 1650      70706C69 
 1650      63617469 
 1650      6F6E4D6F 
 1650      646500
 1651              	.LASF53:
 1652 0500 4C65645F 		.ascii	"Led_RGB_Red\000"
 1652      5247425F 
 1652      52656400 
 1653              	.LASF14:
 1654 050c 646F7562 		.ascii	"double\000"
 1654      6C6500
 1655              	.LASF72:
ARM GAS  C:\Users\zakis\AppData\Local\Temp\ccqpteAc.s 			page 37


 1656 0513 50574D5F 		.ascii	"PWM_RGB_blue_ReadCompare\000"
 1656      5247425F 
 1656      626C7565 
 1656      5F526561 
 1656      64436F6D 
 1657              	.LASF79:
 1658 052c 50574D5F 		.ascii	"PWM_led_red_Start\000"
 1658      6C65645F 
 1658      7265645F 
 1658      53746172 
 1658      7400
 1659              	.LASF36:
 1660 053e 52435F45 		.ascii	"RC_ERROR_CHECKSUM\000"
 1660      52524F52 
 1660      5F434845 
 1660      434B5355 
 1660      4D00
 1661              	.LASF20:
 1662 0550 45455F55 		.ascii	"EE_UREG\000"
 1662      52454700 
 1663              	.LASF80:
 1664 0558 50574D5F 		.ascii	"PWM_led_yellow_Start\000"
 1664      6C65645F 
 1664      79656C6C 
 1664      6F775F53 
 1664      74617274 
 1665              	.LASF84:
 1666 056d 50574D5F 		.ascii	"PWM_RGB_blue_Start\000"
 1666      5247425F 
 1666      626C7565 
 1666      5F537461 
 1666      727400
 1667              	.LASF5:
 1668 0580 5F5F696E 		.ascii	"__int32_t\000"
 1668      7433325F 
 1668      7400
 1669              	.LASF60:
 1670 058a 50574D5F 		.ascii	"PWM_Init\000"
 1670      496E6974 
 1670      00
 1671              	.LASF17:
 1672 0593 73697A65 		.ascii	"sizetype\000"
 1672      74797065 
 1672      00
 1673              	.LASF45:
 1674 059c 52435F45 		.ascii	"RC_ERROR_CANCELED\000"
 1674      52524F52 
 1674      5F43414E 
 1674      43454C45 
 1674      4400
 1675              	.LASF66:
 1676 05ae 49544D5F 		.ascii	"ITM_RxBuffer\000"
 1676      52784275 
 1676      66666572 
 1676      00
 1677              	.LASF24:
 1678 05bb 52435F45 		.ascii	"RC_ERROR\000"
ARM GAS  C:\Users\zakis\AppData\Local\Temp\ccqpteAc.s 			page 38


 1678      52524F52 
 1678      00
 1679              	.LASF68:
 1680 05c4 50574D5F 		.ascii	"PWM_led_yellow_ReadCompare\000"
 1680      6C65645F 
 1680      79656C6C 
 1680      6F775F52 
 1680      65616443 
 1681              	.LASF61:
 1682 05df 45455F6F 		.ascii	"EE_oo_IRQ_disable_count\000"
 1682      6F5F4952 
 1682      515F6469 
 1682      7361626C 
 1682      655F636F 
 1683              	.LASF49:
 1684 05f7 52435F74 		.ascii	"RC_t\000"
 1684      00
 1685              	.LASF67:
 1686 05fc 50574D5F 		.ascii	"PWM_led_red_ReadCompare\000"
 1686      6C65645F 
 1686      7265645F 
 1686      52656164 
 1686      436F6D70 
 1687              	.LASF34:
 1688 0614 52435F45 		.ascii	"RC_ERROR_TIME_OUT\000"
 1688      52524F52 
 1688      5F54494D 
 1688      455F4F55 
 1688      5400
 1689              		.ident	"GCC: (GNU Tools for ARM Embedded Processors) 5.4.1 20160609 (release) [ARM/embedded-5-bran
